2025-07-22 14:11:19,821 - INFO - Training Deep-GPCM on synthetic_OC
2025-07-22 14:11:19,821 - INFO - Device: cpu, Categories: None, Loss: ordinal, Embedding: linear_decay
2025-07-22 14:11:19,821 - INFO - Loading training data...
2025-07-22 14:11:19,824 - INFO - Train data: 160 sequences, 4 categories
2025-07-22 14:11:19,824 - INFO - Loading test data...
2025-07-22 14:11:19,824 - INFO - Test data: 40 sequences
2025-07-22 14:11:19,825 - INFO - Detected 29 unique questions
2025-07-22 14:11:20,658 - INFO - Starting training...
2025-07-22 14:11:20,658 - INFO - Epoch 1/10
2025-07-22 14:11:22,440 - INFO - Train Loss: 2.0130
2025-07-22 14:11:22,441 - INFO - Valid Loss: 1.9203, Cat Acc: 0.2073
2025-07-22 14:11:22,441 - INFO - Ord Acc: 0.5706, MAE: 1.3284, QWK: 0.1347
2025-07-22 14:11:22,441 - INFO - Pred Consistency: 0.2073, Ranking Acc: 0.2233
2025-07-22 14:11:22,441 - INFO - Dist Consistency: 0.5588
2025-07-22 14:11:22,441 - INFO - Learning Rate: 0.001000
2025-07-22 14:11:22,450 - INFO - New best model saved! Valid Acc: 0.2073
2025-07-22 14:11:22,450 - INFO - Epoch 2/10
2025-07-22 14:11:24,883 - INFO - Train Loss: 1.8199
2025-07-22 14:11:24,884 - INFO - Valid Loss: 1.7684, Cat Acc: 0.2334
2025-07-22 14:11:24,884 - INFO - Ord Acc: 0.6620, MAE: 1.1124, QWK: 0.2961
2025-07-22 14:11:24,884 - INFO - Pred Consistency: 0.2334, Ranking Acc: 0.4021
2025-07-22 14:11:24,884 - INFO - Dist Consistency: 0.5734
2025-07-22 14:11:24,884 - INFO - Learning Rate: 0.001000
2025-07-22 14:11:24,891 - INFO - New best model saved! Valid Acc: 0.2334
2025-07-22 14:11:24,891 - INFO - Epoch 3/10
2025-07-22 14:11:26,878 - INFO - Train Loss: 1.6798
2025-07-22 14:11:26,878 - INFO - Valid Loss: 1.6828, Cat Acc: 0.2430
2025-07-22 14:11:26,878 - INFO - Ord Acc: 0.7169, MAE: 0.9826, QWK: 0.4101
2025-07-22 14:11:26,878 - INFO - Pred Consistency: 0.2430, Ranking Acc: 0.4856
2025-07-22 14:11:26,878 - INFO - Dist Consistency: 0.5888
2025-07-22 14:11:26,878 - INFO - Learning Rate: 0.001000
2025-07-22 14:11:26,885 - INFO - New best model saved! Valid Acc: 0.2430
2025-07-22 14:11:26,885 - INFO - Epoch 4/10
2025-07-22 14:11:28,616 - INFO - Train Loss: 1.5647
2025-07-22 14:11:28,617 - INFO - Valid Loss: 1.5875, Cat Acc: 0.2814
2025-07-22 14:11:28,617 - INFO - Ord Acc: 0.7483, MAE: 0.8876, QWK: 0.4852
2025-07-22 14:11:28,617 - INFO - Pred Consistency: 0.2814, Ranking Acc: 0.5375
2025-07-22 14:11:28,617 - INFO - Dist Consistency: 0.6074
2025-07-22 14:11:28,617 - INFO - Learning Rate: 0.001000
2025-07-22 14:11:28,627 - INFO - New best model saved! Valid Acc: 0.2814
2025-07-22 14:11:28,628 - INFO - Epoch 5/10
2025-07-22 14:11:30,273 - INFO - Train Loss: 1.4823
2025-07-22 14:11:30,273 - INFO - Valid Loss: 1.5367, Cat Acc: 0.3293
2025-07-22 14:11:30,273 - INFO - Ord Acc: 0.7587, MAE: 0.8598, QWK: 0.5073
2025-07-22 14:11:30,273 - INFO - Pred Consistency: 0.3293, Ranking Acc: 0.5701
2025-07-22 14:11:30,273 - INFO - Dist Consistency: 0.6232
2025-07-22 14:11:30,273 - INFO - Learning Rate: 0.001000
2025-07-22 14:11:30,281 - INFO - New best model saved! Valid Acc: 0.3293
2025-07-22 14:11:30,281 - INFO - Epoch 6/10
2025-07-22 14:11:31,925 - INFO - Train Loss: 1.4352
2025-07-22 14:11:31,926 - INFO - Valid Loss: 1.5025, Cat Acc: 0.3641
2025-07-22 14:11:31,926 - INFO - Ord Acc: 0.7709, MAE: 0.8441, QWK: 0.5243
2025-07-22 14:11:31,926 - INFO - Pred Consistency: 0.3641, Ranking Acc: 0.5906
2025-07-22 14:11:31,926 - INFO - Dist Consistency: 0.6361
2025-07-22 14:11:31,926 - INFO - Learning Rate: 0.001000
2025-07-22 14:11:31,935 - INFO - New best model saved! Valid Acc: 0.3641
2025-07-22 14:11:31,935 - INFO - Epoch 7/10
2025-07-22 14:11:33,839 - INFO - Train Loss: 1.3816
2025-07-22 14:11:33,839 - INFO - Valid Loss: 1.4933, Cat Acc: 0.3807
2025-07-22 14:11:33,839 - INFO - Ord Acc: 0.7648, MAE: 0.8554, QWK: 0.5183
2025-07-22 14:11:33,839 - INFO - Pred Consistency: 0.3807, Ranking Acc: 0.6037
2025-07-22 14:11:33,839 - INFO - Dist Consistency: 0.6444
2025-07-22 14:11:33,839 - INFO - Learning Rate: 0.001000
2025-07-22 14:11:33,845 - INFO - New best model saved! Valid Acc: 0.3807
2025-07-22 14:11:33,845 - INFO - Epoch 8/10
2025-07-22 14:11:35,574 - INFO - Train Loss: 1.3431
2025-07-22 14:11:35,575 - INFO - Valid Loss: 1.4476, Cat Acc: 0.3998
2025-07-22 14:11:35,575 - INFO - Ord Acc: 0.7753, MAE: 0.8319, QWK: 0.5302
2025-07-22 14:11:35,575 - INFO - Pred Consistency: 0.3998, Ranking Acc: 0.6222
2025-07-22 14:11:35,575 - INFO - Dist Consistency: 0.6492
2025-07-22 14:11:35,575 - INFO - Learning Rate: 0.001000
2025-07-22 14:11:35,581 - INFO - New best model saved! Valid Acc: 0.3998
2025-07-22 14:11:35,581 - INFO - Epoch 9/10
2025-07-22 14:11:37,305 - INFO - Train Loss: 1.3203
2025-07-22 14:11:37,305 - INFO - Valid Loss: 1.4311, Cat Acc: 0.4155
2025-07-22 14:11:37,305 - INFO - Ord Acc: 0.7822, MAE: 0.8188, QWK: 0.5424
2025-07-22 14:11:37,305 - INFO - Pred Consistency: 0.4155, Ranking Acc: 0.6298
2025-07-22 14:11:37,305 - INFO - Dist Consistency: 0.6528
2025-07-22 14:11:37,305 - INFO - Learning Rate: 0.001000
2025-07-22 14:11:37,313 - INFO - New best model saved! Valid Acc: 0.4155
2025-07-22 14:11:37,313 - INFO - Epoch 10/10
2025-07-22 14:11:39,093 - INFO - Train Loss: 1.2973
2025-07-22 14:11:39,095 - INFO - Valid Loss: 1.4086, Cat Acc: 0.4225
2025-07-22 14:11:39,095 - INFO - Ord Acc: 0.7866, MAE: 0.8075, QWK: 0.5515
2025-07-22 14:11:39,095 - INFO - Pred Consistency: 0.4225, Ranking Acc: 0.6371
2025-07-22 14:11:39,095 - INFO - Dist Consistency: 0.6549
2025-07-22 14:11:39,096 - INFO - Learning Rate: 0.001000
2025-07-22 14:11:39,102 - INFO - New best model saved! Valid Acc: 0.4225
2025-07-22 14:11:39,103 - INFO - Training completed! Best valid accuracy: 0.4225
