2025-07-23 11:10:10,231 - INFO - Training Deep-GPCM on synthetic_OC
2025-07-23 11:10:10,231 - INFO - Device: cpu, Categories: None, Loss: ordinal, Embedding: ordered
2025-07-23 11:10:10,231 - INFO - Loading training data...
2025-07-23 11:10:10,233 - INFO - Train data: 160 sequences, 4 categories
2025-07-23 11:10:10,233 - INFO - Loading test data...
2025-07-23 11:10:10,233 - INFO - Test data: 40 sequences
2025-07-23 11:10:10,233 - INFO - Detected 29 unique questions
2025-07-23 11:10:10,935 - INFO - Starting training...
2025-07-23 11:10:10,935 - INFO - Epoch 1/2
2025-07-23 11:10:12,377 - INFO - Train Loss: 2.0931
2025-07-23 11:10:12,377 - INFO - Valid Loss: 1.8947, Cat Acc: 0.2274
2025-07-23 11:10:12,377 - INFO - Ord Acc: 0.7753, MAE: 1.0035, QWK: 0.1794
2025-07-23 11:10:12,377 - INFO - Pred Consistency: 0.2239, Ranking Acc: 0.2353
2025-07-23 11:10:12,377 - INFO - Dist Consistency: 0.5595
2025-07-23 11:10:12,377 - INFO - Learning Rate: 0.001000
2025-07-23 11:10:12,387 - INFO - New best model saved! Valid Acc: 0.2274
2025-07-23 11:10:12,387 - INFO - Epoch 2/2
2025-07-23 11:10:14,056 - INFO - Train Loss: 1.8839
2025-07-23 11:10:14,056 - INFO - Valid Loss: 1.7607, Cat Acc: 0.2483
2025-07-23 11:10:14,056 - INFO - Ord Acc: 0.8267, MAE: 0.9268, QWK: 0.2858
2025-07-23 11:10:14,057 - INFO - Pred Consistency: 0.2439, Ranking Acc: 0.4082
2025-07-23 11:10:14,057 - INFO - Dist Consistency: 0.5730
2025-07-23 11:10:14,057 - INFO - Learning Rate: 0.001000
2025-07-23 11:10:14,062 - INFO - New best model saved! Valid Acc: 0.2483
2025-07-23 11:10:14,063 - INFO - Training completed! Best valid accuracy: 0.2483
