2025-07-22 14:06:38,359 - INFO - Training Deep-GPCM on synthetic_OC
2025-07-22 14:06:38,360 - INFO - Device: cpu, Categories: None, Loss: ordinal, Embedding: linear_decay
2025-07-22 14:06:38,360 - INFO - Loading training data...
2025-07-22 14:06:38,362 - INFO - Train data: 160 sequences, 4 categories
2025-07-22 14:06:38,362 - INFO - Loading test data...
2025-07-22 14:06:38,363 - INFO - Test data: 40 sequences
2025-07-22 14:06:38,363 - INFO - Detected 29 unique questions
2025-07-22 14:06:39,194 - INFO - Starting training...
2025-07-22 14:06:39,194 - INFO - Epoch 1/10
2025-07-22 14:06:40,736 - INFO - Train Loss: 2.0130
2025-07-22 14:06:40,736 - INFO - Valid Loss: 1.9203, Cat Acc: 0.3467
2025-07-22 14:06:40,736 - INFO - Ord Acc: 0.5706, MAE: 1.3284, QWK: 0.1347
2025-07-22 14:06:40,736 - INFO - Pred Consistency: 0.2082, Ranking Acc: 0.2233
2025-07-22 14:06:40,736 - INFO - Dist Consistency: 0.5588
2025-07-22 14:06:40,736 - INFO - Learning Rate: 0.001000
2025-07-22 14:06:40,744 - INFO - New best model saved! Valid Acc: 0.3467
2025-07-22 14:06:40,745 - INFO - Epoch 2/10
2025-07-22 14:06:42,071 - INFO - Train Loss: 1.8199
2025-07-22 14:06:42,072 - INFO - Valid Loss: 1.7684, Cat Acc: 0.4016
2025-07-22 14:06:42,072 - INFO - Ord Acc: 0.6620, MAE: 1.1124, QWK: 0.2961
2025-07-22 14:06:42,072 - INFO - Pred Consistency: 0.2413, Ranking Acc: 0.4021
2025-07-22 14:06:42,072 - INFO - Dist Consistency: 0.5734
2025-07-22 14:06:42,072 - INFO - Learning Rate: 0.001000
2025-07-22 14:06:42,085 - INFO - New best model saved! Valid Acc: 0.4016
2025-07-22 14:06:42,086 - INFO - Epoch 3/10
2025-07-22 14:06:43,233 - INFO - Train Loss: 1.6798
2025-07-22 14:06:43,233 - INFO - Valid Loss: 1.6828, Cat Acc: 0.4373
2025-07-22 14:06:43,233 - INFO - Ord Acc: 0.7169, MAE: 0.9826, QWK: 0.4101
2025-07-22 14:06:43,233 - INFO - Pred Consistency: 0.2683, Ranking Acc: 0.4856
2025-07-22 14:06:43,233 - INFO - Dist Consistency: 0.5888
2025-07-22 14:06:43,233 - INFO - Learning Rate: 0.001000
2025-07-22 14:06:43,238 - INFO - New best model saved! Valid Acc: 0.4373
2025-07-22 14:06:43,239 - INFO - Epoch 4/10
2025-07-22 14:06:44,413 - INFO - Train Loss: 1.5647
2025-07-22 14:06:44,413 - INFO - Valid Loss: 1.5875, Cat Acc: 0.4730
2025-07-22 14:06:44,413 - INFO - Ord Acc: 0.7483, MAE: 0.8876, QWK: 0.4852
2025-07-22 14:06:44,413 - INFO - Pred Consistency: 0.3136, Ranking Acc: 0.5375
2025-07-22 14:06:44,413 - INFO - Dist Consistency: 0.6074
2025-07-22 14:06:44,414 - INFO - Learning Rate: 0.001000
2025-07-22 14:06:44,419 - INFO - New best model saved! Valid Acc: 0.4730
2025-07-22 14:06:44,419 - INFO - Epoch 5/10
2025-07-22 14:06:45,596 - INFO - Train Loss: 1.4823
2025-07-22 14:06:45,596 - INFO - Valid Loss: 1.5367, Cat Acc: 0.4887
2025-07-22 14:06:45,596 - INFO - Ord Acc: 0.7587, MAE: 0.8598, QWK: 0.5073
2025-07-22 14:06:45,596 - INFO - Pred Consistency: 0.3301, Ranking Acc: 0.5701
2025-07-22 14:06:45,597 - INFO - Dist Consistency: 0.6232
2025-07-22 14:06:45,597 - INFO - Learning Rate: 0.001000
2025-07-22 14:06:45,602 - INFO - New best model saved! Valid Acc: 0.4887
2025-07-22 14:06:45,602 - INFO - Epoch 6/10
2025-07-22 14:06:47,745 - INFO - Train Loss: 1.4352
2025-07-22 14:06:47,746 - INFO - Valid Loss: 1.5025, Cat Acc: 0.4887
2025-07-22 14:06:47,746 - INFO - Ord Acc: 0.7709, MAE: 0.8441, QWK: 0.5243
2025-07-22 14:06:47,746 - INFO - Pred Consistency: 0.3545, Ranking Acc: 0.5906
2025-07-22 14:06:47,746 - INFO - Dist Consistency: 0.6361
2025-07-22 14:06:47,746 - INFO - Learning Rate: 0.001000
2025-07-22 14:06:47,746 - INFO - Epoch 7/10
2025-07-22 14:06:50,268 - INFO - Train Loss: 1.3816
2025-07-22 14:06:50,268 - INFO - Valid Loss: 1.4933, Cat Acc: 0.4817
2025-07-22 14:06:50,268 - INFO - Ord Acc: 0.7648, MAE: 0.8554, QWK: 0.5183
2025-07-22 14:06:50,269 - INFO - Pred Consistency: 0.3667, Ranking Acc: 0.6037
2025-07-22 14:06:50,269 - INFO - Dist Consistency: 0.6444
2025-07-22 14:06:50,269 - INFO - Learning Rate: 0.001000
2025-07-22 14:06:50,269 - INFO - Epoch 8/10
2025-07-22 14:06:52,036 - INFO - Train Loss: 1.3431
2025-07-22 14:06:52,036 - INFO - Valid Loss: 1.4476, Cat Acc: 0.4965
2025-07-22 14:06:52,036 - INFO - Ord Acc: 0.7753, MAE: 0.8319, QWK: 0.5302
2025-07-22 14:06:52,036 - INFO - Pred Consistency: 0.3693, Ranking Acc: 0.6222
2025-07-22 14:06:52,036 - INFO - Dist Consistency: 0.6492
2025-07-22 14:06:52,036 - INFO - Learning Rate: 0.001000
2025-07-22 14:06:52,043 - INFO - New best model saved! Valid Acc: 0.4965
2025-07-22 14:06:52,043 - INFO - Epoch 9/10
2025-07-22 14:06:56,367 - INFO - Train Loss: 1.3203
2025-07-22 14:06:56,368 - INFO - Valid Loss: 1.4311, Cat Acc: 0.4974
2025-07-22 14:06:56,368 - INFO - Ord Acc: 0.7822, MAE: 0.8188, QWK: 0.5424
2025-07-22 14:06:56,368 - INFO - Pred Consistency: 0.3920, Ranking Acc: 0.6298
2025-07-22 14:06:56,368 - INFO - Dist Consistency: 0.6528
2025-07-22 14:06:56,368 - INFO - Learning Rate: 0.001000
2025-07-22 14:06:56,377 - INFO - New best model saved! Valid Acc: 0.4974
2025-07-22 14:06:56,377 - INFO - Epoch 10/10
2025-07-22 14:06:58,203 - INFO - Train Loss: 1.2973
2025-07-22 14:06:58,203 - INFO - Valid Loss: 1.4086, Cat Acc: 0.5017
2025-07-22 14:06:58,204 - INFO - Ord Acc: 0.7866, MAE: 0.8075, QWK: 0.5515
2025-07-22 14:06:58,204 - INFO - Pred Consistency: 0.3798, Ranking Acc: 0.6371
2025-07-22 14:06:58,204 - INFO - Dist Consistency: 0.6549
2025-07-22 14:06:58,205 - INFO - Learning Rate: 0.001000
2025-07-22 14:06:58,215 - INFO - New best model saved! Valid Acc: 0.5017
2025-07-22 14:06:58,217 - INFO - Training completed! Best valid accuracy: 0.5017
