2025-07-22 13:52:43,938 - INFO - Training Deep-GPCM on synthetic_OC
2025-07-22 13:52:43,938 - INFO - Device: cpu, Categories: None, Loss: ordinal, Embedding: linear_decay
2025-07-22 13:52:43,939 - INFO - Loading training data...
2025-07-22 13:52:43,940 - INFO - Train data: 160 sequences, 4 categories
2025-07-22 13:52:43,941 - INFO - Loading test data...
2025-07-22 13:52:43,941 - INFO - Test data: 40 sequences
2025-07-22 13:52:43,941 - INFO - Detected 29 unique questions
2025-07-22 13:52:45,409 - INFO - Starting training...
2025-07-22 13:52:45,410 - INFO - Epoch 1/3
2025-07-22 13:52:48,893 - INFO - Train Loss: 2.0130
2025-07-22 13:52:48,893 - INFO - Valid Loss: 1.9203, Cat Acc: 0.3467
2025-07-22 13:52:48,893 - INFO - Ord Acc: 0.5706, MAE: 1.3284, QWK: 0.1347
2025-07-22 13:52:48,893 - INFO - Learning Rate: 0.001000
2025-07-22 13:52:48,903 - INFO - New best model saved! Valid Acc: 0.3467
2025-07-22 13:52:48,903 - INFO - Epoch 2/3
2025-07-22 13:52:50,361 - INFO - Train Loss: 1.8199
2025-07-22 13:52:50,362 - INFO - Valid Loss: 1.7684, Cat Acc: 0.4016
2025-07-22 13:52:50,362 - INFO - Ord Acc: 0.6620, MAE: 1.1124, QWK: 0.2961
2025-07-22 13:52:50,362 - INFO - Learning Rate: 0.001000
2025-07-22 13:52:50,369 - INFO - New best model saved! Valid Acc: 0.4016
2025-07-22 13:52:50,370 - INFO - Epoch 3/3
2025-07-22 13:52:51,539 - INFO - Train Loss: 1.6798
2025-07-22 13:52:51,539 - INFO - Valid Loss: 1.6828, Cat Acc: 0.4373
2025-07-22 13:52:51,539 - INFO - Ord Acc: 0.7169, MAE: 0.9826, QWK: 0.4101
2025-07-22 13:52:51,539 - INFO - Learning Rate: 0.001000
2025-07-22 13:52:51,544 - INFO - New best model saved! Valid Acc: 0.4373
2025-07-22 13:52:51,545 - INFO - Training completed! Best valid accuracy: 0.4373
