2025-07-23 11:48:53,532 - INFO - Training Deep-GPCM on synthetic_OC
2025-07-23 11:48:53,541 - INFO - Device: cpu, Categories: None, Loss: ordinal, Embedding: unordered
2025-07-23 11:48:53,541 - INFO - Loading training data...
2025-07-23 11:48:53,543 - INFO - Train data: 160 sequences, 4 categories
2025-07-23 11:48:53,543 - INFO - Loading test data...
2025-07-23 11:48:53,544 - INFO - Test data: 40 sequences
2025-07-23 11:48:53,544 - INFO - Detected 29 unique questions
2025-07-23 11:48:54,221 - INFO - Starting training...
2025-07-23 11:48:54,222 - INFO - Epoch 1/30
2025-07-23 11:48:55,825 - INFO - Train Loss: 1.9931
2025-07-23 11:48:55,825 - INFO - Valid Loss: 1.9111, Cat Acc: 0.2204
2025-07-23 11:48:55,825 - INFO - Ord Acc: 0.7439, MAE: 1.0375, QWK: 0.1204
2025-07-23 11:48:55,825 - INFO - Pred Consistency: 0.2160, Ranking Acc: 0.2344
2025-07-23 11:48:55,825 - INFO - Dist Consistency: 0.5595
2025-07-23 11:48:55,826 - INFO - Learning Rate: 0.001000
2025-07-23 11:48:55,834 - INFO - New best model saved! Valid Acc: 0.2204
2025-07-23 11:48:55,834 - INFO - Epoch 2/30
2025-07-23 11:48:56,863 - INFO - Train Loss: 1.7945
2025-07-23 11:48:56,863 - INFO - Valid Loss: 1.7593, Cat Acc: 0.2465
2025-07-23 11:48:56,863 - INFO - Ord Acc: 0.7970, MAE: 0.9599, QWK: 0.2518
2025-07-23 11:48:56,863 - INFO - Pred Consistency: 0.2422, Ranking Acc: 0.4162
2025-07-23 11:48:56,863 - INFO - Dist Consistency: 0.5751
2025-07-23 11:48:56,863 - INFO - Learning Rate: 0.001000
2025-07-23 11:48:56,872 - INFO - New best model saved! Valid Acc: 0.2465
2025-07-23 11:48:56,872 - INFO - Epoch 3/30
2025-07-23 11:48:57,985 - INFO - Train Loss: 1.6539
2025-07-23 11:48:57,985 - INFO - Valid Loss: 1.6575, Cat Acc: 0.3066
2025-07-23 11:48:57,985 - INFO - Ord Acc: 0.8389, MAE: 0.8615, QWK: 0.4140
2025-07-23 11:48:57,985 - INFO - Pred Consistency: 0.2735, Ranking Acc: 0.5001
2025-07-23 11:48:57,985 - INFO - Dist Consistency: 0.5923
2025-07-23 11:48:57,985 - INFO - Learning Rate: 0.001000
2025-07-23 11:48:57,989 - INFO - New best model saved! Valid Acc: 0.3066
2025-07-23 11:48:57,989 - INFO - Epoch 4/30
2025-07-23 11:48:58,870 - INFO - Train Loss: 1.5388
2025-07-23 11:48:58,870 - INFO - Valid Loss: 1.5767, Cat Acc: 0.3711
2025-07-23 11:48:58,870 - INFO - Ord Acc: 0.8476, MAE: 0.7944, QWK: 0.5026
2025-07-23 11:48:58,872 - INFO - Pred Consistency: 0.3232, Ranking Acc: 0.5473
2025-07-23 11:48:58,872 - INFO - Dist Consistency: 0.6109
2025-07-23 11:48:58,872 - INFO - Learning Rate: 0.001000
2025-07-23 11:48:58,876 - INFO - New best model saved! Valid Acc: 0.3711
2025-07-23 11:48:58,876 - INFO - Epoch 5/30
2025-07-23 11:48:59,791 - INFO - Train Loss: 1.4652
2025-07-23 11:48:59,791 - INFO - Valid Loss: 1.5321, Cat Acc: 0.4033
2025-07-23 11:48:59,791 - INFO - Ord Acc: 0.8476, MAE: 0.7674, QWK: 0.5474
2025-07-23 11:48:59,791 - INFO - Pred Consistency: 0.3336, Ranking Acc: 0.5734
2025-07-23 11:48:59,791 - INFO - Dist Consistency: 0.6262
2025-07-23 11:48:59,791 - INFO - Learning Rate: 0.001000
2025-07-23 11:48:59,795 - INFO - New best model saved! Valid Acc: 0.4033
2025-07-23 11:48:59,796 - INFO - Epoch 6/30
2025-07-23 11:49:00,720 - INFO - Train Loss: 1.4259
2025-07-23 11:49:00,720 - INFO - Valid Loss: 1.5003, Cat Acc: 0.4347
2025-07-23 11:49:00,720 - INFO - Ord Acc: 0.8484, MAE: 0.7387, QWK: 0.5796
2025-07-23 11:49:00,720 - INFO - Pred Consistency: 0.3528, Ranking Acc: 0.5938
2025-07-23 11:49:00,720 - INFO - Dist Consistency: 0.6371
2025-07-23 11:49:00,720 - INFO - Learning Rate: 0.001000
2025-07-23 11:49:00,728 - INFO - New best model saved! Valid Acc: 0.4347
2025-07-23 11:49:00,728 - INFO - Epoch 7/30
2025-07-23 11:49:01,628 - INFO - Train Loss: 1.3741
2025-07-23 11:49:01,628 - INFO - Valid Loss: 1.4800, Cat Acc: 0.4355
2025-07-23 11:49:01,628 - INFO - Ord Acc: 0.8406, MAE: 0.7491, QWK: 0.5755
2025-07-23 11:49:01,628 - INFO - Pred Consistency: 0.3598, Ranking Acc: 0.6067
2025-07-23 11:49:01,628 - INFO - Dist Consistency: 0.6430
2025-07-23 11:49:01,628 - INFO - Learning Rate: 0.001000
2025-07-23 11:49:01,633 - INFO - New best model saved! Valid Acc: 0.4355
2025-07-23 11:49:01,633 - INFO - Epoch 8/30
2025-07-23 11:49:02,660 - INFO - Train Loss: 1.3318
2025-07-23 11:49:02,660 - INFO - Valid Loss: 1.4551, Cat Acc: 0.4634
2025-07-23 11:49:02,660 - INFO - Ord Acc: 0.8476, MAE: 0.7125, QWK: 0.5969
2025-07-23 11:49:02,660 - INFO - Pred Consistency: 0.3772, Ranking Acc: 0.6158
2025-07-23 11:49:02,660 - INFO - Dist Consistency: 0.6457
2025-07-23 11:49:02,661 - INFO - Learning Rate: 0.001000
2025-07-23 11:49:02,665 - INFO - New best model saved! Valid Acc: 0.4634
2025-07-23 11:49:02,665 - INFO - Epoch 9/30
2025-07-23 11:49:03,639 - INFO - Train Loss: 1.3053
2025-07-23 11:49:03,639 - INFO - Valid Loss: 1.4399, Cat Acc: 0.4625
2025-07-23 11:49:03,639 - INFO - Ord Acc: 0.8545, MAE: 0.7056, QWK: 0.6059
2025-07-23 11:49:03,639 - INFO - Pred Consistency: 0.3737, Ranking Acc: 0.6205
2025-07-23 11:49:03,639 - INFO - Dist Consistency: 0.6482
2025-07-23 11:49:03,639 - INFO - Learning Rate: 0.001000
2025-07-23 11:49:03,639 - INFO - Epoch 10/30
2025-07-23 11:49:04,595 - INFO - Train Loss: 1.2875
2025-07-23 11:49:04,595 - INFO - Valid Loss: 1.4306, Cat Acc: 0.4599
2025-07-23 11:49:04,595 - INFO - Ord Acc: 0.8554, MAE: 0.7038, QWK: 0.6100
2025-07-23 11:49:04,595 - INFO - Pred Consistency: 0.3746, Ranking Acc: 0.6232
2025-07-23 11:49:04,595 - INFO - Dist Consistency: 0.6503
2025-07-23 11:49:04,595 - INFO - Learning Rate: 0.001000
2025-07-23 11:49:04,595 - INFO - Epoch 11/30
2025-07-23 11:49:05,497 - INFO - Train Loss: 1.2724
2025-07-23 11:49:05,497 - INFO - Valid Loss: 1.4254, Cat Acc: 0.4625
2025-07-23 11:49:05,497 - INFO - Ord Acc: 0.8554, MAE: 0.7003, QWK: 0.6130
2025-07-23 11:49:05,497 - INFO - Pred Consistency: 0.3772, Ranking Acc: 0.6256
2025-07-23 11:49:05,497 - INFO - Dist Consistency: 0.6523
2025-07-23 11:49:05,497 - INFO - Learning Rate: 0.001000
2025-07-23 11:49:05,497 - INFO - Epoch 12/30
2025-07-23 11:49:06,399 - INFO - Train Loss: 1.2689
2025-07-23 11:49:06,399 - INFO - Valid Loss: 1.4210, Cat Acc: 0.4521
2025-07-23 11:49:06,399 - INFO - Ord Acc: 0.8510, MAE: 0.7178, QWK: 0.6022
2025-07-23 11:49:06,399 - INFO - Pred Consistency: 0.3667, Ranking Acc: 0.6287
2025-07-23 11:49:06,400 - INFO - Dist Consistency: 0.6556
2025-07-23 11:49:06,400 - INFO - Learning Rate: 0.001000
2025-07-23 11:49:06,400 - INFO - Epoch 13/30
2025-07-23 11:49:07,348 - INFO - Train Loss: 1.2587
2025-07-23 11:49:07,348 - INFO - Valid Loss: 1.4147, Cat Acc: 0.4652
2025-07-23 11:49:07,349 - INFO - Ord Acc: 0.8519, MAE: 0.7030, QWK: 0.6113
2025-07-23 11:49:07,349 - INFO - Pred Consistency: 0.3763, Ranking Acc: 0.6325
2025-07-23 11:49:07,349 - INFO - Dist Consistency: 0.6575
2025-07-23 11:49:07,349 - INFO - Learning Rate: 0.001000
2025-07-23 11:49:07,354 - INFO - New best model saved! Valid Acc: 0.4652
2025-07-23 11:49:07,354 - INFO - Epoch 14/30
2025-07-23 11:49:08,279 - INFO - Train Loss: 1.2648
2025-07-23 11:49:08,279 - INFO - Valid Loss: 1.4158, Cat Acc: 0.4643
2025-07-23 11:49:08,279 - INFO - Ord Acc: 0.8554, MAE: 0.7012, QWK: 0.6142
2025-07-23 11:49:08,279 - INFO - Pred Consistency: 0.3772, Ranking Acc: 0.6328
2025-07-23 11:49:08,279 - INFO - Dist Consistency: 0.6591
2025-07-23 11:49:08,279 - INFO - Learning Rate: 0.001000
2025-07-23 11:49:08,279 - INFO - Epoch 15/30
2025-07-23 11:49:09,159 - INFO - Train Loss: 1.2522
2025-07-23 11:49:09,159 - INFO - Valid Loss: 1.4147, Cat Acc: 0.4634
2025-07-23 11:49:09,159 - INFO - Ord Acc: 0.8554, MAE: 0.7003, QWK: 0.6162
2025-07-23 11:49:09,159 - INFO - Pred Consistency: 0.3798, Ranking Acc: 0.6326
2025-07-23 11:49:09,159 - INFO - Dist Consistency: 0.6592
2025-07-23 11:49:09,159 - INFO - Learning Rate: 0.001000
2025-07-23 11:49:09,159 - INFO - Epoch 16/30
2025-07-23 11:49:10,057 - INFO - Train Loss: 1.2436
2025-07-23 11:49:10,057 - INFO - Valid Loss: 1.4169, Cat Acc: 0.4643
2025-07-23 11:49:10,057 - INFO - Ord Acc: 0.8545, MAE: 0.7012, QWK: 0.6143
2025-07-23 11:49:10,057 - INFO - Pred Consistency: 0.3746, Ranking Acc: 0.6310
2025-07-23 11:49:10,058 - INFO - Dist Consistency: 0.6583
2025-07-23 11:49:10,058 - INFO - Learning Rate: 0.001000
2025-07-23 11:49:10,058 - INFO - Epoch 17/30
2025-07-23 11:49:10,948 - INFO - Train Loss: 1.2521
2025-07-23 11:49:10,949 - INFO - Valid Loss: 1.4188, Cat Acc: 0.4573
2025-07-23 11:49:10,949 - INFO - Ord Acc: 0.8537, MAE: 0.7125, QWK: 0.6050
2025-07-23 11:49:10,949 - INFO - Pred Consistency: 0.3720, Ranking Acc: 0.6287
2025-07-23 11:49:10,949 - INFO - Dist Consistency: 0.6581
2025-07-23 11:49:10,949 - INFO - Learning Rate: 0.001000
2025-07-23 11:49:10,949 - INFO - Epoch 18/30
2025-07-23 11:49:11,816 - INFO - Train Loss: 1.2445
2025-07-23 11:49:11,816 - INFO - Valid Loss: 1.4195, Cat Acc: 0.4599
2025-07-23 11:49:11,816 - INFO - Ord Acc: 0.8502, MAE: 0.7108, QWK: 0.6080
2025-07-23 11:49:11,816 - INFO - Pred Consistency: 0.3711, Ranking Acc: 0.6280
2025-07-23 11:49:11,816 - INFO - Dist Consistency: 0.6575
2025-07-23 11:49:11,816 - INFO - Learning Rate: 0.001000
2025-07-23 11:49:11,816 - INFO - Epoch 19/30
2025-07-23 11:49:12,713 - INFO - Train Loss: 1.2391
2025-07-23 11:49:12,713 - INFO - Valid Loss: 1.4183, Cat Acc: 0.4669
2025-07-23 11:49:12,713 - INFO - Ord Acc: 0.8467, MAE: 0.7056, QWK: 0.6101
2025-07-23 11:49:12,713 - INFO - Pred Consistency: 0.3754, Ranking Acc: 0.6285
2025-07-23 11:49:12,713 - INFO - Dist Consistency: 0.6573
2025-07-23 11:49:12,713 - INFO - Learning Rate: 0.000500
2025-07-23 11:49:12,717 - INFO - New best model saved! Valid Acc: 0.4669
2025-07-23 11:49:12,717 - INFO - Epoch 20/30
2025-07-23 11:49:13,565 - INFO - Train Loss: 1.2451
2025-07-23 11:49:13,566 - INFO - Valid Loss: 1.4184, Cat Acc: 0.4686
2025-07-23 11:49:13,566 - INFO - Ord Acc: 0.8458, MAE: 0.7047, QWK: 0.6094
2025-07-23 11:49:13,566 - INFO - Pred Consistency: 0.3763, Ranking Acc: 0.6283
2025-07-23 11:49:13,566 - INFO - Dist Consistency: 0.6571
2025-07-23 11:49:13,566 - INFO - Learning Rate: 0.000500
2025-07-23 11:49:13,571 - INFO - New best model saved! Valid Acc: 0.4686
2025-07-23 11:49:13,571 - INFO - Epoch 21/30
2025-07-23 11:49:14,415 - INFO - Train Loss: 1.2453
2025-07-23 11:49:14,415 - INFO - Valid Loss: 1.4184, Cat Acc: 0.4669
2025-07-23 11:49:14,415 - INFO - Ord Acc: 0.8476, MAE: 0.7056, QWK: 0.6096
2025-07-23 11:49:14,415 - INFO - Pred Consistency: 0.3789, Ranking Acc: 0.6282
2025-07-23 11:49:14,415 - INFO - Dist Consistency: 0.6570
2025-07-23 11:49:14,416 - INFO - Learning Rate: 0.000500
2025-07-23 11:49:14,416 - INFO - Epoch 22/30
2025-07-23 11:49:15,304 - INFO - Train Loss: 1.2388
2025-07-23 11:49:15,304 - INFO - Valid Loss: 1.4183, Cat Acc: 0.4695
2025-07-23 11:49:15,304 - INFO - Ord Acc: 0.8510, MAE: 0.6986, QWK: 0.6165
2025-07-23 11:49:15,304 - INFO - Pred Consistency: 0.3780, Ranking Acc: 0.6277
2025-07-23 11:49:15,304 - INFO - Dist Consistency: 0.6566
2025-07-23 11:49:15,304 - INFO - Learning Rate: 0.000500
2025-07-23 11:49:15,308 - INFO - New best model saved! Valid Acc: 0.4695
2025-07-23 11:49:15,308 - INFO - Epoch 23/30
2025-07-23 11:49:16,225 - INFO - Train Loss: 1.2402
2025-07-23 11:49:16,225 - INFO - Valid Loss: 1.4192, Cat Acc: 0.4686
2025-07-23 11:49:16,225 - INFO - Ord Acc: 0.8502, MAE: 0.7003, QWK: 0.6141
2025-07-23 11:49:16,225 - INFO - Pred Consistency: 0.3780, Ranking Acc: 0.6267
2025-07-23 11:49:16,225 - INFO - Dist Consistency: 0.6563
2025-07-23 11:49:16,225 - INFO - Learning Rate: 0.000500
2025-07-23 11:49:16,225 - INFO - Epoch 24/30
2025-07-23 11:49:17,074 - INFO - Train Loss: 1.2294
2025-07-23 11:49:17,074 - INFO - Valid Loss: 1.4199, Cat Acc: 0.4652
2025-07-23 11:49:17,074 - INFO - Ord Acc: 0.8502, MAE: 0.7047, QWK: 0.6112
2025-07-23 11:49:17,074 - INFO - Pred Consistency: 0.3780, Ranking Acc: 0.6262
2025-07-23 11:49:17,074 - INFO - Dist Consistency: 0.6562
2025-07-23 11:49:17,074 - INFO - Learning Rate: 0.000500
2025-07-23 11:49:17,075 - INFO - Epoch 25/30
2025-07-23 11:49:17,948 - INFO - Train Loss: 1.2335
2025-07-23 11:49:17,948 - INFO - Valid Loss: 1.4226, Cat Acc: 0.4634
2025-07-23 11:49:17,948 - INFO - Ord Acc: 0.8502, MAE: 0.7056, QWK: 0.6103
2025-07-23 11:49:17,948 - INFO - Pred Consistency: 0.3746, Ranking Acc: 0.6248
2025-07-23 11:49:17,948 - INFO - Dist Consistency: 0.6558
2025-07-23 11:49:17,948 - INFO - Learning Rate: 0.000250
2025-07-23 11:49:17,948 - INFO - Epoch 26/30
2025-07-23 11:49:19,021 - INFO - Train Loss: 1.2317
2025-07-23 11:49:19,021 - INFO - Valid Loss: 1.4230, Cat Acc: 0.4608
2025-07-23 11:49:19,021 - INFO - Ord Acc: 0.8493, MAE: 0.7091, QWK: 0.6084
2025-07-23 11:49:19,021 - INFO - Pred Consistency: 0.3720, Ranking Acc: 0.6247
2025-07-23 11:49:19,021 - INFO - Dist Consistency: 0.6559
2025-07-23 11:49:19,021 - INFO - Learning Rate: 0.000250
2025-07-23 11:49:19,021 - INFO - Epoch 27/30
2025-07-23 11:49:19,890 - INFO - Train Loss: 1.2351
2025-07-23 11:49:19,890 - INFO - Valid Loss: 1.4229, Cat Acc: 0.4617
2025-07-23 11:49:19,890 - INFO - Ord Acc: 0.8467, MAE: 0.7125, QWK: 0.6034
2025-07-23 11:49:19,890 - INFO - Pred Consistency: 0.3737, Ranking Acc: 0.6248
2025-07-23 11:49:19,890 - INFO - Dist Consistency: 0.6560
2025-07-23 11:49:19,891 - INFO - Learning Rate: 0.000250
2025-07-23 11:49:19,891 - INFO - Epoch 28/30
2025-07-23 11:49:20,795 - INFO - Train Loss: 1.2393
2025-07-23 11:49:20,795 - INFO - Valid Loss: 1.4232, Cat Acc: 0.4634
2025-07-23 11:49:20,795 - INFO - Ord Acc: 0.8449, MAE: 0.7117, QWK: 0.6044
2025-07-23 11:49:20,795 - INFO - Pred Consistency: 0.3746, Ranking Acc: 0.6249
2025-07-23 11:49:20,795 - INFO - Dist Consistency: 0.6562
2025-07-23 11:49:20,795 - INFO - Learning Rate: 0.000250
2025-07-23 11:49:20,795 - INFO - Epoch 29/30
2025-07-23 11:49:21,661 - INFO - Train Loss: 1.2386
2025-07-23 11:49:21,661 - INFO - Valid Loss: 1.4239, Cat Acc: 0.4617
2025-07-23 11:49:21,661 - INFO - Ord Acc: 0.8458, MAE: 0.7125, QWK: 0.6044
2025-07-23 11:49:21,661 - INFO - Pred Consistency: 0.3711, Ranking Acc: 0.6251
2025-07-23 11:49:21,661 - INFO - Dist Consistency: 0.6563
2025-07-23 11:49:21,661 - INFO - Learning Rate: 0.000250
2025-07-23 11:49:21,661 - INFO - Epoch 30/30
2025-07-23 11:49:22,551 - INFO - Train Loss: 1.2392
2025-07-23 11:49:22,551 - INFO - Valid Loss: 1.4230, Cat Acc: 0.4634
2025-07-23 11:49:22,551 - INFO - Ord Acc: 0.8484, MAE: 0.7082, QWK: 0.6089
2025-07-23 11:49:22,551 - INFO - Pred Consistency: 0.3746, Ranking Acc: 0.6251
2025-07-23 11:49:22,551 - INFO - Dist Consistency: 0.6565
2025-07-23 11:49:22,551 - INFO - Learning Rate: 0.000250
2025-07-23 11:49:22,552 - INFO - Training completed! Best valid accuracy: 0.4695
