2025-07-22 15:58:55,957 - INFO - Training Deep-GPCM on synthetic_OC
2025-07-22 15:58:55,958 - INFO - Device: cpu, Categories: None, Loss: ordinal, Embedding: ordered
2025-07-22 15:58:55,958 - INFO - Loading training data...
2025-07-22 15:58:55,960 - INFO - Train data: 160 sequences, 4 categories
2025-07-22 15:58:55,960 - INFO - Loading test data...
2025-07-22 15:58:55,961 - INFO - Test data: 40 sequences
2025-07-22 15:58:55,962 - INFO - Detected 29 unique questions
2025-07-22 15:58:57,123 - INFO - Starting training...
2025-07-22 15:58:57,124 - INFO - Epoch 1/10
2025-07-22 15:58:59,731 - INFO - Train Loss: 2.0931
2025-07-22 15:58:59,733 - INFO - Valid Loss: 1.8947, Cat Acc: 0.3624
2025-07-22 15:58:59,733 - INFO - Ord Acc: 0.6307, MAE: 1.1890, QWK: 0.2256
2025-07-22 15:58:59,733 - INFO - Pred Consistency: 0.2239, Ranking Acc: 0.2353
2025-07-22 15:58:59,733 - INFO - Dist Consistency: 0.5595
2025-07-22 15:58:59,733 - INFO - Learning Rate: 0.001000
2025-07-22 15:58:59,797 - INFO - New best model saved! Valid Acc: 0.3624
2025-07-22 15:58:59,797 - INFO - Epoch 2/10
2025-07-22 15:59:01,154 - INFO - Train Loss: 1.8839
2025-07-22 15:59:01,155 - INFO - Valid Loss: 1.7607, Cat Acc: 0.4216
2025-07-22 15:59:01,155 - INFO - Ord Acc: 0.6864, MAE: 1.0279, QWK: 0.3703
2025-07-22 15:59:01,155 - INFO - Pred Consistency: 0.2439, Ranking Acc: 0.4082
2025-07-22 15:59:01,155 - INFO - Dist Consistency: 0.5730
2025-07-22 15:59:01,155 - INFO - Learning Rate: 0.001000
2025-07-22 15:59:01,160 - INFO - New best model saved! Valid Acc: 0.4216
2025-07-22 15:59:01,160 - INFO - Epoch 3/10
2025-07-22 15:59:02,567 - INFO - Train Loss: 1.7418
2025-07-22 15:59:02,567 - INFO - Valid Loss: 1.6972, Cat Acc: 0.4181
2025-07-22 15:59:02,567 - INFO - Ord Acc: 0.6934, MAE: 1.0113, QWK: 0.3908
2025-07-22 15:59:02,567 - INFO - Pred Consistency: 0.2535, Ranking Acc: 0.5064
2025-07-22 15:59:02,567 - INFO - Dist Consistency: 0.5842
2025-07-22 15:59:02,567 - INFO - Learning Rate: 0.001000
2025-07-22 15:59:02,567 - INFO - Epoch 4/10
2025-07-22 15:59:03,745 - INFO - Train Loss: 1.6434
2025-07-22 15:59:03,746 - INFO - Valid Loss: 1.6147, Cat Acc: 0.4599
2025-07-22 15:59:03,746 - INFO - Ord Acc: 0.7439, MAE: 0.9051, QWK: 0.4748
2025-07-22 15:59:03,746 - INFO - Pred Consistency: 0.2840, Ranking Acc: 0.5450
2025-07-22 15:59:03,746 - INFO - Dist Consistency: 0.5979
2025-07-22 15:59:03,746 - INFO - Learning Rate: 0.001000
2025-07-22 15:59:03,752 - INFO - New best model saved! Valid Acc: 0.4599
2025-07-22 15:59:03,752 - INFO - Epoch 5/10
2025-07-22 15:59:04,973 - INFO - Train Loss: 1.5515
2025-07-22 15:59:04,974 - INFO - Valid Loss: 1.5527, Cat Acc: 0.4774
2025-07-22 15:59:04,974 - INFO - Ord Acc: 0.7535, MAE: 0.8824, QWK: 0.4926
2025-07-22 15:59:04,974 - INFO - Pred Consistency: 0.3075, Ranking Acc: 0.5627
2025-07-22 15:59:04,974 - INFO - Dist Consistency: 0.6112
2025-07-22 15:59:04,974 - INFO - Learning Rate: 0.001000
2025-07-22 15:59:04,979 - INFO - New best model saved! Valid Acc: 0.4774
2025-07-22 15:59:04,979 - INFO - Epoch 6/10
2025-07-22 15:59:06,129 - INFO - Train Loss: 1.4836
2025-07-22 15:59:06,130 - INFO - Valid Loss: 1.5182, Cat Acc: 0.4800
2025-07-22 15:59:06,130 - INFO - Ord Acc: 0.7631, MAE: 0.8580, QWK: 0.5192
2025-07-22 15:59:06,130 - INFO - Pred Consistency: 0.3258, Ranking Acc: 0.5831
2025-07-22 15:59:06,130 - INFO - Dist Consistency: 0.6215
2025-07-22 15:59:06,130 - INFO - Learning Rate: 0.001000
2025-07-22 15:59:06,135 - INFO - New best model saved! Valid Acc: 0.4800
2025-07-22 15:59:06,136 - INFO - Epoch 7/10
2025-07-22 15:59:07,025 - INFO - Train Loss: 1.4158
2025-07-22 15:59:07,025 - INFO - Valid Loss: 1.4864, Cat Acc: 0.4852
2025-07-22 15:59:07,025 - INFO - Ord Acc: 0.7674, MAE: 0.8449, QWK: 0.5289
2025-07-22 15:59:07,025 - INFO - Pred Consistency: 0.3493, Ranking Acc: 0.5948
2025-07-22 15:59:07,025 - INFO - Dist Consistency: 0.6316
2025-07-22 15:59:07,025 - INFO - Learning Rate: 0.001000
2025-07-22 15:59:07,030 - INFO - New best model saved! Valid Acc: 0.4852
2025-07-22 15:59:07,030 - INFO - Epoch 8/10
2025-07-22 15:59:07,916 - INFO - Train Loss: 1.3742
2025-07-22 15:59:07,916 - INFO - Valid Loss: 1.4622, Cat Acc: 0.4878
2025-07-22 15:59:07,916 - INFO - Ord Acc: 0.7631, MAE: 0.8554, QWK: 0.5166
2025-07-22 15:59:07,916 - INFO - Pred Consistency: 0.3667, Ranking Acc: 0.6060
2025-07-22 15:59:07,916 - INFO - Dist Consistency: 0.6406
2025-07-22 15:59:07,916 - INFO - Learning Rate: 0.001000
2025-07-22 15:59:07,920 - INFO - New best model saved! Valid Acc: 0.4878
2025-07-22 15:59:07,920 - INFO - Epoch 9/10
2025-07-22 15:59:08,806 - INFO - Train Loss: 1.3515
2025-07-22 15:59:08,806 - INFO - Valid Loss: 1.4430, Cat Acc: 0.4895
2025-07-22 15:59:08,806 - INFO - Ord Acc: 0.7726, MAE: 0.8397, QWK: 0.5323
2025-07-22 15:59:08,806 - INFO - Pred Consistency: 0.3711, Ranking Acc: 0.6160
2025-07-22 15:59:08,806 - INFO - Dist Consistency: 0.6473
2025-07-22 15:59:08,806 - INFO - Learning Rate: 0.001000
2025-07-22 15:59:08,812 - INFO - New best model saved! Valid Acc: 0.4895
2025-07-22 15:59:08,813 - INFO - Epoch 10/10
2025-07-22 15:59:09,781 - INFO - Train Loss: 1.3244
2025-07-22 15:59:09,781 - INFO - Valid Loss: 1.4245, Cat Acc: 0.4843
2025-07-22 15:59:09,781 - INFO - Ord Acc: 0.7692, MAE: 0.8458, QWK: 0.5287
2025-07-22 15:59:09,781 - INFO - Pred Consistency: 0.3737, Ranking Acc: 0.6255
2025-07-22 15:59:09,781 - INFO - Dist Consistency: 0.6529
2025-07-22 15:59:09,781 - INFO - Learning Rate: 0.001000
2025-07-22 15:59:09,784 - INFO - Training completed! Best valid accuracy: 0.4895
