2025-07-23 11:07:48,809 - INFO - Training Deep-GPCM on synthetic_OC
2025-07-23 11:07:48,810 - INFO - Device: cpu, Categories: None, Loss: ordinal, Embedding: ordered
2025-07-23 11:07:48,810 - INFO - Loading training data...
2025-07-23 11:07:48,813 - INFO - Train data: 160 sequences, 4 categories
2025-07-23 11:07:48,813 - INFO - Loading test data...
2025-07-23 11:07:48,814 - INFO - Test data: 40 sequences
2025-07-23 11:07:48,815 - INFO - Detected 29 unique questions
2025-07-23 11:07:50,470 - INFO - Starting training...
2025-07-23 11:07:50,470 - INFO - Epoch 1/2
2025-07-23 11:07:53,851 - INFO - Train Loss: 2.0931
2025-07-23 11:07:53,851 - INFO - Valid Loss: 1.8947, Cat Acc: 0.2274
2025-07-23 11:07:53,851 - INFO - Ord Acc: 0.7753, MAE: 1.0035, QWK: 0.1794
2025-07-23 11:07:53,851 - INFO - Pred Consistency: 0.2239, Ranking Acc: 0.2353
2025-07-23 11:07:53,852 - INFO - Dist Consistency: 0.5595
2025-07-23 11:07:53,852 - INFO - Learning Rate: 0.001000
2025-07-23 11:07:53,867 - INFO - New best model saved! Valid Acc: 0.2274
2025-07-23 11:07:53,867 - INFO - Epoch 2/2
2025-07-23 11:07:55,936 - INFO - Train Loss: 1.8839
2025-07-23 11:07:55,937 - INFO - Valid Loss: 1.7607, Cat Acc: 0.2483
2025-07-23 11:07:55,937 - INFO - Ord Acc: 0.8267, MAE: 0.9268, QWK: 0.2858
2025-07-23 11:07:55,937 - INFO - Pred Consistency: 0.2439, Ranking Acc: 0.4082
2025-07-23 11:07:55,937 - INFO - Dist Consistency: 0.5730
2025-07-23 11:07:55,937 - INFO - Learning Rate: 0.001000
2025-07-23 11:07:55,943 - INFO - New best model saved! Valid Acc: 0.2483
2025-07-23 11:07:55,947 - INFO - Training completed! Best valid accuracy: 0.2483
