2025-07-23 11:54:01,216 - INFO - Training Deep-GPCM on synthetic_OC
2025-07-23 11:54:01,216 - INFO - Device: cpu, Categories: None, Loss: ordinal, Embedding: adjacent_weighted
2025-07-23 11:54:01,216 - INFO - Loading training data...
2025-07-23 11:54:01,218 - INFO - Train data: 160 sequences, 4 categories
2025-07-23 11:54:01,218 - INFO - Loading test data...
2025-07-23 11:54:01,219 - INFO - Test data: 40 sequences
2025-07-23 11:54:01,219 - INFO - Detected 29 unique questions
2025-07-23 11:54:01,933 - INFO - Starting training...
2025-07-23 11:54:01,933 - INFO - Epoch 1/50
2025-07-23 11:54:03,727 - INFO - Train Loss: 2.0045
2025-07-23 11:54:03,727 - INFO - Valid Loss: 1.9143, Cat Acc: 0.2169
2025-07-23 11:54:03,727 - INFO - Ord Acc: 0.7422, MAE: 1.0436, QWK: 0.1157
2025-07-23 11:54:03,727 - INFO - Pred Consistency: 0.2099, Ranking Acc: 0.2357
2025-07-23 11:54:03,728 - INFO - Dist Consistency: 0.5592
2025-07-23 11:54:03,728 - INFO - Learning Rate: 0.001000
2025-07-23 11:54:03,734 - INFO - New best model saved! Valid Acc: 0.2169
2025-07-23 11:54:03,734 - INFO - Epoch 2/50
2025-07-23 11:54:05,134 - INFO - Train Loss: 1.8190
2025-07-23 11:54:05,134 - INFO - Valid Loss: 1.7713, Cat Acc: 0.2439
2025-07-23 11:54:05,134 - INFO - Ord Acc: 0.7875, MAE: 0.9713, QWK: 0.2276
2025-07-23 11:54:05,134 - INFO - Pred Consistency: 0.2387, Ranking Acc: 0.4092
2025-07-23 11:54:05,134 - INFO - Dist Consistency: 0.5732
2025-07-23 11:54:05,134 - INFO - Learning Rate: 0.001000
2025-07-23 11:54:05,140 - INFO - New best model saved! Valid Acc: 0.2439
2025-07-23 11:54:05,140 - INFO - Epoch 3/50
2025-07-23 11:54:06,565 - INFO - Train Loss: 1.6845
2025-07-23 11:54:06,565 - INFO - Valid Loss: 1.6786, Cat Acc: 0.3005
2025-07-23 11:54:06,566 - INFO - Ord Acc: 0.8362, MAE: 0.8693, QWK: 0.3990
2025-07-23 11:54:06,566 - INFO - Pred Consistency: 0.2648, Ranking Acc: 0.4909
2025-07-23 11:54:06,566 - INFO - Dist Consistency: 0.5887
2025-07-23 11:54:06,566 - INFO - Learning Rate: 0.001000
2025-07-23 11:54:06,572 - INFO - New best model saved! Valid Acc: 0.3005
2025-07-23 11:54:06,572 - INFO - Epoch 4/50
2025-07-23 11:54:07,625 - INFO - Train Loss: 1.5681
2025-07-23 11:54:07,625 - INFO - Valid Loss: 1.5823, Cat Acc: 0.3502
2025-07-23 11:54:07,625 - INFO - Ord Acc: 0.8467, MAE: 0.8110, QWK: 0.4898
2025-07-23 11:54:07,625 - INFO - Pred Consistency: 0.3092, Ranking Acc: 0.5447
2025-07-23 11:54:07,625 - INFO - Dist Consistency: 0.6068
2025-07-23 11:54:07,625 - INFO - Learning Rate: 0.001000
2025-07-23 11:54:07,631 - INFO - New best model saved! Valid Acc: 0.3502
2025-07-23 11:54:07,631 - INFO - Epoch 5/50
2025-07-23 11:54:08,624 - INFO - Train Loss: 1.4795
2025-07-23 11:54:08,624 - INFO - Valid Loss: 1.5249, Cat Acc: 0.4068
2025-07-23 11:54:08,624 - INFO - Ord Acc: 0.8519, MAE: 0.7526, QWK: 0.5522
2025-07-23 11:54:08,624 - INFO - Pred Consistency: 0.3432, Ranking Acc: 0.5768
2025-07-23 11:54:08,624 - INFO - Dist Consistency: 0.6234
2025-07-23 11:54:08,624 - INFO - Learning Rate: 0.001000
2025-07-23 11:54:08,629 - INFO - New best model saved! Valid Acc: 0.4068
2025-07-23 11:54:08,629 - INFO - Epoch 6/50
2025-07-23 11:54:09,624 - INFO - Train Loss: 1.4279
2025-07-23 11:54:09,624 - INFO - Valid Loss: 1.4910, Cat Acc: 0.4338
2025-07-23 11:54:09,625 - INFO - Ord Acc: 0.8476, MAE: 0.7352, QWK: 0.5810
2025-07-23 11:54:09,625 - INFO - Pred Consistency: 0.3571, Ranking Acc: 0.5967
2025-07-23 11:54:09,625 - INFO - Dist Consistency: 0.6370
2025-07-23 11:54:09,625 - INFO - Learning Rate: 0.001000
2025-07-23 11:54:09,631 - INFO - New best model saved! Valid Acc: 0.4338
2025-07-23 11:54:09,631 - INFO - Epoch 7/50
2025-07-23 11:54:10,619 - INFO - Train Loss: 1.3791
2025-07-23 11:54:10,620 - INFO - Valid Loss: 1.4730, Cat Acc: 0.4547
2025-07-23 11:54:10,620 - INFO - Ord Acc: 0.8354, MAE: 0.7308, QWK: 0.5873
2025-07-23 11:54:10,620 - INFO - Pred Consistency: 0.3763, Ranking Acc: 0.6106
2025-07-23 11:54:10,620 - INFO - Dist Consistency: 0.6457
2025-07-23 11:54:10,620 - INFO - Learning Rate: 0.001000
2025-07-23 11:54:10,624 - INFO - New best model saved! Valid Acc: 0.4547
2025-07-23 11:54:10,624 - INFO - Epoch 8/50
2025-07-23 11:54:11,597 - INFO - Train Loss: 1.3425
2025-07-23 11:54:11,597 - INFO - Valid Loss: 1.4404, Cat Acc: 0.4573
2025-07-23 11:54:11,597 - INFO - Ord Acc: 0.8467, MAE: 0.7178, QWK: 0.6027
2025-07-23 11:54:11,597 - INFO - Pred Consistency: 0.3772, Ranking Acc: 0.6245
2025-07-23 11:54:11,597 - INFO - Dist Consistency: 0.6504
2025-07-23 11:54:11,597 - INFO - Learning Rate: 0.001000
2025-07-23 11:54:11,603 - INFO - New best model saved! Valid Acc: 0.4573
2025-07-23 11:54:11,603 - INFO - Epoch 9/50
2025-07-23 11:54:12,660 - INFO - Train Loss: 1.3152
2025-07-23 11:54:12,660 - INFO - Valid Loss: 1.4253, Cat Acc: 0.4678
2025-07-23 11:54:12,660 - INFO - Ord Acc: 0.8537, MAE: 0.6986, QWK: 0.6146
2025-07-23 11:54:12,660 - INFO - Pred Consistency: 0.3850, Ranking Acc: 0.6313
2025-07-23 11:54:12,660 - INFO - Dist Consistency: 0.6533
2025-07-23 11:54:12,660 - INFO - Learning Rate: 0.001000
2025-07-23 11:54:12,666 - INFO - New best model saved! Valid Acc: 0.4678
2025-07-23 11:54:12,666 - INFO - Epoch 10/50
2025-07-23 11:54:13,927 - INFO - Train Loss: 1.2913
2025-07-23 11:54:13,927 - INFO - Valid Loss: 1.4107, Cat Acc: 0.4599
2025-07-23 11:54:13,927 - INFO - Ord Acc: 0.8537, MAE: 0.7073, QWK: 0.6077
2025-07-23 11:54:13,927 - INFO - Pred Consistency: 0.3798, Ranking Acc: 0.6353
2025-07-23 11:54:13,928 - INFO - Dist Consistency: 0.6547
2025-07-23 11:54:13,928 - INFO - Learning Rate: 0.001000
2025-07-23 11:54:13,928 - INFO - Epoch 11/50
2025-07-23 11:54:14,927 - INFO - Train Loss: 1.2803
2025-07-23 11:54:14,927 - INFO - Valid Loss: 1.4071, Cat Acc: 0.4695
2025-07-23 11:54:14,927 - INFO - Ord Acc: 0.8571, MAE: 0.6943, QWK: 0.6147
2025-07-23 11:54:14,927 - INFO - Pred Consistency: 0.3859, Ranking Acc: 0.6351
2025-07-23 11:54:14,927 - INFO - Dist Consistency: 0.6558
2025-07-23 11:54:14,927 - INFO - Learning Rate: 0.001000
2025-07-23 11:54:14,931 - INFO - New best model saved! Valid Acc: 0.4695
2025-07-23 11:54:14,932 - INFO - Epoch 12/50
2025-07-23 11:54:15,841 - INFO - Train Loss: 1.2812
2025-07-23 11:54:15,841 - INFO - Valid Loss: 1.4022, Cat Acc: 0.4695
2025-07-23 11:54:15,841 - INFO - Ord Acc: 0.8598, MAE: 0.6916, QWK: 0.6173
2025-07-23 11:54:15,841 - INFO - Pred Consistency: 0.3841, Ranking Acc: 0.6370
2025-07-23 11:54:15,841 - INFO - Dist Consistency: 0.6571
2025-07-23 11:54:15,842 - INFO - Learning Rate: 0.001000
2025-07-23 11:54:15,842 - INFO - Epoch 13/50
2025-07-23 11:54:16,752 - INFO - Train Loss: 1.2763
2025-07-23 11:54:16,752 - INFO - Valid Loss: 1.3972, Cat Acc: 0.4695
2025-07-23 11:54:16,753 - INFO - Ord Acc: 0.8624, MAE: 0.6855, QWK: 0.6246
2025-07-23 11:54:16,753 - INFO - Pred Consistency: 0.3789, Ranking Acc: 0.6408
2025-07-23 11:54:16,753 - INFO - Dist Consistency: 0.6582
2025-07-23 11:54:16,753 - INFO - Learning Rate: 0.001000
2025-07-23 11:54:16,753 - INFO - Epoch 14/50
2025-07-23 11:54:17,669 - INFO - Train Loss: 1.2749
2025-07-23 11:54:17,670 - INFO - Valid Loss: 1.4050, Cat Acc: 0.4713
2025-07-23 11:54:17,670 - INFO - Ord Acc: 0.8545, MAE: 0.6951, QWK: 0.6147
2025-07-23 11:54:17,670 - INFO - Pred Consistency: 0.3885, Ranking Acc: 0.6403
2025-07-23 11:54:17,670 - INFO - Dist Consistency: 0.6597
2025-07-23 11:54:17,670 - INFO - Learning Rate: 0.001000
2025-07-23 11:54:17,674 - INFO - New best model saved! Valid Acc: 0.4713
2025-07-23 11:54:17,674 - INFO - Epoch 15/50
2025-07-23 11:54:18,766 - INFO - Train Loss: 1.2674
2025-07-23 11:54:18,766 - INFO - Valid Loss: 1.3922, Cat Acc: 0.4800
2025-07-23 11:54:18,766 - INFO - Ord Acc: 0.8632, MAE: 0.6725, QWK: 0.6334
2025-07-23 11:54:18,766 - INFO - Pred Consistency: 0.3929, Ranking Acc: 0.6430
2025-07-23 11:54:18,766 - INFO - Dist Consistency: 0.6603
2025-07-23 11:54:18,766 - INFO - Learning Rate: 0.001000
2025-07-23 11:54:18,772 - INFO - New best model saved! Valid Acc: 0.4800
2025-07-23 11:54:18,772 - INFO - Epoch 16/50
2025-07-23 11:54:19,708 - INFO - Train Loss: 1.2589
2025-07-23 11:54:19,708 - INFO - Valid Loss: 1.3938, Cat Acc: 0.4730
2025-07-23 11:54:19,708 - INFO - Ord Acc: 0.8632, MAE: 0.6803, QWK: 0.6305
2025-07-23 11:54:19,708 - INFO - Pred Consistency: 0.3894, Ranking Acc: 0.6422
2025-07-23 11:54:19,708 - INFO - Dist Consistency: 0.6604
2025-07-23 11:54:19,708 - INFO - Learning Rate: 0.001000
2025-07-23 11:54:19,708 - INFO - Epoch 17/50
2025-07-23 11:54:20,689 - INFO - Train Loss: 1.2660
2025-07-23 11:54:20,689 - INFO - Valid Loss: 1.3955, Cat Acc: 0.4730
2025-07-23 11:54:20,689 - INFO - Ord Acc: 0.8615, MAE: 0.6847, QWK: 0.6255
2025-07-23 11:54:20,689 - INFO - Pred Consistency: 0.3850, Ranking Acc: 0.6413
2025-07-23 11:54:20,689 - INFO - Dist Consistency: 0.6603
2025-07-23 11:54:20,689 - INFO - Learning Rate: 0.001000
2025-07-23 11:54:20,689 - INFO - Epoch 18/50
2025-07-23 11:54:21,648 - INFO - Train Loss: 1.2575
2025-07-23 11:54:21,648 - INFO - Valid Loss: 1.3965, Cat Acc: 0.4730
2025-07-23 11:54:21,648 - INFO - Ord Acc: 0.8598, MAE: 0.6847, QWK: 0.6266
2025-07-23 11:54:21,648 - INFO - Pred Consistency: 0.3833, Ranking Acc: 0.6407
2025-07-23 11:54:21,648 - INFO - Dist Consistency: 0.6598
2025-07-23 11:54:21,648 - INFO - Learning Rate: 0.001000
2025-07-23 11:54:21,648 - INFO - Epoch 19/50
2025-07-23 11:54:22,819 - INFO - Train Loss: 1.2574
2025-07-23 11:54:22,819 - INFO - Valid Loss: 1.3976, Cat Acc: 0.4747
2025-07-23 11:54:22,819 - INFO - Ord Acc: 0.8580, MAE: 0.6838, QWK: 0.6279
2025-07-23 11:54:22,819 - INFO - Pred Consistency: 0.3841, Ranking Acc: 0.6404
2025-07-23 11:54:22,819 - INFO - Dist Consistency: 0.6593
2025-07-23 11:54:22,819 - INFO - Learning Rate: 0.001000
2025-07-23 11:54:22,819 - INFO - Epoch 20/50
2025-07-23 11:54:23,797 - INFO - Train Loss: 1.2629
2025-07-23 11:54:23,797 - INFO - Valid Loss: 1.3954, Cat Acc: 0.4791
2025-07-23 11:54:23,797 - INFO - Ord Acc: 0.8598, MAE: 0.6777, QWK: 0.6296
2025-07-23 11:54:23,797 - INFO - Pred Consistency: 0.3859, Ranking Acc: 0.6404
2025-07-23 11:54:23,797 - INFO - Dist Consistency: 0.6588
2025-07-23 11:54:23,797 - INFO - Learning Rate: 0.001000
2025-07-23 11:54:23,797 - INFO - Epoch 21/50
2025-07-23 11:54:24,701 - INFO - Train Loss: 1.2596
2025-07-23 11:54:24,701 - INFO - Valid Loss: 1.4000, Cat Acc: 0.4730
2025-07-23 11:54:24,701 - INFO - Ord Acc: 0.8545, MAE: 0.6890, QWK: 0.6230
2025-07-23 11:54:24,701 - INFO - Pred Consistency: 0.3885, Ranking Acc: 0.6392
2025-07-23 11:54:24,701 - INFO - Dist Consistency: 0.6582
2025-07-23 11:54:24,701 - INFO - Learning Rate: 0.000500
2025-07-23 11:54:24,701 - INFO - Epoch 22/50
2025-07-23 11:54:25,602 - INFO - Train Loss: 1.2541
2025-07-23 11:54:25,602 - INFO - Valid Loss: 1.3948, Cat Acc: 0.4695
2025-07-23 11:54:25,602 - INFO - Ord Acc: 0.8580, MAE: 0.6890, QWK: 0.6245
2025-07-23 11:54:25,602 - INFO - Pred Consistency: 0.3807, Ranking Acc: 0.6400
2025-07-23 11:54:25,602 - INFO - Dist Consistency: 0.6580
2025-07-23 11:54:25,602 - INFO - Learning Rate: 0.000500
2025-07-23 11:54:25,602 - INFO - Epoch 23/50
2025-07-23 11:54:26,513 - INFO - Train Loss: 1.2564
2025-07-23 11:54:26,513 - INFO - Valid Loss: 1.3947, Cat Acc: 0.4704
2025-07-23 11:54:26,513 - INFO - Ord Acc: 0.8589, MAE: 0.6873, QWK: 0.6241
2025-07-23 11:54:26,514 - INFO - Pred Consistency: 0.3815, Ranking Acc: 0.6397
2025-07-23 11:54:26,514 - INFO - Dist Consistency: 0.6578
2025-07-23 11:54:26,514 - INFO - Learning Rate: 0.000500
2025-07-23 11:54:26,514 - INFO - Epoch 24/50
2025-07-23 11:54:27,398 - INFO - Train Loss: 1.2455
2025-07-23 11:54:27,398 - INFO - Valid Loss: 1.3973, Cat Acc: 0.4765
2025-07-23 11:54:27,398 - INFO - Ord Acc: 0.8545, MAE: 0.6873, QWK: 0.6221
2025-07-23 11:54:27,398 - INFO - Pred Consistency: 0.3868, Ranking Acc: 0.6387
2025-07-23 11:54:27,398 - INFO - Dist Consistency: 0.6578
2025-07-23 11:54:27,398 - INFO - Learning Rate: 0.000500
2025-07-23 11:54:27,398 - INFO - Epoch 25/50
2025-07-23 11:54:28,297 - INFO - Train Loss: 1.2476
2025-07-23 11:54:28,297 - INFO - Valid Loss: 1.3971, Cat Acc: 0.4678
2025-07-23 11:54:28,297 - INFO - Ord Acc: 0.8528, MAE: 0.6960, QWK: 0.6180
2025-07-23 11:54:28,297 - INFO - Pred Consistency: 0.3798, Ranking Acc: 0.6383
2025-07-23 11:54:28,297 - INFO - Dist Consistency: 0.6577
2025-07-23 11:54:28,297 - INFO - Learning Rate: 0.000500
2025-07-23 11:54:28,297 - INFO - Epoch 26/50
2025-07-23 11:54:29,238 - INFO - Train Loss: 1.2456
2025-07-23 11:54:29,238 - INFO - Valid Loss: 1.3982, Cat Acc: 0.4652
2025-07-23 11:54:29,238 - INFO - Ord Acc: 0.8537, MAE: 0.6995, QWK: 0.6157
2025-07-23 11:54:29,238 - INFO - Pred Consistency: 0.3763, Ranking Acc: 0.6376
2025-07-23 11:54:29,238 - INFO - Dist Consistency: 0.6579
2025-07-23 11:54:29,238 - INFO - Learning Rate: 0.000500
2025-07-23 11:54:29,238 - INFO - Epoch 27/50
2025-07-23 11:54:30,170 - INFO - Train Loss: 1.2492
2025-07-23 11:54:30,170 - INFO - Valid Loss: 1.3990, Cat Acc: 0.4643
2025-07-23 11:54:30,171 - INFO - Ord Acc: 0.8528, MAE: 0.7003, QWK: 0.6171
2025-07-23 11:54:30,171 - INFO - Pred Consistency: 0.3772, Ranking Acc: 0.6373
2025-07-23 11:54:30,171 - INFO - Dist Consistency: 0.6581
2025-07-23 11:54:30,171 - INFO - Learning Rate: 0.000250
2025-07-23 11:54:30,171 - INFO - Epoch 28/50
2025-07-23 11:54:31,046 - INFO - Train Loss: 1.2536
2025-07-23 11:54:31,046 - INFO - Valid Loss: 1.3995, Cat Acc: 0.4643
2025-07-23 11:54:31,047 - INFO - Ord Acc: 0.8519, MAE: 0.7021, QWK: 0.6148
2025-07-23 11:54:31,047 - INFO - Pred Consistency: 0.3772, Ranking Acc: 0.6372
2025-07-23 11:54:31,047 - INFO - Dist Consistency: 0.6583
2025-07-23 11:54:31,047 - INFO - Learning Rate: 0.000250
2025-07-23 11:54:31,047 - INFO - Epoch 29/50
2025-07-23 11:54:31,947 - INFO - Train Loss: 1.2516
2025-07-23 11:54:31,948 - INFO - Valid Loss: 1.3990, Cat Acc: 0.4660
2025-07-23 11:54:31,948 - INFO - Ord Acc: 0.8537, MAE: 0.6986, QWK: 0.6179
2025-07-23 11:54:31,948 - INFO - Pred Consistency: 0.3763, Ranking Acc: 0.6374
2025-07-23 11:54:31,948 - INFO - Dist Consistency: 0.6584
2025-07-23 11:54:31,948 - INFO - Learning Rate: 0.000250
2025-07-23 11:54:31,948 - INFO - Epoch 30/50
2025-07-23 11:54:33,097 - INFO - Train Loss: 1.2533
2025-07-23 11:54:33,098 - INFO - Valid Loss: 1.3993, Cat Acc: 0.4652
2025-07-23 11:54:33,098 - INFO - Ord Acc: 0.8510, MAE: 0.7021, QWK: 0.6156
2025-07-23 11:54:33,098 - INFO - Pred Consistency: 0.3754, Ranking Acc: 0.6373
2025-07-23 11:54:33,098 - INFO - Dist Consistency: 0.6585
2025-07-23 11:54:33,098 - INFO - Learning Rate: 0.000250
2025-07-23 11:54:33,098 - INFO - Epoch 31/50
2025-07-23 11:54:34,232 - INFO - Train Loss: 1.2663
2025-07-23 11:54:34,232 - INFO - Valid Loss: 1.4002, Cat Acc: 0.4713
2025-07-23 11:54:34,232 - INFO - Ord Acc: 0.8502, MAE: 0.6969, QWK: 0.6174
2025-07-23 11:54:34,232 - INFO - Pred Consistency: 0.3824, Ranking Acc: 0.6374
2025-07-23 11:54:34,232 - INFO - Dist Consistency: 0.6586
2025-07-23 11:54:34,232 - INFO - Learning Rate: 0.000250
2025-07-23 11:54:34,232 - INFO - Epoch 32/50
2025-07-23 11:54:35,241 - INFO - Train Loss: 1.2461
2025-07-23 11:54:35,241 - INFO - Valid Loss: 1.3993, Cat Acc: 0.4695
2025-07-23 11:54:35,241 - INFO - Ord Acc: 0.8493, MAE: 0.6995, QWK: 0.6152
2025-07-23 11:54:35,241 - INFO - Pred Consistency: 0.3789, Ranking Acc: 0.6374
2025-07-23 11:54:35,241 - INFO - Dist Consistency: 0.6586
2025-07-23 11:54:35,241 - INFO - Learning Rate: 0.000250
2025-07-23 11:54:35,241 - INFO - Epoch 33/50
2025-07-23 11:54:36,237 - INFO - Train Loss: 1.2410
2025-07-23 11:54:36,237 - INFO - Valid Loss: 1.3983, Cat Acc: 0.4669
2025-07-23 11:54:36,237 - INFO - Ord Acc: 0.8554, MAE: 0.6960, QWK: 0.6198
2025-07-23 11:54:36,237 - INFO - Pred Consistency: 0.3763, Ranking Acc: 0.6376
2025-07-23 11:54:36,237 - INFO - Dist Consistency: 0.6587
2025-07-23 11:54:36,237 - INFO - Learning Rate: 0.000125
2025-07-23 11:54:36,237 - INFO - Epoch 34/50
2025-07-23 11:54:37,082 - INFO - Train Loss: 1.2478
2025-07-23 11:54:37,082 - INFO - Valid Loss: 1.3983, Cat Acc: 0.4669
2025-07-23 11:54:37,082 - INFO - Ord Acc: 0.8563, MAE: 0.6951, QWK: 0.6203
2025-07-23 11:54:37,082 - INFO - Pred Consistency: 0.3763, Ranking Acc: 0.6376
2025-07-23 11:54:37,083 - INFO - Dist Consistency: 0.6586
2025-07-23 11:54:37,083 - INFO - Learning Rate: 0.000125
2025-07-23 11:54:37,083 - INFO - Epoch 35/50
2025-07-23 11:54:38,011 - INFO - Train Loss: 1.2558
2025-07-23 11:54:38,011 - INFO - Valid Loss: 1.3987, Cat Acc: 0.4686
2025-07-23 11:54:38,011 - INFO - Ord Acc: 0.8545, MAE: 0.6951, QWK: 0.6188
2025-07-23 11:54:38,011 - INFO - Pred Consistency: 0.3780, Ranking Acc: 0.6372
2025-07-23 11:54:38,011 - INFO - Dist Consistency: 0.6586
2025-07-23 11:54:38,011 - INFO - Learning Rate: 0.000125
2025-07-23 11:54:38,011 - INFO - Epoch 36/50
2025-07-23 11:54:38,992 - INFO - Train Loss: 1.2520
2025-07-23 11:54:38,993 - INFO - Valid Loss: 1.3992, Cat Acc: 0.4686
2025-07-23 11:54:38,993 - INFO - Ord Acc: 0.8537, MAE: 0.6951, QWK: 0.6200
2025-07-23 11:54:38,993 - INFO - Pred Consistency: 0.3780, Ranking Acc: 0.6370
2025-07-23 11:54:38,993 - INFO - Dist Consistency: 0.6586
2025-07-23 11:54:38,993 - INFO - Learning Rate: 0.000125
2025-07-23 11:54:38,993 - INFO - Epoch 37/50
2025-07-23 11:54:39,931 - INFO - Train Loss: 1.2517
2025-07-23 11:54:39,932 - INFO - Valid Loss: 1.4001, Cat Acc: 0.4721
2025-07-23 11:54:39,932 - INFO - Ord Acc: 0.8502, MAE: 0.6943, QWK: 0.6188
2025-07-23 11:54:39,932 - INFO - Pred Consistency: 0.3815, Ranking Acc: 0.6369
2025-07-23 11:54:39,932 - INFO - Dist Consistency: 0.6586
2025-07-23 11:54:39,932 - INFO - Learning Rate: 0.000125
2025-07-23 11:54:39,932 - INFO - Epoch 38/50
2025-07-23 11:54:40,828 - INFO - Train Loss: 1.2471
2025-07-23 11:54:40,828 - INFO - Valid Loss: 1.4003, Cat Acc: 0.4721
2025-07-23 11:54:40,828 - INFO - Ord Acc: 0.8502, MAE: 0.6943, QWK: 0.6186
2025-07-23 11:54:40,828 - INFO - Pred Consistency: 0.3815, Ranking Acc: 0.6367
2025-07-23 11:54:40,828 - INFO - Dist Consistency: 0.6586
2025-07-23 11:54:40,828 - INFO - Learning Rate: 0.000125
2025-07-23 11:54:40,828 - INFO - Epoch 39/50
2025-07-23 11:54:41,716 - INFO - Train Loss: 1.2459
2025-07-23 11:54:41,716 - INFO - Valid Loss: 1.3998, Cat Acc: 0.4695
2025-07-23 11:54:41,716 - INFO - Ord Acc: 0.8519, MAE: 0.6960, QWK: 0.6187
2025-07-23 11:54:41,716 - INFO - Pred Consistency: 0.3798, Ranking Acc: 0.6369
2025-07-23 11:54:41,716 - INFO - Dist Consistency: 0.6585
2025-07-23 11:54:41,716 - INFO - Learning Rate: 0.000063
2025-07-23 11:54:41,716 - INFO - Epoch 40/50
2025-07-23 11:54:42,602 - INFO - Train Loss: 1.2493
2025-07-23 11:54:42,603 - INFO - Valid Loss: 1.3997, Cat Acc: 0.4678
2025-07-23 11:54:42,603 - INFO - Ord Acc: 0.8519, MAE: 0.6977, QWK: 0.6176
2025-07-23 11:54:42,603 - INFO - Pred Consistency: 0.3780, Ranking Acc: 0.6369
2025-07-23 11:54:42,603 - INFO - Dist Consistency: 0.6585
2025-07-23 11:54:42,603 - INFO - Learning Rate: 0.000063
2025-07-23 11:54:42,603 - INFO - Epoch 41/50
2025-07-23 11:54:43,631 - INFO - Train Loss: 1.2442
2025-07-23 11:54:43,631 - INFO - Valid Loss: 1.3996, Cat Acc: 0.4678
2025-07-23 11:54:43,631 - INFO - Ord Acc: 0.8519, MAE: 0.6977, QWK: 0.6176
2025-07-23 11:54:43,631 - INFO - Pred Consistency: 0.3780, Ranking Acc: 0.6370
2025-07-23 11:54:43,631 - INFO - Dist Consistency: 0.6585
2025-07-23 11:54:43,632 - INFO - Learning Rate: 0.000063
2025-07-23 11:54:43,632 - INFO - Epoch 42/50
2025-07-23 11:54:44,548 - INFO - Train Loss: 1.2435
2025-07-23 11:54:44,548 - INFO - Valid Loss: 1.3997, Cat Acc: 0.4686
2025-07-23 11:54:44,548 - INFO - Ord Acc: 0.8528, MAE: 0.6960, QWK: 0.6184
2025-07-23 11:54:44,548 - INFO - Pred Consistency: 0.3798, Ranking Acc: 0.6370
2025-07-23 11:54:44,548 - INFO - Dist Consistency: 0.6585
2025-07-23 11:54:44,548 - INFO - Learning Rate: 0.000063
2025-07-23 11:54:44,548 - INFO - Epoch 43/50
2025-07-23 11:54:45,459 - INFO - Train Loss: 1.2461
2025-07-23 11:54:45,459 - INFO - Valid Loss: 1.3996, Cat Acc: 0.4678
2025-07-23 11:54:45,459 - INFO - Ord Acc: 0.8528, MAE: 0.6969, QWK: 0.6184
2025-07-23 11:54:45,460 - INFO - Pred Consistency: 0.3789, Ranking Acc: 0.6372
2025-07-23 11:54:45,460 - INFO - Dist Consistency: 0.6585
2025-07-23 11:54:45,460 - INFO - Learning Rate: 0.000063
2025-07-23 11:54:45,460 - INFO - Epoch 44/50
2025-07-23 11:54:46,395 - INFO - Train Loss: 1.2494
2025-07-23 11:54:46,396 - INFO - Valid Loss: 1.3996, Cat Acc: 0.4669
2025-07-23 11:54:46,396 - INFO - Ord Acc: 0.8528, MAE: 0.6977, QWK: 0.6178
2025-07-23 11:54:46,396 - INFO - Pred Consistency: 0.3780, Ranking Acc: 0.6371
2025-07-23 11:54:46,396 - INFO - Dist Consistency: 0.6586
2025-07-23 11:54:46,396 - INFO - Learning Rate: 0.000063
2025-07-23 11:54:46,396 - INFO - Epoch 45/50
2025-07-23 11:54:47,433 - INFO - Train Loss: 1.2559
2025-07-23 11:54:47,433 - INFO - Valid Loss: 1.3999, Cat Acc: 0.4669
2025-07-23 11:54:47,433 - INFO - Ord Acc: 0.8519, MAE: 0.6986, QWK: 0.6173
2025-07-23 11:54:47,433 - INFO - Pred Consistency: 0.3789, Ranking Acc: 0.6370
2025-07-23 11:54:47,433 - INFO - Dist Consistency: 0.6586
2025-07-23 11:54:47,433 - INFO - Learning Rate: 0.000031
2025-07-23 11:54:47,433 - INFO - Epoch 46/50
2025-07-23 11:54:48,498 - INFO - Train Loss: 1.2476
2025-07-23 11:54:48,498 - INFO - Valid Loss: 1.4001, Cat Acc: 0.4686
2025-07-23 11:54:48,498 - INFO - Ord Acc: 0.8519, MAE: 0.6960, QWK: 0.6193
2025-07-23 11:54:48,499 - INFO - Pred Consistency: 0.3798, Ranking Acc: 0.6369
2025-07-23 11:54:48,499 - INFO - Dist Consistency: 0.6586
2025-07-23 11:54:48,499 - INFO - Learning Rate: 0.000031
2025-07-23 11:54:48,499 - INFO - Epoch 47/50
2025-07-23 11:54:49,473 - INFO - Train Loss: 1.2547
2025-07-23 11:54:49,473 - INFO - Valid Loss: 1.4001, Cat Acc: 0.4686
2025-07-23 11:54:49,473 - INFO - Ord Acc: 0.8510, MAE: 0.6969, QWK: 0.6188
2025-07-23 11:54:49,473 - INFO - Pred Consistency: 0.3798, Ranking Acc: 0.6369
2025-07-23 11:54:49,473 - INFO - Dist Consistency: 0.6586
2025-07-23 11:54:49,474 - INFO - Learning Rate: 0.000031
2025-07-23 11:54:49,474 - INFO - Epoch 48/50
2025-07-23 11:54:50,472 - INFO - Train Loss: 1.2418
2025-07-23 11:54:50,472 - INFO - Valid Loss: 1.4000, Cat Acc: 0.4695
2025-07-23 11:54:50,472 - INFO - Ord Acc: 0.8510, MAE: 0.6960, QWK: 0.6191
2025-07-23 11:54:50,472 - INFO - Pred Consistency: 0.3807, Ranking Acc: 0.6370
2025-07-23 11:54:50,472 - INFO - Dist Consistency: 0.6586
2025-07-23 11:54:50,473 - INFO - Learning Rate: 0.000031
2025-07-23 11:54:50,473 - INFO - Epoch 49/50
2025-07-23 11:54:51,457 - INFO - Train Loss: 1.2601
2025-07-23 11:54:51,457 - INFO - Valid Loss: 1.3999, Cat Acc: 0.4686
2025-07-23 11:54:51,457 - INFO - Ord Acc: 0.8528, MAE: 0.6951, QWK: 0.6204
2025-07-23 11:54:51,457 - INFO - Pred Consistency: 0.3798, Ranking Acc: 0.6371
2025-07-23 11:54:51,457 - INFO - Dist Consistency: 0.6586
2025-07-23 11:54:51,457 - INFO - Learning Rate: 0.000031
2025-07-23 11:54:51,457 - INFO - Epoch 50/50
2025-07-23 11:54:52,378 - INFO - Train Loss: 1.2547
2025-07-23 11:54:52,378 - INFO - Valid Loss: 1.3998, Cat Acc: 0.4686
2025-07-23 11:54:52,379 - INFO - Ord Acc: 0.8528, MAE: 0.6951, QWK: 0.6204
2025-07-23 11:54:52,379 - INFO - Pred Consistency: 0.3798, Ranking Acc: 0.6371
2025-07-23 11:54:52,379 - INFO - Dist Consistency: 0.6586
2025-07-23 11:54:52,379 - INFO - Learning Rate: 0.000031
2025-07-23 11:54:52,380 - INFO - Training completed! Best valid accuracy: 0.4800
