2025-07-23 11:08:00,707 - INFO - Training Deep-GPCM on synthetic_OC
2025-07-23 11:08:00,708 - INFO - Device: cpu, Categories: None, Loss: ordinal, Embedding: linear_decay
2025-07-23 11:08:00,709 - INFO - Loading training data...
2025-07-23 11:08:00,711 - INFO - Train data: 160 sequences, 4 categories
2025-07-23 11:08:00,711 - INFO - Loading test data...
2025-07-23 11:08:00,712 - INFO - Test data: 40 sequences
2025-07-23 11:08:00,713 - INFO - Detected 29 unique questions
2025-07-23 11:08:01,669 - INFO - Starting training...
2025-07-23 11:08:01,669 - INFO - Epoch 1/2
2025-07-23 11:08:05,186 - INFO - Train Loss: 2.0130
2025-07-23 11:08:05,188 - INFO - Valid Loss: 1.9203, Cat Acc: 0.2143
2025-07-23 11:08:05,188 - INFO - Ord Acc: 0.7422, MAE: 1.0453, QWK: 0.1132
2025-07-23 11:08:05,188 - INFO - Pred Consistency: 0.2082, Ranking Acc: 0.2233
2025-07-23 11:08:05,188 - INFO - Dist Consistency: 0.5588
2025-07-23 11:08:05,188 - INFO - Learning Rate: 0.001000
2025-07-23 11:08:05,207 - INFO - New best model saved! Valid Acc: 0.2143
2025-07-23 11:08:05,208 - INFO - Epoch 2/2
2025-07-23 11:08:07,186 - INFO - Train Loss: 1.8199
2025-07-23 11:08:07,186 - INFO - Valid Loss: 1.7684, Cat Acc: 0.2456
2025-07-23 11:08:07,186 - INFO - Ord Acc: 0.7918, MAE: 0.9652, QWK: 0.2400
2025-07-23 11:08:07,186 - INFO - Pred Consistency: 0.2413, Ranking Acc: 0.4021
2025-07-23 11:08:07,186 - INFO - Dist Consistency: 0.5734
2025-07-23 11:08:07,186 - INFO - Learning Rate: 0.001000
2025-07-23 11:08:07,193 - INFO - New best model saved! Valid Acc: 0.2456
2025-07-23 11:08:07,195 - INFO - Training completed! Best valid accuracy: 0.2456
