2025-07-22 09:43:41,091 - INFO - Starting comprehensive strategy and format comparison
2025-07-22 09:43:41,092 - INFO - ============================================================
2025-07-22 09:43:41,092 - INFO - PREDICTION TARGET ANALYSIS
2025-07-22 09:43:41,092 - INFO - ============================================================
2025-07-22 09:43:41,092 - INFO - Analyzing prediction targets for PC and OC formats...
2025-07-22 09:43:41,095 - INFO - 
OC Format Analysis:
2025-07-22 09:43:41,095 - INFO -   Categories: 4 (discrete integers)
2025-07-22 09:43:41,095 - INFO -   Value range: 0 to 3
2025-07-22 09:43:41,095 - INFO -   Unique values: [0, 1, 2, 3]
2025-07-22 09:43:41,096 - INFO -   Distribution: [1689  866  852 1226]
2025-07-22 09:43:41,106 - INFO - 
PC Format Analysis:
2025-07-22 09:43:41,106 - INFO -   Format: Continuous scores [0.0, 1.0]
2025-07-22 09:43:41,106 - INFO -   Value range: 0.000 to 1.000
2025-07-22 09:43:41,107 - INFO -   Unique values: [0.0, 0.333, 0.667, 1.0]
2025-07-22 09:43:41,108 - INFO -   Converted to categories: [1689  866  852 1226]
2025-07-22 09:43:41,108 - INFO - 
============================================================
2025-07-22 09:43:41,108 - INFO - STRATEGY COMPARISON ANALYSIS
2025-07-22 09:43:41,108 - INFO - ============================================================
2025-07-22 09:43:41,108 - INFO - 
[1/6] Running ordered on OC format
2025-07-22 09:43:41,108 - INFO - Training ordered strategy on OC format
2025-07-22 09:43:41,115 - INFO - Data loaded: 160 train, 40 test sequences
2025-07-22 09:43:41,116 - INFO - Questions: 29, Categories: 4
2025-07-22 09:44:04,104 - INFO -   Epoch 1/5: Train Loss: 1.9439, Valid Loss: 1.9039, Cat Acc: 0.3476, Ord Acc: 0.6124
2025-07-22 09:44:06,788 - INFO -   Epoch 2/5: Train Loss: 1.7598, Valid Loss: 1.7206, Cat Acc: 0.4181, Ord Acc: 0.6899
2025-07-22 09:44:09,471 - INFO -   Epoch 3/5: Train Loss: 1.6201, Valid Loss: 1.6249, Cat Acc: 0.4512, Ord Acc: 0.7308
2025-07-22 09:44:12,074 - INFO -   Epoch 4/5: Train Loss: 1.5431, Valid Loss: 1.5757, Cat Acc: 0.4591, Ord Acc: 0.7291
2025-07-22 09:44:15,084 - INFO -   Epoch 5/5: Train Loss: 1.4751, Valid Loss: 1.5365, Cat Acc: 0.4617, Ord Acc: 0.7300
2025-07-22 09:44:15,264 - INFO - 
[2/6] Running ordered on PC format
2025-07-22 09:44:15,282 - INFO - Training ordered strategy on PC format
2025-07-22 09:44:15,302 - INFO - Data loaded: 160 train, 40 test sequences
2025-07-22 09:44:15,303 - INFO - Questions: 29, Categories: 4
2025-07-22 09:44:17,992 - INFO -   Epoch 1/5: Train Loss: 2.0704, Valid Loss: 1.8554, Cat Acc: 0.3763, Ord Acc: 0.6490
2025-07-22 09:44:24,213 - INFO -   Epoch 2/5: Train Loss: 1.8247, Valid Loss: 1.7118, Cat Acc: 0.4129, Ord Acc: 0.6786
2025-07-22 09:44:27,407 - INFO -   Epoch 3/5: Train Loss: 1.6655, Valid Loss: 1.6311, Cat Acc: 0.4329, Ord Acc: 0.7091
2025-07-22 09:44:29,915 - INFO -   Epoch 4/5: Train Loss: 1.5665, Valid Loss: 1.5542, Cat Acc: 0.4747, Ord Acc: 0.7413
2025-07-22 09:44:37,826 - INFO -   Epoch 5/5: Train Loss: 1.4918, Valid Loss: 1.5059, Cat Acc: 0.4826, Ord Acc: 0.7517
2025-07-22 09:44:37,827 - INFO - 
[3/6] Running unordered on OC format
2025-07-22 09:44:37,827 - INFO - Training unordered strategy on OC format
2025-07-22 09:44:37,839 - INFO - Data loaded: 160 train, 40 test sequences
2025-07-22 09:44:37,840 - INFO - Questions: 29, Categories: 4
2025-07-22 09:44:39,841 - INFO -   Epoch 1/5: Train Loss: 2.1265, Valid Loss: 2.0050, Cat Acc: 0.3389, Ord Acc: 0.5967
2025-07-22 09:44:41,918 - INFO -   Epoch 2/5: Train Loss: 1.8822, Valid Loss: 1.8315, Cat Acc: 0.3911, Ord Acc: 0.6585
2025-07-22 09:44:44,221 - INFO -   Epoch 3/5: Train Loss: 1.7234, Valid Loss: 1.6784, Cat Acc: 0.4373, Ord Acc: 0.7204
2025-07-22 09:44:46,475 - INFO -   Epoch 4/5: Train Loss: 1.5943, Valid Loss: 1.5845, Cat Acc: 0.4599, Ord Acc: 0.7465
2025-07-22 09:44:48,552 - INFO -   Epoch 5/5: Train Loss: 1.4950, Valid Loss: 1.5142, Cat Acc: 0.4739, Ord Acc: 0.7578
2025-07-22 09:44:48,553 - INFO - 
[4/6] Running unordered on PC format
2025-07-22 09:44:48,553 - INFO - Training unordered strategy on PC format
2025-07-22 09:44:48,557 - INFO - Data loaded: 160 train, 40 test sequences
2025-07-22 09:44:48,558 - INFO - Questions: 29, Categories: 4
2025-07-22 09:44:51,055 - INFO -   Epoch 1/5: Train Loss: 2.1401, Valid Loss: 2.0434, Cat Acc: 0.2674, Ord Acc: 0.5166
2025-07-22 09:44:53,736 - INFO -   Epoch 2/5: Train Loss: 1.9501, Valid Loss: 1.8856, Cat Acc: 0.3162, Ord Acc: 0.5836
2025-07-22 09:44:55,564 - INFO -   Epoch 3/5: Train Loss: 1.8243, Valid Loss: 1.7854, Cat Acc: 0.3885, Ord Acc: 0.6507
2025-07-22 09:44:58,013 - INFO -   Epoch 4/5: Train Loss: 1.7121, Valid Loss: 1.7012, Cat Acc: 0.4251, Ord Acc: 0.6899
2025-07-22 09:45:00,722 - INFO -   Epoch 5/5: Train Loss: 1.6361, Valid Loss: 1.6363, Cat Acc: 0.4521, Ord Acc: 0.7152
2025-07-22 09:45:00,722 - INFO - 
[5/6] Running linear_decay on OC format
2025-07-22 09:45:00,723 - INFO - Training linear_decay strategy on OC format
2025-07-22 09:45:00,728 - INFO - Data loaded: 160 train, 40 test sequences
2025-07-22 09:45:00,728 - INFO - Questions: 29, Categories: 4
2025-07-22 09:45:04,075 - INFO -   Epoch 1/5: Train Loss: 1.9608, Valid Loss: 1.9498, Cat Acc: 0.3310, Ord Acc: 0.5967
2025-07-22 09:45:06,800 - INFO -   Epoch 2/5: Train Loss: 1.7809, Valid Loss: 1.7335, Cat Acc: 0.4033, Ord Acc: 0.7274
2025-07-22 09:45:09,526 - INFO -   Epoch 3/5: Train Loss: 1.6526, Valid Loss: 1.6381, Cat Acc: 0.4268, Ord Acc: 0.7500
2025-07-22 09:45:12,271 - INFO -   Epoch 4/5: Train Loss: 1.5390, Valid Loss: 1.5767, Cat Acc: 0.4495, Ord Acc: 0.7439
2025-07-22 09:45:16,246 - INFO -   Epoch 5/5: Train Loss: 1.4461, Valid Loss: 1.5119, Cat Acc: 0.4704, Ord Acc: 0.7587
2025-07-22 09:45:16,248 - INFO - 
[6/6] Running linear_decay on PC format
2025-07-22 09:45:16,249 - INFO - Training linear_decay strategy on PC format
2025-07-22 09:45:16,254 - INFO - Data loaded: 160 train, 40 test sequences
2025-07-22 09:45:16,254 - INFO - Questions: 29, Categories: 4
2025-07-22 09:45:18,783 - INFO -   Epoch 1/5: Train Loss: 2.1367, Valid Loss: 1.9406, Cat Acc: 0.3458, Ord Acc: 0.6298
2025-07-22 09:45:21,111 - INFO -   Epoch 2/5: Train Loss: 1.9376, Valid Loss: 1.8242, Cat Acc: 0.3693, Ord Acc: 0.6638
2025-07-22 09:45:23,398 - INFO -   Epoch 3/5: Train Loss: 1.7852, Valid Loss: 1.7155, Cat Acc: 0.4233, Ord Acc: 0.7108
2025-07-22 09:45:26,602 - INFO -   Epoch 4/5: Train Loss: 1.6899, Valid Loss: 1.6288, Cat Acc: 0.4460, Ord Acc: 0.7326
2025-07-22 09:45:29,120 - INFO -   Epoch 5/5: Train Loss: 1.5920, Valid Loss: 1.5617, Cat Acc: 0.4660, Ord Acc: 0.7509
2025-07-22 09:45:29,128 - INFO - 
Generating comparison plots...
