2025-07-23 11:28:36,873 - INFO - Training Deep-GPCM on synthetic_OC
2025-07-23 11:28:36,873 - INFO - Device: cpu, Categories: None, Loss: ordinal, Embedding: adjacent_weighted
2025-07-23 11:28:36,873 - INFO - Loading training data...
2025-07-23 11:28:36,875 - INFO - Train data: 160 sequences, 4 categories
2025-07-23 11:28:36,875 - INFO - Loading test data...
2025-07-23 11:28:36,875 - INFO - Test data: 40 sequences
2025-07-23 11:28:36,875 - INFO - Detected 29 unique questions
2025-07-23 11:28:37,368 - INFO - Starting training...
2025-07-23 11:28:37,368 - INFO - Epoch 1/20
2025-07-23 11:28:38,687 - INFO - Train Loss: 2.0045
2025-07-23 11:28:38,687 - INFO - Valid Loss: 1.9143, Cat Acc: 0.2169
2025-07-23 11:28:38,687 - INFO - Ord Acc: 0.7422, MAE: 1.0436, QWK: 0.1157
2025-07-23 11:28:38,687 - INFO - Pred Consistency: 0.2099, Ranking Acc: 0.2357
2025-07-23 11:28:38,687 - INFO - Dist Consistency: 0.5592
2025-07-23 11:28:38,687 - INFO - Learning Rate: 0.001000
2025-07-23 11:28:38,692 - INFO - New best model saved! Valid Acc: 0.2169
2025-07-23 11:28:38,693 - INFO - Epoch 2/20
2025-07-23 11:28:39,775 - INFO - Train Loss: 1.8190
2025-07-23 11:28:39,776 - INFO - Valid Loss: 1.7713, Cat Acc: 0.2439
2025-07-23 11:28:39,776 - INFO - Ord Acc: 0.7875, MAE: 0.9713, QWK: 0.2276
2025-07-23 11:28:39,776 - INFO - Pred Consistency: 0.2387, Ranking Acc: 0.4092
2025-07-23 11:28:39,776 - INFO - Dist Consistency: 0.5732
2025-07-23 11:28:39,776 - INFO - Learning Rate: 0.001000
2025-07-23 11:28:39,781 - INFO - New best model saved! Valid Acc: 0.2439
2025-07-23 11:28:39,782 - INFO - Epoch 3/20
2025-07-23 11:28:41,018 - INFO - Train Loss: 1.6845
2025-07-23 11:28:41,019 - INFO - Valid Loss: 1.6786, Cat Acc: 0.3005
2025-07-23 11:28:41,019 - INFO - Ord Acc: 0.8362, MAE: 0.8693, QWK: 0.3990
2025-07-23 11:28:41,019 - INFO - Pred Consistency: 0.2648, Ranking Acc: 0.4909
2025-07-23 11:28:41,019 - INFO - Dist Consistency: 0.5887
2025-07-23 11:28:41,019 - INFO - Learning Rate: 0.001000
2025-07-23 11:28:41,023 - INFO - New best model saved! Valid Acc: 0.3005
2025-07-23 11:28:41,024 - INFO - Epoch 4/20
2025-07-23 11:28:42,061 - INFO - Train Loss: 1.5681
2025-07-23 11:28:42,062 - INFO - Valid Loss: 1.5823, Cat Acc: 0.3502
2025-07-23 11:28:42,062 - INFO - Ord Acc: 0.8467, MAE: 0.8110, QWK: 0.4898
2025-07-23 11:28:42,062 - INFO - Pred Consistency: 0.3092, Ranking Acc: 0.5447
2025-07-23 11:28:42,062 - INFO - Dist Consistency: 0.6068
2025-07-23 11:28:42,062 - INFO - Learning Rate: 0.001000
2025-07-23 11:28:42,069 - INFO - New best model saved! Valid Acc: 0.3502
2025-07-23 11:28:42,069 - INFO - Epoch 5/20
2025-07-23 11:28:43,135 - INFO - Train Loss: 1.4795
2025-07-23 11:28:43,135 - INFO - Valid Loss: 1.5249, Cat Acc: 0.4068
2025-07-23 11:28:43,135 - INFO - Ord Acc: 0.8519, MAE: 0.7526, QWK: 0.5522
2025-07-23 11:28:43,135 - INFO - Pred Consistency: 0.3432, Ranking Acc: 0.5768
2025-07-23 11:28:43,135 - INFO - Dist Consistency: 0.6234
2025-07-23 11:28:43,135 - INFO - Learning Rate: 0.001000
2025-07-23 11:28:43,140 - INFO - New best model saved! Valid Acc: 0.4068
2025-07-23 11:28:43,140 - INFO - Epoch 6/20
2025-07-23 11:28:44,772 - INFO - Train Loss: 1.4279
2025-07-23 11:28:44,772 - INFO - Valid Loss: 1.4910, Cat Acc: 0.4338
2025-07-23 11:28:44,772 - INFO - Ord Acc: 0.8476, MAE: 0.7352, QWK: 0.5810
2025-07-23 11:28:44,772 - INFO - Pred Consistency: 0.3571, Ranking Acc: 0.5967
2025-07-23 11:28:44,772 - INFO - Dist Consistency: 0.6370
2025-07-23 11:28:44,772 - INFO - Learning Rate: 0.001000
2025-07-23 11:28:44,777 - INFO - New best model saved! Valid Acc: 0.4338
2025-07-23 11:28:44,778 - INFO - Epoch 7/20
2025-07-23 11:28:45,858 - INFO - Train Loss: 1.3791
2025-07-23 11:28:45,858 - INFO - Valid Loss: 1.4730, Cat Acc: 0.4547
2025-07-23 11:28:45,858 - INFO - Ord Acc: 0.8354, MAE: 0.7308, QWK: 0.5873
2025-07-23 11:28:45,858 - INFO - Pred Consistency: 0.3763, Ranking Acc: 0.6106
2025-07-23 11:28:45,858 - INFO - Dist Consistency: 0.6457
2025-07-23 11:28:45,858 - INFO - Learning Rate: 0.001000
2025-07-23 11:28:45,868 - INFO - New best model saved! Valid Acc: 0.4547
2025-07-23 11:28:45,868 - INFO - Epoch 8/20
2025-07-23 11:28:46,811 - INFO - Train Loss: 1.3425
2025-07-23 11:28:46,811 - INFO - Valid Loss: 1.4404, Cat Acc: 0.4573
2025-07-23 11:28:46,811 - INFO - Ord Acc: 0.8467, MAE: 0.7178, QWK: 0.6027
2025-07-23 11:28:46,811 - INFO - Pred Consistency: 0.3772, Ranking Acc: 0.6245
2025-07-23 11:28:46,811 - INFO - Dist Consistency: 0.6504
2025-07-23 11:28:46,811 - INFO - Learning Rate: 0.001000
2025-07-23 11:28:46,818 - INFO - New best model saved! Valid Acc: 0.4573
2025-07-23 11:28:46,819 - INFO - Epoch 9/20
2025-07-23 11:28:47,733 - INFO - Train Loss: 1.3152
2025-07-23 11:28:47,734 - INFO - Valid Loss: 1.4253, Cat Acc: 0.4678
2025-07-23 11:28:47,734 - INFO - Ord Acc: 0.8537, MAE: 0.6986, QWK: 0.6146
2025-07-23 11:28:47,734 - INFO - Pred Consistency: 0.3850, Ranking Acc: 0.6313
2025-07-23 11:28:47,734 - INFO - Dist Consistency: 0.6533
2025-07-23 11:28:47,734 - INFO - Learning Rate: 0.001000
2025-07-23 11:28:47,738 - INFO - New best model saved! Valid Acc: 0.4678
2025-07-23 11:28:47,738 - INFO - Epoch 10/20
2025-07-23 11:28:48,651 - INFO - Train Loss: 1.2913
2025-07-23 11:28:48,652 - INFO - Valid Loss: 1.4107, Cat Acc: 0.4599
2025-07-23 11:28:48,652 - INFO - Ord Acc: 0.8537, MAE: 0.7073, QWK: 0.6077
2025-07-23 11:28:48,652 - INFO - Pred Consistency: 0.3798, Ranking Acc: 0.6353
2025-07-23 11:28:48,652 - INFO - Dist Consistency: 0.6547
2025-07-23 11:28:48,652 - INFO - Learning Rate: 0.001000
2025-07-23 11:28:48,652 - INFO - Epoch 11/20
2025-07-23 11:28:49,612 - INFO - Train Loss: 1.2803
2025-07-23 11:28:49,612 - INFO - Valid Loss: 1.4071, Cat Acc: 0.4695
2025-07-23 11:28:49,612 - INFO - Ord Acc: 0.8571, MAE: 0.6943, QWK: 0.6147
2025-07-23 11:28:49,612 - INFO - Pred Consistency: 0.3859, Ranking Acc: 0.6351
2025-07-23 11:28:49,612 - INFO - Dist Consistency: 0.6558
2025-07-23 11:28:49,612 - INFO - Learning Rate: 0.001000
2025-07-23 11:28:49,616 - INFO - New best model saved! Valid Acc: 0.4695
2025-07-23 11:28:49,616 - INFO - Epoch 12/20
2025-07-23 11:28:50,534 - INFO - Train Loss: 1.2812
2025-07-23 11:28:50,534 - INFO - Valid Loss: 1.4022, Cat Acc: 0.4695
2025-07-23 11:28:50,534 - INFO - Ord Acc: 0.8598, MAE: 0.6916, QWK: 0.6173
2025-07-23 11:28:50,534 - INFO - Pred Consistency: 0.3841, Ranking Acc: 0.6370
2025-07-23 11:28:50,534 - INFO - Dist Consistency: 0.6571
2025-07-23 11:28:50,534 - INFO - Learning Rate: 0.001000
2025-07-23 11:28:50,534 - INFO - Epoch 13/20
2025-07-23 11:28:51,429 - INFO - Train Loss: 1.2763
2025-07-23 11:28:51,429 - INFO - Valid Loss: 1.3972, Cat Acc: 0.4695
2025-07-23 11:28:51,429 - INFO - Ord Acc: 0.8624, MAE: 0.6855, QWK: 0.6246
2025-07-23 11:28:51,429 - INFO - Pred Consistency: 0.3789, Ranking Acc: 0.6408
2025-07-23 11:28:51,429 - INFO - Dist Consistency: 0.6582
2025-07-23 11:28:51,429 - INFO - Learning Rate: 0.001000
2025-07-23 11:28:51,429 - INFO - Epoch 14/20
2025-07-23 11:28:52,722 - INFO - Train Loss: 1.2749
2025-07-23 11:28:52,723 - INFO - Valid Loss: 1.4050, Cat Acc: 0.4713
2025-07-23 11:28:52,723 - INFO - Ord Acc: 0.8545, MAE: 0.6951, QWK: 0.6147
2025-07-23 11:28:52,723 - INFO - Pred Consistency: 0.3885, Ranking Acc: 0.6403
2025-07-23 11:28:52,723 - INFO - Dist Consistency: 0.6597
2025-07-23 11:28:52,723 - INFO - Learning Rate: 0.001000
2025-07-23 11:28:52,728 - INFO - New best model saved! Valid Acc: 0.4713
2025-07-23 11:28:52,728 - INFO - Epoch 15/20
2025-07-23 11:28:53,721 - INFO - Train Loss: 1.2674
2025-07-23 11:28:53,722 - INFO - Valid Loss: 1.3922, Cat Acc: 0.4800
2025-07-23 11:28:53,722 - INFO - Ord Acc: 0.8632, MAE: 0.6725, QWK: 0.6334
2025-07-23 11:28:53,722 - INFO - Pred Consistency: 0.3929, Ranking Acc: 0.6430
2025-07-23 11:28:53,722 - INFO - Dist Consistency: 0.6603
2025-07-23 11:28:53,722 - INFO - Learning Rate: 0.001000
2025-07-23 11:28:53,726 - INFO - New best model saved! Valid Acc: 0.4800
2025-07-23 11:28:53,726 - INFO - Epoch 16/20
2025-07-23 11:28:54,876 - INFO - Train Loss: 1.2589
2025-07-23 11:28:54,877 - INFO - Valid Loss: 1.3938, Cat Acc: 0.4730
2025-07-23 11:28:54,877 - INFO - Ord Acc: 0.8632, MAE: 0.6803, QWK: 0.6305
2025-07-23 11:28:54,877 - INFO - Pred Consistency: 0.3894, Ranking Acc: 0.6422
2025-07-23 11:28:54,877 - INFO - Dist Consistency: 0.6604
2025-07-23 11:28:54,877 - INFO - Learning Rate: 0.001000
2025-07-23 11:28:54,877 - INFO - Epoch 17/20
2025-07-23 11:28:56,050 - INFO - Train Loss: 1.2660
2025-07-23 11:28:56,050 - INFO - Valid Loss: 1.3955, Cat Acc: 0.4730
2025-07-23 11:28:56,050 - INFO - Ord Acc: 0.8615, MAE: 0.6847, QWK: 0.6255
2025-07-23 11:28:56,051 - INFO - Pred Consistency: 0.3850, Ranking Acc: 0.6413
2025-07-23 11:28:56,051 - INFO - Dist Consistency: 0.6603
2025-07-23 11:28:56,051 - INFO - Learning Rate: 0.001000
2025-07-23 11:28:56,051 - INFO - Epoch 18/20
2025-07-23 11:28:57,211 - INFO - Train Loss: 1.2575
2025-07-23 11:28:57,211 - INFO - Valid Loss: 1.3965, Cat Acc: 0.4730
2025-07-23 11:28:57,211 - INFO - Ord Acc: 0.8598, MAE: 0.6847, QWK: 0.6266
2025-07-23 11:28:57,211 - INFO - Pred Consistency: 0.3833, Ranking Acc: 0.6407
2025-07-23 11:28:57,211 - INFO - Dist Consistency: 0.6598
2025-07-23 11:28:57,211 - INFO - Learning Rate: 0.001000
2025-07-23 11:28:57,212 - INFO - Epoch 19/20
2025-07-23 11:28:58,291 - INFO - Train Loss: 1.2574
2025-07-23 11:28:58,292 - INFO - Valid Loss: 1.3976, Cat Acc: 0.4747
2025-07-23 11:28:58,292 - INFO - Ord Acc: 0.8580, MAE: 0.6838, QWK: 0.6279
2025-07-23 11:28:58,292 - INFO - Pred Consistency: 0.3841, Ranking Acc: 0.6404
2025-07-23 11:28:58,292 - INFO - Dist Consistency: 0.6593
2025-07-23 11:28:58,292 - INFO - Learning Rate: 0.001000
2025-07-23 11:28:58,292 - INFO - Epoch 20/20
2025-07-23 11:28:59,440 - INFO - Train Loss: 1.2629
2025-07-23 11:28:59,440 - INFO - Valid Loss: 1.3954, Cat Acc: 0.4791
2025-07-23 11:28:59,440 - INFO - Ord Acc: 0.8598, MAE: 0.6777, QWK: 0.6296
2025-07-23 11:28:59,440 - INFO - Pred Consistency: 0.3859, Ranking Acc: 0.6404
2025-07-23 11:28:59,440 - INFO - Dist Consistency: 0.6588
2025-07-23 11:28:59,440 - INFO - Learning Rate: 0.001000
2025-07-23 11:28:59,441 - INFO - Training completed! Best valid accuracy: 0.4800
