2025-07-22 16:32:00,386 - INFO - Training Deep-GPCM on synthetic_OC
2025-07-22 16:32:00,387 - INFO - Device: cpu, Categories: None, Loss: ordinal, Embedding: unordered
2025-07-22 16:32:00,387 - INFO - Loading training data...
2025-07-22 16:32:00,389 - INFO - Train data: 160 sequences, 4 categories
2025-07-22 16:32:00,389 - INFO - Loading test data...
2025-07-22 16:32:00,390 - INFO - Test data: 40 sequences
2025-07-22 16:32:00,390 - INFO - Detected 29 unique questions
2025-07-22 16:32:01,090 - INFO - Starting training...
2025-07-22 16:32:01,091 - INFO - Epoch 1/10
2025-07-22 16:32:02,617 - INFO - Train Loss: 1.9931
2025-07-22 16:32:02,618 - INFO - Valid Loss: 1.9111, Cat Acc: 0.3476
2025-07-22 16:32:02,618 - INFO - Ord Acc: 0.5793, MAE: 1.3118, QWK: 0.1498
2025-07-22 16:32:02,618 - INFO - Pred Consistency: 0.2160, Ranking Acc: 0.2344
2025-07-22 16:32:02,618 - INFO - Dist Consistency: 0.5595
2025-07-22 16:32:02,618 - INFO - Learning Rate: 0.001000
2025-07-22 16:32:02,627 - INFO - New best model saved! Valid Acc: 0.3476
2025-07-22 16:32:02,628 - INFO - Epoch 2/10
2025-07-22 16:32:04,138 - INFO - Train Loss: 1.7945
2025-07-22 16:32:04,138 - INFO - Valid Loss: 1.7593, Cat Acc: 0.4120
2025-07-22 16:32:04,139 - INFO - Ord Acc: 0.6725, MAE: 1.0845, QWK: 0.3186
2025-07-22 16:32:04,139 - INFO - Pred Consistency: 0.2422, Ranking Acc: 0.4162
2025-07-22 16:32:04,139 - INFO - Dist Consistency: 0.5751
2025-07-22 16:32:04,139 - INFO - Learning Rate: 0.001000
2025-07-22 16:32:04,145 - INFO - New best model saved! Valid Acc: 0.4120
2025-07-22 16:32:04,145 - INFO - Epoch 3/10
2025-07-22 16:32:05,545 - INFO - Train Loss: 1.6539
2025-07-22 16:32:05,545 - INFO - Valid Loss: 1.6575, Cat Acc: 0.4477
2025-07-22 16:32:05,545 - INFO - Ord Acc: 0.7378, MAE: 0.9416, QWK: 0.4409
2025-07-22 16:32:05,545 - INFO - Pred Consistency: 0.2735, Ranking Acc: 0.5001
2025-07-22 16:32:05,545 - INFO - Dist Consistency: 0.5923
2025-07-22 16:32:05,545 - INFO - Learning Rate: 0.001000
2025-07-22 16:32:05,556 - INFO - New best model saved! Valid Acc: 0.4477
2025-07-22 16:32:05,557 - INFO - Epoch 4/10
2025-07-22 16:32:06,797 - INFO - Train Loss: 1.5388
2025-07-22 16:32:06,798 - INFO - Valid Loss: 1.5767, Cat Acc: 0.4704
2025-07-22 16:32:06,798 - INFO - Ord Acc: 0.7552, MAE: 0.8807, QWK: 0.4933
2025-07-22 16:32:06,798 - INFO - Pred Consistency: 0.3232, Ranking Acc: 0.5473
2025-07-22 16:32:06,798 - INFO - Dist Consistency: 0.6109
2025-07-22 16:32:06,798 - INFO - Learning Rate: 0.001000
2025-07-22 16:32:06,803 - INFO - New best model saved! Valid Acc: 0.4704
2025-07-22 16:32:06,803 - INFO - Epoch 5/10
2025-07-22 16:32:07,982 - INFO - Train Loss: 1.4652
2025-07-22 16:32:07,982 - INFO - Valid Loss: 1.5321, Cat Acc: 0.4826
2025-07-22 16:32:07,982 - INFO - Ord Acc: 0.7639, MAE: 0.8519, QWK: 0.5203
2025-07-22 16:32:07,982 - INFO - Pred Consistency: 0.3336, Ranking Acc: 0.5734
2025-07-22 16:32:07,983 - INFO - Dist Consistency: 0.6262
2025-07-22 16:32:07,983 - INFO - Learning Rate: 0.001000
2025-07-22 16:32:07,988 - INFO - New best model saved! Valid Acc: 0.4826
2025-07-22 16:32:07,988 - INFO - Epoch 6/10
2025-07-22 16:32:09,155 - INFO - Train Loss: 1.4259
2025-07-22 16:32:09,155 - INFO - Valid Loss: 1.5003, Cat Acc: 0.4843
2025-07-22 16:32:09,155 - INFO - Ord Acc: 0.7683, MAE: 0.8432, QWK: 0.5311
2025-07-22 16:32:09,155 - INFO - Pred Consistency: 0.3528, Ranking Acc: 0.5938
2025-07-22 16:32:09,155 - INFO - Dist Consistency: 0.6371
2025-07-22 16:32:09,155 - INFO - Learning Rate: 0.001000
2025-07-22 16:32:09,165 - INFO - New best model saved! Valid Acc: 0.4843
2025-07-22 16:32:09,165 - INFO - Epoch 7/10
2025-07-22 16:32:10,329 - INFO - Train Loss: 1.3741
2025-07-22 16:32:10,329 - INFO - Valid Loss: 1.4800, Cat Acc: 0.4939
2025-07-22 16:32:10,329 - INFO - Ord Acc: 0.7700, MAE: 0.8354, QWK: 0.5313
2025-07-22 16:32:10,329 - INFO - Pred Consistency: 0.3598, Ranking Acc: 0.6067
2025-07-22 16:32:10,329 - INFO - Dist Consistency: 0.6430
2025-07-22 16:32:10,329 - INFO - Learning Rate: 0.001000
2025-07-22 16:32:10,334 - INFO - New best model saved! Valid Acc: 0.4939
2025-07-22 16:32:10,334 - INFO - Epoch 8/10
2025-07-22 16:32:11,646 - INFO - Train Loss: 1.3318
2025-07-22 16:32:11,646 - INFO - Valid Loss: 1.4551, Cat Acc: 0.4983
2025-07-22 16:32:11,647 - INFO - Ord Acc: 0.7822, MAE: 0.8188, QWK: 0.5423
2025-07-22 16:32:11,647 - INFO - Pred Consistency: 0.3772, Ranking Acc: 0.6158
2025-07-22 16:32:11,647 - INFO - Dist Consistency: 0.6457
2025-07-22 16:32:11,647 - INFO - Learning Rate: 0.001000
2025-07-22 16:32:11,652 - INFO - New best model saved! Valid Acc: 0.4983
2025-07-22 16:32:11,652 - INFO - Epoch 9/10
2025-07-22 16:32:12,880 - INFO - Train Loss: 1.3053
2025-07-22 16:32:12,880 - INFO - Valid Loss: 1.4399, Cat Acc: 0.4948
2025-07-22 16:32:12,880 - INFO - Ord Acc: 0.7805, MAE: 0.8188, QWK: 0.5469
2025-07-22 16:32:12,880 - INFO - Pred Consistency: 0.3737, Ranking Acc: 0.6205
2025-07-22 16:32:12,881 - INFO - Dist Consistency: 0.6482
2025-07-22 16:32:12,881 - INFO - Learning Rate: 0.001000
2025-07-22 16:32:12,881 - INFO - Epoch 10/10
2025-07-22 16:32:14,076 - INFO - Train Loss: 1.2875
2025-07-22 16:32:14,077 - INFO - Valid Loss: 1.4306, Cat Acc: 0.4939
2025-07-22 16:32:14,077 - INFO - Ord Acc: 0.7779, MAE: 0.8275, QWK: 0.5386
2025-07-22 16:32:14,077 - INFO - Pred Consistency: 0.3746, Ranking Acc: 0.6232
2025-07-22 16:32:14,077 - INFO - Dist Consistency: 0.6503
2025-07-22 16:32:14,077 - INFO - Learning Rate: 0.001000
2025-07-22 16:32:14,077 - INFO - Training completed! Best valid accuracy: 0.4983
