2025-07-27 00:23:16,108 - INFO - Training baseline Deep-GPCM on synthetic_OC
2025-07-27 00:23:16,109 - INFO - Device: cuda, Categories: 4, Loss: crossentropy
2025-07-27 00:23:16,109 - INFO - Loading training data...
2025-07-27 00:23:16,111 - INFO - Train data: 160 sequences, 4 categories
2025-07-27 00:23:16,111 - INFO - Loading test data...
2025-07-27 00:23:16,111 - INFO - Test data: 40 sequences
2025-07-27 00:23:16,111 - INFO - Detected 29 unique questions
2025-07-27 00:23:16,822 - INFO - Starting training...
2025-07-27 00:23:16,822 - INFO - Epoch 1/30
2025-07-27 00:23:18,014 - INFO - Train Loss: 1.3793
2025-07-27 00:23:18,014 - INFO - Valid Loss: 1.3771, Cat Acc: 0.2125
2025-07-27 00:23:18,014 - INFO - Ord Acc: 0.7073, MAE: 1.0889, QWK: 0.0694
2025-07-27 00:23:18,014 - INFO - Learning Rate: 0.001000
2025-07-27 00:23:18,023 - INFO - New best model saved! Valid Acc: 0.2125
2025-07-27 00:23:18,023 - INFO - Epoch 2/30
2025-07-27 00:23:18,825 - INFO - Train Loss: 1.3546
2025-07-27 00:23:18,825 - INFO - Valid Loss: 1.3653, Cat Acc: 0.2700
2025-07-27 00:23:18,825 - INFO - Ord Acc: 0.6638, MAE: 1.1193, QWK: 0.1763
2025-07-27 00:23:18,825 - INFO - Learning Rate: 0.001000
2025-07-27 00:23:18,832 - INFO - New best model saved! Valid Acc: 0.2700
2025-07-27 00:23:18,832 - INFO - Epoch 3/30
2025-07-27 00:23:19,507 - INFO - Train Loss: 1.3346
2025-07-27 00:23:19,507 - INFO - Valid Loss: 1.3492, Cat Acc: 0.2997
2025-07-27 00:23:19,507 - INFO - Ord Acc: 0.6507, MAE: 1.1437, QWK: 0.2101
2025-07-27 00:23:19,507 - INFO - Learning Rate: 0.001000
2025-07-27 00:23:19,516 - INFO - New best model saved! Valid Acc: 0.2997
2025-07-27 00:23:19,516 - INFO - Epoch 4/30
2025-07-27 00:23:20,164 - INFO - Train Loss: 1.3055
2025-07-27 00:23:20,164 - INFO - Valid Loss: 1.3153, Cat Acc: 0.3641
2025-07-27 00:23:20,164 - INFO - Ord Acc: 0.7631, MAE: 0.9233, QWK: 0.4051
2025-07-27 00:23:20,165 - INFO - Learning Rate: 0.001000
2025-07-27 00:23:20,172 - INFO - New best model saved! Valid Acc: 0.3641
2025-07-27 00:23:20,172 - INFO - Epoch 5/30
2025-07-27 00:23:20,882 - INFO - Train Loss: 1.2730
2025-07-27 00:23:20,882 - INFO - Valid Loss: 1.2908, Cat Acc: 0.4094
2025-07-27 00:23:20,882 - INFO - Ord Acc: 0.7901, MAE: 0.8510, QWK: 0.4929
2025-07-27 00:23:20,882 - INFO - Learning Rate: 0.001000
2025-07-27 00:23:20,889 - INFO - New best model saved! Valid Acc: 0.4094
2025-07-27 00:23:20,889 - INFO - Epoch 6/30
2025-07-27 00:23:21,581 - INFO - Train Loss: 1.2416
2025-07-27 00:23:21,581 - INFO - Valid Loss: 1.2683, Cat Acc: 0.4294
2025-07-27 00:23:21,581 - INFO - Ord Acc: 0.7779, MAE: 0.8659, QWK: 0.4962
2025-07-27 00:23:21,581 - INFO - Learning Rate: 0.001000
2025-07-27 00:23:21,587 - INFO - New best model saved! Valid Acc: 0.4294
2025-07-27 00:23:21,587 - INFO - Epoch 7/30
2025-07-27 00:23:22,294 - INFO - Train Loss: 1.2208
2025-07-27 00:23:22,294 - INFO - Valid Loss: 1.2566, Cat Acc: 0.4617
2025-07-27 00:23:22,294 - INFO - Ord Acc: 0.7831, MAE: 0.8371, QWK: 0.5167
2025-07-27 00:23:22,294 - INFO - Learning Rate: 0.001000
2025-07-27 00:23:22,300 - INFO - New best model saved! Valid Acc: 0.4617
2025-07-27 00:23:22,301 - INFO - Epoch 8/30
2025-07-27 00:23:22,995 - INFO - Train Loss: 1.2076
2025-07-27 00:23:22,995 - INFO - Valid Loss: 1.2405, Cat Acc: 0.4791
2025-07-27 00:23:22,995 - INFO - Ord Acc: 0.7840, MAE: 0.8179, QWK: 0.5379
2025-07-27 00:23:22,995 - INFO - Learning Rate: 0.001000
2025-07-27 00:23:23,002 - INFO - New best model saved! Valid Acc: 0.4791
2025-07-27 00:23:23,002 - INFO - Epoch 9/30
2025-07-27 00:23:23,765 - INFO - Train Loss: 1.1977
2025-07-27 00:23:23,765 - INFO - Valid Loss: 1.2392, Cat Acc: 0.4791
2025-07-27 00:23:23,765 - INFO - Ord Acc: 0.7796, MAE: 0.8197, QWK: 0.5430
2025-07-27 00:23:23,765 - INFO - Learning Rate: 0.001000
2025-07-27 00:23:23,765 - INFO - Epoch 10/30
2025-07-27 00:23:24,441 - INFO - Train Loss: 1.1897
2025-07-27 00:23:24,441 - INFO - Valid Loss: 1.2292, Cat Acc: 0.4904
2025-07-27 00:23:24,441 - INFO - Ord Acc: 0.7892, MAE: 0.8049, QWK: 0.5505
2025-07-27 00:23:24,441 - INFO - Learning Rate: 0.001000
2025-07-27 00:23:24,448 - INFO - New best model saved! Valid Acc: 0.4904
2025-07-27 00:23:24,448 - INFO - Epoch 11/30
2025-07-27 00:23:25,229 - INFO - Train Loss: 1.1855
2025-07-27 00:23:25,229 - INFO - Valid Loss: 1.2338, Cat Acc: 0.4843
2025-07-27 00:23:25,229 - INFO - Ord Acc: 0.7866, MAE: 0.8066, QWK: 0.5504
2025-07-27 00:23:25,229 - INFO - Learning Rate: 0.001000
2025-07-27 00:23:25,229 - INFO - Epoch 12/30
2025-07-27 00:23:26,018 - INFO - Train Loss: 1.1831
2025-07-27 00:23:26,018 - INFO - Valid Loss: 1.2265, Cat Acc: 0.4965
2025-07-27 00:23:26,018 - INFO - Ord Acc: 0.7953, MAE: 0.7805, QWK: 0.5731
2025-07-27 00:23:26,018 - INFO - Learning Rate: 0.001000
2025-07-27 00:23:26,024 - INFO - New best model saved! Valid Acc: 0.4965
2025-07-27 00:23:26,024 - INFO - Epoch 13/30
2025-07-27 00:23:26,760 - INFO - Train Loss: 1.1794
2025-07-27 00:23:26,760 - INFO - Valid Loss: 1.2259, Cat Acc: 0.4887
2025-07-27 00:23:26,760 - INFO - Ord Acc: 0.7944, MAE: 0.7909, QWK: 0.5663
2025-07-27 00:23:26,760 - INFO - Learning Rate: 0.001000
2025-07-27 00:23:26,760 - INFO - Epoch 14/30
2025-07-27 00:23:27,543 - INFO - Train Loss: 1.1787
2025-07-27 00:23:27,544 - INFO - Valid Loss: 1.2260, Cat Acc: 0.4904
2025-07-27 00:23:27,544 - INFO - Ord Acc: 0.8023, MAE: 0.7805, QWK: 0.5728
2025-07-27 00:23:27,544 - INFO - Learning Rate: 0.001000
2025-07-27 00:23:27,544 - INFO - Epoch 15/30
2025-07-27 00:23:28,264 - INFO - Train Loss: 1.1772
2025-07-27 00:23:28,264 - INFO - Valid Loss: 1.2233, Cat Acc: 0.5009
2025-07-27 00:23:28,264 - INFO - Ord Acc: 0.8040, MAE: 0.7683, QWK: 0.5769
2025-07-27 00:23:28,264 - INFO - Learning Rate: 0.001000
2025-07-27 00:23:28,270 - INFO - New best model saved! Valid Acc: 0.5009
2025-07-27 00:23:28,270 - INFO - Epoch 16/30
2025-07-27 00:23:29,019 - INFO - Train Loss: 1.1758
2025-07-27 00:23:29,019 - INFO - Valid Loss: 1.2243, Cat Acc: 0.5061
2025-07-27 00:23:29,019 - INFO - Ord Acc: 0.8057, MAE: 0.7631, QWK: 0.5774
2025-07-27 00:23:29,019 - INFO - Learning Rate: 0.001000
2025-07-27 00:23:29,026 - INFO - New best model saved! Valid Acc: 0.5061
2025-07-27 00:23:29,026 - INFO - Epoch 17/30
2025-07-27 00:23:29,741 - INFO - Train Loss: 1.1758
2025-07-27 00:23:29,742 - INFO - Valid Loss: 1.2227, Cat Acc: 0.4983
2025-07-27 00:23:29,742 - INFO - Ord Acc: 0.8057, MAE: 0.7683, QWK: 0.5761
2025-07-27 00:23:29,742 - INFO - Learning Rate: 0.001000
2025-07-27 00:23:29,742 - INFO - Epoch 18/30
2025-07-27 00:23:30,511 - INFO - Train Loss: 1.1765
2025-07-27 00:23:30,511 - INFO - Valid Loss: 1.2246, Cat Acc: 0.4991
2025-07-27 00:23:30,512 - INFO - Ord Acc: 0.7988, MAE: 0.7779, QWK: 0.5685
2025-07-27 00:23:30,512 - INFO - Learning Rate: 0.001000
2025-07-27 00:23:30,512 - INFO - Epoch 19/30
2025-07-27 00:23:31,337 - INFO - Train Loss: 1.1745
2025-07-27 00:23:31,337 - INFO - Valid Loss: 1.2248, Cat Acc: 0.4939
2025-07-27 00:23:31,337 - INFO - Ord Acc: 0.8005, MAE: 0.7805, QWK: 0.5691
2025-07-27 00:23:31,337 - INFO - Learning Rate: 0.001000
2025-07-27 00:23:31,337 - INFO - Epoch 20/30
2025-07-27 00:23:32,111 - INFO - Train Loss: 1.1739
2025-07-27 00:23:32,111 - INFO - Valid Loss: 1.2226, Cat Acc: 0.4991
2025-07-27 00:23:32,111 - INFO - Ord Acc: 0.8066, MAE: 0.7700, QWK: 0.5723
2025-07-27 00:23:32,111 - INFO - Learning Rate: 0.001000
2025-07-27 00:23:32,111 - INFO - Epoch 21/30
2025-07-27 00:23:32,873 - INFO - Train Loss: 1.1723
2025-07-27 00:23:32,873 - INFO - Valid Loss: 1.2291, Cat Acc: 0.4817
2025-07-27 00:23:32,873 - INFO - Ord Acc: 0.7979, MAE: 0.7970, QWK: 0.5578
2025-07-27 00:23:32,873 - INFO - Learning Rate: 0.001000
2025-07-27 00:23:32,873 - INFO - Epoch 22/30
2025-07-27 00:23:33,690 - INFO - Train Loss: 1.1732
2025-07-27 00:23:33,691 - INFO - Valid Loss: 1.2216, Cat Acc: 0.5009
2025-07-27 00:23:33,691 - INFO - Ord Acc: 0.8084, MAE: 0.7648, QWK: 0.5754
2025-07-27 00:23:33,691 - INFO - Learning Rate: 0.001000
2025-07-27 00:23:33,691 - INFO - Epoch 23/30
2025-07-27 00:23:34,443 - INFO - Train Loss: 1.1707
2025-07-27 00:23:34,443 - INFO - Valid Loss: 1.2252, Cat Acc: 0.4895
2025-07-27 00:23:34,443 - INFO - Ord Acc: 0.8031, MAE: 0.7814, QWK: 0.5669
2025-07-27 00:23:34,443 - INFO - Learning Rate: 0.001000
2025-07-27 00:23:34,443 - INFO - Epoch 24/30
2025-07-27 00:23:35,278 - INFO - Train Loss: 1.1712
2025-07-27 00:23:35,279 - INFO - Valid Loss: 1.2229, Cat Acc: 0.4861
2025-07-27 00:23:35,279 - INFO - Ord Acc: 0.8057, MAE: 0.7857, QWK: 0.5638
2025-07-27 00:23:35,279 - INFO - Learning Rate: 0.001000
2025-07-27 00:23:35,279 - INFO - Epoch 25/30
2025-07-27 00:23:36,085 - INFO - Train Loss: 1.1694
2025-07-27 00:23:36,085 - INFO - Valid Loss: 1.2239, Cat Acc: 0.4852
2025-07-27 00:23:36,085 - INFO - Ord Acc: 0.8101, MAE: 0.7822, QWK: 0.5676
2025-07-27 00:23:36,085 - INFO - Learning Rate: 0.001000
2025-07-27 00:23:36,085 - INFO - Epoch 26/30
2025-07-27 00:23:36,845 - INFO - Train Loss: 1.1691
2025-07-27 00:23:36,845 - INFO - Valid Loss: 1.2281, Cat Acc: 0.4878
2025-07-27 00:23:36,845 - INFO - Ord Acc: 0.7970, MAE: 0.7927, QWK: 0.5563
2025-07-27 00:23:36,845 - INFO - Learning Rate: 0.001000
2025-07-27 00:23:36,845 - INFO - Epoch 27/30
2025-07-27 00:23:37,630 - INFO - Train Loss: 1.1684
2025-07-27 00:23:37,630 - INFO - Valid Loss: 1.2227, Cat Acc: 0.4904
2025-07-27 00:23:37,630 - INFO - Ord Acc: 0.8075, MAE: 0.7779, QWK: 0.5690
2025-07-27 00:23:37,630 - INFO - Learning Rate: 0.001000
2025-07-27 00:23:37,630 - INFO - Epoch 28/30
2025-07-27 00:23:38,439 - INFO - Train Loss: 1.1683
2025-07-27 00:23:38,439 - INFO - Valid Loss: 1.2241, Cat Acc: 0.4922
2025-07-27 00:23:38,439 - INFO - Ord Acc: 0.8066, MAE: 0.7761, QWK: 0.5684
2025-07-27 00:23:38,439 - INFO - Learning Rate: 0.000500
2025-07-27 00:23:38,439 - INFO - Epoch 29/30
2025-07-27 00:23:39,173 - INFO - Train Loss: 1.1679
2025-07-27 00:23:39,173 - INFO - Valid Loss: 1.2224, Cat Acc: 0.4913
2025-07-27 00:23:39,173 - INFO - Ord Acc: 0.8075, MAE: 0.7779, QWK: 0.5679
2025-07-27 00:23:39,173 - INFO - Learning Rate: 0.000500
2025-07-27 00:23:39,173 - INFO - Epoch 30/30
2025-07-27 00:23:39,992 - INFO - Train Loss: 1.1682
2025-07-27 00:23:39,992 - INFO - Valid Loss: 1.2226, Cat Acc: 0.4930
2025-07-27 00:23:39,992 - INFO - Ord Acc: 0.8049, MAE: 0.7779, QWK: 0.5678
2025-07-27 00:23:39,992 - INFO - Learning Rate: 0.000500
2025-07-27 00:23:39,993 - INFO - Training completed! Best valid accuracy: 0.5061
