2025-07-23 11:53:10,022 - INFO - Training Deep-GPCM on synthetic_OC
2025-07-23 11:53:10,022 - INFO - Device: cpu, Categories: None, Loss: ordinal, Embedding: linear_decay
2025-07-23 11:53:10,022 - INFO - Loading training data...
2025-07-23 11:53:10,024 - INFO - Train data: 160 sequences, 4 categories
2025-07-23 11:53:10,024 - INFO - Loading test data...
2025-07-23 11:53:10,024 - INFO - Test data: 40 sequences
2025-07-23 11:53:10,024 - INFO - Detected 29 unique questions
2025-07-23 11:53:10,541 - INFO - Starting training...
2025-07-23 11:53:10,541 - INFO - Epoch 1/50
2025-07-23 11:53:11,824 - INFO - Train Loss: 2.0130
2025-07-23 11:53:11,826 - INFO - Valid Loss: 1.9203, Cat Acc: 0.2143
2025-07-23 11:53:11,826 - INFO - Ord Acc: 0.7422, MAE: 1.0453, QWK: 0.1132
2025-07-23 11:53:11,826 - INFO - Pred Consistency: 0.2082, Ranking Acc: 0.2233
2025-07-23 11:53:11,826 - INFO - Dist Consistency: 0.5588
2025-07-23 11:53:11,826 - INFO - Learning Rate: 0.001000
2025-07-23 11:53:11,846 - INFO - New best model saved! Valid Acc: 0.2143
2025-07-23 11:53:11,847 - INFO - Epoch 2/50
2025-07-23 11:53:13,381 - INFO - Train Loss: 1.8199
2025-07-23 11:53:13,382 - INFO - Valid Loss: 1.7684, Cat Acc: 0.2456
2025-07-23 11:53:13,382 - INFO - Ord Acc: 0.7918, MAE: 0.9652, QWK: 0.2400
2025-07-23 11:53:13,382 - INFO - Pred Consistency: 0.2413, Ranking Acc: 0.4021
2025-07-23 11:53:13,382 - INFO - Dist Consistency: 0.5734
2025-07-23 11:53:13,382 - INFO - Learning Rate: 0.001000
2025-07-23 11:53:13,389 - INFO - New best model saved! Valid Acc: 0.2456
2025-07-23 11:53:13,389 - INFO - Epoch 3/50
2025-07-23 11:53:14,474 - INFO - Train Loss: 1.6798
2025-07-23 11:53:14,474 - INFO - Valid Loss: 1.6828, Cat Acc: 0.3049
2025-07-23 11:53:14,474 - INFO - Ord Acc: 0.8284, MAE: 0.8737, QWK: 0.3959
2025-07-23 11:53:14,474 - INFO - Pred Consistency: 0.2683, Ranking Acc: 0.4856
2025-07-23 11:53:14,474 - INFO - Dist Consistency: 0.5888
2025-07-23 11:53:14,474 - INFO - Learning Rate: 0.001000
2025-07-23 11:53:14,479 - INFO - New best model saved! Valid Acc: 0.3049
2025-07-23 11:53:14,479 - INFO - Epoch 4/50
2025-07-23 11:53:15,478 - INFO - Train Loss: 1.5647
2025-07-23 11:53:15,479 - INFO - Valid Loss: 1.5875, Cat Acc: 0.3554
2025-07-23 11:53:15,479 - INFO - Ord Acc: 0.8406, MAE: 0.8118, QWK: 0.4857
2025-07-23 11:53:15,479 - INFO - Pred Consistency: 0.3136, Ranking Acc: 0.5375
2025-07-23 11:53:15,479 - INFO - Dist Consistency: 0.6074
2025-07-23 11:53:15,479 - INFO - Learning Rate: 0.001000
2025-07-23 11:53:15,487 - INFO - New best model saved! Valid Acc: 0.3554
2025-07-23 11:53:15,487 - INFO - Epoch 5/50
2025-07-23 11:53:16,438 - INFO - Train Loss: 1.4823
2025-07-23 11:53:16,438 - INFO - Valid Loss: 1.5367, Cat Acc: 0.3990
2025-07-23 11:53:16,438 - INFO - Ord Acc: 0.8476, MAE: 0.7657, QWK: 0.5470
2025-07-23 11:53:16,439 - INFO - Pred Consistency: 0.3301, Ranking Acc: 0.5701
2025-07-23 11:53:16,439 - INFO - Dist Consistency: 0.6232
2025-07-23 11:53:16,439 - INFO - Learning Rate: 0.001000
2025-07-23 11:53:16,443 - INFO - New best model saved! Valid Acc: 0.3990
2025-07-23 11:53:16,443 - INFO - Epoch 6/50
2025-07-23 11:53:17,356 - INFO - Train Loss: 1.4352
2025-07-23 11:53:17,356 - INFO - Valid Loss: 1.5025, Cat Acc: 0.4338
2025-07-23 11:53:17,356 - INFO - Ord Acc: 0.8449, MAE: 0.7387, QWK: 0.5787
2025-07-23 11:53:17,356 - INFO - Pred Consistency: 0.3545, Ranking Acc: 0.5906
2025-07-23 11:53:17,356 - INFO - Dist Consistency: 0.6361
2025-07-23 11:53:17,356 - INFO - Learning Rate: 0.001000
2025-07-23 11:53:17,360 - INFO - New best model saved! Valid Acc: 0.4338
2025-07-23 11:53:17,360 - INFO - Epoch 7/50
2025-07-23 11:53:18,266 - INFO - Train Loss: 1.3816
2025-07-23 11:53:18,266 - INFO - Valid Loss: 1.4933, Cat Acc: 0.4390
2025-07-23 11:53:18,267 - INFO - Ord Acc: 0.8354, MAE: 0.7491, QWK: 0.5737
2025-07-23 11:53:18,267 - INFO - Pred Consistency: 0.3667, Ranking Acc: 0.6037
2025-07-23 11:53:18,267 - INFO - Dist Consistency: 0.6444
2025-07-23 11:53:18,267 - INFO - Learning Rate: 0.001000
2025-07-23 11:53:18,271 - INFO - New best model saved! Valid Acc: 0.4390
2025-07-23 11:53:18,271 - INFO - Epoch 8/50
2025-07-23 11:53:19,187 - INFO - Train Loss: 1.3431
2025-07-23 11:53:19,187 - INFO - Valid Loss: 1.4476, Cat Acc: 0.4486
2025-07-23 11:53:19,187 - INFO - Ord Acc: 0.8406, MAE: 0.7334, QWK: 0.5913
2025-07-23 11:53:19,187 - INFO - Pred Consistency: 0.3693, Ranking Acc: 0.6222
2025-07-23 11:53:19,187 - INFO - Dist Consistency: 0.6492
2025-07-23 11:53:19,187 - INFO - Learning Rate: 0.001000
2025-07-23 11:53:19,191 - INFO - New best model saved! Valid Acc: 0.4486
2025-07-23 11:53:19,191 - INFO - Epoch 9/50
2025-07-23 11:53:20,064 - INFO - Train Loss: 1.3203
2025-07-23 11:53:20,064 - INFO - Valid Loss: 1.4311, Cat Acc: 0.4721
2025-07-23 11:53:20,064 - INFO - Ord Acc: 0.8510, MAE: 0.6995, QWK: 0.6104
2025-07-23 11:53:20,064 - INFO - Pred Consistency: 0.3920, Ranking Acc: 0.6298
2025-07-23 11:53:20,064 - INFO - Dist Consistency: 0.6528
2025-07-23 11:53:20,064 - INFO - Learning Rate: 0.001000
2025-07-23 11:53:20,069 - INFO - New best model saved! Valid Acc: 0.4721
2025-07-23 11:53:20,069 - INFO - Epoch 10/50
2025-07-23 11:53:21,116 - INFO - Train Loss: 1.2973
2025-07-23 11:53:21,116 - INFO - Valid Loss: 1.4086, Cat Acc: 0.4634
2025-07-23 11:53:21,116 - INFO - Ord Acc: 0.8554, MAE: 0.7021, QWK: 0.6121
2025-07-23 11:53:21,116 - INFO - Pred Consistency: 0.3798, Ranking Acc: 0.6371
2025-07-23 11:53:21,116 - INFO - Dist Consistency: 0.6549
2025-07-23 11:53:21,116 - INFO - Learning Rate: 0.001000
2025-07-23 11:53:21,116 - INFO - Epoch 11/50
2025-07-23 11:53:22,193 - INFO - Train Loss: 1.2859
2025-07-23 11:53:22,193 - INFO - Valid Loss: 1.4008, Cat Acc: 0.4721
2025-07-23 11:53:22,193 - INFO - Ord Acc: 0.8615, MAE: 0.6864, QWK: 0.6188
2025-07-23 11:53:22,193 - INFO - Pred Consistency: 0.3815, Ranking Acc: 0.6400
2025-07-23 11:53:22,193 - INFO - Dist Consistency: 0.6560
2025-07-23 11:53:22,193 - INFO - Learning Rate: 0.001000
2025-07-23 11:53:22,193 - INFO - Epoch 12/50
2025-07-23 11:53:23,175 - INFO - Train Loss: 1.2822
2025-07-23 11:53:23,175 - INFO - Valid Loss: 1.4039, Cat Acc: 0.4721
2025-07-23 11:53:23,175 - INFO - Ord Acc: 0.8606, MAE: 0.6899, QWK: 0.6169
2025-07-23 11:53:23,175 - INFO - Pred Consistency: 0.3859, Ranking Acc: 0.6396
2025-07-23 11:53:23,175 - INFO - Dist Consistency: 0.6578
2025-07-23 11:53:23,175 - INFO - Learning Rate: 0.001000
2025-07-23 11:53:23,175 - INFO - Epoch 13/50
2025-07-23 11:53:24,080 - INFO - Train Loss: 1.2757
2025-07-23 11:53:24,080 - INFO - Valid Loss: 1.3952, Cat Acc: 0.4704
2025-07-23 11:53:24,080 - INFO - Ord Acc: 0.8580, MAE: 0.6890, QWK: 0.6211
2025-07-23 11:53:24,080 - INFO - Pred Consistency: 0.3780, Ranking Acc: 0.6440
2025-07-23 11:53:24,080 - INFO - Dist Consistency: 0.6586
2025-07-23 11:53:24,080 - INFO - Learning Rate: 0.001000
2025-07-23 11:53:24,080 - INFO - Epoch 14/50
2025-07-23 11:53:24,993 - INFO - Train Loss: 1.2791
2025-07-23 11:53:24,993 - INFO - Valid Loss: 1.3963, Cat Acc: 0.4739
2025-07-23 11:53:24,994 - INFO - Ord Acc: 0.8571, MAE: 0.6882, QWK: 0.6206
2025-07-23 11:53:24,994 - INFO - Pred Consistency: 0.3859, Ranking Acc: 0.6427
2025-07-23 11:53:24,994 - INFO - Dist Consistency: 0.6601
2025-07-23 11:53:24,994 - INFO - Learning Rate: 0.001000
2025-07-23 11:53:24,998 - INFO - New best model saved! Valid Acc: 0.4739
2025-07-23 11:53:24,998 - INFO - Epoch 15/50
2025-07-23 11:53:26,154 - INFO - Train Loss: 1.2682
2025-07-23 11:53:26,154 - INFO - Valid Loss: 1.3900, Cat Acc: 0.4739
2025-07-23 11:53:26,154 - INFO - Ord Acc: 0.8589, MAE: 0.6855, QWK: 0.6236
2025-07-23 11:53:26,154 - INFO - Pred Consistency: 0.3868, Ranking Acc: 0.6442
2025-07-23 11:53:26,154 - INFO - Dist Consistency: 0.6603
2025-07-23 11:53:26,154 - INFO - Learning Rate: 0.001000
2025-07-23 11:53:26,154 - INFO - Epoch 16/50
2025-07-23 11:53:27,082 - INFO - Train Loss: 1.2607
2025-07-23 11:53:27,082 - INFO - Valid Loss: 1.3886, Cat Acc: 0.4774
2025-07-23 11:53:27,082 - INFO - Ord Acc: 0.8606, MAE: 0.6794, QWK: 0.6275
2025-07-23 11:53:27,082 - INFO - Pred Consistency: 0.3876, Ranking Acc: 0.6447
2025-07-23 11:53:27,082 - INFO - Dist Consistency: 0.6601
2025-07-23 11:53:27,083 - INFO - Learning Rate: 0.001000
2025-07-23 11:53:27,087 - INFO - New best model saved! Valid Acc: 0.4774
2025-07-23 11:53:27,087 - INFO - Epoch 17/50
2025-07-23 11:53:28,015 - INFO - Train Loss: 1.2687
2025-07-23 11:53:28,015 - INFO - Valid Loss: 1.3910, Cat Acc: 0.4634
2025-07-23 11:53:28,015 - INFO - Ord Acc: 0.8580, MAE: 0.6943, QWK: 0.6244
2025-07-23 11:53:28,015 - INFO - Pred Consistency: 0.3798, Ranking Acc: 0.6436
2025-07-23 11:53:28,015 - INFO - Dist Consistency: 0.6603
2025-07-23 11:53:28,015 - INFO - Learning Rate: 0.001000
2025-07-23 11:53:28,015 - INFO - Epoch 18/50
2025-07-23 11:53:29,021 - INFO - Train Loss: 1.2586
2025-07-23 11:53:29,022 - INFO - Valid Loss: 1.3899, Cat Acc: 0.4730
2025-07-23 11:53:29,022 - INFO - Ord Acc: 0.8571, MAE: 0.6855, QWK: 0.6271
2025-07-23 11:53:29,022 - INFO - Pred Consistency: 0.3833, Ranking Acc: 0.6435
2025-07-23 11:53:29,022 - INFO - Dist Consistency: 0.6600
2025-07-23 11:53:29,022 - INFO - Learning Rate: 0.001000
2025-07-23 11:53:29,022 - INFO - Epoch 19/50
2025-07-23 11:53:29,950 - INFO - Train Loss: 1.2596
2025-07-23 11:53:29,950 - INFO - Valid Loss: 1.3891, Cat Acc: 0.4808
2025-07-23 11:53:29,950 - INFO - Ord Acc: 0.8606, MAE: 0.6733, QWK: 0.6346
2025-07-23 11:53:29,950 - INFO - Pred Consistency: 0.3902, Ranking Acc: 0.6438
2025-07-23 11:53:29,950 - INFO - Dist Consistency: 0.6597
2025-07-23 11:53:29,950 - INFO - Learning Rate: 0.001000
2025-07-23 11:53:29,955 - INFO - New best model saved! Valid Acc: 0.4808
2025-07-23 11:53:29,955 - INFO - Epoch 20/50
2025-07-23 11:53:30,896 - INFO - Train Loss: 1.2646
2025-07-23 11:53:30,896 - INFO - Valid Loss: 1.3889, Cat Acc: 0.4800
2025-07-23 11:53:30,896 - INFO - Ord Acc: 0.8589, MAE: 0.6768, QWK: 0.6321
2025-07-23 11:53:30,896 - INFO - Pred Consistency: 0.3894, Ranking Acc: 0.6436
2025-07-23 11:53:30,896 - INFO - Dist Consistency: 0.6595
2025-07-23 11:53:30,896 - INFO - Learning Rate: 0.001000
2025-07-23 11:53:30,896 - INFO - Epoch 21/50
2025-07-23 11:53:31,786 - INFO - Train Loss: 1.2624
2025-07-23 11:53:31,786 - INFO - Valid Loss: 1.3923, Cat Acc: 0.4756
2025-07-23 11:53:31,786 - INFO - Ord Acc: 0.8554, MAE: 0.6873, QWK: 0.6230
2025-07-23 11:53:31,786 - INFO - Pred Consistency: 0.3894, Ranking Acc: 0.6427
2025-07-23 11:53:31,786 - INFO - Dist Consistency: 0.6591
2025-07-23 11:53:31,786 - INFO - Learning Rate: 0.001000
2025-07-23 11:53:31,786 - INFO - Epoch 22/50
2025-07-23 11:53:32,704 - INFO - Train Loss: 1.2567
2025-07-23 11:53:32,704 - INFO - Valid Loss: 1.3850, Cat Acc: 0.4808
2025-07-23 11:53:32,704 - INFO - Ord Acc: 0.8571, MAE: 0.6777, QWK: 0.6289
2025-07-23 11:53:32,704 - INFO - Pred Consistency: 0.3859, Ranking Acc: 0.6451
2025-07-23 11:53:32,704 - INFO - Dist Consistency: 0.6587
2025-07-23 11:53:32,704 - INFO - Learning Rate: 0.001000
2025-07-23 11:53:32,704 - INFO - Epoch 23/50
2025-07-23 11:53:33,650 - INFO - Train Loss: 1.2598
2025-07-23 11:53:33,650 - INFO - Valid Loss: 1.3888, Cat Acc: 0.4730
2025-07-23 11:53:33,650 - INFO - Ord Acc: 0.8598, MAE: 0.6855, QWK: 0.6247
2025-07-23 11:53:33,650 - INFO - Pred Consistency: 0.3859, Ranking Acc: 0.6436
2025-07-23 11:53:33,650 - INFO - Dist Consistency: 0.6586
2025-07-23 11:53:33,650 - INFO - Learning Rate: 0.001000
2025-07-23 11:53:33,650 - INFO - Epoch 24/50
2025-07-23 11:53:34,691 - INFO - Train Loss: 1.2501
2025-07-23 11:53:34,692 - INFO - Valid Loss: 1.3854, Cat Acc: 0.4826
2025-07-23 11:53:34,692 - INFO - Ord Acc: 0.8554, MAE: 0.6794, QWK: 0.6253
2025-07-23 11:53:34,692 - INFO - Pred Consistency: 0.3885, Ranking Acc: 0.6442
2025-07-23 11:53:34,692 - INFO - Dist Consistency: 0.6585
2025-07-23 11:53:34,692 - INFO - Learning Rate: 0.001000
2025-07-23 11:53:34,697 - INFO - New best model saved! Valid Acc: 0.4826
2025-07-23 11:53:34,697 - INFO - Epoch 25/50
2025-07-23 11:53:35,660 - INFO - Train Loss: 1.2532
2025-07-23 11:53:35,660 - INFO - Valid Loss: 1.3882, Cat Acc: 0.4826
2025-07-23 11:53:35,660 - INFO - Ord Acc: 0.8528, MAE: 0.6803, QWK: 0.6244
2025-07-23 11:53:35,660 - INFO - Pred Consistency: 0.3876, Ranking Acc: 0.6424
2025-07-23 11:53:35,660 - INFO - Dist Consistency: 0.6584
2025-07-23 11:53:35,660 - INFO - Learning Rate: 0.001000
2025-07-23 11:53:35,660 - INFO - Epoch 26/50
2025-07-23 11:53:36,558 - INFO - Train Loss: 1.2489
2025-07-23 11:53:36,558 - INFO - Valid Loss: 1.3987, Cat Acc: 0.4695
2025-07-23 11:53:36,558 - INFO - Ord Acc: 0.8528, MAE: 0.6977, QWK: 0.6144
2025-07-23 11:53:36,558 - INFO - Pred Consistency: 0.3833, Ranking Acc: 0.6394
2025-07-23 11:53:36,558 - INFO - Dist Consistency: 0.6589
2025-07-23 11:53:36,558 - INFO - Learning Rate: 0.001000
2025-07-23 11:53:36,558 - INFO - Epoch 27/50
2025-07-23 11:53:37,427 - INFO - Train Loss: 1.2518
2025-07-23 11:53:37,427 - INFO - Valid Loss: 1.3921, Cat Acc: 0.4747
2025-07-23 11:53:37,427 - INFO - Ord Acc: 0.8537, MAE: 0.6882, QWK: 0.6223
2025-07-23 11:53:37,427 - INFO - Pred Consistency: 0.3798, Ranking Acc: 0.6418
2025-07-23 11:53:37,427 - INFO - Dist Consistency: 0.6593
2025-07-23 11:53:37,428 - INFO - Learning Rate: 0.001000
2025-07-23 11:53:37,428 - INFO - Epoch 28/50
2025-07-23 11:53:38,350 - INFO - Train Loss: 1.2578
2025-07-23 11:53:38,350 - INFO - Valid Loss: 1.3921, Cat Acc: 0.4704
2025-07-23 11:53:38,350 - INFO - Ord Acc: 0.8484, MAE: 0.7003, QWK: 0.6135
2025-07-23 11:53:38,350 - INFO - Pred Consistency: 0.3763, Ranking Acc: 0.6408
2025-07-23 11:53:38,350 - INFO - Dist Consistency: 0.6601
2025-07-23 11:53:38,350 - INFO - Learning Rate: 0.000500
2025-07-23 11:53:38,350 - INFO - Epoch 29/50
2025-07-23 11:53:39,312 - INFO - Train Loss: 1.2522
2025-07-23 11:53:39,312 - INFO - Valid Loss: 1.3924, Cat Acc: 0.4730
2025-07-23 11:53:39,313 - INFO - Ord Acc: 0.8528, MAE: 0.6951, QWK: 0.6181
2025-07-23 11:53:39,313 - INFO - Pred Consistency: 0.3798, Ranking Acc: 0.6412
2025-07-23 11:53:39,313 - INFO - Dist Consistency: 0.6603
2025-07-23 11:53:39,313 - INFO - Learning Rate: 0.000500
2025-07-23 11:53:39,313 - INFO - Epoch 30/50
2025-07-23 11:53:40,235 - INFO - Train Loss: 1.2541
2025-07-23 11:53:40,235 - INFO - Valid Loss: 1.3914, Cat Acc: 0.4713
2025-07-23 11:53:40,235 - INFO - Ord Acc: 0.8537, MAE: 0.6951, QWK: 0.6180
2025-07-23 11:53:40,235 - INFO - Pred Consistency: 0.3780, Ranking Acc: 0.6417
2025-07-23 11:53:40,235 - INFO - Dist Consistency: 0.6603
2025-07-23 11:53:40,235 - INFO - Learning Rate: 0.000500
2025-07-23 11:53:40,235 - INFO - Epoch 31/50
2025-07-23 11:53:41,154 - INFO - Train Loss: 1.2670
2025-07-23 11:53:41,154 - INFO - Valid Loss: 1.3898, Cat Acc: 0.4730
2025-07-23 11:53:41,154 - INFO - Ord Acc: 0.8519, MAE: 0.6934, QWK: 0.6192
2025-07-23 11:53:41,154 - INFO - Pred Consistency: 0.3789, Ranking Acc: 0.6425
2025-07-23 11:53:41,155 - INFO - Dist Consistency: 0.6603
2025-07-23 11:53:41,155 - INFO - Learning Rate: 0.000500
2025-07-23 11:53:41,155 - INFO - Epoch 32/50
2025-07-23 11:53:42,067 - INFO - Train Loss: 1.2463
2025-07-23 11:53:42,067 - INFO - Valid Loss: 1.3892, Cat Acc: 0.4765
2025-07-23 11:53:42,067 - INFO - Ord Acc: 0.8528, MAE: 0.6882, QWK: 0.6223
2025-07-23 11:53:42,067 - INFO - Pred Consistency: 0.3807, Ranking Acc: 0.6425
2025-07-23 11:53:42,067 - INFO - Dist Consistency: 0.6602
2025-07-23 11:53:42,067 - INFO - Learning Rate: 0.000500
2025-07-23 11:53:42,067 - INFO - Epoch 33/50
2025-07-23 11:53:43,008 - INFO - Train Loss: 1.2423
2025-07-23 11:53:43,008 - INFO - Valid Loss: 1.3889, Cat Acc: 0.4826
2025-07-23 11:53:43,008 - INFO - Ord Acc: 0.8519, MAE: 0.6821, QWK: 0.6256
2025-07-23 11:53:43,008 - INFO - Pred Consistency: 0.3859, Ranking Acc: 0.6426
2025-07-23 11:53:43,008 - INFO - Dist Consistency: 0.6601
2025-07-23 11:53:43,008 - INFO - Learning Rate: 0.000500
2025-07-23 11:53:43,009 - INFO - Epoch 34/50
2025-07-23 11:53:43,951 - INFO - Train Loss: 1.2478
2025-07-23 11:53:43,951 - INFO - Valid Loss: 1.3888, Cat Acc: 0.4826
2025-07-23 11:53:43,951 - INFO - Ord Acc: 0.8537, MAE: 0.6812, QWK: 0.6251
2025-07-23 11:53:43,951 - INFO - Pred Consistency: 0.3876, Ranking Acc: 0.6423
2025-07-23 11:53:43,951 - INFO - Dist Consistency: 0.6599
2025-07-23 11:53:43,951 - INFO - Learning Rate: 0.000250
2025-07-23 11:53:43,951 - INFO - Epoch 35/50
2025-07-23 11:53:44,866 - INFO - Train Loss: 1.2555
2025-07-23 11:53:44,866 - INFO - Valid Loss: 1.3896, Cat Acc: 0.4800
2025-07-23 11:53:44,866 - INFO - Ord Acc: 0.8537, MAE: 0.6821, QWK: 0.6267
2025-07-23 11:53:44,866 - INFO - Pred Consistency: 0.3876, Ranking Acc: 0.6420
2025-07-23 11:53:44,866 - INFO - Dist Consistency: 0.6599
2025-07-23 11:53:44,866 - INFO - Learning Rate: 0.000250
2025-07-23 11:53:44,866 - INFO - Epoch 36/50
2025-07-23 11:53:45,820 - INFO - Train Loss: 1.2507
2025-07-23 11:53:45,821 - INFO - Valid Loss: 1.3902, Cat Acc: 0.4800
2025-07-23 11:53:45,821 - INFO - Ord Acc: 0.8545, MAE: 0.6812, QWK: 0.6276
2025-07-23 11:53:45,821 - INFO - Pred Consistency: 0.3876, Ranking Acc: 0.6417
2025-07-23 11:53:45,821 - INFO - Dist Consistency: 0.6598
2025-07-23 11:53:45,821 - INFO - Learning Rate: 0.000250
2025-07-23 11:53:45,821 - INFO - Epoch 37/50
2025-07-23 11:53:46,816 - INFO - Train Loss: 1.2507
2025-07-23 11:53:46,816 - INFO - Valid Loss: 1.3912, Cat Acc: 0.4834
2025-07-23 11:53:46,816 - INFO - Ord Acc: 0.8528, MAE: 0.6812, QWK: 0.6249
2025-07-23 11:53:46,816 - INFO - Pred Consistency: 0.3902, Ranking Acc: 0.6415
2025-07-23 11:53:46,816 - INFO - Dist Consistency: 0.6598
2025-07-23 11:53:46,816 - INFO - Learning Rate: 0.000250
2025-07-23 11:53:46,820 - INFO - New best model saved! Valid Acc: 0.4834
2025-07-23 11:53:46,821 - INFO - Epoch 38/50
2025-07-23 11:53:47,854 - INFO - Train Loss: 1.2468
2025-07-23 11:53:47,855 - INFO - Valid Loss: 1.3907, Cat Acc: 0.4817
2025-07-23 11:53:47,855 - INFO - Ord Acc: 0.8545, MAE: 0.6812, QWK: 0.6255
2025-07-23 11:53:47,855 - INFO - Pred Consistency: 0.3894, Ranking Acc: 0.6416
2025-07-23 11:53:47,855 - INFO - Dist Consistency: 0.6598
2025-07-23 11:53:47,855 - INFO - Learning Rate: 0.000250
2025-07-23 11:53:47,855 - INFO - Epoch 39/50
2025-07-23 11:53:48,773 - INFO - Train Loss: 1.2452
2025-07-23 11:53:48,774 - INFO - Valid Loss: 1.3893, Cat Acc: 0.4800
2025-07-23 11:53:48,774 - INFO - Ord Acc: 0.8528, MAE: 0.6829, QWK: 0.6261
2025-07-23 11:53:48,774 - INFO - Pred Consistency: 0.3859, Ranking Acc: 0.6424
2025-07-23 11:53:48,774 - INFO - Dist Consistency: 0.6599
2025-07-23 11:53:48,774 - INFO - Learning Rate: 0.000250
2025-07-23 11:53:48,774 - INFO - Epoch 40/50
2025-07-23 11:53:49,606 - INFO - Train Loss: 1.2488
2025-07-23 11:53:49,607 - INFO - Valid Loss: 1.3891, Cat Acc: 0.4826
2025-07-23 11:53:49,607 - INFO - Ord Acc: 0.8537, MAE: 0.6803, QWK: 0.6266
2025-07-23 11:53:49,607 - INFO - Pred Consistency: 0.3859, Ranking Acc: 0.6426
2025-07-23 11:53:49,607 - INFO - Dist Consistency: 0.6600
2025-07-23 11:53:49,607 - INFO - Learning Rate: 0.000125
2025-07-23 11:53:49,607 - INFO - Epoch 41/50
2025-07-23 11:53:50,569 - INFO - Train Loss: 1.2439
2025-07-23 11:53:50,569 - INFO - Valid Loss: 1.3892, Cat Acc: 0.4843
2025-07-23 11:53:50,569 - INFO - Ord Acc: 0.8537, MAE: 0.6786, QWK: 0.6277
2025-07-23 11:53:50,569 - INFO - Pred Consistency: 0.3885, Ranking Acc: 0.6426
2025-07-23 11:53:50,569 - INFO - Dist Consistency: 0.6600
2025-07-23 11:53:50,569 - INFO - Learning Rate: 0.000125
2025-07-23 11:53:50,574 - INFO - New best model saved! Valid Acc: 0.4843
2025-07-23 11:53:50,574 - INFO - Epoch 42/50
2025-07-23 11:53:51,566 - INFO - Train Loss: 1.2432
2025-07-23 11:53:51,566 - INFO - Valid Loss: 1.3895, Cat Acc: 0.4817
2025-07-23 11:53:51,566 - INFO - Ord Acc: 0.8537, MAE: 0.6812, QWK: 0.6267
2025-07-23 11:53:51,566 - INFO - Pred Consistency: 0.3868, Ranking Acc: 0.6423
2025-07-23 11:53:51,566 - INFO - Dist Consistency: 0.6601
2025-07-23 11:53:51,566 - INFO - Learning Rate: 0.000125
2025-07-23 11:53:51,566 - INFO - Epoch 43/50
2025-07-23 11:53:52,497 - INFO - Train Loss: 1.2460
2025-07-23 11:53:52,497 - INFO - Valid Loss: 1.3892, Cat Acc: 0.4834
2025-07-23 11:53:52,497 - INFO - Ord Acc: 0.8528, MAE: 0.6812, QWK: 0.6251
2025-07-23 11:53:52,497 - INFO - Pred Consistency: 0.3876, Ranking Acc: 0.6424
2025-07-23 11:53:52,497 - INFO - Dist Consistency: 0.6601
2025-07-23 11:53:52,497 - INFO - Learning Rate: 0.000125
2025-07-23 11:53:52,497 - INFO - Epoch 44/50
2025-07-23 11:53:53,468 - INFO - Train Loss: 1.2472
2025-07-23 11:53:53,468 - INFO - Valid Loss: 1.3889, Cat Acc: 0.4834
2025-07-23 11:53:53,468 - INFO - Ord Acc: 0.8528, MAE: 0.6812, QWK: 0.6251
2025-07-23 11:53:53,468 - INFO - Pred Consistency: 0.3876, Ranking Acc: 0.6426
2025-07-23 11:53:53,468 - INFO - Dist Consistency: 0.6602
2025-07-23 11:53:53,468 - INFO - Learning Rate: 0.000125
2025-07-23 11:53:53,468 - INFO - Epoch 45/50
2025-07-23 11:53:54,416 - INFO - Train Loss: 1.2550
2025-07-23 11:53:54,416 - INFO - Valid Loss: 1.3894, Cat Acc: 0.4834
2025-07-23 11:53:54,416 - INFO - Ord Acc: 0.8510, MAE: 0.6829, QWK: 0.6234
2025-07-23 11:53:54,416 - INFO - Pred Consistency: 0.3894, Ranking Acc: 0.6426
2025-07-23 11:53:54,417 - INFO - Dist Consistency: 0.6603
2025-07-23 11:53:54,417 - INFO - Learning Rate: 0.000125
2025-07-23 11:53:54,417 - INFO - Epoch 46/50
2025-07-23 11:53:55,406 - INFO - Train Loss: 1.2463
2025-07-23 11:53:55,407 - INFO - Valid Loss: 1.3897, Cat Acc: 0.4843
2025-07-23 11:53:55,407 - INFO - Ord Acc: 0.8510, MAE: 0.6821, QWK: 0.6234
2025-07-23 11:53:55,407 - INFO - Pred Consistency: 0.3902, Ranking Acc: 0.6425
2025-07-23 11:53:55,407 - INFO - Dist Consistency: 0.6603
2025-07-23 11:53:55,407 - INFO - Learning Rate: 0.000063
2025-07-23 11:53:55,407 - INFO - Epoch 47/50
2025-07-23 11:53:56,306 - INFO - Train Loss: 1.2534
2025-07-23 11:53:56,307 - INFO - Valid Loss: 1.3894, Cat Acc: 0.4834
2025-07-23 11:53:56,307 - INFO - Ord Acc: 0.8510, MAE: 0.6829, QWK: 0.6231
2025-07-23 11:53:56,307 - INFO - Pred Consistency: 0.3885, Ranking Acc: 0.6425
2025-07-23 11:53:56,307 - INFO - Dist Consistency: 0.6603
2025-07-23 11:53:56,307 - INFO - Learning Rate: 0.000063
2025-07-23 11:53:56,307 - INFO - Epoch 48/50
2025-07-23 11:53:57,268 - INFO - Train Loss: 1.2407
2025-07-23 11:53:57,268 - INFO - Valid Loss: 1.3889, Cat Acc: 0.4826
2025-07-23 11:53:57,268 - INFO - Ord Acc: 0.8510, MAE: 0.6838, QWK: 0.6231
2025-07-23 11:53:57,268 - INFO - Pred Consistency: 0.3885, Ranking Acc: 0.6427
2025-07-23 11:53:57,268 - INFO - Dist Consistency: 0.6602
2025-07-23 11:53:57,268 - INFO - Learning Rate: 0.000063
2025-07-23 11:53:57,268 - INFO - Epoch 49/50
2025-07-23 11:53:58,381 - INFO - Train Loss: 1.2592
2025-07-23 11:53:58,381 - INFO - Valid Loss: 1.3884, Cat Acc: 0.4817
2025-07-23 11:53:58,381 - INFO - Ord Acc: 0.8502, MAE: 0.6855, QWK: 0.6219
2025-07-23 11:53:58,381 - INFO - Pred Consistency: 0.3850, Ranking Acc: 0.6429
2025-07-23 11:53:58,382 - INFO - Dist Consistency: 0.6602
2025-07-23 11:53:58,382 - INFO - Learning Rate: 0.000063
2025-07-23 11:53:58,382 - INFO - Epoch 50/50
2025-07-23 11:53:59,317 - INFO - Train Loss: 1.2528
2025-07-23 11:53:59,317 - INFO - Valid Loss: 1.3882, Cat Acc: 0.4808
2025-07-23 11:53:59,317 - INFO - Ord Acc: 0.8493, MAE: 0.6873, QWK: 0.6209
2025-07-23 11:53:59,317 - INFO - Pred Consistency: 0.3841, Ranking Acc: 0.6429
2025-07-23 11:53:59,317 - INFO - Dist Consistency: 0.6602
2025-07-23 11:53:59,317 - INFO - Learning Rate: 0.000063
2025-07-23 11:53:59,320 - INFO - Training completed! Best valid accuracy: 0.4843
