2025-07-23 11:27:28,781 - INFO - Training Deep-GPCM on synthetic_OC
2025-07-23 11:27:28,781 - INFO - Device: cpu, Categories: None, Loss: ordinal, Embedding: ordered
2025-07-23 11:27:28,782 - INFO - Loading training data...
2025-07-23 11:27:28,783 - INFO - Train data: 160 sequences, 4 categories
2025-07-23 11:27:28,784 - INFO - Loading test data...
2025-07-23 11:27:28,784 - INFO - Test data: 40 sequences
2025-07-23 11:27:28,784 - INFO - Detected 29 unique questions
2025-07-23 11:27:29,423 - INFO - Starting training...
2025-07-23 11:27:29,424 - INFO - Epoch 1/20
2025-07-23 11:27:30,817 - INFO - Train Loss: 2.0931
2025-07-23 11:27:30,818 - INFO - Valid Loss: 1.8947, Cat Acc: 0.2274
2025-07-23 11:27:30,818 - INFO - Ord Acc: 0.7753, MAE: 1.0035, QWK: 0.1794
2025-07-23 11:27:30,818 - INFO - Pred Consistency: 0.2239, Ranking Acc: 0.2353
2025-07-23 11:27:30,818 - INFO - Dist Consistency: 0.5595
2025-07-23 11:27:30,818 - INFO - Learning Rate: 0.001000
2025-07-23 11:27:30,841 - INFO - New best model saved! Valid Acc: 0.2274
2025-07-23 11:27:30,841 - INFO - Epoch 2/20
2025-07-23 11:27:31,814 - INFO - Train Loss: 1.8839
2025-07-23 11:27:31,814 - INFO - Valid Loss: 1.7607, Cat Acc: 0.2483
2025-07-23 11:27:31,814 - INFO - Ord Acc: 0.8267, MAE: 0.9268, QWK: 0.2858
2025-07-23 11:27:31,814 - INFO - Pred Consistency: 0.2439, Ranking Acc: 0.4082
2025-07-23 11:27:31,814 - INFO - Dist Consistency: 0.5730
2025-07-23 11:27:31,814 - INFO - Learning Rate: 0.001000
2025-07-23 11:27:31,821 - INFO - New best model saved! Valid Acc: 0.2483
2025-07-23 11:27:31,822 - INFO - Epoch 3/20
2025-07-23 11:27:32,687 - INFO - Train Loss: 1.7418
2025-07-23 11:27:32,687 - INFO - Valid Loss: 1.6972, Cat Acc: 0.2709
2025-07-23 11:27:32,688 - INFO - Ord Acc: 0.8153, MAE: 0.9164, QWK: 0.3355
2025-07-23 11:27:32,688 - INFO - Pred Consistency: 0.2535, Ranking Acc: 0.5064
2025-07-23 11:27:32,688 - INFO - Dist Consistency: 0.5842
2025-07-23 11:27:32,688 - INFO - Learning Rate: 0.001000
2025-07-23 11:27:32,695 - INFO - New best model saved! Valid Acc: 0.2709
2025-07-23 11:27:32,695 - INFO - Epoch 4/20
2025-07-23 11:27:33,601 - INFO - Train Loss: 1.6434
2025-07-23 11:27:33,601 - INFO - Valid Loss: 1.6147, Cat Acc: 0.3206
2025-07-23 11:27:33,601 - INFO - Ord Acc: 0.8493, MAE: 0.8345, QWK: 0.4571
2025-07-23 11:27:33,601 - INFO - Pred Consistency: 0.2840, Ranking Acc: 0.5450
2025-07-23 11:27:33,601 - INFO - Dist Consistency: 0.5979
2025-07-23 11:27:33,601 - INFO - Learning Rate: 0.001000
2025-07-23 11:27:33,607 - INFO - New best model saved! Valid Acc: 0.3206
2025-07-23 11:27:33,607 - INFO - Epoch 5/20
2025-07-23 11:27:34,426 - INFO - Train Loss: 1.5515
2025-07-23 11:27:34,426 - INFO - Valid Loss: 1.5527, Cat Acc: 0.3458
2025-07-23 11:27:34,426 - INFO - Ord Acc: 0.8484, MAE: 0.8127, QWK: 0.4982
2025-07-23 11:27:34,426 - INFO - Pred Consistency: 0.3075, Ranking Acc: 0.5627
2025-07-23 11:27:34,426 - INFO - Dist Consistency: 0.6112
2025-07-23 11:27:34,426 - INFO - Learning Rate: 0.001000
2025-07-23 11:27:34,431 - INFO - New best model saved! Valid Acc: 0.3458
2025-07-23 11:27:34,431 - INFO - Epoch 6/20
2025-07-23 11:27:35,245 - INFO - Train Loss: 1.4836
2025-07-23 11:27:35,245 - INFO - Valid Loss: 1.5182, Cat Acc: 0.3885
2025-07-23 11:27:35,245 - INFO - Ord Acc: 0.8580, MAE: 0.7639, QWK: 0.5603
2025-07-23 11:27:35,246 - INFO - Pred Consistency: 0.3258, Ranking Acc: 0.5831
2025-07-23 11:27:35,246 - INFO - Dist Consistency: 0.6215
2025-07-23 11:27:35,246 - INFO - Learning Rate: 0.001000
2025-07-23 11:27:35,253 - INFO - New best model saved! Valid Acc: 0.3885
2025-07-23 11:27:35,253 - INFO - Epoch 7/20
2025-07-23 11:27:36,085 - INFO - Train Loss: 1.4158
2025-07-23 11:27:36,085 - INFO - Valid Loss: 1.4864, Cat Acc: 0.4181
2025-07-23 11:27:36,085 - INFO - Ord Acc: 0.8580, MAE: 0.7413, QWK: 0.5774
2025-07-23 11:27:36,086 - INFO - Pred Consistency: 0.3493, Ranking Acc: 0.5948
2025-07-23 11:27:36,086 - INFO - Dist Consistency: 0.6316
2025-07-23 11:27:36,086 - INFO - Learning Rate: 0.001000
2025-07-23 11:27:36,090 - INFO - New best model saved! Valid Acc: 0.4181
2025-07-23 11:27:36,090 - INFO - Epoch 8/20
2025-07-23 11:27:36,947 - INFO - Train Loss: 1.3742
2025-07-23 11:27:36,947 - INFO - Valid Loss: 1.4622, Cat Acc: 0.4329
2025-07-23 11:27:36,948 - INFO - Ord Acc: 0.8519, MAE: 0.7343, QWK: 0.5838
2025-07-23 11:27:36,948 - INFO - Pred Consistency: 0.3667, Ranking Acc: 0.6060
2025-07-23 11:27:36,948 - INFO - Dist Consistency: 0.6406
2025-07-23 11:27:36,948 - INFO - Learning Rate: 0.001000
2025-07-23 11:27:36,959 - INFO - New best model saved! Valid Acc: 0.4329
2025-07-23 11:27:36,959 - INFO - Epoch 9/20
2025-07-23 11:27:37,791 - INFO - Train Loss: 1.3515
2025-07-23 11:27:37,791 - INFO - Valid Loss: 1.4430, Cat Acc: 0.4434
2025-07-23 11:27:37,791 - INFO - Ord Acc: 0.8528, MAE: 0.7247, QWK: 0.5969
2025-07-23 11:27:37,791 - INFO - Pred Consistency: 0.3711, Ranking Acc: 0.6160
2025-07-23 11:27:37,791 - INFO - Dist Consistency: 0.6473
2025-07-23 11:27:37,791 - INFO - Learning Rate: 0.001000
2025-07-23 11:27:37,794 - INFO - New best model saved! Valid Acc: 0.4434
2025-07-23 11:27:37,794 - INFO - Epoch 10/20
2025-07-23 11:27:38,572 - INFO - Train Loss: 1.3244
2025-07-23 11:27:38,572 - INFO - Valid Loss: 1.4245, Cat Acc: 0.4512
2025-07-23 11:27:38,572 - INFO - Ord Acc: 0.8493, MAE: 0.7204, QWK: 0.6003
2025-07-23 11:27:38,572 - INFO - Pred Consistency: 0.3737, Ranking Acc: 0.6255
2025-07-23 11:27:38,572 - INFO - Dist Consistency: 0.6529
2025-07-23 11:27:38,572 - INFO - Learning Rate: 0.001000
2025-07-23 11:27:38,578 - INFO - New best model saved! Valid Acc: 0.4512
2025-07-23 11:27:38,578 - INFO - Epoch 11/20
2025-07-23 11:27:39,404 - INFO - Train Loss: 1.3043
2025-07-23 11:27:39,405 - INFO - Valid Loss: 1.4120, Cat Acc: 0.4521
2025-07-23 11:27:39,405 - INFO - Ord Acc: 0.8484, MAE: 0.7213, QWK: 0.6033
2025-07-23 11:27:39,405 - INFO - Pred Consistency: 0.3763, Ranking Acc: 0.6318
2025-07-23 11:27:39,405 - INFO - Dist Consistency: 0.6565
2025-07-23 11:27:39,405 - INFO - Learning Rate: 0.001000
2025-07-23 11:27:39,408 - INFO - New best model saved! Valid Acc: 0.4521
2025-07-23 11:27:39,408 - INFO - Epoch 12/20
2025-07-23 11:27:40,232 - INFO - Train Loss: 1.2996
2025-07-23 11:27:40,232 - INFO - Valid Loss: 1.4064, Cat Acc: 0.4573
2025-07-23 11:27:40,232 - INFO - Ord Acc: 0.8519, MAE: 0.7125, QWK: 0.6092
2025-07-23 11:27:40,232 - INFO - Pred Consistency: 0.3798, Ranking Acc: 0.6344
2025-07-23 11:27:40,232 - INFO - Dist Consistency: 0.6582
2025-07-23 11:27:40,232 - INFO - Learning Rate: 0.001000
2025-07-23 11:27:40,235 - INFO - New best model saved! Valid Acc: 0.4573
2025-07-23 11:27:40,236 - INFO - Epoch 13/20
2025-07-23 11:27:41,173 - INFO - Train Loss: 1.2885
2025-07-23 11:27:41,174 - INFO - Valid Loss: 1.3960, Cat Acc: 0.4564
2025-07-23 11:27:41,174 - INFO - Ord Acc: 0.8484, MAE: 0.7169, QWK: 0.6025
2025-07-23 11:27:41,174 - INFO - Pred Consistency: 0.3772, Ranking Acc: 0.6382
2025-07-23 11:27:41,174 - INFO - Dist Consistency: 0.6583
2025-07-23 11:27:41,174 - INFO - Learning Rate: 0.001000
2025-07-23 11:27:41,174 - INFO - Epoch 14/20
2025-07-23 11:27:42,074 - INFO - Train Loss: 1.2891
2025-07-23 11:27:42,074 - INFO - Valid Loss: 1.3924, Cat Acc: 0.4625
2025-07-23 11:27:42,074 - INFO - Ord Acc: 0.8510, MAE: 0.7056, QWK: 0.6090
2025-07-23 11:27:42,074 - INFO - Pred Consistency: 0.3815, Ranking Acc: 0.6382
2025-07-23 11:27:42,074 - INFO - Dist Consistency: 0.6576
2025-07-23 11:27:42,074 - INFO - Learning Rate: 0.001000
2025-07-23 11:27:42,080 - INFO - New best model saved! Valid Acc: 0.4625
2025-07-23 11:27:42,080 - INFO - Epoch 15/20
2025-07-23 11:27:42,884 - INFO - Train Loss: 1.2778
2025-07-23 11:27:42,885 - INFO - Valid Loss: 1.3920, Cat Acc: 0.4678
2025-07-23 11:27:42,885 - INFO - Ord Acc: 0.8537, MAE: 0.6977, QWK: 0.6109
2025-07-23 11:27:42,885 - INFO - Pred Consistency: 0.3859, Ranking Acc: 0.6379
2025-07-23 11:27:42,885 - INFO - Dist Consistency: 0.6564
2025-07-23 11:27:42,885 - INFO - Learning Rate: 0.001000
2025-07-23 11:27:42,888 - INFO - New best model saved! Valid Acc: 0.4678
2025-07-23 11:27:42,888 - INFO - Epoch 16/20
2025-07-23 11:27:43,719 - INFO - Train Loss: 1.2721
2025-07-23 11:27:43,719 - INFO - Valid Loss: 1.3908, Cat Acc: 0.4573
2025-07-23 11:27:43,719 - INFO - Ord Acc: 0.8493, MAE: 0.7108, QWK: 0.6042
2025-07-23 11:27:43,719 - INFO - Pred Consistency: 0.3737, Ranking Acc: 0.6376
2025-07-23 11:27:43,719 - INFO - Dist Consistency: 0.6556
2025-07-23 11:27:43,719 - INFO - Learning Rate: 0.001000
2025-07-23 11:27:43,720 - INFO - Epoch 17/20
2025-07-23 11:27:44,597 - INFO - Train Loss: 1.2784
2025-07-23 11:27:44,598 - INFO - Valid Loss: 1.3918, Cat Acc: 0.4538
2025-07-23 11:27:44,598 - INFO - Ord Acc: 0.8493, MAE: 0.7143, QWK: 0.6030
2025-07-23 11:27:44,598 - INFO - Pred Consistency: 0.3728, Ranking Acc: 0.6363
2025-07-23 11:27:44,598 - INFO - Dist Consistency: 0.6557
2025-07-23 11:27:44,598 - INFO - Learning Rate: 0.001000
2025-07-23 11:27:44,598 - INFO - Epoch 18/20
2025-07-23 11:27:45,451 - INFO - Train Loss: 1.2720
2025-07-23 11:27:45,451 - INFO - Valid Loss: 1.3925, Cat Acc: 0.4564
2025-07-23 11:27:45,451 - INFO - Ord Acc: 0.8502, MAE: 0.7099, QWK: 0.6051
2025-07-23 11:27:45,451 - INFO - Pred Consistency: 0.3737, Ranking Acc: 0.6358
2025-07-23 11:27:45,451 - INFO - Dist Consistency: 0.6561
2025-07-23 11:27:45,451 - INFO - Learning Rate: 0.001000
2025-07-23 11:27:45,451 - INFO - Epoch 19/20
2025-07-23 11:27:46,443 - INFO - Train Loss: 1.2716
2025-07-23 11:27:46,444 - INFO - Valid Loss: 1.3940, Cat Acc: 0.4591
2025-07-23 11:27:46,444 - INFO - Ord Acc: 0.8519, MAE: 0.7047, QWK: 0.6108
2025-07-23 11:27:46,444 - INFO - Pred Consistency: 0.3772, Ranking Acc: 0.6353
2025-07-23 11:27:46,444 - INFO - Dist Consistency: 0.6564
2025-07-23 11:27:46,444 - INFO - Learning Rate: 0.001000
2025-07-23 11:27:46,444 - INFO - Epoch 20/20
2025-07-23 11:27:47,444 - INFO - Train Loss: 1.2806
2025-07-23 11:27:47,444 - INFO - Valid Loss: 1.3947, Cat Acc: 0.4634
2025-07-23 11:27:47,444 - INFO - Ord Acc: 0.8493, MAE: 0.7021, QWK: 0.6120
2025-07-23 11:27:47,444 - INFO - Pred Consistency: 0.3728, Ranking Acc: 0.6362
2025-07-23 11:27:47,444 - INFO - Dist Consistency: 0.6563
2025-07-23 11:27:47,444 - INFO - Learning Rate: 0.001000
2025-07-23 11:27:47,446 - INFO - Training completed! Best valid accuracy: 0.4678
