2025-07-23 11:34:48,859 - INFO - Training Deep-GPCM on synthetic_OC
2025-07-23 11:34:48,859 - INFO - Device: cpu, Categories: None, Loss: ordinal, Embedding: linear_decay
2025-07-23 11:34:48,859 - INFO - Loading training data...
2025-07-23 11:34:48,861 - INFO - Train data: 160 sequences, 4 categories
2025-07-23 11:34:48,861 - INFO - Loading test data...
2025-07-23 11:34:48,861 - INFO - Test data: 40 sequences
2025-07-23 11:34:48,861 - INFO - Detected 29 unique questions
2025-07-23 11:34:49,392 - INFO - Starting training...
2025-07-23 11:34:49,392 - INFO - Epoch 1/50
2025-07-23 11:34:50,633 - INFO - Train Loss: 2.0130
2025-07-23 11:34:50,633 - INFO - Valid Loss: 1.9203, Cat Acc: 0.2143
2025-07-23 11:34:50,633 - INFO - Ord Acc: 0.7422, MAE: 1.0453, QWK: 0.1132
2025-07-23 11:34:50,633 - INFO - Pred Consistency: 0.2082, Ranking Acc: 0.2233
2025-07-23 11:34:50,633 - INFO - Dist Consistency: 0.5588
2025-07-23 11:34:50,633 - INFO - Learning Rate: 0.001000
2025-07-23 11:34:50,641 - INFO - New best model saved! Valid Acc: 0.2143
2025-07-23 11:34:50,641 - INFO - Epoch 2/50
2025-07-23 11:34:51,654 - INFO - Train Loss: 1.8199
2025-07-23 11:34:51,654 - INFO - Valid Loss: 1.7684, Cat Acc: 0.2456
2025-07-23 11:34:51,654 - INFO - Ord Acc: 0.7918, MAE: 0.9652, QWK: 0.2400
2025-07-23 11:34:51,654 - INFO - Pred Consistency: 0.2413, Ranking Acc: 0.4021
2025-07-23 11:34:51,654 - INFO - Dist Consistency: 0.5734
2025-07-23 11:34:51,654 - INFO - Learning Rate: 0.001000
2025-07-23 11:34:51,659 - INFO - New best model saved! Valid Acc: 0.2456
2025-07-23 11:34:51,659 - INFO - Epoch 3/50
2025-07-23 11:34:52,879 - INFO - Train Loss: 1.6798
2025-07-23 11:34:52,879 - INFO - Valid Loss: 1.6828, Cat Acc: 0.3049
2025-07-23 11:34:52,879 - INFO - Ord Acc: 0.8284, MAE: 0.8737, QWK: 0.3959
2025-07-23 11:34:52,879 - INFO - Pred Consistency: 0.2683, Ranking Acc: 0.4856
2025-07-23 11:34:52,879 - INFO - Dist Consistency: 0.5888
2025-07-23 11:34:52,879 - INFO - Learning Rate: 0.001000
2025-07-23 11:34:52,897 - INFO - New best model saved! Valid Acc: 0.3049
2025-07-23 11:34:52,897 - INFO - Epoch 4/50
2025-07-23 11:34:53,873 - INFO - Train Loss: 1.5647
2025-07-23 11:34:53,873 - INFO - Valid Loss: 1.5875, Cat Acc: 0.3554
2025-07-23 11:34:53,873 - INFO - Ord Acc: 0.8406, MAE: 0.8118, QWK: 0.4857
2025-07-23 11:34:53,873 - INFO - Pred Consistency: 0.3136, Ranking Acc: 0.5375
2025-07-23 11:34:53,873 - INFO - Dist Consistency: 0.6074
2025-07-23 11:34:53,873 - INFO - Learning Rate: 0.001000
2025-07-23 11:34:53,879 - INFO - New best model saved! Valid Acc: 0.3554
2025-07-23 11:34:53,879 - INFO - Epoch 5/50
2025-07-23 11:34:54,799 - INFO - Train Loss: 1.4823
2025-07-23 11:34:54,800 - INFO - Valid Loss: 1.5367, Cat Acc: 0.3990
2025-07-23 11:34:54,800 - INFO - Ord Acc: 0.8476, MAE: 0.7657, QWK: 0.5470
2025-07-23 11:34:54,800 - INFO - Pred Consistency: 0.3301, Ranking Acc: 0.5701
2025-07-23 11:34:54,800 - INFO - Dist Consistency: 0.6232
2025-07-23 11:34:54,800 - INFO - Learning Rate: 0.001000
2025-07-23 11:34:54,807 - INFO - New best model saved! Valid Acc: 0.3990
2025-07-23 11:34:54,808 - INFO - Epoch 6/50
2025-07-23 11:34:55,776 - INFO - Train Loss: 1.4352
2025-07-23 11:34:55,776 - INFO - Valid Loss: 1.5025, Cat Acc: 0.4338
2025-07-23 11:34:55,776 - INFO - Ord Acc: 0.8449, MAE: 0.7387, QWK: 0.5787
2025-07-23 11:34:55,776 - INFO - Pred Consistency: 0.3545, Ranking Acc: 0.5906
2025-07-23 11:34:55,776 - INFO - Dist Consistency: 0.6361
2025-07-23 11:34:55,776 - INFO - Learning Rate: 0.001000
2025-07-23 11:34:55,782 - INFO - New best model saved! Valid Acc: 0.4338
2025-07-23 11:34:55,782 - INFO - Epoch 7/50
2025-07-23 11:34:56,747 - INFO - Train Loss: 1.3816
2025-07-23 11:34:56,747 - INFO - Valid Loss: 1.4933, Cat Acc: 0.4390
2025-07-23 11:34:56,747 - INFO - Ord Acc: 0.8354, MAE: 0.7491, QWK: 0.5737
2025-07-23 11:34:56,747 - INFO - Pred Consistency: 0.3667, Ranking Acc: 0.6037
2025-07-23 11:34:56,748 - INFO - Dist Consistency: 0.6444
2025-07-23 11:34:56,748 - INFO - Learning Rate: 0.001000
2025-07-23 11:34:56,757 - INFO - New best model saved! Valid Acc: 0.4390
2025-07-23 11:34:56,757 - INFO - Epoch 8/50
2025-07-23 11:34:57,727 - INFO - Train Loss: 1.3431
2025-07-23 11:34:57,727 - INFO - Valid Loss: 1.4476, Cat Acc: 0.4486
2025-07-23 11:34:57,727 - INFO - Ord Acc: 0.8406, MAE: 0.7334, QWK: 0.5913
2025-07-23 11:34:57,727 - INFO - Pred Consistency: 0.3693, Ranking Acc: 0.6222
2025-07-23 11:34:57,727 - INFO - Dist Consistency: 0.6492
2025-07-23 11:34:57,727 - INFO - Learning Rate: 0.001000
2025-07-23 11:34:57,732 - INFO - New best model saved! Valid Acc: 0.4486
2025-07-23 11:34:57,732 - INFO - Epoch 9/50
2025-07-23 11:34:58,692 - INFO - Train Loss: 1.3203
2025-07-23 11:34:58,693 - INFO - Valid Loss: 1.4311, Cat Acc: 0.4721
2025-07-23 11:34:58,693 - INFO - Ord Acc: 0.8510, MAE: 0.6995, QWK: 0.6104
2025-07-23 11:34:58,693 - INFO - Pred Consistency: 0.3920, Ranking Acc: 0.6298
2025-07-23 11:34:58,693 - INFO - Dist Consistency: 0.6528
2025-07-23 11:34:58,693 - INFO - Learning Rate: 0.001000
2025-07-23 11:34:58,697 - INFO - New best model saved! Valid Acc: 0.4721
2025-07-23 11:34:58,697 - INFO - Epoch 10/50
2025-07-23 11:34:59,679 - INFO - Train Loss: 1.2973
2025-07-23 11:34:59,679 - INFO - Valid Loss: 1.4086, Cat Acc: 0.4634
2025-07-23 11:34:59,679 - INFO - Ord Acc: 0.8554, MAE: 0.7021, QWK: 0.6121
2025-07-23 11:34:59,679 - INFO - Pred Consistency: 0.3798, Ranking Acc: 0.6371
2025-07-23 11:34:59,679 - INFO - Dist Consistency: 0.6549
2025-07-23 11:34:59,679 - INFO - Learning Rate: 0.001000
2025-07-23 11:34:59,679 - INFO - Epoch 11/50
2025-07-23 11:35:00,652 - INFO - Train Loss: 1.2859
2025-07-23 11:35:00,652 - INFO - Valid Loss: 1.4008, Cat Acc: 0.4721
2025-07-23 11:35:00,652 - INFO - Ord Acc: 0.8615, MAE: 0.6864, QWK: 0.6188
2025-07-23 11:35:00,652 - INFO - Pred Consistency: 0.3815, Ranking Acc: 0.6400
2025-07-23 11:35:00,652 - INFO - Dist Consistency: 0.6560
2025-07-23 11:35:00,652 - INFO - Learning Rate: 0.001000
2025-07-23 11:35:00,652 - INFO - Epoch 12/50
2025-07-23 11:35:01,639 - INFO - Train Loss: 1.2822
2025-07-23 11:35:01,639 - INFO - Valid Loss: 1.4039, Cat Acc: 0.4721
2025-07-23 11:35:01,639 - INFO - Ord Acc: 0.8606, MAE: 0.6899, QWK: 0.6169
2025-07-23 11:35:01,639 - INFO - Pred Consistency: 0.3859, Ranking Acc: 0.6396
2025-07-23 11:35:01,639 - INFO - Dist Consistency: 0.6578
2025-07-23 11:35:01,639 - INFO - Learning Rate: 0.001000
2025-07-23 11:35:01,639 - INFO - Epoch 13/50
2025-07-23 11:35:02,698 - INFO - Train Loss: 1.2757
2025-07-23 11:35:02,698 - INFO - Valid Loss: 1.3952, Cat Acc: 0.4704
2025-07-23 11:35:02,698 - INFO - Ord Acc: 0.8580, MAE: 0.6890, QWK: 0.6211
2025-07-23 11:35:02,698 - INFO - Pred Consistency: 0.3780, Ranking Acc: 0.6440
2025-07-23 11:35:02,698 - INFO - Dist Consistency: 0.6586
2025-07-23 11:35:02,698 - INFO - Learning Rate: 0.001000
2025-07-23 11:35:02,698 - INFO - Epoch 14/50
2025-07-23 11:35:03,686 - INFO - Train Loss: 1.2791
2025-07-23 11:35:03,686 - INFO - Valid Loss: 1.3963, Cat Acc: 0.4739
2025-07-23 11:35:03,686 - INFO - Ord Acc: 0.8571, MAE: 0.6882, QWK: 0.6206
2025-07-23 11:35:03,686 - INFO - Pred Consistency: 0.3859, Ranking Acc: 0.6427
2025-07-23 11:35:03,686 - INFO - Dist Consistency: 0.6601
2025-07-23 11:35:03,686 - INFO - Learning Rate: 0.001000
2025-07-23 11:35:03,691 - INFO - New best model saved! Valid Acc: 0.4739
2025-07-23 11:35:03,691 - INFO - Epoch 15/50
2025-07-23 11:35:04,649 - INFO - Train Loss: 1.2682
2025-07-23 11:35:04,649 - INFO - Valid Loss: 1.3900, Cat Acc: 0.4739
2025-07-23 11:35:04,649 - INFO - Ord Acc: 0.8589, MAE: 0.6855, QWK: 0.6236
2025-07-23 11:35:04,650 - INFO - Pred Consistency: 0.3868, Ranking Acc: 0.6442
2025-07-23 11:35:04,650 - INFO - Dist Consistency: 0.6603
2025-07-23 11:35:04,650 - INFO - Learning Rate: 0.001000
2025-07-23 11:35:04,650 - INFO - Epoch 16/50
2025-07-23 11:35:05,616 - INFO - Train Loss: 1.2607
2025-07-23 11:35:05,617 - INFO - Valid Loss: 1.3886, Cat Acc: 0.4774
2025-07-23 11:35:05,617 - INFO - Ord Acc: 0.8606, MAE: 0.6794, QWK: 0.6275
2025-07-23 11:35:05,617 - INFO - Pred Consistency: 0.3876, Ranking Acc: 0.6447
2025-07-23 11:35:05,617 - INFO - Dist Consistency: 0.6601
2025-07-23 11:35:05,617 - INFO - Learning Rate: 0.001000
2025-07-23 11:35:05,622 - INFO - New best model saved! Valid Acc: 0.4774
2025-07-23 11:35:05,622 - INFO - Epoch 17/50
2025-07-23 11:35:06,599 - INFO - Train Loss: 1.2687
2025-07-23 11:35:06,599 - INFO - Valid Loss: 1.3910, Cat Acc: 0.4634
2025-07-23 11:35:06,599 - INFO - Ord Acc: 0.8580, MAE: 0.6943, QWK: 0.6244
2025-07-23 11:35:06,599 - INFO - Pred Consistency: 0.3798, Ranking Acc: 0.6436
2025-07-23 11:35:06,599 - INFO - Dist Consistency: 0.6603
2025-07-23 11:35:06,599 - INFO - Learning Rate: 0.001000
2025-07-23 11:35:06,599 - INFO - Epoch 18/50
2025-07-23 11:35:07,567 - INFO - Train Loss: 1.2586
2025-07-23 11:35:07,567 - INFO - Valid Loss: 1.3899, Cat Acc: 0.4730
2025-07-23 11:35:07,567 - INFO - Ord Acc: 0.8571, MAE: 0.6855, QWK: 0.6271
2025-07-23 11:35:07,568 - INFO - Pred Consistency: 0.3833, Ranking Acc: 0.6435
2025-07-23 11:35:07,568 - INFO - Dist Consistency: 0.6600
2025-07-23 11:35:07,568 - INFO - Learning Rate: 0.001000
2025-07-23 11:35:07,568 - INFO - Epoch 19/50
2025-07-23 11:35:08,497 - INFO - Train Loss: 1.2596
2025-07-23 11:35:08,497 - INFO - Valid Loss: 1.3891, Cat Acc: 0.4808
2025-07-23 11:35:08,497 - INFO - Ord Acc: 0.8606, MAE: 0.6733, QWK: 0.6346
2025-07-23 11:35:08,497 - INFO - Pred Consistency: 0.3902, Ranking Acc: 0.6438
2025-07-23 11:35:08,497 - INFO - Dist Consistency: 0.6597
2025-07-23 11:35:08,497 - INFO - Learning Rate: 0.001000
2025-07-23 11:35:08,502 - INFO - New best model saved! Valid Acc: 0.4808
2025-07-23 11:35:08,502 - INFO - Epoch 20/50
2025-07-23 11:35:09,450 - INFO - Train Loss: 1.2646
2025-07-23 11:35:09,450 - INFO - Valid Loss: 1.3889, Cat Acc: 0.4800
2025-07-23 11:35:09,450 - INFO - Ord Acc: 0.8589, MAE: 0.6768, QWK: 0.6321
2025-07-23 11:35:09,450 - INFO - Pred Consistency: 0.3894, Ranking Acc: 0.6436
2025-07-23 11:35:09,450 - INFO - Dist Consistency: 0.6595
2025-07-23 11:35:09,450 - INFO - Learning Rate: 0.001000
2025-07-23 11:35:09,450 - INFO - Epoch 21/50
2025-07-23 11:35:10,586 - INFO - Train Loss: 1.2624
2025-07-23 11:35:10,586 - INFO - Valid Loss: 1.3923, Cat Acc: 0.4756
2025-07-23 11:35:10,586 - INFO - Ord Acc: 0.8554, MAE: 0.6873, QWK: 0.6230
2025-07-23 11:35:10,586 - INFO - Pred Consistency: 0.3894, Ranking Acc: 0.6427
2025-07-23 11:35:10,586 - INFO - Dist Consistency: 0.6591
2025-07-23 11:35:10,586 - INFO - Learning Rate: 0.001000
2025-07-23 11:35:10,586 - INFO - Epoch 22/50
2025-07-23 11:35:11,556 - INFO - Train Loss: 1.2567
2025-07-23 11:35:11,556 - INFO - Valid Loss: 1.3850, Cat Acc: 0.4808
2025-07-23 11:35:11,556 - INFO - Ord Acc: 0.8571, MAE: 0.6777, QWK: 0.6289
2025-07-23 11:35:11,557 - INFO - Pred Consistency: 0.3859, Ranking Acc: 0.6451
2025-07-23 11:35:11,557 - INFO - Dist Consistency: 0.6587
2025-07-23 11:35:11,557 - INFO - Learning Rate: 0.001000
2025-07-23 11:35:11,557 - INFO - Epoch 23/50
2025-07-23 11:35:12,514 - INFO - Train Loss: 1.2598
2025-07-23 11:35:12,514 - INFO - Valid Loss: 1.3888, Cat Acc: 0.4730
2025-07-23 11:35:12,514 - INFO - Ord Acc: 0.8598, MAE: 0.6855, QWK: 0.6247
2025-07-23 11:35:12,514 - INFO - Pred Consistency: 0.3859, Ranking Acc: 0.6436
2025-07-23 11:35:12,514 - INFO - Dist Consistency: 0.6586
2025-07-23 11:35:12,514 - INFO - Learning Rate: 0.001000
2025-07-23 11:35:12,514 - INFO - Epoch 24/50
2025-07-23 11:35:13,621 - INFO - Train Loss: 1.2501
2025-07-23 11:35:13,622 - INFO - Valid Loss: 1.3854, Cat Acc: 0.4826
2025-07-23 11:35:13,622 - INFO - Ord Acc: 0.8554, MAE: 0.6794, QWK: 0.6253
2025-07-23 11:35:13,622 - INFO - Pred Consistency: 0.3885, Ranking Acc: 0.6442
2025-07-23 11:35:13,622 - INFO - Dist Consistency: 0.6585
2025-07-23 11:35:13,622 - INFO - Learning Rate: 0.001000
2025-07-23 11:35:13,627 - INFO - New best model saved! Valid Acc: 0.4826
2025-07-23 11:35:13,627 - INFO - Epoch 25/50
2025-07-23 11:35:14,679 - INFO - Train Loss: 1.2532
2025-07-23 11:35:14,679 - INFO - Valid Loss: 1.3882, Cat Acc: 0.4826
2025-07-23 11:35:14,679 - INFO - Ord Acc: 0.8528, MAE: 0.6803, QWK: 0.6244
2025-07-23 11:35:14,679 - INFO - Pred Consistency: 0.3876, Ranking Acc: 0.6424
2025-07-23 11:35:14,679 - INFO - Dist Consistency: 0.6584
2025-07-23 11:35:14,679 - INFO - Learning Rate: 0.001000
2025-07-23 11:35:14,679 - INFO - Epoch 26/50
2025-07-23 11:35:15,682 - INFO - Train Loss: 1.2489
2025-07-23 11:35:15,682 - INFO - Valid Loss: 1.3987, Cat Acc: 0.4695
2025-07-23 11:35:15,682 - INFO - Ord Acc: 0.8528, MAE: 0.6977, QWK: 0.6144
2025-07-23 11:35:15,682 - INFO - Pred Consistency: 0.3833, Ranking Acc: 0.6394
2025-07-23 11:35:15,682 - INFO - Dist Consistency: 0.6589
2025-07-23 11:35:15,682 - INFO - Learning Rate: 0.001000
2025-07-23 11:35:15,682 - INFO - Epoch 27/50
2025-07-23 11:35:16,701 - INFO - Train Loss: 1.2518
2025-07-23 11:35:16,701 - INFO - Valid Loss: 1.3921, Cat Acc: 0.4747
2025-07-23 11:35:16,701 - INFO - Ord Acc: 0.8537, MAE: 0.6882, QWK: 0.6223
2025-07-23 11:35:16,701 - INFO - Pred Consistency: 0.3798, Ranking Acc: 0.6418
2025-07-23 11:35:16,701 - INFO - Dist Consistency: 0.6593
2025-07-23 11:35:16,701 - INFO - Learning Rate: 0.001000
2025-07-23 11:35:16,701 - INFO - Epoch 28/50
2025-07-23 11:35:18,381 - INFO - Train Loss: 1.2578
2025-07-23 11:35:18,381 - INFO - Valid Loss: 1.3921, Cat Acc: 0.4704
2025-07-23 11:35:18,381 - INFO - Ord Acc: 0.8484, MAE: 0.7003, QWK: 0.6135
2025-07-23 11:35:18,381 - INFO - Pred Consistency: 0.3763, Ranking Acc: 0.6408
2025-07-23 11:35:18,381 - INFO - Dist Consistency: 0.6601
2025-07-23 11:35:18,381 - INFO - Learning Rate: 0.000500
2025-07-23 11:35:18,382 - INFO - Epoch 29/50
2025-07-23 11:35:19,482 - INFO - Train Loss: 1.2522
2025-07-23 11:35:19,482 - INFO - Valid Loss: 1.3924, Cat Acc: 0.4730
2025-07-23 11:35:19,482 - INFO - Ord Acc: 0.8528, MAE: 0.6951, QWK: 0.6181
2025-07-23 11:35:19,482 - INFO - Pred Consistency: 0.3798, Ranking Acc: 0.6412
2025-07-23 11:35:19,482 - INFO - Dist Consistency: 0.6603
2025-07-23 11:35:19,482 - INFO - Learning Rate: 0.000500
2025-07-23 11:35:19,482 - INFO - Epoch 30/50
2025-07-23 11:35:20,443 - INFO - Train Loss: 1.2541
2025-07-23 11:35:20,443 - INFO - Valid Loss: 1.3914, Cat Acc: 0.4713
2025-07-23 11:35:20,443 - INFO - Ord Acc: 0.8537, MAE: 0.6951, QWK: 0.6180
2025-07-23 11:35:20,444 - INFO - Pred Consistency: 0.3780, Ranking Acc: 0.6417
2025-07-23 11:35:20,444 - INFO - Dist Consistency: 0.6603
2025-07-23 11:35:20,444 - INFO - Learning Rate: 0.000500
2025-07-23 11:35:20,444 - INFO - Epoch 31/50
2025-07-23 11:35:21,528 - INFO - Train Loss: 1.2670
2025-07-23 11:35:21,528 - INFO - Valid Loss: 1.3898, Cat Acc: 0.4730
2025-07-23 11:35:21,528 - INFO - Ord Acc: 0.8519, MAE: 0.6934, QWK: 0.6192
2025-07-23 11:35:21,528 - INFO - Pred Consistency: 0.3789, Ranking Acc: 0.6425
2025-07-23 11:35:21,528 - INFO - Dist Consistency: 0.6603
2025-07-23 11:35:21,528 - INFO - Learning Rate: 0.000500
2025-07-23 11:35:21,528 - INFO - Epoch 32/50
2025-07-23 11:35:22,475 - INFO - Train Loss: 1.2463
2025-07-23 11:35:22,475 - INFO - Valid Loss: 1.3892, Cat Acc: 0.4765
2025-07-23 11:35:22,475 - INFO - Ord Acc: 0.8528, MAE: 0.6882, QWK: 0.6223
2025-07-23 11:35:22,475 - INFO - Pred Consistency: 0.3807, Ranking Acc: 0.6425
2025-07-23 11:35:22,475 - INFO - Dist Consistency: 0.6602
2025-07-23 11:35:22,475 - INFO - Learning Rate: 0.000500
2025-07-23 11:35:22,475 - INFO - Epoch 33/50
2025-07-23 11:35:23,403 - INFO - Train Loss: 1.2423
2025-07-23 11:35:23,403 - INFO - Valid Loss: 1.3889, Cat Acc: 0.4826
2025-07-23 11:35:23,403 - INFO - Ord Acc: 0.8519, MAE: 0.6821, QWK: 0.6256
2025-07-23 11:35:23,403 - INFO - Pred Consistency: 0.3859, Ranking Acc: 0.6426
2025-07-23 11:35:23,403 - INFO - Dist Consistency: 0.6601
2025-07-23 11:35:23,403 - INFO - Learning Rate: 0.000500
2025-07-23 11:35:23,403 - INFO - Epoch 34/50
2025-07-23 11:35:24,412 - INFO - Train Loss: 1.2478
2025-07-23 11:35:24,413 - INFO - Valid Loss: 1.3888, Cat Acc: 0.4826
2025-07-23 11:35:24,413 - INFO - Ord Acc: 0.8537, MAE: 0.6812, QWK: 0.6251
2025-07-23 11:35:24,413 - INFO - Pred Consistency: 0.3876, Ranking Acc: 0.6423
2025-07-23 11:35:24,413 - INFO - Dist Consistency: 0.6599
2025-07-23 11:35:24,413 - INFO - Learning Rate: 0.000250
2025-07-23 11:35:24,413 - INFO - Epoch 35/50
2025-07-23 11:35:25,355 - INFO - Train Loss: 1.2555
2025-07-23 11:35:25,355 - INFO - Valid Loss: 1.3896, Cat Acc: 0.4800
2025-07-23 11:35:25,356 - INFO - Ord Acc: 0.8537, MAE: 0.6821, QWK: 0.6267
2025-07-23 11:35:25,356 - INFO - Pred Consistency: 0.3876, Ranking Acc: 0.6420
2025-07-23 11:35:25,356 - INFO - Dist Consistency: 0.6599
2025-07-23 11:35:25,356 - INFO - Learning Rate: 0.000250
2025-07-23 11:35:25,356 - INFO - Epoch 36/50
2025-07-23 11:35:26,303 - INFO - Train Loss: 1.2507
2025-07-23 11:35:26,303 - INFO - Valid Loss: 1.3902, Cat Acc: 0.4800
2025-07-23 11:35:26,303 - INFO - Ord Acc: 0.8545, MAE: 0.6812, QWK: 0.6276
2025-07-23 11:35:26,303 - INFO - Pred Consistency: 0.3876, Ranking Acc: 0.6417
2025-07-23 11:35:26,303 - INFO - Dist Consistency: 0.6598
2025-07-23 11:35:26,303 - INFO - Learning Rate: 0.000250
2025-07-23 11:35:26,303 - INFO - Epoch 37/50
2025-07-23 11:35:27,214 - INFO - Train Loss: 1.2507
2025-07-23 11:35:27,214 - INFO - Valid Loss: 1.3912, Cat Acc: 0.4834
2025-07-23 11:35:27,214 - INFO - Ord Acc: 0.8528, MAE: 0.6812, QWK: 0.6249
2025-07-23 11:35:27,214 - INFO - Pred Consistency: 0.3902, Ranking Acc: 0.6415
2025-07-23 11:35:27,215 - INFO - Dist Consistency: 0.6598
2025-07-23 11:35:27,215 - INFO - Learning Rate: 0.000250
2025-07-23 11:35:27,219 - INFO - New best model saved! Valid Acc: 0.4834
2025-07-23 11:35:27,219 - INFO - Epoch 38/50
2025-07-23 11:35:28,130 - INFO - Train Loss: 1.2468
2025-07-23 11:35:28,130 - INFO - Valid Loss: 1.3907, Cat Acc: 0.4817
2025-07-23 11:35:28,130 - INFO - Ord Acc: 0.8545, MAE: 0.6812, QWK: 0.6255
2025-07-23 11:35:28,130 - INFO - Pred Consistency: 0.3894, Ranking Acc: 0.6416
2025-07-23 11:35:28,130 - INFO - Dist Consistency: 0.6598
2025-07-23 11:35:28,130 - INFO - Learning Rate: 0.000250
2025-07-23 11:35:28,130 - INFO - Epoch 39/50
2025-07-23 11:35:29,036 - INFO - Train Loss: 1.2452
2025-07-23 11:35:29,036 - INFO - Valid Loss: 1.3893, Cat Acc: 0.4800
2025-07-23 11:35:29,036 - INFO - Ord Acc: 0.8528, MAE: 0.6829, QWK: 0.6261
2025-07-23 11:35:29,037 - INFO - Pred Consistency: 0.3859, Ranking Acc: 0.6424
2025-07-23 11:35:29,037 - INFO - Dist Consistency: 0.6599
2025-07-23 11:35:29,037 - INFO - Learning Rate: 0.000250
2025-07-23 11:35:29,037 - INFO - Epoch 40/50
2025-07-23 11:35:29,956 - INFO - Train Loss: 1.2488
2025-07-23 11:35:29,956 - INFO - Valid Loss: 1.3891, Cat Acc: 0.4826
2025-07-23 11:35:29,956 - INFO - Ord Acc: 0.8537, MAE: 0.6803, QWK: 0.6266
2025-07-23 11:35:29,956 - INFO - Pred Consistency: 0.3859, Ranking Acc: 0.6426
2025-07-23 11:35:29,956 - INFO - Dist Consistency: 0.6600
2025-07-23 11:35:29,956 - INFO - Learning Rate: 0.000125
2025-07-23 11:35:29,956 - INFO - Epoch 41/50
2025-07-23 11:35:30,811 - INFO - Train Loss: 1.2439
2025-07-23 11:35:30,811 - INFO - Valid Loss: 1.3892, Cat Acc: 0.4843
2025-07-23 11:35:30,811 - INFO - Ord Acc: 0.8537, MAE: 0.6786, QWK: 0.6277
2025-07-23 11:35:30,811 - INFO - Pred Consistency: 0.3885, Ranking Acc: 0.6426
2025-07-23 11:35:30,811 - INFO - Dist Consistency: 0.6600
2025-07-23 11:35:30,811 - INFO - Learning Rate: 0.000125
2025-07-23 11:35:30,815 - INFO - New best model saved! Valid Acc: 0.4843
2025-07-23 11:35:30,815 - INFO - Epoch 42/50
2025-07-23 11:35:31,724 - INFO - Train Loss: 1.2432
2025-07-23 11:35:31,724 - INFO - Valid Loss: 1.3895, Cat Acc: 0.4817
2025-07-23 11:35:31,724 - INFO - Ord Acc: 0.8537, MAE: 0.6812, QWK: 0.6267
2025-07-23 11:35:31,724 - INFO - Pred Consistency: 0.3868, Ranking Acc: 0.6423
2025-07-23 11:35:31,724 - INFO - Dist Consistency: 0.6601
2025-07-23 11:35:31,724 - INFO - Learning Rate: 0.000125
2025-07-23 11:35:31,724 - INFO - Epoch 43/50
2025-07-23 11:35:32,570 - INFO - Train Loss: 1.2460
2025-07-23 11:35:32,570 - INFO - Valid Loss: 1.3892, Cat Acc: 0.4834
2025-07-23 11:35:32,570 - INFO - Ord Acc: 0.8528, MAE: 0.6812, QWK: 0.6251
2025-07-23 11:35:32,570 - INFO - Pred Consistency: 0.3876, Ranking Acc: 0.6424
2025-07-23 11:35:32,570 - INFO - Dist Consistency: 0.6601
2025-07-23 11:35:32,570 - INFO - Learning Rate: 0.000125
2025-07-23 11:35:32,570 - INFO - Epoch 44/50
2025-07-23 11:35:33,447 - INFO - Train Loss: 1.2472
2025-07-23 11:35:33,447 - INFO - Valid Loss: 1.3889, Cat Acc: 0.4834
2025-07-23 11:35:33,447 - INFO - Ord Acc: 0.8528, MAE: 0.6812, QWK: 0.6251
2025-07-23 11:35:33,447 - INFO - Pred Consistency: 0.3876, Ranking Acc: 0.6426
2025-07-23 11:35:33,447 - INFO - Dist Consistency: 0.6602
2025-07-23 11:35:33,447 - INFO - Learning Rate: 0.000125
2025-07-23 11:35:33,447 - INFO - Epoch 45/50
2025-07-23 11:35:34,292 - INFO - Train Loss: 1.2550
2025-07-23 11:35:34,292 - INFO - Valid Loss: 1.3894, Cat Acc: 0.4834
2025-07-23 11:35:34,293 - INFO - Ord Acc: 0.8510, MAE: 0.6829, QWK: 0.6234
2025-07-23 11:35:34,293 - INFO - Pred Consistency: 0.3894, Ranking Acc: 0.6426
2025-07-23 11:35:34,293 - INFO - Dist Consistency: 0.6603
2025-07-23 11:35:34,293 - INFO - Learning Rate: 0.000125
2025-07-23 11:35:34,293 - INFO - Epoch 46/50
2025-07-23 11:35:35,242 - INFO - Train Loss: 1.2463
2025-07-23 11:35:35,242 - INFO - Valid Loss: 1.3897, Cat Acc: 0.4843
2025-07-23 11:35:35,242 - INFO - Ord Acc: 0.8510, MAE: 0.6821, QWK: 0.6234
2025-07-23 11:35:35,242 - INFO - Pred Consistency: 0.3902, Ranking Acc: 0.6425
2025-07-23 11:35:35,242 - INFO - Dist Consistency: 0.6603
2025-07-23 11:35:35,243 - INFO - Learning Rate: 0.000063
2025-07-23 11:35:35,243 - INFO - Epoch 47/50
2025-07-23 11:35:36,092 - INFO - Train Loss: 1.2534
2025-07-23 11:35:36,092 - INFO - Valid Loss: 1.3894, Cat Acc: 0.4834
2025-07-23 11:35:36,092 - INFO - Ord Acc: 0.8510, MAE: 0.6829, QWK: 0.6231
2025-07-23 11:35:36,093 - INFO - Pred Consistency: 0.3885, Ranking Acc: 0.6425
2025-07-23 11:35:36,093 - INFO - Dist Consistency: 0.6603
2025-07-23 11:35:36,093 - INFO - Learning Rate: 0.000063
2025-07-23 11:35:36,093 - INFO - Epoch 48/50
2025-07-23 11:35:36,971 - INFO - Train Loss: 1.2407
2025-07-23 11:35:36,971 - INFO - Valid Loss: 1.3889, Cat Acc: 0.4826
2025-07-23 11:35:36,971 - INFO - Ord Acc: 0.8510, MAE: 0.6838, QWK: 0.6231
2025-07-23 11:35:36,971 - INFO - Pred Consistency: 0.3885, Ranking Acc: 0.6427
2025-07-23 11:35:36,971 - INFO - Dist Consistency: 0.6602
2025-07-23 11:35:36,971 - INFO - Learning Rate: 0.000063
2025-07-23 11:35:36,971 - INFO - Epoch 49/50
2025-07-23 11:35:37,856 - INFO - Train Loss: 1.2592
2025-07-23 11:35:37,856 - INFO - Valid Loss: 1.3884, Cat Acc: 0.4817
2025-07-23 11:35:37,856 - INFO - Ord Acc: 0.8502, MAE: 0.6855, QWK: 0.6219
2025-07-23 11:35:37,856 - INFO - Pred Consistency: 0.3850, Ranking Acc: 0.6429
2025-07-23 11:35:37,856 - INFO - Dist Consistency: 0.6602
2025-07-23 11:35:37,856 - INFO - Learning Rate: 0.000063
2025-07-23 11:35:37,856 - INFO - Epoch 50/50
2025-07-23 11:35:38,717 - INFO - Train Loss: 1.2528
2025-07-23 11:35:38,717 - INFO - Valid Loss: 1.3882, Cat Acc: 0.4808
2025-07-23 11:35:38,717 - INFO - Ord Acc: 0.8493, MAE: 0.6873, QWK: 0.6209
2025-07-23 11:35:38,717 - INFO - Pred Consistency: 0.3841, Ranking Acc: 0.6429
2025-07-23 11:35:38,717 - INFO - Dist Consistency: 0.6602
2025-07-23 11:35:38,717 - INFO - Learning Rate: 0.000063
2025-07-23 11:35:38,718 - INFO - Training completed! Best valid accuracy: 0.4843
