2025-07-23 11:49:53,951 - INFO - Training Deep-GPCM on synthetic_OC
2025-07-23 11:49:53,951 - INFO - Device: cpu, Categories: None, Loss: ordinal, Embedding: adjacent_weighted
2025-07-23 11:49:53,951 - INFO - Loading training data...
2025-07-23 11:49:53,953 - INFO - Train data: 160 sequences, 4 categories
2025-07-23 11:49:53,953 - INFO - Loading test data...
2025-07-23 11:49:53,953 - INFO - Test data: 40 sequences
2025-07-23 11:49:53,954 - INFO - Detected 29 unique questions
2025-07-23 11:49:54,447 - INFO - Starting training...
2025-07-23 11:49:54,447 - INFO - Epoch 1/30
2025-07-23 11:49:55,545 - INFO - Train Loss: 2.0045
2025-07-23 11:49:55,545 - INFO - Valid Loss: 1.9143, Cat Acc: 0.2169
2025-07-23 11:49:55,546 - INFO - Ord Acc: 0.7422, MAE: 1.0436, QWK: 0.1157
2025-07-23 11:49:55,546 - INFO - Pred Consistency: 0.2099, Ranking Acc: 0.2357
2025-07-23 11:49:55,546 - INFO - Dist Consistency: 0.5592
2025-07-23 11:49:55,546 - INFO - Learning Rate: 0.001000
2025-07-23 11:49:55,551 - INFO - New best model saved! Valid Acc: 0.2169
2025-07-23 11:49:55,551 - INFO - Epoch 2/30
2025-07-23 11:49:56,434 - INFO - Train Loss: 1.8190
2025-07-23 11:49:56,434 - INFO - Valid Loss: 1.7713, Cat Acc: 0.2439
2025-07-23 11:49:56,434 - INFO - Ord Acc: 0.7875, MAE: 0.9713, QWK: 0.2276
2025-07-23 11:49:56,434 - INFO - Pred Consistency: 0.2387, Ranking Acc: 0.4092
2025-07-23 11:49:56,434 - INFO - Dist Consistency: 0.5732
2025-07-23 11:49:56,434 - INFO - Learning Rate: 0.001000
2025-07-23 11:49:56,440 - INFO - New best model saved! Valid Acc: 0.2439
2025-07-23 11:49:56,440 - INFO - Epoch 3/30
2025-07-23 11:49:57,451 - INFO - Train Loss: 1.6845
2025-07-23 11:49:57,451 - INFO - Valid Loss: 1.6786, Cat Acc: 0.3005
2025-07-23 11:49:57,452 - INFO - Ord Acc: 0.8362, MAE: 0.8693, QWK: 0.3990
2025-07-23 11:49:57,452 - INFO - Pred Consistency: 0.2648, Ranking Acc: 0.4909
2025-07-23 11:49:57,452 - INFO - Dist Consistency: 0.5887
2025-07-23 11:49:57,452 - INFO - Learning Rate: 0.001000
2025-07-23 11:49:57,456 - INFO - New best model saved! Valid Acc: 0.3005
2025-07-23 11:49:57,456 - INFO - Epoch 4/30
2025-07-23 11:49:58,372 - INFO - Train Loss: 1.5681
2025-07-23 11:49:58,372 - INFO - Valid Loss: 1.5823, Cat Acc: 0.3502
2025-07-23 11:49:58,372 - INFO - Ord Acc: 0.8467, MAE: 0.8110, QWK: 0.4898
2025-07-23 11:49:58,372 - INFO - Pred Consistency: 0.3092, Ranking Acc: 0.5447
2025-07-23 11:49:58,373 - INFO - Dist Consistency: 0.6068
2025-07-23 11:49:58,373 - INFO - Learning Rate: 0.001000
2025-07-23 11:49:58,377 - INFO - New best model saved! Valid Acc: 0.3502
2025-07-23 11:49:58,377 - INFO - Epoch 5/30
2025-07-23 11:49:59,238 - INFO - Train Loss: 1.4795
2025-07-23 11:49:59,238 - INFO - Valid Loss: 1.5249, Cat Acc: 0.4068
2025-07-23 11:49:59,238 - INFO - Ord Acc: 0.8519, MAE: 0.7526, QWK: 0.5522
2025-07-23 11:49:59,238 - INFO - Pred Consistency: 0.3432, Ranking Acc: 0.5768
2025-07-23 11:49:59,238 - INFO - Dist Consistency: 0.6234
2025-07-23 11:49:59,238 - INFO - Learning Rate: 0.001000
2025-07-23 11:49:59,242 - INFO - New best model saved! Valid Acc: 0.4068
2025-07-23 11:49:59,242 - INFO - Epoch 6/30
2025-07-23 11:50:00,152 - INFO - Train Loss: 1.4279
2025-07-23 11:50:00,152 - INFO - Valid Loss: 1.4910, Cat Acc: 0.4338
2025-07-23 11:50:00,152 - INFO - Ord Acc: 0.8476, MAE: 0.7352, QWK: 0.5810
2025-07-23 11:50:00,152 - INFO - Pred Consistency: 0.3571, Ranking Acc: 0.5967
2025-07-23 11:50:00,152 - INFO - Dist Consistency: 0.6370
2025-07-23 11:50:00,152 - INFO - Learning Rate: 0.001000
2025-07-23 11:50:00,157 - INFO - New best model saved! Valid Acc: 0.4338
2025-07-23 11:50:00,157 - INFO - Epoch 7/30
2025-07-23 11:50:01,052 - INFO - Train Loss: 1.3791
2025-07-23 11:50:01,052 - INFO - Valid Loss: 1.4730, Cat Acc: 0.4547
2025-07-23 11:50:01,052 - INFO - Ord Acc: 0.8354, MAE: 0.7308, QWK: 0.5873
2025-07-23 11:50:01,052 - INFO - Pred Consistency: 0.3763, Ranking Acc: 0.6106
2025-07-23 11:50:01,052 - INFO - Dist Consistency: 0.6457
2025-07-23 11:50:01,052 - INFO - Learning Rate: 0.001000
2025-07-23 11:50:01,056 - INFO - New best model saved! Valid Acc: 0.4547
2025-07-23 11:50:01,056 - INFO - Epoch 8/30
2025-07-23 11:50:01,927 - INFO - Train Loss: 1.3425
2025-07-23 11:50:01,927 - INFO - Valid Loss: 1.4404, Cat Acc: 0.4573
2025-07-23 11:50:01,927 - INFO - Ord Acc: 0.8467, MAE: 0.7178, QWK: 0.6027
2025-07-23 11:50:01,927 - INFO - Pred Consistency: 0.3772, Ranking Acc: 0.6245
2025-07-23 11:50:01,927 - INFO - Dist Consistency: 0.6504
2025-07-23 11:50:01,927 - INFO - Learning Rate: 0.001000
2025-07-23 11:50:01,931 - INFO - New best model saved! Valid Acc: 0.4573
2025-07-23 11:50:01,931 - INFO - Epoch 9/30
2025-07-23 11:50:02,845 - INFO - Train Loss: 1.3152
2025-07-23 11:50:02,845 - INFO - Valid Loss: 1.4253, Cat Acc: 0.4678
2025-07-23 11:50:02,845 - INFO - Ord Acc: 0.8537, MAE: 0.6986, QWK: 0.6146
2025-07-23 11:50:02,845 - INFO - Pred Consistency: 0.3850, Ranking Acc: 0.6313
2025-07-23 11:50:02,845 - INFO - Dist Consistency: 0.6533
2025-07-23 11:50:02,845 - INFO - Learning Rate: 0.001000
2025-07-23 11:50:02,849 - INFO - New best model saved! Valid Acc: 0.4678
2025-07-23 11:50:02,849 - INFO - Epoch 10/30
2025-07-23 11:50:03,820 - INFO - Train Loss: 1.2913
2025-07-23 11:50:03,820 - INFO - Valid Loss: 1.4107, Cat Acc: 0.4599
2025-07-23 11:50:03,820 - INFO - Ord Acc: 0.8537, MAE: 0.7073, QWK: 0.6077
2025-07-23 11:50:03,820 - INFO - Pred Consistency: 0.3798, Ranking Acc: 0.6353
2025-07-23 11:50:03,820 - INFO - Dist Consistency: 0.6547
2025-07-23 11:50:03,820 - INFO - Learning Rate: 0.001000
2025-07-23 11:50:03,820 - INFO - Epoch 11/30
2025-07-23 11:50:04,722 - INFO - Train Loss: 1.2803
2025-07-23 11:50:04,722 - INFO - Valid Loss: 1.4071, Cat Acc: 0.4695
2025-07-23 11:50:04,722 - INFO - Ord Acc: 0.8571, MAE: 0.6943, QWK: 0.6147
2025-07-23 11:50:04,722 - INFO - Pred Consistency: 0.3859, Ranking Acc: 0.6351
2025-07-23 11:50:04,722 - INFO - Dist Consistency: 0.6558
2025-07-23 11:50:04,722 - INFO - Learning Rate: 0.001000
2025-07-23 11:50:04,726 - INFO - New best model saved! Valid Acc: 0.4695
2025-07-23 11:50:04,726 - INFO - Epoch 12/30
2025-07-23 11:50:05,605 - INFO - Train Loss: 1.2812
2025-07-23 11:50:05,605 - INFO - Valid Loss: 1.4022, Cat Acc: 0.4695
2025-07-23 11:50:05,605 - INFO - Ord Acc: 0.8598, MAE: 0.6916, QWK: 0.6173
2025-07-23 11:50:05,605 - INFO - Pred Consistency: 0.3841, Ranking Acc: 0.6370
2025-07-23 11:50:05,605 - INFO - Dist Consistency: 0.6571
2025-07-23 11:50:05,605 - INFO - Learning Rate: 0.001000
2025-07-23 11:50:05,605 - INFO - Epoch 13/30
2025-07-23 11:50:06,482 - INFO - Train Loss: 1.2763
2025-07-23 11:50:06,482 - INFO - Valid Loss: 1.3972, Cat Acc: 0.4695
2025-07-23 11:50:06,482 - INFO - Ord Acc: 0.8624, MAE: 0.6855, QWK: 0.6246
2025-07-23 11:50:06,482 - INFO - Pred Consistency: 0.3789, Ranking Acc: 0.6408
2025-07-23 11:50:06,482 - INFO - Dist Consistency: 0.6582
2025-07-23 11:50:06,482 - INFO - Learning Rate: 0.001000
2025-07-23 11:50:06,482 - INFO - Epoch 14/30
2025-07-23 11:50:07,403 - INFO - Train Loss: 1.2749
2025-07-23 11:50:07,403 - INFO - Valid Loss: 1.4050, Cat Acc: 0.4713
2025-07-23 11:50:07,403 - INFO - Ord Acc: 0.8545, MAE: 0.6951, QWK: 0.6147
2025-07-23 11:50:07,403 - INFO - Pred Consistency: 0.3885, Ranking Acc: 0.6403
2025-07-23 11:50:07,403 - INFO - Dist Consistency: 0.6597
2025-07-23 11:50:07,403 - INFO - Learning Rate: 0.001000
2025-07-23 11:50:07,408 - INFO - New best model saved! Valid Acc: 0.4713
2025-07-23 11:50:07,408 - INFO - Epoch 15/30
2025-07-23 11:50:08,302 - INFO - Train Loss: 1.2674
2025-07-23 11:50:08,302 - INFO - Valid Loss: 1.3922, Cat Acc: 0.4800
2025-07-23 11:50:08,302 - INFO - Ord Acc: 0.8632, MAE: 0.6725, QWK: 0.6334
2025-07-23 11:50:08,302 - INFO - Pred Consistency: 0.3929, Ranking Acc: 0.6430
2025-07-23 11:50:08,302 - INFO - Dist Consistency: 0.6603
2025-07-23 11:50:08,302 - INFO - Learning Rate: 0.001000
2025-07-23 11:50:08,306 - INFO - New best model saved! Valid Acc: 0.4800
2025-07-23 11:50:08,306 - INFO - Epoch 16/30
2025-07-23 11:50:09,199 - INFO - Train Loss: 1.2589
2025-07-23 11:50:09,199 - INFO - Valid Loss: 1.3938, Cat Acc: 0.4730
2025-07-23 11:50:09,199 - INFO - Ord Acc: 0.8632, MAE: 0.6803, QWK: 0.6305
2025-07-23 11:50:09,199 - INFO - Pred Consistency: 0.3894, Ranking Acc: 0.6422
2025-07-23 11:50:09,199 - INFO - Dist Consistency: 0.6604
2025-07-23 11:50:09,199 - INFO - Learning Rate: 0.001000
2025-07-23 11:50:09,199 - INFO - Epoch 17/30
2025-07-23 11:50:10,175 - INFO - Train Loss: 1.2660
2025-07-23 11:50:10,175 - INFO - Valid Loss: 1.3955, Cat Acc: 0.4730
2025-07-23 11:50:10,175 - INFO - Ord Acc: 0.8615, MAE: 0.6847, QWK: 0.6255
2025-07-23 11:50:10,175 - INFO - Pred Consistency: 0.3850, Ranking Acc: 0.6413
2025-07-23 11:50:10,176 - INFO - Dist Consistency: 0.6603
2025-07-23 11:50:10,176 - INFO - Learning Rate: 0.001000
2025-07-23 11:50:10,176 - INFO - Epoch 18/30
2025-07-23 11:50:11,392 - INFO - Train Loss: 1.2575
2025-07-23 11:50:11,392 - INFO - Valid Loss: 1.3965, Cat Acc: 0.4730
2025-07-23 11:50:11,392 - INFO - Ord Acc: 0.8598, MAE: 0.6847, QWK: 0.6266
2025-07-23 11:50:11,392 - INFO - Pred Consistency: 0.3833, Ranking Acc: 0.6407
2025-07-23 11:50:11,392 - INFO - Dist Consistency: 0.6598
2025-07-23 11:50:11,392 - INFO - Learning Rate: 0.001000
2025-07-23 11:50:11,392 - INFO - Epoch 19/30
2025-07-23 11:50:12,599 - INFO - Train Loss: 1.2574
2025-07-23 11:50:12,599 - INFO - Valid Loss: 1.3976, Cat Acc: 0.4747
2025-07-23 11:50:12,599 - INFO - Ord Acc: 0.8580, MAE: 0.6838, QWK: 0.6279
2025-07-23 11:50:12,599 - INFO - Pred Consistency: 0.3841, Ranking Acc: 0.6404
2025-07-23 11:50:12,599 - INFO - Dist Consistency: 0.6593
2025-07-23 11:50:12,599 - INFO - Learning Rate: 0.001000
2025-07-23 11:50:12,599 - INFO - Epoch 20/30
2025-07-23 11:50:13,756 - INFO - Train Loss: 1.2629
2025-07-23 11:50:13,756 - INFO - Valid Loss: 1.3954, Cat Acc: 0.4791
2025-07-23 11:50:13,756 - INFO - Ord Acc: 0.8598, MAE: 0.6777, QWK: 0.6296
2025-07-23 11:50:13,756 - INFO - Pred Consistency: 0.3859, Ranking Acc: 0.6404
2025-07-23 11:50:13,756 - INFO - Dist Consistency: 0.6588
2025-07-23 11:50:13,756 - INFO - Learning Rate: 0.001000
2025-07-23 11:50:13,756 - INFO - Epoch 21/30
2025-07-23 11:50:14,933 - INFO - Train Loss: 1.2596
2025-07-23 11:50:14,933 - INFO - Valid Loss: 1.4000, Cat Acc: 0.4730
2025-07-23 11:50:14,933 - INFO - Ord Acc: 0.8545, MAE: 0.6890, QWK: 0.6230
2025-07-23 11:50:14,933 - INFO - Pred Consistency: 0.3885, Ranking Acc: 0.6392
2025-07-23 11:50:14,933 - INFO - Dist Consistency: 0.6582
2025-07-23 11:50:14,933 - INFO - Learning Rate: 0.000500
2025-07-23 11:50:14,933 - INFO - Epoch 22/30
2025-07-23 11:50:15,851 - INFO - Train Loss: 1.2541
2025-07-23 11:50:15,851 - INFO - Valid Loss: 1.3948, Cat Acc: 0.4695
2025-07-23 11:50:15,851 - INFO - Ord Acc: 0.8580, MAE: 0.6890, QWK: 0.6245
2025-07-23 11:50:15,851 - INFO - Pred Consistency: 0.3807, Ranking Acc: 0.6400
2025-07-23 11:50:15,851 - INFO - Dist Consistency: 0.6580
2025-07-23 11:50:15,851 - INFO - Learning Rate: 0.000500
2025-07-23 11:50:15,851 - INFO - Epoch 23/30
2025-07-23 11:50:16,762 - INFO - Train Loss: 1.2564
2025-07-23 11:50:16,762 - INFO - Valid Loss: 1.3947, Cat Acc: 0.4704
2025-07-23 11:50:16,762 - INFO - Ord Acc: 0.8589, MAE: 0.6873, QWK: 0.6241
2025-07-23 11:50:16,762 - INFO - Pred Consistency: 0.3815, Ranking Acc: 0.6397
2025-07-23 11:50:16,762 - INFO - Dist Consistency: 0.6578
2025-07-23 11:50:16,762 - INFO - Learning Rate: 0.000500
2025-07-23 11:50:16,762 - INFO - Epoch 24/30
2025-07-23 11:50:17,690 - INFO - Train Loss: 1.2455
2025-07-23 11:50:17,691 - INFO - Valid Loss: 1.3973, Cat Acc: 0.4765
2025-07-23 11:50:17,691 - INFO - Ord Acc: 0.8545, MAE: 0.6873, QWK: 0.6221
2025-07-23 11:50:17,691 - INFO - Pred Consistency: 0.3868, Ranking Acc: 0.6387
2025-07-23 11:50:17,691 - INFO - Dist Consistency: 0.6578
2025-07-23 11:50:17,691 - INFO - Learning Rate: 0.000500
2025-07-23 11:50:17,691 - INFO - Epoch 25/30
2025-07-23 11:50:18,641 - INFO - Train Loss: 1.2476
2025-07-23 11:50:18,641 - INFO - Valid Loss: 1.3971, Cat Acc: 0.4678
2025-07-23 11:50:18,641 - INFO - Ord Acc: 0.8528, MAE: 0.6960, QWK: 0.6180
2025-07-23 11:50:18,641 - INFO - Pred Consistency: 0.3798, Ranking Acc: 0.6383
2025-07-23 11:50:18,641 - INFO - Dist Consistency: 0.6577
2025-07-23 11:50:18,641 - INFO - Learning Rate: 0.000500
2025-07-23 11:50:18,641 - INFO - Epoch 26/30
2025-07-23 11:50:19,732 - INFO - Train Loss: 1.2456
2025-07-23 11:50:19,732 - INFO - Valid Loss: 1.3982, Cat Acc: 0.4652
2025-07-23 11:50:19,732 - INFO - Ord Acc: 0.8537, MAE: 0.6995, QWK: 0.6157
2025-07-23 11:50:19,732 - INFO - Pred Consistency: 0.3763, Ranking Acc: 0.6376
2025-07-23 11:50:19,732 - INFO - Dist Consistency: 0.6579
2025-07-23 11:50:19,732 - INFO - Learning Rate: 0.000500
2025-07-23 11:50:19,732 - INFO - Epoch 27/30
2025-07-23 11:50:20,635 - INFO - Train Loss: 1.2492
2025-07-23 11:50:20,635 - INFO - Valid Loss: 1.3990, Cat Acc: 0.4643
2025-07-23 11:50:20,635 - INFO - Ord Acc: 0.8528, MAE: 0.7003, QWK: 0.6171
2025-07-23 11:50:20,635 - INFO - Pred Consistency: 0.3772, Ranking Acc: 0.6373
2025-07-23 11:50:20,635 - INFO - Dist Consistency: 0.6581
2025-07-23 11:50:20,635 - INFO - Learning Rate: 0.000250
2025-07-23 11:50:20,635 - INFO - Epoch 28/30
2025-07-23 11:50:21,557 - INFO - Train Loss: 1.2536
2025-07-23 11:50:21,557 - INFO - Valid Loss: 1.3995, Cat Acc: 0.4643
2025-07-23 11:50:21,557 - INFO - Ord Acc: 0.8519, MAE: 0.7021, QWK: 0.6148
2025-07-23 11:50:21,557 - INFO - Pred Consistency: 0.3772, Ranking Acc: 0.6372
2025-07-23 11:50:21,557 - INFO - Dist Consistency: 0.6583
2025-07-23 11:50:21,557 - INFO - Learning Rate: 0.000250
2025-07-23 11:50:21,558 - INFO - Epoch 29/30
2025-07-23 11:50:22,446 - INFO - Train Loss: 1.2516
2025-07-23 11:50:22,447 - INFO - Valid Loss: 1.3990, Cat Acc: 0.4660
2025-07-23 11:50:22,447 - INFO - Ord Acc: 0.8537, MAE: 0.6986, QWK: 0.6179
2025-07-23 11:50:22,447 - INFO - Pred Consistency: 0.3763, Ranking Acc: 0.6374
2025-07-23 11:50:22,447 - INFO - Dist Consistency: 0.6584
2025-07-23 11:50:22,447 - INFO - Learning Rate: 0.000250
2025-07-23 11:50:22,447 - INFO - Epoch 30/30
2025-07-23 11:50:23,344 - INFO - Train Loss: 1.2533
2025-07-23 11:50:23,344 - INFO - Valid Loss: 1.3993, Cat Acc: 0.4652
2025-07-23 11:50:23,344 - INFO - Ord Acc: 0.8510, MAE: 0.7021, QWK: 0.6156
2025-07-23 11:50:23,344 - INFO - Pred Consistency: 0.3754, Ranking Acc: 0.6373
2025-07-23 11:50:23,344 - INFO - Dist Consistency: 0.6585
2025-07-23 11:50:23,344 - INFO - Learning Rate: 0.000250
2025-07-23 11:50:23,345 - INFO - Training completed! Best valid accuracy: 0.4800
