2025-07-23 11:51:31,784 - INFO - Training Deep-GPCM on synthetic_OC
2025-07-23 11:51:31,784 - INFO - Device: cpu, Categories: None, Loss: ordinal, Embedding: ordered
2025-07-23 11:51:31,784 - INFO - Loading training data...
2025-07-23 11:51:31,786 - INFO - Train data: 160 sequences, 4 categories
2025-07-23 11:51:31,786 - INFO - Loading test data...
2025-07-23 11:51:31,786 - INFO - Test data: 40 sequences
2025-07-23 11:51:31,786 - INFO - Detected 29 unique questions
2025-07-23 11:51:32,295 - INFO - Starting training...
2025-07-23 11:51:32,295 - INFO - Epoch 1/50
2025-07-23 11:51:33,483 - INFO - Train Loss: 2.0931
2025-07-23 11:51:33,484 - INFO - Valid Loss: 1.8947, Cat Acc: 0.2274
2025-07-23 11:51:33,484 - INFO - Ord Acc: 0.7753, MAE: 1.0035, QWK: 0.1794
2025-07-23 11:51:33,484 - INFO - Pred Consistency: 0.2239, Ranking Acc: 0.2353
2025-07-23 11:51:33,484 - INFO - Dist Consistency: 0.5595
2025-07-23 11:51:33,484 - INFO - Learning Rate: 0.001000
2025-07-23 11:51:33,496 - INFO - New best model saved! Valid Acc: 0.2274
2025-07-23 11:51:33,497 - INFO - Epoch 2/50
2025-07-23 11:51:34,858 - INFO - Train Loss: 1.8839
2025-07-23 11:51:34,858 - INFO - Valid Loss: 1.7607, Cat Acc: 0.2483
2025-07-23 11:51:34,858 - INFO - Ord Acc: 0.8267, MAE: 0.9268, QWK: 0.2858
2025-07-23 11:51:34,858 - INFO - Pred Consistency: 0.2439, Ranking Acc: 0.4082
2025-07-23 11:51:34,858 - INFO - Dist Consistency: 0.5730
2025-07-23 11:51:34,858 - INFO - Learning Rate: 0.001000
2025-07-23 11:51:34,866 - INFO - New best model saved! Valid Acc: 0.2483
2025-07-23 11:51:34,866 - INFO - Epoch 3/50
2025-07-23 11:51:35,720 - INFO - Train Loss: 1.7418
2025-07-23 11:51:35,721 - INFO - Valid Loss: 1.6972, Cat Acc: 0.2709
2025-07-23 11:51:35,721 - INFO - Ord Acc: 0.8153, MAE: 0.9164, QWK: 0.3355
2025-07-23 11:51:35,721 - INFO - Pred Consistency: 0.2535, Ranking Acc: 0.5064
2025-07-23 11:51:35,721 - INFO - Dist Consistency: 0.5842
2025-07-23 11:51:35,721 - INFO - Learning Rate: 0.001000
2025-07-23 11:51:35,724 - INFO - New best model saved! Valid Acc: 0.2709
2025-07-23 11:51:35,725 - INFO - Epoch 4/50
2025-07-23 11:51:36,598 - INFO - Train Loss: 1.6434
2025-07-23 11:51:36,599 - INFO - Valid Loss: 1.6147, Cat Acc: 0.3206
2025-07-23 11:51:36,599 - INFO - Ord Acc: 0.8493, MAE: 0.8345, QWK: 0.4571
2025-07-23 11:51:36,599 - INFO - Pred Consistency: 0.2840, Ranking Acc: 0.5450
2025-07-23 11:51:36,599 - INFO - Dist Consistency: 0.5979
2025-07-23 11:51:36,599 - INFO - Learning Rate: 0.001000
2025-07-23 11:51:36,605 - INFO - New best model saved! Valid Acc: 0.3206
2025-07-23 11:51:36,606 - INFO - Epoch 5/50
2025-07-23 11:51:37,508 - INFO - Train Loss: 1.5515
2025-07-23 11:51:37,508 - INFO - Valid Loss: 1.5527, Cat Acc: 0.3458
2025-07-23 11:51:37,508 - INFO - Ord Acc: 0.8484, MAE: 0.8127, QWK: 0.4982
2025-07-23 11:51:37,508 - INFO - Pred Consistency: 0.3075, Ranking Acc: 0.5627
2025-07-23 11:51:37,508 - INFO - Dist Consistency: 0.6112
2025-07-23 11:51:37,508 - INFO - Learning Rate: 0.001000
2025-07-23 11:51:37,513 - INFO - New best model saved! Valid Acc: 0.3458
2025-07-23 11:51:37,513 - INFO - Epoch 6/50
2025-07-23 11:51:38,326 - INFO - Train Loss: 1.4836
2025-07-23 11:51:38,326 - INFO - Valid Loss: 1.5182, Cat Acc: 0.3885
2025-07-23 11:51:38,326 - INFO - Ord Acc: 0.8580, MAE: 0.7639, QWK: 0.5603
2025-07-23 11:51:38,326 - INFO - Pred Consistency: 0.3258, Ranking Acc: 0.5831
2025-07-23 11:51:38,326 - INFO - Dist Consistency: 0.6215
2025-07-23 11:51:38,326 - INFO - Learning Rate: 0.001000
2025-07-23 11:51:38,329 - INFO - New best model saved! Valid Acc: 0.3885
2025-07-23 11:51:38,330 - INFO - Epoch 7/50
2025-07-23 11:51:39,145 - INFO - Train Loss: 1.4158
2025-07-23 11:51:39,145 - INFO - Valid Loss: 1.4864, Cat Acc: 0.4181
2025-07-23 11:51:39,146 - INFO - Ord Acc: 0.8580, MAE: 0.7413, QWK: 0.5774
2025-07-23 11:51:39,146 - INFO - Pred Consistency: 0.3493, Ranking Acc: 0.5948
2025-07-23 11:51:39,146 - INFO - Dist Consistency: 0.6316
2025-07-23 11:51:39,146 - INFO - Learning Rate: 0.001000
2025-07-23 11:51:39,149 - INFO - New best model saved! Valid Acc: 0.4181
2025-07-23 11:51:39,149 - INFO - Epoch 8/50
2025-07-23 11:51:39,980 - INFO - Train Loss: 1.3742
2025-07-23 11:51:39,981 - INFO - Valid Loss: 1.4622, Cat Acc: 0.4329
2025-07-23 11:51:39,981 - INFO - Ord Acc: 0.8519, MAE: 0.7343, QWK: 0.5838
2025-07-23 11:51:39,981 - INFO - Pred Consistency: 0.3667, Ranking Acc: 0.6060
2025-07-23 11:51:39,981 - INFO - Dist Consistency: 0.6406
2025-07-23 11:51:39,981 - INFO - Learning Rate: 0.001000
2025-07-23 11:51:39,984 - INFO - New best model saved! Valid Acc: 0.4329
2025-07-23 11:51:39,984 - INFO - Epoch 9/50
2025-07-23 11:51:40,744 - INFO - Train Loss: 1.3515
2025-07-23 11:51:40,745 - INFO - Valid Loss: 1.4430, Cat Acc: 0.4434
2025-07-23 11:51:40,745 - INFO - Ord Acc: 0.8528, MAE: 0.7247, QWK: 0.5969
2025-07-23 11:51:40,745 - INFO - Pred Consistency: 0.3711, Ranking Acc: 0.6160
2025-07-23 11:51:40,745 - INFO - Dist Consistency: 0.6473
2025-07-23 11:51:40,745 - INFO - Learning Rate: 0.001000
2025-07-23 11:51:40,748 - INFO - New best model saved! Valid Acc: 0.4434
2025-07-23 11:51:40,748 - INFO - Epoch 10/50
2025-07-23 11:51:41,563 - INFO - Train Loss: 1.3244
2025-07-23 11:51:41,563 - INFO - Valid Loss: 1.4245, Cat Acc: 0.4512
2025-07-23 11:51:41,563 - INFO - Ord Acc: 0.8493, MAE: 0.7204, QWK: 0.6003
2025-07-23 11:51:41,563 - INFO - Pred Consistency: 0.3737, Ranking Acc: 0.6255
2025-07-23 11:51:41,563 - INFO - Dist Consistency: 0.6529
2025-07-23 11:51:41,563 - INFO - Learning Rate: 0.001000
2025-07-23 11:51:41,567 - INFO - New best model saved! Valid Acc: 0.4512
2025-07-23 11:51:41,567 - INFO - Epoch 11/50
2025-07-23 11:51:42,389 - INFO - Train Loss: 1.3043
2025-07-23 11:51:42,389 - INFO - Valid Loss: 1.4120, Cat Acc: 0.4521
2025-07-23 11:51:42,389 - INFO - Ord Acc: 0.8484, MAE: 0.7213, QWK: 0.6033
2025-07-23 11:51:42,389 - INFO - Pred Consistency: 0.3763, Ranking Acc: 0.6318
2025-07-23 11:51:42,390 - INFO - Dist Consistency: 0.6565
2025-07-23 11:51:42,390 - INFO - Learning Rate: 0.001000
2025-07-23 11:51:42,393 - INFO - New best model saved! Valid Acc: 0.4521
2025-07-23 11:51:42,393 - INFO - Epoch 12/50
2025-07-23 11:51:43,302 - INFO - Train Loss: 1.2996
2025-07-23 11:51:43,302 - INFO - Valid Loss: 1.4064, Cat Acc: 0.4573
2025-07-23 11:51:43,302 - INFO - Ord Acc: 0.8519, MAE: 0.7125, QWK: 0.6092
2025-07-23 11:51:43,302 - INFO - Pred Consistency: 0.3798, Ranking Acc: 0.6344
2025-07-23 11:51:43,302 - INFO - Dist Consistency: 0.6582
2025-07-23 11:51:43,302 - INFO - Learning Rate: 0.001000
2025-07-23 11:51:43,305 - INFO - New best model saved! Valid Acc: 0.4573
2025-07-23 11:51:43,306 - INFO - Epoch 13/50
2025-07-23 11:51:44,104 - INFO - Train Loss: 1.2885
2025-07-23 11:51:44,104 - INFO - Valid Loss: 1.3960, Cat Acc: 0.4564
2025-07-23 11:51:44,104 - INFO - Ord Acc: 0.8484, MAE: 0.7169, QWK: 0.6025
2025-07-23 11:51:44,104 - INFO - Pred Consistency: 0.3772, Ranking Acc: 0.6382
2025-07-23 11:51:44,104 - INFO - Dist Consistency: 0.6583
2025-07-23 11:51:44,104 - INFO - Learning Rate: 0.001000
2025-07-23 11:51:44,104 - INFO - Epoch 14/50
2025-07-23 11:51:44,946 - INFO - Train Loss: 1.2891
2025-07-23 11:51:44,946 - INFO - Valid Loss: 1.3924, Cat Acc: 0.4625
2025-07-23 11:51:44,946 - INFO - Ord Acc: 0.8510, MAE: 0.7056, QWK: 0.6090
2025-07-23 11:51:44,946 - INFO - Pred Consistency: 0.3815, Ranking Acc: 0.6382
2025-07-23 11:51:44,946 - INFO - Dist Consistency: 0.6576
2025-07-23 11:51:44,946 - INFO - Learning Rate: 0.001000
2025-07-23 11:51:44,950 - INFO - New best model saved! Valid Acc: 0.4625
2025-07-23 11:51:44,950 - INFO - Epoch 15/50
2025-07-23 11:51:45,741 - INFO - Train Loss: 1.2778
2025-07-23 11:51:45,741 - INFO - Valid Loss: 1.3920, Cat Acc: 0.4678
2025-07-23 11:51:45,741 - INFO - Ord Acc: 0.8537, MAE: 0.6977, QWK: 0.6109
2025-07-23 11:51:45,741 - INFO - Pred Consistency: 0.3859, Ranking Acc: 0.6379
2025-07-23 11:51:45,741 - INFO - Dist Consistency: 0.6564
2025-07-23 11:51:45,741 - INFO - Learning Rate: 0.001000
2025-07-23 11:51:45,745 - INFO - New best model saved! Valid Acc: 0.4678
2025-07-23 11:51:45,745 - INFO - Epoch 16/50
2025-07-23 11:51:46,554 - INFO - Train Loss: 1.2721
2025-07-23 11:51:46,554 - INFO - Valid Loss: 1.3908, Cat Acc: 0.4573
2025-07-23 11:51:46,555 - INFO - Ord Acc: 0.8493, MAE: 0.7108, QWK: 0.6042
2025-07-23 11:51:46,555 - INFO - Pred Consistency: 0.3737, Ranking Acc: 0.6376
2025-07-23 11:51:46,555 - INFO - Dist Consistency: 0.6556
2025-07-23 11:51:46,555 - INFO - Learning Rate: 0.001000
2025-07-23 11:51:46,555 - INFO - Epoch 17/50
2025-07-23 11:51:47,405 - INFO - Train Loss: 1.2784
2025-07-23 11:51:47,405 - INFO - Valid Loss: 1.3918, Cat Acc: 0.4538
2025-07-23 11:51:47,405 - INFO - Ord Acc: 0.8493, MAE: 0.7143, QWK: 0.6030
2025-07-23 11:51:47,405 - INFO - Pred Consistency: 0.3728, Ranking Acc: 0.6363
2025-07-23 11:51:47,405 - INFO - Dist Consistency: 0.6557
2025-07-23 11:51:47,405 - INFO - Learning Rate: 0.001000
2025-07-23 11:51:47,405 - INFO - Epoch 18/50
2025-07-23 11:51:48,200 - INFO - Train Loss: 1.2720
2025-07-23 11:51:48,200 - INFO - Valid Loss: 1.3925, Cat Acc: 0.4564
2025-07-23 11:51:48,200 - INFO - Ord Acc: 0.8502, MAE: 0.7099, QWK: 0.6051
2025-07-23 11:51:48,200 - INFO - Pred Consistency: 0.3737, Ranking Acc: 0.6358
2025-07-23 11:51:48,200 - INFO - Dist Consistency: 0.6561
2025-07-23 11:51:48,200 - INFO - Learning Rate: 0.001000
2025-07-23 11:51:48,200 - INFO - Epoch 19/50
2025-07-23 11:51:48,998 - INFO - Train Loss: 1.2716
2025-07-23 11:51:48,999 - INFO - Valid Loss: 1.3940, Cat Acc: 0.4591
2025-07-23 11:51:48,999 - INFO - Ord Acc: 0.8519, MAE: 0.7047, QWK: 0.6108
2025-07-23 11:51:48,999 - INFO - Pred Consistency: 0.3772, Ranking Acc: 0.6353
2025-07-23 11:51:48,999 - INFO - Dist Consistency: 0.6564
2025-07-23 11:51:48,999 - INFO - Learning Rate: 0.001000
2025-07-23 11:51:48,999 - INFO - Epoch 20/50
2025-07-23 11:51:49,808 - INFO - Train Loss: 1.2806
2025-07-23 11:51:49,808 - INFO - Valid Loss: 1.3947, Cat Acc: 0.4634
2025-07-23 11:51:49,808 - INFO - Ord Acc: 0.8493, MAE: 0.7021, QWK: 0.6120
2025-07-23 11:51:49,808 - INFO - Pred Consistency: 0.3728, Ranking Acc: 0.6362
2025-07-23 11:51:49,808 - INFO - Dist Consistency: 0.6563
2025-07-23 11:51:49,808 - INFO - Learning Rate: 0.001000
2025-07-23 11:51:49,808 - INFO - Epoch 21/50
2025-07-23 11:51:50,699 - INFO - Train Loss: 1.2730
2025-07-23 11:51:50,700 - INFO - Valid Loss: 1.3984, Cat Acc: 0.4547
2025-07-23 11:51:50,700 - INFO - Ord Acc: 0.8484, MAE: 0.7134, QWK: 0.6036
2025-07-23 11:51:50,700 - INFO - Pred Consistency: 0.3815, Ranking Acc: 0.6337
2025-07-23 11:51:50,700 - INFO - Dist Consistency: 0.6563
2025-07-23 11:51:50,700 - INFO - Learning Rate: 0.001000
2025-07-23 11:51:50,700 - INFO - Epoch 22/50
2025-07-23 11:51:51,671 - INFO - Train Loss: 1.2726
2025-07-23 11:51:51,671 - INFO - Valid Loss: 1.3923, Cat Acc: 0.4643
2025-07-23 11:51:51,671 - INFO - Ord Acc: 0.8493, MAE: 0.7021, QWK: 0.6108
2025-07-23 11:51:51,671 - INFO - Pred Consistency: 0.3789, Ranking Acc: 0.6365
2025-07-23 11:51:51,671 - INFO - Dist Consistency: 0.6560
2025-07-23 11:51:51,671 - INFO - Learning Rate: 0.000500
2025-07-23 11:51:51,671 - INFO - Epoch 23/50
2025-07-23 11:51:52,643 - INFO - Train Loss: 1.2721
2025-07-23 11:51:52,643 - INFO - Valid Loss: 1.3909, Cat Acc: 0.4669
2025-07-23 11:51:52,643 - INFO - Ord Acc: 0.8519, MAE: 0.6969, QWK: 0.6146
2025-07-23 11:51:52,643 - INFO - Pred Consistency: 0.3807, Ranking Acc: 0.6373
2025-07-23 11:51:52,643 - INFO - Dist Consistency: 0.6560
2025-07-23 11:51:52,643 - INFO - Learning Rate: 0.000500
2025-07-23 11:51:52,643 - INFO - Epoch 24/50
2025-07-23 11:51:53,496 - INFO - Train Loss: 1.2616
2025-07-23 11:51:53,496 - INFO - Valid Loss: 1.3908, Cat Acc: 0.4608
2025-07-23 11:51:53,496 - INFO - Ord Acc: 0.8519, MAE: 0.7021, QWK: 0.6127
2025-07-23 11:51:53,496 - INFO - Pred Consistency: 0.3815, Ranking Acc: 0.6370
2025-07-23 11:51:53,496 - INFO - Dist Consistency: 0.6562
2025-07-23 11:51:53,496 - INFO - Learning Rate: 0.000500
2025-07-23 11:51:53,496 - INFO - Epoch 25/50
2025-07-23 11:51:54,330 - INFO - Train Loss: 1.2613
2025-07-23 11:51:54,330 - INFO - Valid Loss: 1.3895, Cat Acc: 0.4599
2025-07-23 11:51:54,330 - INFO - Ord Acc: 0.8510, MAE: 0.7038, QWK: 0.6118
2025-07-23 11:51:54,330 - INFO - Pred Consistency: 0.3763, Ranking Acc: 0.6380
2025-07-23 11:51:54,330 - INFO - Dist Consistency: 0.6565
2025-07-23 11:51:54,330 - INFO - Learning Rate: 0.000500
2025-07-23 11:51:54,330 - INFO - Epoch 26/50
2025-07-23 11:51:55,084 - INFO - Train Loss: 1.2591
2025-07-23 11:51:55,084 - INFO - Valid Loss: 1.3887, Cat Acc: 0.4652
2025-07-23 11:51:55,085 - INFO - Ord Acc: 0.8502, MAE: 0.6995, QWK: 0.6143
2025-07-23 11:51:55,085 - INFO - Pred Consistency: 0.3780, Ranking Acc: 0.6383
2025-07-23 11:51:55,085 - INFO - Dist Consistency: 0.6568
2025-07-23 11:51:55,085 - INFO - Learning Rate: 0.000500
2025-07-23 11:51:55,085 - INFO - Epoch 27/50
2025-07-23 11:51:55,887 - INFO - Train Loss: 1.2640
2025-07-23 11:51:55,887 - INFO - Valid Loss: 1.3876, Cat Acc: 0.4643
2025-07-23 11:51:55,887 - INFO - Ord Acc: 0.8510, MAE: 0.6986, QWK: 0.6182
2025-07-23 11:51:55,887 - INFO - Pred Consistency: 0.3780, Ranking Acc: 0.6388
2025-07-23 11:51:55,887 - INFO - Dist Consistency: 0.6574
2025-07-23 11:51:55,887 - INFO - Learning Rate: 0.000500
2025-07-23 11:51:55,887 - INFO - Epoch 28/50
2025-07-23 11:51:56,688 - INFO - Train Loss: 1.2698
2025-07-23 11:51:56,688 - INFO - Valid Loss: 1.3880, Cat Acc: 0.4660
2025-07-23 11:51:56,688 - INFO - Ord Acc: 0.8537, MAE: 0.6951, QWK: 0.6204
2025-07-23 11:51:56,688 - INFO - Pred Consistency: 0.3815, Ranking Acc: 0.6385
2025-07-23 11:51:56,688 - INFO - Dist Consistency: 0.6579
2025-07-23 11:51:56,688 - INFO - Learning Rate: 0.000500
2025-07-23 11:51:56,689 - INFO - Epoch 29/50
2025-07-23 11:51:57,599 - INFO - Train Loss: 1.2650
2025-07-23 11:51:57,600 - INFO - Valid Loss: 1.3871, Cat Acc: 0.4625
2025-07-23 11:51:57,600 - INFO - Ord Acc: 0.8510, MAE: 0.7012, QWK: 0.6164
2025-07-23 11:51:57,600 - INFO - Pred Consistency: 0.3780, Ranking Acc: 0.6391
2025-07-23 11:51:57,600 - INFO - Dist Consistency: 0.6582
2025-07-23 11:51:57,600 - INFO - Learning Rate: 0.000500
2025-07-23 11:51:57,600 - INFO - Epoch 30/50
2025-07-23 11:51:58,535 - INFO - Train Loss: 1.2703
2025-07-23 11:51:58,535 - INFO - Valid Loss: 1.3879, Cat Acc: 0.4660
2025-07-23 11:51:58,535 - INFO - Ord Acc: 0.8484, MAE: 0.7012, QWK: 0.6140
2025-07-23 11:51:58,535 - INFO - Pred Consistency: 0.3833, Ranking Acc: 0.6389
2025-07-23 11:51:58,535 - INFO - Dist Consistency: 0.6585
2025-07-23 11:51:58,535 - INFO - Learning Rate: 0.000500
2025-07-23 11:51:58,535 - INFO - Epoch 31/50
2025-07-23 11:51:59,430 - INFO - Train Loss: 1.2794
2025-07-23 11:51:59,430 - INFO - Valid Loss: 1.3878, Cat Acc: 0.4678
2025-07-23 11:51:59,430 - INFO - Ord Acc: 0.8502, MAE: 0.6986, QWK: 0.6157
2025-07-23 11:51:59,430 - INFO - Pred Consistency: 0.3850, Ranking Acc: 0.6392
2025-07-23 11:51:59,430 - INFO - Dist Consistency: 0.6587
2025-07-23 11:51:59,430 - INFO - Learning Rate: 0.000500
2025-07-23 11:51:59,430 - INFO - Epoch 32/50
2025-07-23 11:52:00,319 - INFO - Train Loss: 1.2611
2025-07-23 11:52:00,319 - INFO - Valid Loss: 1.3863, Cat Acc: 0.4617
2025-07-23 11:52:00,319 - INFO - Ord Acc: 0.8510, MAE: 0.7030, QWK: 0.6147
2025-07-23 11:52:00,319 - INFO - Pred Consistency: 0.3763, Ranking Acc: 0.6399
2025-07-23 11:52:00,319 - INFO - Dist Consistency: 0.6587
2025-07-23 11:52:00,319 - INFO - Learning Rate: 0.000500
2025-07-23 11:52:00,319 - INFO - Epoch 33/50
2025-07-23 11:52:01,212 - INFO - Train Loss: 1.2564
2025-07-23 11:52:01,212 - INFO - Valid Loss: 1.3858, Cat Acc: 0.4643
2025-07-23 11:52:01,212 - INFO - Ord Acc: 0.8493, MAE: 0.7021, QWK: 0.6143
2025-07-23 11:52:01,212 - INFO - Pred Consistency: 0.3789, Ranking Acc: 0.6402
2025-07-23 11:52:01,212 - INFO - Dist Consistency: 0.6588
2025-07-23 11:52:01,212 - INFO - Learning Rate: 0.000500
2025-07-23 11:52:01,212 - INFO - Epoch 34/50
2025-07-23 11:52:02,166 - INFO - Train Loss: 1.2624
2025-07-23 11:52:02,166 - INFO - Valid Loss: 1.3854, Cat Acc: 0.4625
2025-07-23 11:52:02,166 - INFO - Ord Acc: 0.8484, MAE: 0.7047, QWK: 0.6125
2025-07-23 11:52:02,166 - INFO - Pred Consistency: 0.3763, Ranking Acc: 0.6404
2025-07-23 11:52:02,166 - INFO - Dist Consistency: 0.6586
2025-07-23 11:52:02,166 - INFO - Learning Rate: 0.000500
2025-07-23 11:52:02,166 - INFO - Epoch 35/50
2025-07-23 11:52:03,206 - INFO - Train Loss: 1.2728
2025-07-23 11:52:03,206 - INFO - Valid Loss: 1.3850, Cat Acc: 0.4669
2025-07-23 11:52:03,206 - INFO - Ord Acc: 0.8493, MAE: 0.6995, QWK: 0.6154
2025-07-23 11:52:03,206 - INFO - Pred Consistency: 0.3789, Ranking Acc: 0.6405
2025-07-23 11:52:03,206 - INFO - Dist Consistency: 0.6586
2025-07-23 11:52:03,206 - INFO - Learning Rate: 0.000500
2025-07-23 11:52:03,207 - INFO - Epoch 36/50
2025-07-23 11:52:04,101 - INFO - Train Loss: 1.2629
2025-07-23 11:52:04,101 - INFO - Valid Loss: 1.3840, Cat Acc: 0.4678
2025-07-23 11:52:04,101 - INFO - Ord Acc: 0.8510, MAE: 0.6960, QWK: 0.6188
2025-07-23 11:52:04,101 - INFO - Pred Consistency: 0.3815, Ranking Acc: 0.6410
2025-07-23 11:52:04,101 - INFO - Dist Consistency: 0.6584
2025-07-23 11:52:04,101 - INFO - Learning Rate: 0.000500
2025-07-23 11:52:04,102 - INFO - Epoch 37/50
2025-07-23 11:52:05,100 - INFO - Train Loss: 1.2633
2025-07-23 11:52:05,100 - INFO - Valid Loss: 1.3842, Cat Acc: 0.4713
2025-07-23 11:52:05,100 - INFO - Ord Acc: 0.8554, MAE: 0.6890, QWK: 0.6223
2025-07-23 11:52:05,100 - INFO - Pred Consistency: 0.3850, Ranking Acc: 0.6411
2025-07-23 11:52:05,100 - INFO - Dist Consistency: 0.6585
2025-07-23 11:52:05,100 - INFO - Learning Rate: 0.000500
2025-07-23 11:52:05,104 - INFO - New best model saved! Valid Acc: 0.4713
2025-07-23 11:52:05,104 - INFO - Epoch 38/50
2025-07-23 11:52:06,065 - INFO - Train Loss: 1.2615
2025-07-23 11:52:06,065 - INFO - Valid Loss: 1.3835, Cat Acc: 0.4625
2025-07-23 11:52:06,065 - INFO - Ord Acc: 0.8510, MAE: 0.7003, QWK: 0.6170
2025-07-23 11:52:06,065 - INFO - Pred Consistency: 0.3780, Ranking Acc: 0.6413
2025-07-23 11:52:06,065 - INFO - Dist Consistency: 0.6585
2025-07-23 11:52:06,065 - INFO - Learning Rate: 0.000500
2025-07-23 11:52:06,065 - INFO - Epoch 39/50
2025-07-23 11:52:06,931 - INFO - Train Loss: 1.2591
2025-07-23 11:52:06,931 - INFO - Valid Loss: 1.3829, Cat Acc: 0.4617
2025-07-23 11:52:06,931 - INFO - Ord Acc: 0.8476, MAE: 0.7047, QWK: 0.6128
2025-07-23 11:52:06,931 - INFO - Pred Consistency: 0.3746, Ranking Acc: 0.6419
2025-07-23 11:52:06,931 - INFO - Dist Consistency: 0.6585
2025-07-23 11:52:06,931 - INFO - Learning Rate: 0.000500
2025-07-23 11:52:06,932 - INFO - Epoch 40/50
2025-07-23 11:52:07,834 - INFO - Train Loss: 1.2626
2025-07-23 11:52:07,834 - INFO - Valid Loss: 1.3837, Cat Acc: 0.4713
2025-07-23 11:52:07,834 - INFO - Ord Acc: 0.8554, MAE: 0.6890, QWK: 0.6230
2025-07-23 11:52:07,834 - INFO - Pred Consistency: 0.3859, Ranking Acc: 0.6414
2025-07-23 11:52:07,834 - INFO - Dist Consistency: 0.6588
2025-07-23 11:52:07,834 - INFO - Learning Rate: 0.000500
2025-07-23 11:52:07,834 - INFO - Epoch 41/50
2025-07-23 11:52:08,790 - INFO - Train Loss: 1.2578
2025-07-23 11:52:08,790 - INFO - Valid Loss: 1.3846, Cat Acc: 0.4765
2025-07-23 11:52:08,790 - INFO - Ord Acc: 0.8528, MAE: 0.6864, QWK: 0.6228
2025-07-23 11:52:08,790 - INFO - Pred Consistency: 0.3894, Ranking Acc: 0.6409
2025-07-23 11:52:08,790 - INFO - Dist Consistency: 0.6589
2025-07-23 11:52:08,791 - INFO - Learning Rate: 0.000500
2025-07-23 11:52:08,794 - INFO - New best model saved! Valid Acc: 0.4765
2025-07-23 11:52:08,794 - INFO - Epoch 42/50
2025-07-23 11:52:09,625 - INFO - Train Loss: 1.2553
2025-07-23 11:52:09,625 - INFO - Valid Loss: 1.3845, Cat Acc: 0.4678
2025-07-23 11:52:09,625 - INFO - Ord Acc: 0.8510, MAE: 0.6960, QWK: 0.6185
2025-07-23 11:52:09,625 - INFO - Pred Consistency: 0.3772, Ranking Acc: 0.6410
2025-07-23 11:52:09,625 - INFO - Dist Consistency: 0.6586
2025-07-23 11:52:09,625 - INFO - Learning Rate: 0.000500
2025-07-23 11:52:09,625 - INFO - Epoch 43/50
2025-07-23 11:52:10,473 - INFO - Train Loss: 1.2634
2025-07-23 11:52:10,473 - INFO - Valid Loss: 1.3852, Cat Acc: 0.4704
2025-07-23 11:52:10,473 - INFO - Ord Acc: 0.8554, MAE: 0.6890, QWK: 0.6231
2025-07-23 11:52:10,473 - INFO - Pred Consistency: 0.3807, Ranking Acc: 0.6407
2025-07-23 11:52:10,473 - INFO - Dist Consistency: 0.6589
2025-07-23 11:52:10,473 - INFO - Learning Rate: 0.000500
2025-07-23 11:52:10,473 - INFO - Epoch 44/50
2025-07-23 11:52:11,334 - INFO - Train Loss: 1.2607
2025-07-23 11:52:11,334 - INFO - Valid Loss: 1.3894, Cat Acc: 0.4747
2025-07-23 11:52:11,334 - INFO - Ord Acc: 0.8502, MAE: 0.6916, QWK: 0.6168
2025-07-23 11:52:11,334 - INFO - Pred Consistency: 0.3894, Ranking Acc: 0.6393
2025-07-23 11:52:11,334 - INFO - Dist Consistency: 0.6591
2025-07-23 11:52:11,334 - INFO - Learning Rate: 0.000500
2025-07-23 11:52:11,334 - INFO - Epoch 45/50
2025-07-23 11:52:12,258 - INFO - Train Loss: 1.2730
2025-07-23 11:52:12,258 - INFO - Valid Loss: 1.3883, Cat Acc: 0.4765
2025-07-23 11:52:12,258 - INFO - Ord Acc: 0.8502, MAE: 0.6890, QWK: 0.6193
2025-07-23 11:52:12,258 - INFO - Pred Consistency: 0.3902, Ranking Acc: 0.6395
2025-07-23 11:52:12,258 - INFO - Dist Consistency: 0.6589
2025-07-23 11:52:12,258 - INFO - Learning Rate: 0.000250
2025-07-23 11:52:12,258 - INFO - Epoch 46/50
2025-07-23 11:52:13,153 - INFO - Train Loss: 1.2591
2025-07-23 11:52:13,154 - INFO - Valid Loss: 1.3852, Cat Acc: 0.4721
2025-07-23 11:52:13,154 - INFO - Ord Acc: 0.8537, MAE: 0.6890, QWK: 0.6227
2025-07-23 11:52:13,154 - INFO - Pred Consistency: 0.3824, Ranking Acc: 0.6406
2025-07-23 11:52:13,154 - INFO - Dist Consistency: 0.6586
2025-07-23 11:52:13,154 - INFO - Learning Rate: 0.000250
2025-07-23 11:52:13,154 - INFO - Epoch 47/50
2025-07-23 11:52:14,022 - INFO - Train Loss: 1.2658
2025-07-23 11:52:14,023 - INFO - Valid Loss: 1.3847, Cat Acc: 0.4669
2025-07-23 11:52:14,023 - INFO - Ord Acc: 0.8519, MAE: 0.6969, QWK: 0.6183
2025-07-23 11:52:14,023 - INFO - Pred Consistency: 0.3772, Ranking Acc: 0.6410
2025-07-23 11:52:14,023 - INFO - Dist Consistency: 0.6583
2025-07-23 11:52:14,023 - INFO - Learning Rate: 0.000250
2025-07-23 11:52:14,023 - INFO - Epoch 48/50
2025-07-23 11:52:14,861 - INFO - Train Loss: 1.2530
2025-07-23 11:52:14,861 - INFO - Valid Loss: 1.3847, Cat Acc: 0.4704
2025-07-23 11:52:14,861 - INFO - Ord Acc: 0.8528, MAE: 0.6925, QWK: 0.6194
2025-07-23 11:52:14,861 - INFO - Pred Consistency: 0.3850, Ranking Acc: 0.6408
2025-07-23 11:52:14,861 - INFO - Dist Consistency: 0.6584
2025-07-23 11:52:14,861 - INFO - Learning Rate: 0.000250
2025-07-23 11:52:14,861 - INFO - Epoch 49/50
2025-07-23 11:52:15,694 - INFO - Train Loss: 1.2695
2025-07-23 11:52:15,694 - INFO - Valid Loss: 1.3859, Cat Acc: 0.4782
2025-07-23 11:52:15,694 - INFO - Ord Acc: 0.8554, MAE: 0.6821, QWK: 0.6247
2025-07-23 11:52:15,694 - INFO - Pred Consistency: 0.3911, Ranking Acc: 0.6404
2025-07-23 11:52:15,694 - INFO - Dist Consistency: 0.6585
2025-07-23 11:52:15,694 - INFO - Learning Rate: 0.000250
2025-07-23 11:52:15,698 - INFO - New best model saved! Valid Acc: 0.4782
2025-07-23 11:52:15,698 - INFO - Epoch 50/50
2025-07-23 11:52:16,598 - INFO - Train Loss: 1.2647
2025-07-23 11:52:16,598 - INFO - Valid Loss: 1.3861, Cat Acc: 0.4782
2025-07-23 11:52:16,599 - INFO - Ord Acc: 0.8537, MAE: 0.6838, QWK: 0.6235
2025-07-23 11:52:16,599 - INFO - Pred Consistency: 0.3911, Ranking Acc: 0.6404
2025-07-23 11:52:16,599 - INFO - Dist Consistency: 0.6586
2025-07-23 11:52:16,599 - INFO - Learning Rate: 0.000250
2025-07-23 11:52:16,600 - INFO - Training completed! Best valid accuracy: 0.4782
