2025-07-23 11:33:56,167 - INFO - Training Deep-GPCM on synthetic_OC
2025-07-23 11:33:56,167 - INFO - Device: cpu, Categories: None, Loss: ordinal, Embedding: unordered
2025-07-23 11:33:56,167 - INFO - Loading training data...
2025-07-23 11:33:56,169 - INFO - Train data: 160 sequences, 4 categories
2025-07-23 11:33:56,169 - INFO - Loading test data...
2025-07-23 11:33:56,169 - INFO - Test data: 40 sequences
2025-07-23 11:33:56,169 - INFO - Detected 29 unique questions
2025-07-23 11:33:56,683 - INFO - Starting training...
2025-07-23 11:33:56,683 - INFO - Epoch 1/50
2025-07-23 11:33:57,966 - INFO - Train Loss: 1.9931
2025-07-23 11:33:57,966 - INFO - Valid Loss: 1.9111, Cat Acc: 0.2204
2025-07-23 11:33:57,966 - INFO - Ord Acc: 0.7439, MAE: 1.0375, QWK: 0.1204
2025-07-23 11:33:57,966 - INFO - Pred Consistency: 0.2160, Ranking Acc: 0.2344
2025-07-23 11:33:57,966 - INFO - Dist Consistency: 0.5595
2025-07-23 11:33:57,966 - INFO - Learning Rate: 0.001000
2025-07-23 11:33:57,972 - INFO - New best model saved! Valid Acc: 0.2204
2025-07-23 11:33:57,972 - INFO - Epoch 2/50
2025-07-23 11:33:59,318 - INFO - Train Loss: 1.7945
2025-07-23 11:33:59,318 - INFO - Valid Loss: 1.7593, Cat Acc: 0.2465
2025-07-23 11:33:59,318 - INFO - Ord Acc: 0.7970, MAE: 0.9599, QWK: 0.2518
2025-07-23 11:33:59,318 - INFO - Pred Consistency: 0.2422, Ranking Acc: 0.4162
2025-07-23 11:33:59,318 - INFO - Dist Consistency: 0.5751
2025-07-23 11:33:59,318 - INFO - Learning Rate: 0.001000
2025-07-23 11:33:59,325 - INFO - New best model saved! Valid Acc: 0.2465
2025-07-23 11:33:59,325 - INFO - Epoch 3/50
2025-07-23 11:34:00,401 - INFO - Train Loss: 1.6539
2025-07-23 11:34:00,401 - INFO - Valid Loss: 1.6575, Cat Acc: 0.3066
2025-07-23 11:34:00,401 - INFO - Ord Acc: 0.8389, MAE: 0.8615, QWK: 0.4140
2025-07-23 11:34:00,401 - INFO - Pred Consistency: 0.2735, Ranking Acc: 0.5001
2025-07-23 11:34:00,401 - INFO - Dist Consistency: 0.5923
2025-07-23 11:34:00,401 - INFO - Learning Rate: 0.001000
2025-07-23 11:34:00,405 - INFO - New best model saved! Valid Acc: 0.3066
2025-07-23 11:34:00,406 - INFO - Epoch 4/50
2025-07-23 11:34:01,323 - INFO - Train Loss: 1.5388
2025-07-23 11:34:01,324 - INFO - Valid Loss: 1.5767, Cat Acc: 0.3711
2025-07-23 11:34:01,324 - INFO - Ord Acc: 0.8476, MAE: 0.7944, QWK: 0.5026
2025-07-23 11:34:01,324 - INFO - Pred Consistency: 0.3232, Ranking Acc: 0.5473
2025-07-23 11:34:01,324 - INFO - Dist Consistency: 0.6109
2025-07-23 11:34:01,324 - INFO - Learning Rate: 0.001000
2025-07-23 11:34:01,328 - INFO - New best model saved! Valid Acc: 0.3711
2025-07-23 11:34:01,328 - INFO - Epoch 5/50
2025-07-23 11:34:02,351 - INFO - Train Loss: 1.4652
2025-07-23 11:34:02,351 - INFO - Valid Loss: 1.5321, Cat Acc: 0.4033
2025-07-23 11:34:02,351 - INFO - Ord Acc: 0.8476, MAE: 0.7674, QWK: 0.5474
2025-07-23 11:34:02,351 - INFO - Pred Consistency: 0.3336, Ranking Acc: 0.5734
2025-07-23 11:34:02,351 - INFO - Dist Consistency: 0.6262
2025-07-23 11:34:02,351 - INFO - Learning Rate: 0.001000
2025-07-23 11:34:02,356 - INFO - New best model saved! Valid Acc: 0.4033
2025-07-23 11:34:02,356 - INFO - Epoch 6/50
2025-07-23 11:34:03,457 - INFO - Train Loss: 1.4259
2025-07-23 11:34:03,458 - INFO - Valid Loss: 1.5003, Cat Acc: 0.4347
2025-07-23 11:34:03,458 - INFO - Ord Acc: 0.8484, MAE: 0.7387, QWK: 0.5796
2025-07-23 11:34:03,458 - INFO - Pred Consistency: 0.3528, Ranking Acc: 0.5938
2025-07-23 11:34:03,458 - INFO - Dist Consistency: 0.6371
2025-07-23 11:34:03,458 - INFO - Learning Rate: 0.001000
2025-07-23 11:34:03,463 - INFO - New best model saved! Valid Acc: 0.4347
2025-07-23 11:34:03,463 - INFO - Epoch 7/50
2025-07-23 11:34:04,442 - INFO - Train Loss: 1.3741
2025-07-23 11:34:04,442 - INFO - Valid Loss: 1.4800, Cat Acc: 0.4355
2025-07-23 11:34:04,442 - INFO - Ord Acc: 0.8406, MAE: 0.7491, QWK: 0.5755
2025-07-23 11:34:04,442 - INFO - Pred Consistency: 0.3598, Ranking Acc: 0.6067
2025-07-23 11:34:04,442 - INFO - Dist Consistency: 0.6430
2025-07-23 11:34:04,443 - INFO - Learning Rate: 0.001000
2025-07-23 11:34:04,447 - INFO - New best model saved! Valid Acc: 0.4355
2025-07-23 11:34:04,447 - INFO - Epoch 8/50
2025-07-23 11:34:05,367 - INFO - Train Loss: 1.3318
2025-07-23 11:34:05,367 - INFO - Valid Loss: 1.4551, Cat Acc: 0.4634
2025-07-23 11:34:05,367 - INFO - Ord Acc: 0.8476, MAE: 0.7125, QWK: 0.5969
2025-07-23 11:34:05,367 - INFO - Pred Consistency: 0.3772, Ranking Acc: 0.6158
2025-07-23 11:34:05,367 - INFO - Dist Consistency: 0.6457
2025-07-23 11:34:05,367 - INFO - Learning Rate: 0.001000
2025-07-23 11:34:05,371 - INFO - New best model saved! Valid Acc: 0.4634
2025-07-23 11:34:05,371 - INFO - Epoch 9/50
2025-07-23 11:34:06,311 - INFO - Train Loss: 1.3053
2025-07-23 11:34:06,312 - INFO - Valid Loss: 1.4399, Cat Acc: 0.4625
2025-07-23 11:34:06,312 - INFO - Ord Acc: 0.8545, MAE: 0.7056, QWK: 0.6059
2025-07-23 11:34:06,312 - INFO - Pred Consistency: 0.3737, Ranking Acc: 0.6205
2025-07-23 11:34:06,312 - INFO - Dist Consistency: 0.6482
2025-07-23 11:34:06,312 - INFO - Learning Rate: 0.001000
2025-07-23 11:34:06,312 - INFO - Epoch 10/50
2025-07-23 11:34:07,400 - INFO - Train Loss: 1.2875
2025-07-23 11:34:07,400 - INFO - Valid Loss: 1.4306, Cat Acc: 0.4599
2025-07-23 11:34:07,400 - INFO - Ord Acc: 0.8554, MAE: 0.7038, QWK: 0.6100
2025-07-23 11:34:07,400 - INFO - Pred Consistency: 0.3746, Ranking Acc: 0.6232
2025-07-23 11:34:07,400 - INFO - Dist Consistency: 0.6503
2025-07-23 11:34:07,400 - INFO - Learning Rate: 0.001000
2025-07-23 11:34:07,401 - INFO - Epoch 11/50
2025-07-23 11:34:08,326 - INFO - Train Loss: 1.2724
2025-07-23 11:34:08,326 - INFO - Valid Loss: 1.4254, Cat Acc: 0.4625
2025-07-23 11:34:08,327 - INFO - Ord Acc: 0.8554, MAE: 0.7003, QWK: 0.6130
2025-07-23 11:34:08,327 - INFO - Pred Consistency: 0.3772, Ranking Acc: 0.6256
2025-07-23 11:34:08,327 - INFO - Dist Consistency: 0.6523
2025-07-23 11:34:08,327 - INFO - Learning Rate: 0.001000
2025-07-23 11:34:08,327 - INFO - Epoch 12/50
2025-07-23 11:34:09,406 - INFO - Train Loss: 1.2689
2025-07-23 11:34:09,406 - INFO - Valid Loss: 1.4210, Cat Acc: 0.4521
2025-07-23 11:34:09,406 - INFO - Ord Acc: 0.8510, MAE: 0.7178, QWK: 0.6022
2025-07-23 11:34:09,406 - INFO - Pred Consistency: 0.3667, Ranking Acc: 0.6287
2025-07-23 11:34:09,407 - INFO - Dist Consistency: 0.6556
2025-07-23 11:34:09,407 - INFO - Learning Rate: 0.001000
2025-07-23 11:34:09,407 - INFO - Epoch 13/50
2025-07-23 11:34:10,476 - INFO - Train Loss: 1.2587
2025-07-23 11:34:10,477 - INFO - Valid Loss: 1.4147, Cat Acc: 0.4652
2025-07-23 11:34:10,477 - INFO - Ord Acc: 0.8519, MAE: 0.7030, QWK: 0.6113
2025-07-23 11:34:10,477 - INFO - Pred Consistency: 0.3763, Ranking Acc: 0.6325
2025-07-23 11:34:10,477 - INFO - Dist Consistency: 0.6575
2025-07-23 11:34:10,477 - INFO - Learning Rate: 0.001000
2025-07-23 11:34:10,482 - INFO - New best model saved! Valid Acc: 0.4652
2025-07-23 11:34:10,482 - INFO - Epoch 14/50
2025-07-23 11:34:11,528 - INFO - Train Loss: 1.2648
2025-07-23 11:34:11,528 - INFO - Valid Loss: 1.4158, Cat Acc: 0.4643
2025-07-23 11:34:11,528 - INFO - Ord Acc: 0.8554, MAE: 0.7012, QWK: 0.6142
2025-07-23 11:34:11,529 - INFO - Pred Consistency: 0.3772, Ranking Acc: 0.6328
2025-07-23 11:34:11,529 - INFO - Dist Consistency: 0.6591
2025-07-23 11:34:11,529 - INFO - Learning Rate: 0.001000
2025-07-23 11:34:11,529 - INFO - Epoch 15/50
2025-07-23 11:34:12,548 - INFO - Train Loss: 1.2522
2025-07-23 11:34:12,548 - INFO - Valid Loss: 1.4147, Cat Acc: 0.4634
2025-07-23 11:34:12,548 - INFO - Ord Acc: 0.8554, MAE: 0.7003, QWK: 0.6162
2025-07-23 11:34:12,548 - INFO - Pred Consistency: 0.3798, Ranking Acc: 0.6326
2025-07-23 11:34:12,548 - INFO - Dist Consistency: 0.6592
2025-07-23 11:34:12,548 - INFO - Learning Rate: 0.001000
2025-07-23 11:34:12,548 - INFO - Epoch 16/50
2025-07-23 11:34:13,651 - INFO - Train Loss: 1.2436
2025-07-23 11:34:13,651 - INFO - Valid Loss: 1.4169, Cat Acc: 0.4643
2025-07-23 11:34:13,651 - INFO - Ord Acc: 0.8545, MAE: 0.7012, QWK: 0.6143
2025-07-23 11:34:13,651 - INFO - Pred Consistency: 0.3746, Ranking Acc: 0.6310
2025-07-23 11:34:13,651 - INFO - Dist Consistency: 0.6583
2025-07-23 11:34:13,651 - INFO - Learning Rate: 0.001000
2025-07-23 11:34:13,651 - INFO - Epoch 17/50
2025-07-23 11:34:14,589 - INFO - Train Loss: 1.2521
2025-07-23 11:34:14,589 - INFO - Valid Loss: 1.4188, Cat Acc: 0.4573
2025-07-23 11:34:14,589 - INFO - Ord Acc: 0.8537, MAE: 0.7125, QWK: 0.6050
2025-07-23 11:34:14,589 - INFO - Pred Consistency: 0.3720, Ranking Acc: 0.6287
2025-07-23 11:34:14,589 - INFO - Dist Consistency: 0.6581
2025-07-23 11:34:14,589 - INFO - Learning Rate: 0.001000
2025-07-23 11:34:14,589 - INFO - Epoch 18/50
2025-07-23 11:34:15,612 - INFO - Train Loss: 1.2445
2025-07-23 11:34:15,612 - INFO - Valid Loss: 1.4195, Cat Acc: 0.4599
2025-07-23 11:34:15,612 - INFO - Ord Acc: 0.8502, MAE: 0.7108, QWK: 0.6080
2025-07-23 11:34:15,612 - INFO - Pred Consistency: 0.3711, Ranking Acc: 0.6280
2025-07-23 11:34:15,612 - INFO - Dist Consistency: 0.6575
2025-07-23 11:34:15,612 - INFO - Learning Rate: 0.001000
2025-07-23 11:34:15,612 - INFO - Epoch 19/50
2025-07-23 11:34:16,788 - INFO - Train Loss: 1.2391
2025-07-23 11:34:16,788 - INFO - Valid Loss: 1.4183, Cat Acc: 0.4669
2025-07-23 11:34:16,788 - INFO - Ord Acc: 0.8467, MAE: 0.7056, QWK: 0.6101
2025-07-23 11:34:16,788 - INFO - Pred Consistency: 0.3754, Ranking Acc: 0.6285
2025-07-23 11:34:16,788 - INFO - Dist Consistency: 0.6573
2025-07-23 11:34:16,788 - INFO - Learning Rate: 0.000500
2025-07-23 11:34:16,792 - INFO - New best model saved! Valid Acc: 0.4669
2025-07-23 11:34:16,793 - INFO - Epoch 20/50
2025-07-23 11:34:17,728 - INFO - Train Loss: 1.2451
2025-07-23 11:34:17,728 - INFO - Valid Loss: 1.4184, Cat Acc: 0.4686
2025-07-23 11:34:17,728 - INFO - Ord Acc: 0.8458, MAE: 0.7047, QWK: 0.6094
2025-07-23 11:34:17,728 - INFO - Pred Consistency: 0.3763, Ranking Acc: 0.6283
2025-07-23 11:34:17,728 - INFO - Dist Consistency: 0.6571
2025-07-23 11:34:17,728 - INFO - Learning Rate: 0.000500
2025-07-23 11:34:17,732 - INFO - New best model saved! Valid Acc: 0.4686
2025-07-23 11:34:17,732 - INFO - Epoch 21/50
2025-07-23 11:34:18,738 - INFO - Train Loss: 1.2453
2025-07-23 11:34:18,738 - INFO - Valid Loss: 1.4184, Cat Acc: 0.4669
2025-07-23 11:34:18,738 - INFO - Ord Acc: 0.8476, MAE: 0.7056, QWK: 0.6096
2025-07-23 11:34:18,738 - INFO - Pred Consistency: 0.3789, Ranking Acc: 0.6282
2025-07-23 11:34:18,738 - INFO - Dist Consistency: 0.6570
2025-07-23 11:34:18,738 - INFO - Learning Rate: 0.000500
2025-07-23 11:34:18,738 - INFO - Epoch 22/50
2025-07-23 11:34:19,760 - INFO - Train Loss: 1.2388
2025-07-23 11:34:19,761 - INFO - Valid Loss: 1.4183, Cat Acc: 0.4695
2025-07-23 11:34:19,761 - INFO - Ord Acc: 0.8510, MAE: 0.6986, QWK: 0.6165
2025-07-23 11:34:19,761 - INFO - Pred Consistency: 0.3780, Ranking Acc: 0.6277
2025-07-23 11:34:19,761 - INFO - Dist Consistency: 0.6566
2025-07-23 11:34:19,761 - INFO - Learning Rate: 0.000500
2025-07-23 11:34:19,765 - INFO - New best model saved! Valid Acc: 0.4695
2025-07-23 11:34:19,765 - INFO - Epoch 23/50
2025-07-23 11:34:20,772 - INFO - Train Loss: 1.2402
2025-07-23 11:34:20,773 - INFO - Valid Loss: 1.4192, Cat Acc: 0.4686
2025-07-23 11:34:20,773 - INFO - Ord Acc: 0.8502, MAE: 0.7003, QWK: 0.6141
2025-07-23 11:34:20,773 - INFO - Pred Consistency: 0.3780, Ranking Acc: 0.6267
2025-07-23 11:34:20,773 - INFO - Dist Consistency: 0.6563
2025-07-23 11:34:20,773 - INFO - Learning Rate: 0.000500
2025-07-23 11:34:20,773 - INFO - Epoch 24/50
2025-07-23 11:34:21,746 - INFO - Train Loss: 1.2294
2025-07-23 11:34:21,747 - INFO - Valid Loss: 1.4199, Cat Acc: 0.4652
2025-07-23 11:34:21,747 - INFO - Ord Acc: 0.8502, MAE: 0.7047, QWK: 0.6112
2025-07-23 11:34:21,747 - INFO - Pred Consistency: 0.3780, Ranking Acc: 0.6262
2025-07-23 11:34:21,747 - INFO - Dist Consistency: 0.6562
2025-07-23 11:34:21,747 - INFO - Learning Rate: 0.000500
2025-07-23 11:34:21,747 - INFO - Epoch 25/50
2025-07-23 11:34:22,726 - INFO - Train Loss: 1.2335
2025-07-23 11:34:22,726 - INFO - Valid Loss: 1.4226, Cat Acc: 0.4634
2025-07-23 11:34:22,726 - INFO - Ord Acc: 0.8502, MAE: 0.7056, QWK: 0.6103
2025-07-23 11:34:22,726 - INFO - Pred Consistency: 0.3746, Ranking Acc: 0.6248
2025-07-23 11:34:22,726 - INFO - Dist Consistency: 0.6558
2025-07-23 11:34:22,726 - INFO - Learning Rate: 0.000250
2025-07-23 11:34:22,726 - INFO - Epoch 26/50
2025-07-23 11:34:23,678 - INFO - Train Loss: 1.2317
2025-07-23 11:34:23,679 - INFO - Valid Loss: 1.4230, Cat Acc: 0.4608
2025-07-23 11:34:23,679 - INFO - Ord Acc: 0.8493, MAE: 0.7091, QWK: 0.6084
2025-07-23 11:34:23,679 - INFO - Pred Consistency: 0.3720, Ranking Acc: 0.6247
2025-07-23 11:34:23,679 - INFO - Dist Consistency: 0.6559
2025-07-23 11:34:23,679 - INFO - Learning Rate: 0.000250
2025-07-23 11:34:23,679 - INFO - Epoch 27/50
2025-07-23 11:34:24,651 - INFO - Train Loss: 1.2351
2025-07-23 11:34:24,651 - INFO - Valid Loss: 1.4229, Cat Acc: 0.4617
2025-07-23 11:34:24,651 - INFO - Ord Acc: 0.8467, MAE: 0.7125, QWK: 0.6034
2025-07-23 11:34:24,651 - INFO - Pred Consistency: 0.3737, Ranking Acc: 0.6248
2025-07-23 11:34:24,651 - INFO - Dist Consistency: 0.6560
2025-07-23 11:34:24,651 - INFO - Learning Rate: 0.000250
2025-07-23 11:34:24,651 - INFO - Epoch 28/50
2025-07-23 11:34:25,583 - INFO - Train Loss: 1.2393
2025-07-23 11:34:25,583 - INFO - Valid Loss: 1.4232, Cat Acc: 0.4634
2025-07-23 11:34:25,583 - INFO - Ord Acc: 0.8449, MAE: 0.7117, QWK: 0.6044
2025-07-23 11:34:25,583 - INFO - Pred Consistency: 0.3746, Ranking Acc: 0.6249
2025-07-23 11:34:25,583 - INFO - Dist Consistency: 0.6562
2025-07-23 11:34:25,584 - INFO - Learning Rate: 0.000250
2025-07-23 11:34:25,584 - INFO - Epoch 29/50
2025-07-23 11:34:26,573 - INFO - Train Loss: 1.2386
2025-07-23 11:34:26,573 - INFO - Valid Loss: 1.4239, Cat Acc: 0.4617
2025-07-23 11:34:26,573 - INFO - Ord Acc: 0.8458, MAE: 0.7125, QWK: 0.6044
2025-07-23 11:34:26,573 - INFO - Pred Consistency: 0.3711, Ranking Acc: 0.6251
2025-07-23 11:34:26,573 - INFO - Dist Consistency: 0.6563
2025-07-23 11:34:26,573 - INFO - Learning Rate: 0.000250
2025-07-23 11:34:26,573 - INFO - Epoch 30/50
2025-07-23 11:34:27,567 - INFO - Train Loss: 1.2392
2025-07-23 11:34:27,567 - INFO - Valid Loss: 1.4230, Cat Acc: 0.4634
2025-07-23 11:34:27,569 - INFO - Ord Acc: 0.8484, MAE: 0.7082, QWK: 0.6089
2025-07-23 11:34:27,569 - INFO - Pred Consistency: 0.3746, Ranking Acc: 0.6251
2025-07-23 11:34:27,569 - INFO - Dist Consistency: 0.6565
2025-07-23 11:34:27,569 - INFO - Learning Rate: 0.000250
2025-07-23 11:34:27,569 - INFO - Epoch 31/50
2025-07-23 11:34:28,498 - INFO - Train Loss: 1.2543
2025-07-23 11:34:28,498 - INFO - Valid Loss: 1.4222, Cat Acc: 0.4652
2025-07-23 11:34:28,498 - INFO - Ord Acc: 0.8458, MAE: 0.7108, QWK: 0.6047
2025-07-23 11:34:28,498 - INFO - Pred Consistency: 0.3772, Ranking Acc: 0.6257
2025-07-23 11:34:28,498 - INFO - Dist Consistency: 0.6568
2025-07-23 11:34:28,498 - INFO - Learning Rate: 0.000125
2025-07-23 11:34:28,498 - INFO - Epoch 32/50
2025-07-23 11:34:29,463 - INFO - Train Loss: 1.2333
2025-07-23 11:34:29,463 - INFO - Valid Loss: 1.4220, Cat Acc: 0.4669
2025-07-23 11:34:29,463 - INFO - Ord Acc: 0.8458, MAE: 0.7091, QWK: 0.6054
2025-07-23 11:34:29,463 - INFO - Pred Consistency: 0.3763, Ranking Acc: 0.6257
2025-07-23 11:34:29,463 - INFO - Dist Consistency: 0.6568
2025-07-23 11:34:29,463 - INFO - Learning Rate: 0.000125
2025-07-23 11:34:29,463 - INFO - Epoch 33/50
2025-07-23 11:34:30,437 - INFO - Train Loss: 1.2275
2025-07-23 11:34:30,437 - INFO - Valid Loss: 1.4219, Cat Acc: 0.4643
2025-07-23 11:34:30,437 - INFO - Ord Acc: 0.8476, MAE: 0.7099, QWK: 0.6066
2025-07-23 11:34:30,437 - INFO - Pred Consistency: 0.3737, Ranking Acc: 0.6257
2025-07-23 11:34:30,437 - INFO - Dist Consistency: 0.6568
2025-07-23 11:34:30,437 - INFO - Learning Rate: 0.000125
2025-07-23 11:34:30,437 - INFO - Epoch 34/50
2025-07-23 11:34:31,431 - INFO - Train Loss: 1.2354
2025-07-23 11:34:31,431 - INFO - Valid Loss: 1.4225, Cat Acc: 0.4669
2025-07-23 11:34:31,431 - INFO - Ord Acc: 0.8467, MAE: 0.7064, QWK: 0.6082
2025-07-23 11:34:31,431 - INFO - Pred Consistency: 0.3754, Ranking Acc: 0.6255
2025-07-23 11:34:31,431 - INFO - Dist Consistency: 0.6567
2025-07-23 11:34:31,431 - INFO - Learning Rate: 0.000125
2025-07-23 11:34:31,431 - INFO - Epoch 35/50
2025-07-23 11:34:32,441 - INFO - Train Loss: 1.2399
2025-07-23 11:34:32,441 - INFO - Valid Loss: 1.4225, Cat Acc: 0.4660
2025-07-23 11:34:32,441 - INFO - Ord Acc: 0.8467, MAE: 0.7073, QWK: 0.6076
2025-07-23 11:34:32,442 - INFO - Pred Consistency: 0.3754, Ranking Acc: 0.6255
2025-07-23 11:34:32,442 - INFO - Dist Consistency: 0.6567
2025-07-23 11:34:32,442 - INFO - Learning Rate: 0.000125
2025-07-23 11:34:32,442 - INFO - Epoch 36/50
2025-07-23 11:34:33,383 - INFO - Train Loss: 1.2405
2025-07-23 11:34:33,383 - INFO - Valid Loss: 1.4223, Cat Acc: 0.4660
2025-07-23 11:34:33,383 - INFO - Ord Acc: 0.8458, MAE: 0.7082, QWK: 0.6069
2025-07-23 11:34:33,383 - INFO - Pred Consistency: 0.3754, Ranking Acc: 0.6255
2025-07-23 11:34:33,383 - INFO - Dist Consistency: 0.6568
2025-07-23 11:34:33,383 - INFO - Learning Rate: 0.000125
2025-07-23 11:34:33,383 - INFO - Epoch 37/50
2025-07-23 11:34:34,488 - INFO - Train Loss: 1.2374
2025-07-23 11:34:34,488 - INFO - Valid Loss: 1.4221, Cat Acc: 0.4678
2025-07-23 11:34:34,488 - INFO - Ord Acc: 0.8484, MAE: 0.7056, QWK: 0.6087
2025-07-23 11:34:34,488 - INFO - Pred Consistency: 0.3763, Ranking Acc: 0.6255
2025-07-23 11:34:34,488 - INFO - Dist Consistency: 0.6569
2025-07-23 11:34:34,488 - INFO - Learning Rate: 0.000063
2025-07-23 11:34:34,488 - INFO - Epoch 38/50
2025-07-23 11:34:35,442 - INFO - Train Loss: 1.2323
2025-07-23 11:34:35,442 - INFO - Valid Loss: 1.4222, Cat Acc: 0.4695
2025-07-23 11:34:35,442 - INFO - Ord Acc: 0.8484, MAE: 0.7038, QWK: 0.6103
2025-07-23 11:34:35,442 - INFO - Pred Consistency: 0.3780, Ranking Acc: 0.6255
2025-07-23 11:34:35,442 - INFO - Dist Consistency: 0.6569
2025-07-23 11:34:35,442 - INFO - Learning Rate: 0.000063
2025-07-23 11:34:35,442 - INFO - Epoch 39/50
2025-07-23 11:34:36,413 - INFO - Train Loss: 1.2318
2025-07-23 11:34:36,413 - INFO - Valid Loss: 1.4222, Cat Acc: 0.4686
2025-07-23 11:34:36,413 - INFO - Ord Acc: 0.8476, MAE: 0.7056, QWK: 0.6081
2025-07-23 11:34:36,413 - INFO - Pred Consistency: 0.3772, Ranking Acc: 0.6254
2025-07-23 11:34:36,413 - INFO - Dist Consistency: 0.6569
2025-07-23 11:34:36,414 - INFO - Learning Rate: 0.000063
2025-07-23 11:34:36,414 - INFO - Epoch 40/50
2025-07-23 11:34:37,402 - INFO - Train Loss: 1.2335
2025-07-23 11:34:37,402 - INFO - Valid Loss: 1.4225, Cat Acc: 0.4686
2025-07-23 11:34:37,402 - INFO - Ord Acc: 0.8467, MAE: 0.7056, QWK: 0.6078
2025-07-23 11:34:37,402 - INFO - Pred Consistency: 0.3772, Ranking Acc: 0.6255
2025-07-23 11:34:37,402 - INFO - Dist Consistency: 0.6568
2025-07-23 11:34:37,402 - INFO - Learning Rate: 0.000063
2025-07-23 11:34:37,402 - INFO - Epoch 41/50
2025-07-23 11:34:38,417 - INFO - Train Loss: 1.2292
2025-07-23 11:34:38,417 - INFO - Valid Loss: 1.4227, Cat Acc: 0.4678
2025-07-23 11:34:38,419 - INFO - Ord Acc: 0.8467, MAE: 0.7047, QWK: 0.6099
2025-07-23 11:34:38,419 - INFO - Pred Consistency: 0.3763, Ranking Acc: 0.6255
2025-07-23 11:34:38,419 - INFO - Dist Consistency: 0.6568
2025-07-23 11:34:38,419 - INFO - Learning Rate: 0.000063
2025-07-23 11:34:38,419 - INFO - Epoch 42/50
2025-07-23 11:34:39,314 - INFO - Train Loss: 1.2311
2025-07-23 11:34:39,314 - INFO - Valid Loss: 1.4230, Cat Acc: 0.4669
2025-07-23 11:34:39,314 - INFO - Ord Acc: 0.8484, MAE: 0.7038, QWK: 0.6108
2025-07-23 11:34:39,314 - INFO - Pred Consistency: 0.3754, Ranking Acc: 0.6254
2025-07-23 11:34:39,314 - INFO - Dist Consistency: 0.6567
2025-07-23 11:34:39,314 - INFO - Learning Rate: 0.000063
2025-07-23 11:34:39,314 - INFO - Epoch 43/50
2025-07-23 11:34:40,411 - INFO - Train Loss: 1.2315
2025-07-23 11:34:40,411 - INFO - Valid Loss: 1.4233, Cat Acc: 0.4660
2025-07-23 11:34:40,411 - INFO - Ord Acc: 0.8467, MAE: 0.7064, QWK: 0.6080
2025-07-23 11:34:40,411 - INFO - Pred Consistency: 0.3746, Ranking Acc: 0.6254
2025-07-23 11:34:40,411 - INFO - Dist Consistency: 0.6567
2025-07-23 11:34:40,411 - INFO - Learning Rate: 0.000031
2025-07-23 11:34:40,411 - INFO - Epoch 44/50
2025-07-23 11:34:41,361 - INFO - Train Loss: 1.2353
2025-07-23 11:34:41,362 - INFO - Valid Loss: 1.4234, Cat Acc: 0.4652
2025-07-23 11:34:41,362 - INFO - Ord Acc: 0.8467, MAE: 0.7073, QWK: 0.6074
2025-07-23 11:34:41,362 - INFO - Pred Consistency: 0.3737, Ranking Acc: 0.6254
2025-07-23 11:34:41,362 - INFO - Dist Consistency: 0.6567
2025-07-23 11:34:41,362 - INFO - Learning Rate: 0.000031
2025-07-23 11:34:41,362 - INFO - Epoch 45/50
2025-07-23 11:34:42,245 - INFO - Train Loss: 1.2418
2025-07-23 11:34:42,245 - INFO - Valid Loss: 1.4232, Cat Acc: 0.4669
2025-07-23 11:34:42,245 - INFO - Ord Acc: 0.8484, MAE: 0.7038, QWK: 0.6104
2025-07-23 11:34:42,245 - INFO - Pred Consistency: 0.3746, Ranking Acc: 0.6255
2025-07-23 11:34:42,245 - INFO - Dist Consistency: 0.6568
2025-07-23 11:34:42,246 - INFO - Learning Rate: 0.000031
2025-07-23 11:34:42,246 - INFO - Epoch 46/50
2025-07-23 11:34:43,278 - INFO - Train Loss: 1.2345
2025-07-23 11:34:43,278 - INFO - Valid Loss: 1.4230, Cat Acc: 0.4686
2025-07-23 11:34:43,278 - INFO - Ord Acc: 0.8476, MAE: 0.7030, QWK: 0.6107
2025-07-23 11:34:43,278 - INFO - Pred Consistency: 0.3754, Ranking Acc: 0.6254
2025-07-23 11:34:43,278 - INFO - Dist Consistency: 0.6568
2025-07-23 11:34:43,278 - INFO - Learning Rate: 0.000031
2025-07-23 11:34:43,278 - INFO - Epoch 47/50
2025-07-23 11:34:44,232 - INFO - Train Loss: 1.2407
2025-07-23 11:34:44,232 - INFO - Valid Loss: 1.4228, Cat Acc: 0.4686
2025-07-23 11:34:44,232 - INFO - Ord Acc: 0.8493, MAE: 0.7012, QWK: 0.6128
2025-07-23 11:34:44,232 - INFO - Pred Consistency: 0.3763, Ranking Acc: 0.6255
2025-07-23 11:34:44,232 - INFO - Dist Consistency: 0.6568
2025-07-23 11:34:44,232 - INFO - Learning Rate: 0.000031
2025-07-23 11:34:44,232 - INFO - Epoch 48/50
2025-07-23 11:34:45,170 - INFO - Train Loss: 1.2275
2025-07-23 11:34:45,170 - INFO - Valid Loss: 1.4227, Cat Acc: 0.4669
2025-07-23 11:34:45,170 - INFO - Ord Acc: 0.8484, MAE: 0.7047, QWK: 0.6101
2025-07-23 11:34:45,170 - INFO - Pred Consistency: 0.3754, Ranking Acc: 0.6255
2025-07-23 11:34:45,170 - INFO - Dist Consistency: 0.6568
2025-07-23 11:34:45,170 - INFO - Learning Rate: 0.000031
2025-07-23 11:34:45,170 - INFO - Epoch 49/50
2025-07-23 11:34:46,073 - INFO - Train Loss: 1.2463
2025-07-23 11:34:46,073 - INFO - Valid Loss: 1.4226, Cat Acc: 0.4660
2025-07-23 11:34:46,073 - INFO - Ord Acc: 0.8484, MAE: 0.7056, QWK: 0.6098
2025-07-23 11:34:46,073 - INFO - Pred Consistency: 0.3746, Ranking Acc: 0.6255
2025-07-23 11:34:46,073 - INFO - Dist Consistency: 0.6569
2025-07-23 11:34:46,073 - INFO - Learning Rate: 0.000016
2025-07-23 11:34:46,073 - INFO - Epoch 50/50
2025-07-23 11:34:46,985 - INFO - Train Loss: 1.2408
2025-07-23 11:34:46,985 - INFO - Valid Loss: 1.4226, Cat Acc: 0.4669
2025-07-23 11:34:46,985 - INFO - Ord Acc: 0.8484, MAE: 0.7047, QWK: 0.6104
2025-07-23 11:34:46,985 - INFO - Pred Consistency: 0.3754, Ranking Acc: 0.6255
2025-07-23 11:34:46,985 - INFO - Dist Consistency: 0.6569
2025-07-23 11:34:46,985 - INFO - Learning Rate: 0.000016
2025-07-23 11:34:46,986 - INFO - Training completed! Best valid accuracy: 0.4695
