2025-07-23 11:52:18,873 - INFO - Training Deep-GPCM on synthetic_OC
2025-07-23 11:52:18,873 - INFO - Device: cpu, Categories: None, Loss: ordinal, Embedding: unordered
2025-07-23 11:52:18,873 - INFO - Loading training data...
2025-07-23 11:52:18,875 - INFO - Train data: 160 sequences, 4 categories
2025-07-23 11:52:18,875 - INFO - Loading test data...
2025-07-23 11:52:18,875 - INFO - Test data: 40 sequences
2025-07-23 11:52:18,875 - INFO - Detected 29 unique questions
2025-07-23 11:52:19,539 - INFO - Starting training...
2025-07-23 11:52:19,540 - INFO - Epoch 1/50
2025-07-23 11:52:21,077 - INFO - Train Loss: 1.9931
2025-07-23 11:52:21,077 - INFO - Valid Loss: 1.9111, Cat Acc: 0.2204
2025-07-23 11:52:21,077 - INFO - Ord Acc: 0.7439, MAE: 1.0375, QWK: 0.1204
2025-07-23 11:52:21,077 - INFO - Pred Consistency: 0.2160, Ranking Acc: 0.2344
2025-07-23 11:52:21,077 - INFO - Dist Consistency: 0.5595
2025-07-23 11:52:21,077 - INFO - Learning Rate: 0.001000
2025-07-23 11:52:21,084 - INFO - New best model saved! Valid Acc: 0.2204
2025-07-23 11:52:21,084 - INFO - Epoch 2/50
2025-07-23 11:52:22,339 - INFO - Train Loss: 1.7945
2025-07-23 11:52:22,339 - INFO - Valid Loss: 1.7593, Cat Acc: 0.2465
2025-07-23 11:52:22,339 - INFO - Ord Acc: 0.7970, MAE: 0.9599, QWK: 0.2518
2025-07-23 11:52:22,339 - INFO - Pred Consistency: 0.2422, Ranking Acc: 0.4162
2025-07-23 11:52:22,339 - INFO - Dist Consistency: 0.5751
2025-07-23 11:52:22,339 - INFO - Learning Rate: 0.001000
2025-07-23 11:52:22,344 - INFO - New best model saved! Valid Acc: 0.2465
2025-07-23 11:52:22,344 - INFO - Epoch 3/50
2025-07-23 11:52:23,356 - INFO - Train Loss: 1.6539
2025-07-23 11:52:23,356 - INFO - Valid Loss: 1.6575, Cat Acc: 0.3066
2025-07-23 11:52:23,356 - INFO - Ord Acc: 0.8389, MAE: 0.8615, QWK: 0.4140
2025-07-23 11:52:23,356 - INFO - Pred Consistency: 0.2735, Ranking Acc: 0.5001
2025-07-23 11:52:23,356 - INFO - Dist Consistency: 0.5923
2025-07-23 11:52:23,356 - INFO - Learning Rate: 0.001000
2025-07-23 11:52:23,369 - INFO - New best model saved! Valid Acc: 0.3066
2025-07-23 11:52:23,370 - INFO - Epoch 4/50
2025-07-23 11:52:24,539 - INFO - Train Loss: 1.5388
2025-07-23 11:52:24,539 - INFO - Valid Loss: 1.5767, Cat Acc: 0.3711
2025-07-23 11:52:24,539 - INFO - Ord Acc: 0.8476, MAE: 0.7944, QWK: 0.5026
2025-07-23 11:52:24,539 - INFO - Pred Consistency: 0.3232, Ranking Acc: 0.5473
2025-07-23 11:52:24,539 - INFO - Dist Consistency: 0.6109
2025-07-23 11:52:24,539 - INFO - Learning Rate: 0.001000
2025-07-23 11:52:24,546 - INFO - New best model saved! Valid Acc: 0.3711
2025-07-23 11:52:24,546 - INFO - Epoch 5/50
2025-07-23 11:52:25,441 - INFO - Train Loss: 1.4652
2025-07-23 11:52:25,441 - INFO - Valid Loss: 1.5321, Cat Acc: 0.4033
2025-07-23 11:52:25,441 - INFO - Ord Acc: 0.8476, MAE: 0.7674, QWK: 0.5474
2025-07-23 11:52:25,441 - INFO - Pred Consistency: 0.3336, Ranking Acc: 0.5734
2025-07-23 11:52:25,441 - INFO - Dist Consistency: 0.6262
2025-07-23 11:52:25,441 - INFO - Learning Rate: 0.001000
2025-07-23 11:52:25,447 - INFO - New best model saved! Valid Acc: 0.4033
2025-07-23 11:52:25,447 - INFO - Epoch 6/50
2025-07-23 11:52:26,655 - INFO - Train Loss: 1.4259
2025-07-23 11:52:26,655 - INFO - Valid Loss: 1.5003, Cat Acc: 0.4347
2025-07-23 11:52:26,655 - INFO - Ord Acc: 0.8484, MAE: 0.7387, QWK: 0.5796
2025-07-23 11:52:26,655 - INFO - Pred Consistency: 0.3528, Ranking Acc: 0.5938
2025-07-23 11:52:26,655 - INFO - Dist Consistency: 0.6371
2025-07-23 11:52:26,655 - INFO - Learning Rate: 0.001000
2025-07-23 11:52:26,660 - INFO - New best model saved! Valid Acc: 0.4347
2025-07-23 11:52:26,660 - INFO - Epoch 7/50
2025-07-23 11:52:27,843 - INFO - Train Loss: 1.3741
2025-07-23 11:52:27,843 - INFO - Valid Loss: 1.4800, Cat Acc: 0.4355
2025-07-23 11:52:27,843 - INFO - Ord Acc: 0.8406, MAE: 0.7491, QWK: 0.5755
2025-07-23 11:52:27,843 - INFO - Pred Consistency: 0.3598, Ranking Acc: 0.6067
2025-07-23 11:52:27,843 - INFO - Dist Consistency: 0.6430
2025-07-23 11:52:27,843 - INFO - Learning Rate: 0.001000
2025-07-23 11:52:27,848 - INFO - New best model saved! Valid Acc: 0.4355
2025-07-23 11:52:27,848 - INFO - Epoch 8/50
2025-07-23 11:52:28,912 - INFO - Train Loss: 1.3318
2025-07-23 11:52:28,912 - INFO - Valid Loss: 1.4551, Cat Acc: 0.4634
2025-07-23 11:52:28,912 - INFO - Ord Acc: 0.8476, MAE: 0.7125, QWK: 0.5969
2025-07-23 11:52:28,912 - INFO - Pred Consistency: 0.3772, Ranking Acc: 0.6158
2025-07-23 11:52:28,912 - INFO - Dist Consistency: 0.6457
2025-07-23 11:52:28,912 - INFO - Learning Rate: 0.001000
2025-07-23 11:52:28,917 - INFO - New best model saved! Valid Acc: 0.4634
2025-07-23 11:52:28,917 - INFO - Epoch 9/50
2025-07-23 11:52:30,031 - INFO - Train Loss: 1.3053
2025-07-23 11:52:30,032 - INFO - Valid Loss: 1.4399, Cat Acc: 0.4625
2025-07-23 11:52:30,032 - INFO - Ord Acc: 0.8545, MAE: 0.7056, QWK: 0.6059
2025-07-23 11:52:30,032 - INFO - Pred Consistency: 0.3737, Ranking Acc: 0.6205
2025-07-23 11:52:30,032 - INFO - Dist Consistency: 0.6482
2025-07-23 11:52:30,032 - INFO - Learning Rate: 0.001000
2025-07-23 11:52:30,032 - INFO - Epoch 10/50
2025-07-23 11:52:31,026 - INFO - Train Loss: 1.2875
2025-07-23 11:52:31,026 - INFO - Valid Loss: 1.4306, Cat Acc: 0.4599
2025-07-23 11:52:31,026 - INFO - Ord Acc: 0.8554, MAE: 0.7038, QWK: 0.6100
2025-07-23 11:52:31,026 - INFO - Pred Consistency: 0.3746, Ranking Acc: 0.6232
2025-07-23 11:52:31,026 - INFO - Dist Consistency: 0.6503
2025-07-23 11:52:31,026 - INFO - Learning Rate: 0.001000
2025-07-23 11:52:31,026 - INFO - Epoch 11/50
2025-07-23 11:52:32,064 - INFO - Train Loss: 1.2724
2025-07-23 11:52:32,064 - INFO - Valid Loss: 1.4254, Cat Acc: 0.4625
2025-07-23 11:52:32,064 - INFO - Ord Acc: 0.8554, MAE: 0.7003, QWK: 0.6130
2025-07-23 11:52:32,064 - INFO - Pred Consistency: 0.3772, Ranking Acc: 0.6256
2025-07-23 11:52:32,064 - INFO - Dist Consistency: 0.6523
2025-07-23 11:52:32,064 - INFO - Learning Rate: 0.001000
2025-07-23 11:52:32,064 - INFO - Epoch 12/50
2025-07-23 11:52:33,217 - INFO - Train Loss: 1.2689
2025-07-23 11:52:33,217 - INFO - Valid Loss: 1.4210, Cat Acc: 0.4521
2025-07-23 11:52:33,217 - INFO - Ord Acc: 0.8510, MAE: 0.7178, QWK: 0.6022
2025-07-23 11:52:33,217 - INFO - Pred Consistency: 0.3667, Ranking Acc: 0.6287
2025-07-23 11:52:33,217 - INFO - Dist Consistency: 0.6556
2025-07-23 11:52:33,217 - INFO - Learning Rate: 0.001000
2025-07-23 11:52:33,217 - INFO - Epoch 13/50
2025-07-23 11:52:34,315 - INFO - Train Loss: 1.2587
2025-07-23 11:52:34,315 - INFO - Valid Loss: 1.4147, Cat Acc: 0.4652
2025-07-23 11:52:34,315 - INFO - Ord Acc: 0.8519, MAE: 0.7030, QWK: 0.6113
2025-07-23 11:52:34,315 - INFO - Pred Consistency: 0.3763, Ranking Acc: 0.6325
2025-07-23 11:52:34,315 - INFO - Dist Consistency: 0.6575
2025-07-23 11:52:34,315 - INFO - Learning Rate: 0.001000
2025-07-23 11:52:34,320 - INFO - New best model saved! Valid Acc: 0.4652
2025-07-23 11:52:34,320 - INFO - Epoch 14/50
2025-07-23 11:52:35,451 - INFO - Train Loss: 1.2648
2025-07-23 11:52:35,451 - INFO - Valid Loss: 1.4158, Cat Acc: 0.4643
2025-07-23 11:52:35,451 - INFO - Ord Acc: 0.8554, MAE: 0.7012, QWK: 0.6142
2025-07-23 11:52:35,451 - INFO - Pred Consistency: 0.3772, Ranking Acc: 0.6328
2025-07-23 11:52:35,451 - INFO - Dist Consistency: 0.6591
2025-07-23 11:52:35,451 - INFO - Learning Rate: 0.001000
2025-07-23 11:52:35,451 - INFO - Epoch 15/50
2025-07-23 11:52:36,403 - INFO - Train Loss: 1.2522
2025-07-23 11:52:36,403 - INFO - Valid Loss: 1.4147, Cat Acc: 0.4634
2025-07-23 11:52:36,403 - INFO - Ord Acc: 0.8554, MAE: 0.7003, QWK: 0.6162
2025-07-23 11:52:36,403 - INFO - Pred Consistency: 0.3798, Ranking Acc: 0.6326
2025-07-23 11:52:36,403 - INFO - Dist Consistency: 0.6592
2025-07-23 11:52:36,403 - INFO - Learning Rate: 0.001000
2025-07-23 11:52:36,403 - INFO - Epoch 16/50
2025-07-23 11:52:37,291 - INFO - Train Loss: 1.2436
2025-07-23 11:52:37,291 - INFO - Valid Loss: 1.4169, Cat Acc: 0.4643
2025-07-23 11:52:37,291 - INFO - Ord Acc: 0.8545, MAE: 0.7012, QWK: 0.6143
2025-07-23 11:52:37,291 - INFO - Pred Consistency: 0.3746, Ranking Acc: 0.6310
2025-07-23 11:52:37,291 - INFO - Dist Consistency: 0.6583
2025-07-23 11:52:37,291 - INFO - Learning Rate: 0.001000
2025-07-23 11:52:37,291 - INFO - Epoch 17/50
2025-07-23 11:52:38,130 - INFO - Train Loss: 1.2521
2025-07-23 11:52:38,131 - INFO - Valid Loss: 1.4188, Cat Acc: 0.4573
2025-07-23 11:52:38,131 - INFO - Ord Acc: 0.8537, MAE: 0.7125, QWK: 0.6050
2025-07-23 11:52:38,131 - INFO - Pred Consistency: 0.3720, Ranking Acc: 0.6287
2025-07-23 11:52:38,131 - INFO - Dist Consistency: 0.6581
2025-07-23 11:52:38,131 - INFO - Learning Rate: 0.001000
2025-07-23 11:52:38,131 - INFO - Epoch 18/50
2025-07-23 11:52:39,029 - INFO - Train Loss: 1.2445
2025-07-23 11:52:39,029 - INFO - Valid Loss: 1.4195, Cat Acc: 0.4599
2025-07-23 11:52:39,029 - INFO - Ord Acc: 0.8502, MAE: 0.7108, QWK: 0.6080
2025-07-23 11:52:39,029 - INFO - Pred Consistency: 0.3711, Ranking Acc: 0.6280
2025-07-23 11:52:39,029 - INFO - Dist Consistency: 0.6575
2025-07-23 11:52:39,029 - INFO - Learning Rate: 0.001000
2025-07-23 11:52:39,029 - INFO - Epoch 19/50
2025-07-23 11:52:39,895 - INFO - Train Loss: 1.2391
2025-07-23 11:52:39,895 - INFO - Valid Loss: 1.4183, Cat Acc: 0.4669
2025-07-23 11:52:39,895 - INFO - Ord Acc: 0.8467, MAE: 0.7056, QWK: 0.6101
2025-07-23 11:52:39,895 - INFO - Pred Consistency: 0.3754, Ranking Acc: 0.6285
2025-07-23 11:52:39,895 - INFO - Dist Consistency: 0.6573
2025-07-23 11:52:39,895 - INFO - Learning Rate: 0.000500
2025-07-23 11:52:39,901 - INFO - New best model saved! Valid Acc: 0.4669
2025-07-23 11:52:39,901 - INFO - Epoch 20/50
2025-07-23 11:52:40,800 - INFO - Train Loss: 1.2451
2025-07-23 11:52:40,800 - INFO - Valid Loss: 1.4184, Cat Acc: 0.4686
2025-07-23 11:52:40,800 - INFO - Ord Acc: 0.8458, MAE: 0.7047, QWK: 0.6094
2025-07-23 11:52:40,800 - INFO - Pred Consistency: 0.3763, Ranking Acc: 0.6283
2025-07-23 11:52:40,800 - INFO - Dist Consistency: 0.6571
2025-07-23 11:52:40,800 - INFO - Learning Rate: 0.000500
2025-07-23 11:52:40,804 - INFO - New best model saved! Valid Acc: 0.4686
2025-07-23 11:52:40,804 - INFO - Epoch 21/50
2025-07-23 11:52:41,701 - INFO - Train Loss: 1.2453
2025-07-23 11:52:41,701 - INFO - Valid Loss: 1.4184, Cat Acc: 0.4669
2025-07-23 11:52:41,701 - INFO - Ord Acc: 0.8476, MAE: 0.7056, QWK: 0.6096
2025-07-23 11:52:41,701 - INFO - Pred Consistency: 0.3789, Ranking Acc: 0.6282
2025-07-23 11:52:41,701 - INFO - Dist Consistency: 0.6570
2025-07-23 11:52:41,701 - INFO - Learning Rate: 0.000500
2025-07-23 11:52:41,701 - INFO - Epoch 22/50
2025-07-23 11:52:42,557 - INFO - Train Loss: 1.2388
2025-07-23 11:52:42,557 - INFO - Valid Loss: 1.4183, Cat Acc: 0.4695
2025-07-23 11:52:42,557 - INFO - Ord Acc: 0.8510, MAE: 0.6986, QWK: 0.6165
2025-07-23 11:52:42,557 - INFO - Pred Consistency: 0.3780, Ranking Acc: 0.6277
2025-07-23 11:52:42,558 - INFO - Dist Consistency: 0.6566
2025-07-23 11:52:42,558 - INFO - Learning Rate: 0.000500
2025-07-23 11:52:42,562 - INFO - New best model saved! Valid Acc: 0.4695
2025-07-23 11:52:42,563 - INFO - Epoch 23/50
2025-07-23 11:52:43,512 - INFO - Train Loss: 1.2402
2025-07-23 11:52:43,512 - INFO - Valid Loss: 1.4192, Cat Acc: 0.4686
2025-07-23 11:52:43,512 - INFO - Ord Acc: 0.8502, MAE: 0.7003, QWK: 0.6141
2025-07-23 11:52:43,512 - INFO - Pred Consistency: 0.3780, Ranking Acc: 0.6267
2025-07-23 11:52:43,512 - INFO - Dist Consistency: 0.6563
2025-07-23 11:52:43,512 - INFO - Learning Rate: 0.000500
2025-07-23 11:52:43,512 - INFO - Epoch 24/50
2025-07-23 11:52:44,415 - INFO - Train Loss: 1.2294
2025-07-23 11:52:44,415 - INFO - Valid Loss: 1.4199, Cat Acc: 0.4652
2025-07-23 11:52:44,415 - INFO - Ord Acc: 0.8502, MAE: 0.7047, QWK: 0.6112
2025-07-23 11:52:44,415 - INFO - Pred Consistency: 0.3780, Ranking Acc: 0.6262
2025-07-23 11:52:44,415 - INFO - Dist Consistency: 0.6562
2025-07-23 11:52:44,415 - INFO - Learning Rate: 0.000500
2025-07-23 11:52:44,415 - INFO - Epoch 25/50
2025-07-23 11:52:45,272 - INFO - Train Loss: 1.2335
2025-07-23 11:52:45,272 - INFO - Valid Loss: 1.4226, Cat Acc: 0.4634
2025-07-23 11:52:45,272 - INFO - Ord Acc: 0.8502, MAE: 0.7056, QWK: 0.6103
2025-07-23 11:52:45,272 - INFO - Pred Consistency: 0.3746, Ranking Acc: 0.6248
2025-07-23 11:52:45,272 - INFO - Dist Consistency: 0.6558
2025-07-23 11:52:45,272 - INFO - Learning Rate: 0.000250
2025-07-23 11:52:45,272 - INFO - Epoch 26/50
2025-07-23 11:52:46,143 - INFO - Train Loss: 1.2317
2025-07-23 11:52:46,143 - INFO - Valid Loss: 1.4230, Cat Acc: 0.4608
2025-07-23 11:52:46,143 - INFO - Ord Acc: 0.8493, MAE: 0.7091, QWK: 0.6084
2025-07-23 11:52:46,143 - INFO - Pred Consistency: 0.3720, Ranking Acc: 0.6247
2025-07-23 11:52:46,143 - INFO - Dist Consistency: 0.6559
2025-07-23 11:52:46,143 - INFO - Learning Rate: 0.000250
2025-07-23 11:52:46,143 - INFO - Epoch 27/50
2025-07-23 11:52:47,017 - INFO - Train Loss: 1.2351
2025-07-23 11:52:47,017 - INFO - Valid Loss: 1.4229, Cat Acc: 0.4617
2025-07-23 11:52:47,017 - INFO - Ord Acc: 0.8467, MAE: 0.7125, QWK: 0.6034
2025-07-23 11:52:47,017 - INFO - Pred Consistency: 0.3737, Ranking Acc: 0.6248
2025-07-23 11:52:47,017 - INFO - Dist Consistency: 0.6560
2025-07-23 11:52:47,017 - INFO - Learning Rate: 0.000250
2025-07-23 11:52:47,017 - INFO - Epoch 28/50
2025-07-23 11:52:47,892 - INFO - Train Loss: 1.2393
2025-07-23 11:52:47,892 - INFO - Valid Loss: 1.4232, Cat Acc: 0.4634
2025-07-23 11:52:47,892 - INFO - Ord Acc: 0.8449, MAE: 0.7117, QWK: 0.6044
2025-07-23 11:52:47,892 - INFO - Pred Consistency: 0.3746, Ranking Acc: 0.6249
2025-07-23 11:52:47,892 - INFO - Dist Consistency: 0.6562
2025-07-23 11:52:47,892 - INFO - Learning Rate: 0.000250
2025-07-23 11:52:47,892 - INFO - Epoch 29/50
2025-07-23 11:52:48,743 - INFO - Train Loss: 1.2386
2025-07-23 11:52:48,743 - INFO - Valid Loss: 1.4239, Cat Acc: 0.4617
2025-07-23 11:52:48,743 - INFO - Ord Acc: 0.8458, MAE: 0.7125, QWK: 0.6044
2025-07-23 11:52:48,743 - INFO - Pred Consistency: 0.3711, Ranking Acc: 0.6251
2025-07-23 11:52:48,743 - INFO - Dist Consistency: 0.6563
2025-07-23 11:52:48,743 - INFO - Learning Rate: 0.000250
2025-07-23 11:52:48,743 - INFO - Epoch 30/50
2025-07-23 11:52:49,601 - INFO - Train Loss: 1.2392
2025-07-23 11:52:49,601 - INFO - Valid Loss: 1.4230, Cat Acc: 0.4634
2025-07-23 11:52:49,601 - INFO - Ord Acc: 0.8484, MAE: 0.7082, QWK: 0.6089
2025-07-23 11:52:49,601 - INFO - Pred Consistency: 0.3746, Ranking Acc: 0.6251
2025-07-23 11:52:49,601 - INFO - Dist Consistency: 0.6565
2025-07-23 11:52:49,601 - INFO - Learning Rate: 0.000250
2025-07-23 11:52:49,601 - INFO - Epoch 31/50
2025-07-23 11:52:50,440 - INFO - Train Loss: 1.2543
2025-07-23 11:52:50,440 - INFO - Valid Loss: 1.4222, Cat Acc: 0.4652
2025-07-23 11:52:50,440 - INFO - Ord Acc: 0.8458, MAE: 0.7108, QWK: 0.6047
2025-07-23 11:52:50,440 - INFO - Pred Consistency: 0.3772, Ranking Acc: 0.6257
2025-07-23 11:52:50,440 - INFO - Dist Consistency: 0.6568
2025-07-23 11:52:50,440 - INFO - Learning Rate: 0.000125
2025-07-23 11:52:50,440 - INFO - Epoch 32/50
2025-07-23 11:52:51,291 - INFO - Train Loss: 1.2333
2025-07-23 11:52:51,291 - INFO - Valid Loss: 1.4220, Cat Acc: 0.4669
2025-07-23 11:52:51,291 - INFO - Ord Acc: 0.8458, MAE: 0.7091, QWK: 0.6054
2025-07-23 11:52:51,291 - INFO - Pred Consistency: 0.3763, Ranking Acc: 0.6257
2025-07-23 11:52:51,291 - INFO - Dist Consistency: 0.6568
2025-07-23 11:52:51,291 - INFO - Learning Rate: 0.000125
2025-07-23 11:52:51,292 - INFO - Epoch 33/50
2025-07-23 11:52:52,200 - INFO - Train Loss: 1.2275
2025-07-23 11:52:52,200 - INFO - Valid Loss: 1.4219, Cat Acc: 0.4643
2025-07-23 11:52:52,200 - INFO - Ord Acc: 0.8476, MAE: 0.7099, QWK: 0.6066
2025-07-23 11:52:52,200 - INFO - Pred Consistency: 0.3737, Ranking Acc: 0.6257
2025-07-23 11:52:52,200 - INFO - Dist Consistency: 0.6568
2025-07-23 11:52:52,200 - INFO - Learning Rate: 0.000125
2025-07-23 11:52:52,200 - INFO - Epoch 34/50
2025-07-23 11:52:53,157 - INFO - Train Loss: 1.2354
2025-07-23 11:52:53,157 - INFO - Valid Loss: 1.4225, Cat Acc: 0.4669
2025-07-23 11:52:53,158 - INFO - Ord Acc: 0.8467, MAE: 0.7064, QWK: 0.6082
2025-07-23 11:52:53,158 - INFO - Pred Consistency: 0.3754, Ranking Acc: 0.6255
2025-07-23 11:52:53,158 - INFO - Dist Consistency: 0.6567
2025-07-23 11:52:53,158 - INFO - Learning Rate: 0.000125
2025-07-23 11:52:53,158 - INFO - Epoch 35/50
2025-07-23 11:52:54,022 - INFO - Train Loss: 1.2399
2025-07-23 11:52:54,022 - INFO - Valid Loss: 1.4225, Cat Acc: 0.4660
2025-07-23 11:52:54,022 - INFO - Ord Acc: 0.8467, MAE: 0.7073, QWK: 0.6076
2025-07-23 11:52:54,022 - INFO - Pred Consistency: 0.3754, Ranking Acc: 0.6255
2025-07-23 11:52:54,022 - INFO - Dist Consistency: 0.6567
2025-07-23 11:52:54,022 - INFO - Learning Rate: 0.000125
2025-07-23 11:52:54,022 - INFO - Epoch 36/50
2025-07-23 11:52:54,896 - INFO - Train Loss: 1.2405
2025-07-23 11:52:54,897 - INFO - Valid Loss: 1.4223, Cat Acc: 0.4660
2025-07-23 11:52:54,897 - INFO - Ord Acc: 0.8458, MAE: 0.7082, QWK: 0.6069
2025-07-23 11:52:54,897 - INFO - Pred Consistency: 0.3754, Ranking Acc: 0.6255
2025-07-23 11:52:54,897 - INFO - Dist Consistency: 0.6568
2025-07-23 11:52:54,897 - INFO - Learning Rate: 0.000125
2025-07-23 11:52:54,897 - INFO - Epoch 37/50
2025-07-23 11:52:55,751 - INFO - Train Loss: 1.2374
2025-07-23 11:52:55,752 - INFO - Valid Loss: 1.4221, Cat Acc: 0.4678
2025-07-23 11:52:55,752 - INFO - Ord Acc: 0.8484, MAE: 0.7056, QWK: 0.6087
2025-07-23 11:52:55,752 - INFO - Pred Consistency: 0.3763, Ranking Acc: 0.6255
2025-07-23 11:52:55,752 - INFO - Dist Consistency: 0.6569
2025-07-23 11:52:55,752 - INFO - Learning Rate: 0.000063
2025-07-23 11:52:55,752 - INFO - Epoch 38/50
2025-07-23 11:52:56,614 - INFO - Train Loss: 1.2323
2025-07-23 11:52:56,614 - INFO - Valid Loss: 1.4222, Cat Acc: 0.4695
2025-07-23 11:52:56,614 - INFO - Ord Acc: 0.8484, MAE: 0.7038, QWK: 0.6103
2025-07-23 11:52:56,614 - INFO - Pred Consistency: 0.3780, Ranking Acc: 0.6255
2025-07-23 11:52:56,614 - INFO - Dist Consistency: 0.6569
2025-07-23 11:52:56,614 - INFO - Learning Rate: 0.000063
2025-07-23 11:52:56,614 - INFO - Epoch 39/50
2025-07-23 11:52:57,527 - INFO - Train Loss: 1.2318
2025-07-23 11:52:57,527 - INFO - Valid Loss: 1.4222, Cat Acc: 0.4686
2025-07-23 11:52:57,527 - INFO - Ord Acc: 0.8476, MAE: 0.7056, QWK: 0.6081
2025-07-23 11:52:57,527 - INFO - Pred Consistency: 0.3772, Ranking Acc: 0.6254
2025-07-23 11:52:57,527 - INFO - Dist Consistency: 0.6569
2025-07-23 11:52:57,527 - INFO - Learning Rate: 0.000063
2025-07-23 11:52:57,527 - INFO - Epoch 40/50
2025-07-23 11:52:58,432 - INFO - Train Loss: 1.2335
2025-07-23 11:52:58,433 - INFO - Valid Loss: 1.4225, Cat Acc: 0.4686
2025-07-23 11:52:58,433 - INFO - Ord Acc: 0.8467, MAE: 0.7056, QWK: 0.6078
2025-07-23 11:52:58,434 - INFO - Pred Consistency: 0.3772, Ranking Acc: 0.6255
2025-07-23 11:52:58,434 - INFO - Dist Consistency: 0.6568
2025-07-23 11:52:58,434 - INFO - Learning Rate: 0.000063
2025-07-23 11:52:58,434 - INFO - Epoch 41/50
2025-07-23 11:52:59,617 - INFO - Train Loss: 1.2292
2025-07-23 11:52:59,617 - INFO - Valid Loss: 1.4227, Cat Acc: 0.4678
2025-07-23 11:52:59,617 - INFO - Ord Acc: 0.8467, MAE: 0.7047, QWK: 0.6099
2025-07-23 11:52:59,617 - INFO - Pred Consistency: 0.3763, Ranking Acc: 0.6255
2025-07-23 11:52:59,617 - INFO - Dist Consistency: 0.6568
2025-07-23 11:52:59,617 - INFO - Learning Rate: 0.000063
2025-07-23 11:52:59,617 - INFO - Epoch 42/50
2025-07-23 11:53:00,550 - INFO - Train Loss: 1.2311
2025-07-23 11:53:00,550 - INFO - Valid Loss: 1.4230, Cat Acc: 0.4669
2025-07-23 11:53:00,550 - INFO - Ord Acc: 0.8484, MAE: 0.7038, QWK: 0.6108
2025-07-23 11:53:00,550 - INFO - Pred Consistency: 0.3754, Ranking Acc: 0.6254
2025-07-23 11:53:00,550 - INFO - Dist Consistency: 0.6567
2025-07-23 11:53:00,550 - INFO - Learning Rate: 0.000063
2025-07-23 11:53:00,550 - INFO - Epoch 43/50
2025-07-23 11:53:01,473 - INFO - Train Loss: 1.2315
2025-07-23 11:53:01,473 - INFO - Valid Loss: 1.4233, Cat Acc: 0.4660
2025-07-23 11:53:01,473 - INFO - Ord Acc: 0.8467, MAE: 0.7064, QWK: 0.6080
2025-07-23 11:53:01,473 - INFO - Pred Consistency: 0.3746, Ranking Acc: 0.6254
2025-07-23 11:53:01,473 - INFO - Dist Consistency: 0.6567
2025-07-23 11:53:01,473 - INFO - Learning Rate: 0.000031
2025-07-23 11:53:01,473 - INFO - Epoch 44/50
2025-07-23 11:53:02,525 - INFO - Train Loss: 1.2353
2025-07-23 11:53:02,526 - INFO - Valid Loss: 1.4234, Cat Acc: 0.4652
2025-07-23 11:53:02,526 - INFO - Ord Acc: 0.8467, MAE: 0.7073, QWK: 0.6074
2025-07-23 11:53:02,526 - INFO - Pred Consistency: 0.3737, Ranking Acc: 0.6254
2025-07-23 11:53:02,526 - INFO - Dist Consistency: 0.6567
2025-07-23 11:53:02,526 - INFO - Learning Rate: 0.000031
2025-07-23 11:53:02,526 - INFO - Epoch 45/50
2025-07-23 11:53:03,553 - INFO - Train Loss: 1.2418
2025-07-23 11:53:03,553 - INFO - Valid Loss: 1.4232, Cat Acc: 0.4669
2025-07-23 11:53:03,553 - INFO - Ord Acc: 0.8484, MAE: 0.7038, QWK: 0.6104
2025-07-23 11:53:03,553 - INFO - Pred Consistency: 0.3746, Ranking Acc: 0.6255
2025-07-23 11:53:03,553 - INFO - Dist Consistency: 0.6568
2025-07-23 11:53:03,553 - INFO - Learning Rate: 0.000031
2025-07-23 11:53:03,553 - INFO - Epoch 46/50
2025-07-23 11:53:04,609 - INFO - Train Loss: 1.2345
2025-07-23 11:53:04,609 - INFO - Valid Loss: 1.4230, Cat Acc: 0.4686
2025-07-23 11:53:04,609 - INFO - Ord Acc: 0.8476, MAE: 0.7030, QWK: 0.6107
2025-07-23 11:53:04,609 - INFO - Pred Consistency: 0.3754, Ranking Acc: 0.6254
2025-07-23 11:53:04,609 - INFO - Dist Consistency: 0.6568
2025-07-23 11:53:04,609 - INFO - Learning Rate: 0.000031
2025-07-23 11:53:04,609 - INFO - Epoch 47/50
2025-07-23 11:53:05,560 - INFO - Train Loss: 1.2407
2025-07-23 11:53:05,560 - INFO - Valid Loss: 1.4228, Cat Acc: 0.4686
2025-07-23 11:53:05,560 - INFO - Ord Acc: 0.8493, MAE: 0.7012, QWK: 0.6128
2025-07-23 11:53:05,560 - INFO - Pred Consistency: 0.3763, Ranking Acc: 0.6255
2025-07-23 11:53:05,560 - INFO - Dist Consistency: 0.6568
2025-07-23 11:53:05,560 - INFO - Learning Rate: 0.000031
2025-07-23 11:53:05,560 - INFO - Epoch 48/50
2025-07-23 11:53:06,456 - INFO - Train Loss: 1.2275
2025-07-23 11:53:06,456 - INFO - Valid Loss: 1.4227, Cat Acc: 0.4669
2025-07-23 11:53:06,456 - INFO - Ord Acc: 0.8484, MAE: 0.7047, QWK: 0.6101
2025-07-23 11:53:06,456 - INFO - Pred Consistency: 0.3754, Ranking Acc: 0.6255
2025-07-23 11:53:06,456 - INFO - Dist Consistency: 0.6568
2025-07-23 11:53:06,456 - INFO - Learning Rate: 0.000031
2025-07-23 11:53:06,456 - INFO - Epoch 49/50
2025-07-23 11:53:07,314 - INFO - Train Loss: 1.2463
2025-07-23 11:53:07,314 - INFO - Valid Loss: 1.4226, Cat Acc: 0.4660
2025-07-23 11:53:07,314 - INFO - Ord Acc: 0.8484, MAE: 0.7056, QWK: 0.6098
2025-07-23 11:53:07,314 - INFO - Pred Consistency: 0.3746, Ranking Acc: 0.6255
2025-07-23 11:53:07,314 - INFO - Dist Consistency: 0.6569
2025-07-23 11:53:07,314 - INFO - Learning Rate: 0.000016
2025-07-23 11:53:07,314 - INFO - Epoch 50/50
2025-07-23 11:53:08,193 - INFO - Train Loss: 1.2408
2025-07-23 11:53:08,193 - INFO - Valid Loss: 1.4226, Cat Acc: 0.4669
2025-07-23 11:53:08,193 - INFO - Ord Acc: 0.8484, MAE: 0.7047, QWK: 0.6104
2025-07-23 11:53:08,193 - INFO - Pred Consistency: 0.3754, Ranking Acc: 0.6255
2025-07-23 11:53:08,193 - INFO - Dist Consistency: 0.6569
2025-07-23 11:53:08,193 - INFO - Learning Rate: 0.000016
2025-07-23 11:53:08,194 - INFO - Training completed! Best valid accuracy: 0.4695
