2025-07-23 11:35:40,442 - INFO - Training Deep-GPCM on synthetic_OC
2025-07-23 11:35:40,442 - INFO - Device: cpu, Categories: None, Loss: ordinal, Embedding: adjacent_weighted
2025-07-23 11:35:40,442 - INFO - Loading training data...
2025-07-23 11:35:40,444 - INFO - Train data: 160 sequences, 4 categories
2025-07-23 11:35:40,444 - INFO - Loading test data...
2025-07-23 11:35:40,444 - INFO - Test data: 40 sequences
2025-07-23 11:35:40,444 - INFO - Detected 29 unique questions
2025-07-23 11:35:40,944 - INFO - Starting training...
2025-07-23 11:35:40,944 - INFO - Epoch 1/50
2025-07-23 11:35:41,956 - INFO - Train Loss: 2.0045
2025-07-23 11:35:41,956 - INFO - Valid Loss: 1.9143, Cat Acc: 0.2169
2025-07-23 11:35:41,956 - INFO - Ord Acc: 0.7422, MAE: 1.0436, QWK: 0.1157
2025-07-23 11:35:41,956 - INFO - Pred Consistency: 0.2099, Ranking Acc: 0.2357
2025-07-23 11:35:41,956 - INFO - Dist Consistency: 0.5592
2025-07-23 11:35:41,956 - INFO - Learning Rate: 0.001000
2025-07-23 11:35:41,961 - INFO - New best model saved! Valid Acc: 0.2169
2025-07-23 11:35:41,962 - INFO - Epoch 2/50
2025-07-23 11:35:43,050 - INFO - Train Loss: 1.8190
2025-07-23 11:35:43,050 - INFO - Valid Loss: 1.7713, Cat Acc: 0.2439
2025-07-23 11:35:43,050 - INFO - Ord Acc: 0.7875, MAE: 0.9713, QWK: 0.2276
2025-07-23 11:35:43,050 - INFO - Pred Consistency: 0.2387, Ranking Acc: 0.4092
2025-07-23 11:35:43,050 - INFO - Dist Consistency: 0.5732
2025-07-23 11:35:43,050 - INFO - Learning Rate: 0.001000
2025-07-23 11:35:43,054 - INFO - New best model saved! Valid Acc: 0.2439
2025-07-23 11:35:43,054 - INFO - Epoch 3/50
2025-07-23 11:35:43,956 - INFO - Train Loss: 1.6845
2025-07-23 11:35:43,956 - INFO - Valid Loss: 1.6786, Cat Acc: 0.3005
2025-07-23 11:35:43,956 - INFO - Ord Acc: 0.8362, MAE: 0.8693, QWK: 0.3990
2025-07-23 11:35:43,956 - INFO - Pred Consistency: 0.2648, Ranking Acc: 0.4909
2025-07-23 11:35:43,956 - INFO - Dist Consistency: 0.5887
2025-07-23 11:35:43,956 - INFO - Learning Rate: 0.001000
2025-07-23 11:35:43,961 - INFO - New best model saved! Valid Acc: 0.3005
2025-07-23 11:35:43,961 - INFO - Epoch 4/50
2025-07-23 11:35:44,959 - INFO - Train Loss: 1.5681
2025-07-23 11:35:44,959 - INFO - Valid Loss: 1.5823, Cat Acc: 0.3502
2025-07-23 11:35:44,959 - INFO - Ord Acc: 0.8467, MAE: 0.8110, QWK: 0.4898
2025-07-23 11:35:44,959 - INFO - Pred Consistency: 0.3092, Ranking Acc: 0.5447
2025-07-23 11:35:44,959 - INFO - Dist Consistency: 0.6068
2025-07-23 11:35:44,959 - INFO - Learning Rate: 0.001000
2025-07-23 11:35:44,963 - INFO - New best model saved! Valid Acc: 0.3502
2025-07-23 11:35:44,963 - INFO - Epoch 5/50
2025-07-23 11:35:45,858 - INFO - Train Loss: 1.4795
2025-07-23 11:35:45,858 - INFO - Valid Loss: 1.5249, Cat Acc: 0.4068
2025-07-23 11:35:45,858 - INFO - Ord Acc: 0.8519, MAE: 0.7526, QWK: 0.5522
2025-07-23 11:35:45,858 - INFO - Pred Consistency: 0.3432, Ranking Acc: 0.5768
2025-07-23 11:35:45,858 - INFO - Dist Consistency: 0.6234
2025-07-23 11:35:45,858 - INFO - Learning Rate: 0.001000
2025-07-23 11:35:45,862 - INFO - New best model saved! Valid Acc: 0.4068
2025-07-23 11:35:45,862 - INFO - Epoch 6/50
2025-07-23 11:35:46,900 - INFO - Train Loss: 1.4279
2025-07-23 11:35:46,901 - INFO - Valid Loss: 1.4910, Cat Acc: 0.4338
2025-07-23 11:35:46,901 - INFO - Ord Acc: 0.8476, MAE: 0.7352, QWK: 0.5810
2025-07-23 11:35:46,901 - INFO - Pred Consistency: 0.3571, Ranking Acc: 0.5967
2025-07-23 11:35:46,901 - INFO - Dist Consistency: 0.6370
2025-07-23 11:35:46,901 - INFO - Learning Rate: 0.001000
2025-07-23 11:35:46,906 - INFO - New best model saved! Valid Acc: 0.4338
2025-07-23 11:35:46,906 - INFO - Epoch 7/50
2025-07-23 11:35:47,900 - INFO - Train Loss: 1.3791
2025-07-23 11:35:47,900 - INFO - Valid Loss: 1.4730, Cat Acc: 0.4547
2025-07-23 11:35:47,900 - INFO - Ord Acc: 0.8354, MAE: 0.7308, QWK: 0.5873
2025-07-23 11:35:47,900 - INFO - Pred Consistency: 0.3763, Ranking Acc: 0.6106
2025-07-23 11:35:47,900 - INFO - Dist Consistency: 0.6457
2025-07-23 11:35:47,900 - INFO - Learning Rate: 0.001000
2025-07-23 11:35:47,904 - INFO - New best model saved! Valid Acc: 0.4547
2025-07-23 11:35:47,904 - INFO - Epoch 8/50
2025-07-23 11:35:48,849 - INFO - Train Loss: 1.3425
2025-07-23 11:35:48,849 - INFO - Valid Loss: 1.4404, Cat Acc: 0.4573
2025-07-23 11:35:48,849 - INFO - Ord Acc: 0.8467, MAE: 0.7178, QWK: 0.6027
2025-07-23 11:35:48,849 - INFO - Pred Consistency: 0.3772, Ranking Acc: 0.6245
2025-07-23 11:35:48,849 - INFO - Dist Consistency: 0.6504
2025-07-23 11:35:48,849 - INFO - Learning Rate: 0.001000
2025-07-23 11:35:48,853 - INFO - New best model saved! Valid Acc: 0.4573
2025-07-23 11:35:48,853 - INFO - Epoch 9/50
2025-07-23 11:35:49,718 - INFO - Train Loss: 1.3152
2025-07-23 11:35:49,718 - INFO - Valid Loss: 1.4253, Cat Acc: 0.4678
2025-07-23 11:35:49,718 - INFO - Ord Acc: 0.8537, MAE: 0.6986, QWK: 0.6146
2025-07-23 11:35:49,718 - INFO - Pred Consistency: 0.3850, Ranking Acc: 0.6313
2025-07-23 11:35:49,718 - INFO - Dist Consistency: 0.6533
2025-07-23 11:35:49,718 - INFO - Learning Rate: 0.001000
2025-07-23 11:35:49,722 - INFO - New best model saved! Valid Acc: 0.4678
2025-07-23 11:35:49,722 - INFO - Epoch 10/50
2025-07-23 11:35:50,612 - INFO - Train Loss: 1.2913
2025-07-23 11:35:50,612 - INFO - Valid Loss: 1.4107, Cat Acc: 0.4599
2025-07-23 11:35:50,612 - INFO - Ord Acc: 0.8537, MAE: 0.7073, QWK: 0.6077
2025-07-23 11:35:50,612 - INFO - Pred Consistency: 0.3798, Ranking Acc: 0.6353
2025-07-23 11:35:50,612 - INFO - Dist Consistency: 0.6547
2025-07-23 11:35:50,612 - INFO - Learning Rate: 0.001000
2025-07-23 11:35:50,612 - INFO - Epoch 11/50
2025-07-23 11:35:51,526 - INFO - Train Loss: 1.2803
2025-07-23 11:35:51,526 - INFO - Valid Loss: 1.4071, Cat Acc: 0.4695
2025-07-23 11:35:51,526 - INFO - Ord Acc: 0.8571, MAE: 0.6943, QWK: 0.6147
2025-07-23 11:35:51,528 - INFO - Pred Consistency: 0.3859, Ranking Acc: 0.6351
2025-07-23 11:35:51,528 - INFO - Dist Consistency: 0.6558
2025-07-23 11:35:51,528 - INFO - Learning Rate: 0.001000
2025-07-23 11:35:51,532 - INFO - New best model saved! Valid Acc: 0.4695
2025-07-23 11:35:51,532 - INFO - Epoch 12/50
2025-07-23 11:35:52,413 - INFO - Train Loss: 1.2812
2025-07-23 11:35:52,413 - INFO - Valid Loss: 1.4022, Cat Acc: 0.4695
2025-07-23 11:35:52,413 - INFO - Ord Acc: 0.8598, MAE: 0.6916, QWK: 0.6173
2025-07-23 11:35:52,413 - INFO - Pred Consistency: 0.3841, Ranking Acc: 0.6370
2025-07-23 11:35:52,413 - INFO - Dist Consistency: 0.6571
2025-07-23 11:35:52,413 - INFO - Learning Rate: 0.001000
2025-07-23 11:35:52,413 - INFO - Epoch 13/50
2025-07-23 11:35:53,271 - INFO - Train Loss: 1.2763
2025-07-23 11:35:53,271 - INFO - Valid Loss: 1.3972, Cat Acc: 0.4695
2025-07-23 11:35:53,271 - INFO - Ord Acc: 0.8624, MAE: 0.6855, QWK: 0.6246
2025-07-23 11:35:53,271 - INFO - Pred Consistency: 0.3789, Ranking Acc: 0.6408
2025-07-23 11:35:53,271 - INFO - Dist Consistency: 0.6582
2025-07-23 11:35:53,271 - INFO - Learning Rate: 0.001000
2025-07-23 11:35:53,271 - INFO - Epoch 14/50
2025-07-23 11:35:54,158 - INFO - Train Loss: 1.2749
2025-07-23 11:35:54,158 - INFO - Valid Loss: 1.4050, Cat Acc: 0.4713
2025-07-23 11:35:54,158 - INFO - Ord Acc: 0.8545, MAE: 0.6951, QWK: 0.6147
2025-07-23 11:35:54,158 - INFO - Pred Consistency: 0.3885, Ranking Acc: 0.6403
2025-07-23 11:35:54,158 - INFO - Dist Consistency: 0.6597
2025-07-23 11:35:54,158 - INFO - Learning Rate: 0.001000
2025-07-23 11:35:54,162 - INFO - New best model saved! Valid Acc: 0.4713
2025-07-23 11:35:54,162 - INFO - Epoch 15/50
2025-07-23 11:35:55,055 - INFO - Train Loss: 1.2674
2025-07-23 11:35:55,055 - INFO - Valid Loss: 1.3922, Cat Acc: 0.4800
2025-07-23 11:35:55,055 - INFO - Ord Acc: 0.8632, MAE: 0.6725, QWK: 0.6334
2025-07-23 11:35:55,055 - INFO - Pred Consistency: 0.3929, Ranking Acc: 0.6430
2025-07-23 11:35:55,056 - INFO - Dist Consistency: 0.6603
2025-07-23 11:35:55,056 - INFO - Learning Rate: 0.001000
2025-07-23 11:35:55,059 - INFO - New best model saved! Valid Acc: 0.4800
2025-07-23 11:35:55,059 - INFO - Epoch 16/50
2025-07-23 11:35:55,902 - INFO - Train Loss: 1.2589
2025-07-23 11:35:55,903 - INFO - Valid Loss: 1.3938, Cat Acc: 0.4730
2025-07-23 11:35:55,903 - INFO - Ord Acc: 0.8632, MAE: 0.6803, QWK: 0.6305
2025-07-23 11:35:55,903 - INFO - Pred Consistency: 0.3894, Ranking Acc: 0.6422
2025-07-23 11:35:55,903 - INFO - Dist Consistency: 0.6604
2025-07-23 11:35:55,903 - INFO - Learning Rate: 0.001000
2025-07-23 11:35:55,903 - INFO - Epoch 17/50
2025-07-23 11:35:56,785 - INFO - Train Loss: 1.2660
2025-07-23 11:35:56,785 - INFO - Valid Loss: 1.3955, Cat Acc: 0.4730
2025-07-23 11:35:56,785 - INFO - Ord Acc: 0.8615, MAE: 0.6847, QWK: 0.6255
2025-07-23 11:35:56,785 - INFO - Pred Consistency: 0.3850, Ranking Acc: 0.6413
2025-07-23 11:35:56,785 - INFO - Dist Consistency: 0.6603
2025-07-23 11:35:56,785 - INFO - Learning Rate: 0.001000
2025-07-23 11:35:56,785 - INFO - Epoch 18/50
2025-07-23 11:35:57,659 - INFO - Train Loss: 1.2575
2025-07-23 11:35:57,660 - INFO - Valid Loss: 1.3965, Cat Acc: 0.4730
2025-07-23 11:35:57,660 - INFO - Ord Acc: 0.8598, MAE: 0.6847, QWK: 0.6266
2025-07-23 11:35:57,660 - INFO - Pred Consistency: 0.3833, Ranking Acc: 0.6407
2025-07-23 11:35:57,660 - INFO - Dist Consistency: 0.6598
2025-07-23 11:35:57,660 - INFO - Learning Rate: 0.001000
2025-07-23 11:35:57,660 - INFO - Epoch 19/50
2025-07-23 11:35:58,551 - INFO - Train Loss: 1.2574
2025-07-23 11:35:58,551 - INFO - Valid Loss: 1.3976, Cat Acc: 0.4747
2025-07-23 11:35:58,551 - INFO - Ord Acc: 0.8580, MAE: 0.6838, QWK: 0.6279
2025-07-23 11:35:58,551 - INFO - Pred Consistency: 0.3841, Ranking Acc: 0.6404
2025-07-23 11:35:58,552 - INFO - Dist Consistency: 0.6593
2025-07-23 11:35:58,552 - INFO - Learning Rate: 0.001000
2025-07-23 11:35:58,552 - INFO - Epoch 20/50
2025-07-23 11:35:59,430 - INFO - Train Loss: 1.2629
2025-07-23 11:35:59,430 - INFO - Valid Loss: 1.3954, Cat Acc: 0.4791
2025-07-23 11:35:59,430 - INFO - Ord Acc: 0.8598, MAE: 0.6777, QWK: 0.6296
2025-07-23 11:35:59,430 - INFO - Pred Consistency: 0.3859, Ranking Acc: 0.6404
2025-07-23 11:35:59,430 - INFO - Dist Consistency: 0.6588
2025-07-23 11:35:59,430 - INFO - Learning Rate: 0.001000
2025-07-23 11:35:59,430 - INFO - Epoch 21/50
2025-07-23 11:36:00,318 - INFO - Train Loss: 1.2596
2025-07-23 11:36:00,318 - INFO - Valid Loss: 1.4000, Cat Acc: 0.4730
2025-07-23 11:36:00,318 - INFO - Ord Acc: 0.8545, MAE: 0.6890, QWK: 0.6230
2025-07-23 11:36:00,318 - INFO - Pred Consistency: 0.3885, Ranking Acc: 0.6392
2025-07-23 11:36:00,318 - INFO - Dist Consistency: 0.6582
2025-07-23 11:36:00,318 - INFO - Learning Rate: 0.000500
2025-07-23 11:36:00,318 - INFO - Epoch 22/50
2025-07-23 11:36:01,204 - INFO - Train Loss: 1.2541
2025-07-23 11:36:01,204 - INFO - Valid Loss: 1.3948, Cat Acc: 0.4695
2025-07-23 11:36:01,204 - INFO - Ord Acc: 0.8580, MAE: 0.6890, QWK: 0.6245
2025-07-23 11:36:01,204 - INFO - Pred Consistency: 0.3807, Ranking Acc: 0.6400
2025-07-23 11:36:01,205 - INFO - Dist Consistency: 0.6580
2025-07-23 11:36:01,205 - INFO - Learning Rate: 0.000500
2025-07-23 11:36:01,205 - INFO - Epoch 23/50
2025-07-23 11:36:02,100 - INFO - Train Loss: 1.2564
2025-07-23 11:36:02,100 - INFO - Valid Loss: 1.3947, Cat Acc: 0.4704
2025-07-23 11:36:02,100 - INFO - Ord Acc: 0.8589, MAE: 0.6873, QWK: 0.6241
2025-07-23 11:36:02,100 - INFO - Pred Consistency: 0.3815, Ranking Acc: 0.6397
2025-07-23 11:36:02,100 - INFO - Dist Consistency: 0.6578
2025-07-23 11:36:02,100 - INFO - Learning Rate: 0.000500
2025-07-23 11:36:02,100 - INFO - Epoch 24/50
2025-07-23 11:36:03,051 - INFO - Train Loss: 1.2455
2025-07-23 11:36:03,052 - INFO - Valid Loss: 1.3973, Cat Acc: 0.4765
2025-07-23 11:36:03,052 - INFO - Ord Acc: 0.8545, MAE: 0.6873, QWK: 0.6221
2025-07-23 11:36:03,052 - INFO - Pred Consistency: 0.3868, Ranking Acc: 0.6387
2025-07-23 11:36:03,052 - INFO - Dist Consistency: 0.6578
2025-07-23 11:36:03,052 - INFO - Learning Rate: 0.000500
2025-07-23 11:36:03,052 - INFO - Epoch 25/50
2025-07-23 11:36:03,939 - INFO - Train Loss: 1.2476
2025-07-23 11:36:03,939 - INFO - Valid Loss: 1.3971, Cat Acc: 0.4678
2025-07-23 11:36:03,939 - INFO - Ord Acc: 0.8528, MAE: 0.6960, QWK: 0.6180
2025-07-23 11:36:03,939 - INFO - Pred Consistency: 0.3798, Ranking Acc: 0.6383
2025-07-23 11:36:03,939 - INFO - Dist Consistency: 0.6577
2025-07-23 11:36:03,939 - INFO - Learning Rate: 0.000500
2025-07-23 11:36:03,939 - INFO - Epoch 26/50
2025-07-23 11:36:04,796 - INFO - Train Loss: 1.2456
2025-07-23 11:36:04,797 - INFO - Valid Loss: 1.3982, Cat Acc: 0.4652
2025-07-23 11:36:04,797 - INFO - Ord Acc: 0.8537, MAE: 0.6995, QWK: 0.6157
2025-07-23 11:36:04,797 - INFO - Pred Consistency: 0.3763, Ranking Acc: 0.6376
2025-07-23 11:36:04,797 - INFO - Dist Consistency: 0.6579
2025-07-23 11:36:04,797 - INFO - Learning Rate: 0.000500
2025-07-23 11:36:04,797 - INFO - Epoch 27/50
2025-07-23 11:36:05,715 - INFO - Train Loss: 1.2492
2025-07-23 11:36:05,716 - INFO - Valid Loss: 1.3990, Cat Acc: 0.4643
2025-07-23 11:36:05,716 - INFO - Ord Acc: 0.8528, MAE: 0.7003, QWK: 0.6171
2025-07-23 11:36:05,716 - INFO - Pred Consistency: 0.3772, Ranking Acc: 0.6373
2025-07-23 11:36:05,716 - INFO - Dist Consistency: 0.6581
2025-07-23 11:36:05,716 - INFO - Learning Rate: 0.000250
2025-07-23 11:36:05,716 - INFO - Epoch 28/50
2025-07-23 11:36:06,606 - INFO - Train Loss: 1.2536
2025-07-23 11:36:06,606 - INFO - Valid Loss: 1.3995, Cat Acc: 0.4643
2025-07-23 11:36:06,606 - INFO - Ord Acc: 0.8519, MAE: 0.7021, QWK: 0.6148
2025-07-23 11:36:06,606 - INFO - Pred Consistency: 0.3772, Ranking Acc: 0.6372
2025-07-23 11:36:06,606 - INFO - Dist Consistency: 0.6583
2025-07-23 11:36:06,606 - INFO - Learning Rate: 0.000250
2025-07-23 11:36:06,606 - INFO - Epoch 29/50
2025-07-23 11:36:07,475 - INFO - Train Loss: 1.2516
2025-07-23 11:36:07,475 - INFO - Valid Loss: 1.3990, Cat Acc: 0.4660
2025-07-23 11:36:07,475 - INFO - Ord Acc: 0.8537, MAE: 0.6986, QWK: 0.6179
2025-07-23 11:36:07,475 - INFO - Pred Consistency: 0.3763, Ranking Acc: 0.6374
2025-07-23 11:36:07,475 - INFO - Dist Consistency: 0.6584
2025-07-23 11:36:07,475 - INFO - Learning Rate: 0.000250
2025-07-23 11:36:07,475 - INFO - Epoch 30/50
2025-07-23 11:36:08,360 - INFO - Train Loss: 1.2533
2025-07-23 11:36:08,360 - INFO - Valid Loss: 1.3993, Cat Acc: 0.4652
2025-07-23 11:36:08,360 - INFO - Ord Acc: 0.8510, MAE: 0.7021, QWK: 0.6156
2025-07-23 11:36:08,360 - INFO - Pred Consistency: 0.3754, Ranking Acc: 0.6373
2025-07-23 11:36:08,360 - INFO - Dist Consistency: 0.6585
2025-07-23 11:36:08,360 - INFO - Learning Rate: 0.000250
2025-07-23 11:36:08,360 - INFO - Epoch 31/50
2025-07-23 11:36:09,227 - INFO - Train Loss: 1.2663
2025-07-23 11:36:09,227 - INFO - Valid Loss: 1.4002, Cat Acc: 0.4713
2025-07-23 11:36:09,227 - INFO - Ord Acc: 0.8502, MAE: 0.6969, QWK: 0.6174
2025-07-23 11:36:09,227 - INFO - Pred Consistency: 0.3824, Ranking Acc: 0.6374
2025-07-23 11:36:09,227 - INFO - Dist Consistency: 0.6586
2025-07-23 11:36:09,227 - INFO - Learning Rate: 0.000250
2025-07-23 11:36:09,227 - INFO - Epoch 32/50
2025-07-23 11:36:10,114 - INFO - Train Loss: 1.2461
2025-07-23 11:36:10,114 - INFO - Valid Loss: 1.3993, Cat Acc: 0.4695
2025-07-23 11:36:10,114 - INFO - Ord Acc: 0.8493, MAE: 0.6995, QWK: 0.6152
2025-07-23 11:36:10,114 - INFO - Pred Consistency: 0.3789, Ranking Acc: 0.6374
2025-07-23 11:36:10,114 - INFO - Dist Consistency: 0.6586
2025-07-23 11:36:10,114 - INFO - Learning Rate: 0.000250
2025-07-23 11:36:10,114 - INFO - Epoch 33/50
2025-07-23 11:36:11,212 - INFO - Train Loss: 1.2410
2025-07-23 11:36:11,212 - INFO - Valid Loss: 1.3983, Cat Acc: 0.4669
2025-07-23 11:36:11,212 - INFO - Ord Acc: 0.8554, MAE: 0.6960, QWK: 0.6198
2025-07-23 11:36:11,212 - INFO - Pred Consistency: 0.3763, Ranking Acc: 0.6376
2025-07-23 11:36:11,212 - INFO - Dist Consistency: 0.6587
2025-07-23 11:36:11,212 - INFO - Learning Rate: 0.000125
2025-07-23 11:36:11,212 - INFO - Epoch 34/50
2025-07-23 11:36:12,117 - INFO - Train Loss: 1.2478
2025-07-23 11:36:12,117 - INFO - Valid Loss: 1.3983, Cat Acc: 0.4669
2025-07-23 11:36:12,117 - INFO - Ord Acc: 0.8563, MAE: 0.6951, QWK: 0.6203
2025-07-23 11:36:12,117 - INFO - Pred Consistency: 0.3763, Ranking Acc: 0.6376
2025-07-23 11:36:12,117 - INFO - Dist Consistency: 0.6586
2025-07-23 11:36:12,117 - INFO - Learning Rate: 0.000125
2025-07-23 11:36:12,117 - INFO - Epoch 35/50
2025-07-23 11:36:12,999 - INFO - Train Loss: 1.2558
2025-07-23 11:36:12,999 - INFO - Valid Loss: 1.3987, Cat Acc: 0.4686
2025-07-23 11:36:12,999 - INFO - Ord Acc: 0.8545, MAE: 0.6951, QWK: 0.6188
2025-07-23 11:36:12,999 - INFO - Pred Consistency: 0.3780, Ranking Acc: 0.6372
2025-07-23 11:36:12,999 - INFO - Dist Consistency: 0.6586
2025-07-23 11:36:12,999 - INFO - Learning Rate: 0.000125
2025-07-23 11:36:12,999 - INFO - Epoch 36/50
2025-07-23 11:36:14,102 - INFO - Train Loss: 1.2520
2025-07-23 11:36:14,102 - INFO - Valid Loss: 1.3992, Cat Acc: 0.4686
2025-07-23 11:36:14,102 - INFO - Ord Acc: 0.8537, MAE: 0.6951, QWK: 0.6200
2025-07-23 11:36:14,103 - INFO - Pred Consistency: 0.3780, Ranking Acc: 0.6370
2025-07-23 11:36:14,103 - INFO - Dist Consistency: 0.6586
2025-07-23 11:36:14,103 - INFO - Learning Rate: 0.000125
2025-07-23 11:36:14,103 - INFO - Epoch 37/50
2025-07-23 11:36:15,101 - INFO - Train Loss: 1.2517
2025-07-23 11:36:15,102 - INFO - Valid Loss: 1.4001, Cat Acc: 0.4721
2025-07-23 11:36:15,102 - INFO - Ord Acc: 0.8502, MAE: 0.6943, QWK: 0.6188
2025-07-23 11:36:15,102 - INFO - Pred Consistency: 0.3815, Ranking Acc: 0.6369
2025-07-23 11:36:15,102 - INFO - Dist Consistency: 0.6586
2025-07-23 11:36:15,102 - INFO - Learning Rate: 0.000125
2025-07-23 11:36:15,102 - INFO - Epoch 38/50
2025-07-23 11:36:16,053 - INFO - Train Loss: 1.2471
2025-07-23 11:36:16,054 - INFO - Valid Loss: 1.4003, Cat Acc: 0.4721
2025-07-23 11:36:16,054 - INFO - Ord Acc: 0.8502, MAE: 0.6943, QWK: 0.6186
2025-07-23 11:36:16,054 - INFO - Pred Consistency: 0.3815, Ranking Acc: 0.6367
2025-07-23 11:36:16,054 - INFO - Dist Consistency: 0.6586
2025-07-23 11:36:16,054 - INFO - Learning Rate: 0.000125
2025-07-23 11:36:16,054 - INFO - Epoch 39/50
2025-07-23 11:36:16,893 - INFO - Train Loss: 1.2459
2025-07-23 11:36:16,894 - INFO - Valid Loss: 1.3998, Cat Acc: 0.4695
2025-07-23 11:36:16,894 - INFO - Ord Acc: 0.8519, MAE: 0.6960, QWK: 0.6187
2025-07-23 11:36:16,894 - INFO - Pred Consistency: 0.3798, Ranking Acc: 0.6369
2025-07-23 11:36:16,894 - INFO - Dist Consistency: 0.6585
2025-07-23 11:36:16,894 - INFO - Learning Rate: 0.000063
2025-07-23 11:36:16,894 - INFO - Epoch 40/50
2025-07-23 11:36:17,739 - INFO - Train Loss: 1.2493
2025-07-23 11:36:17,739 - INFO - Valid Loss: 1.3997, Cat Acc: 0.4678
2025-07-23 11:36:17,739 - INFO - Ord Acc: 0.8519, MAE: 0.6977, QWK: 0.6176
2025-07-23 11:36:17,739 - INFO - Pred Consistency: 0.3780, Ranking Acc: 0.6369
2025-07-23 11:36:17,739 - INFO - Dist Consistency: 0.6585
2025-07-23 11:36:17,739 - INFO - Learning Rate: 0.000063
2025-07-23 11:36:17,739 - INFO - Epoch 41/50
2025-07-23 11:36:18,611 - INFO - Train Loss: 1.2442
2025-07-23 11:36:18,611 - INFO - Valid Loss: 1.3996, Cat Acc: 0.4678
2025-07-23 11:36:18,611 - INFO - Ord Acc: 0.8519, MAE: 0.6977, QWK: 0.6176
2025-07-23 11:36:18,611 - INFO - Pred Consistency: 0.3780, Ranking Acc: 0.6370
2025-07-23 11:36:18,611 - INFO - Dist Consistency: 0.6585
2025-07-23 11:36:18,611 - INFO - Learning Rate: 0.000063
2025-07-23 11:36:18,611 - INFO - Epoch 42/50
2025-07-23 11:36:19,663 - INFO - Train Loss: 1.2435
2025-07-23 11:36:19,664 - INFO - Valid Loss: 1.3997, Cat Acc: 0.4686
2025-07-23 11:36:19,664 - INFO - Ord Acc: 0.8528, MAE: 0.6960, QWK: 0.6184
2025-07-23 11:36:19,664 - INFO - Pred Consistency: 0.3798, Ranking Acc: 0.6370
2025-07-23 11:36:19,664 - INFO - Dist Consistency: 0.6585
2025-07-23 11:36:19,664 - INFO - Learning Rate: 0.000063
2025-07-23 11:36:19,664 - INFO - Epoch 43/50
2025-07-23 11:36:20,901 - INFO - Train Loss: 1.2461
2025-07-23 11:36:20,901 - INFO - Valid Loss: 1.3996, Cat Acc: 0.4678
2025-07-23 11:36:20,901 - INFO - Ord Acc: 0.8528, MAE: 0.6969, QWK: 0.6184
2025-07-23 11:36:20,901 - INFO - Pred Consistency: 0.3789, Ranking Acc: 0.6372
2025-07-23 11:36:20,901 - INFO - Dist Consistency: 0.6585
2025-07-23 11:36:20,901 - INFO - Learning Rate: 0.000063
2025-07-23 11:36:20,901 - INFO - Epoch 44/50
2025-07-23 11:36:21,944 - INFO - Train Loss: 1.2494
2025-07-23 11:36:21,944 - INFO - Valid Loss: 1.3996, Cat Acc: 0.4669
2025-07-23 11:36:21,944 - INFO - Ord Acc: 0.8528, MAE: 0.6977, QWK: 0.6178
2025-07-23 11:36:21,944 - INFO - Pred Consistency: 0.3780, Ranking Acc: 0.6371
2025-07-23 11:36:21,944 - INFO - Dist Consistency: 0.6586
2025-07-23 11:36:21,944 - INFO - Learning Rate: 0.000063
2025-07-23 11:36:21,944 - INFO - Epoch 45/50
2025-07-23 11:36:22,890 - INFO - Train Loss: 1.2559
2025-07-23 11:36:22,890 - INFO - Valid Loss: 1.3999, Cat Acc: 0.4669
2025-07-23 11:36:22,890 - INFO - Ord Acc: 0.8519, MAE: 0.6986, QWK: 0.6173
2025-07-23 11:36:22,890 - INFO - Pred Consistency: 0.3789, Ranking Acc: 0.6370
2025-07-23 11:36:22,891 - INFO - Dist Consistency: 0.6586
2025-07-23 11:36:22,891 - INFO - Learning Rate: 0.000031
2025-07-23 11:36:22,891 - INFO - Epoch 46/50
2025-07-23 11:36:23,848 - INFO - Train Loss: 1.2476
2025-07-23 11:36:23,848 - INFO - Valid Loss: 1.4001, Cat Acc: 0.4686
2025-07-23 11:36:23,848 - INFO - Ord Acc: 0.8519, MAE: 0.6960, QWK: 0.6193
2025-07-23 11:36:23,848 - INFO - Pred Consistency: 0.3798, Ranking Acc: 0.6369
2025-07-23 11:36:23,848 - INFO - Dist Consistency: 0.6586
2025-07-23 11:36:23,848 - INFO - Learning Rate: 0.000031
2025-07-23 11:36:23,848 - INFO - Epoch 47/50
2025-07-23 11:36:24,895 - INFO - Train Loss: 1.2547
2025-07-23 11:36:24,896 - INFO - Valid Loss: 1.4001, Cat Acc: 0.4686
2025-07-23 11:36:24,896 - INFO - Ord Acc: 0.8510, MAE: 0.6969, QWK: 0.6188
2025-07-23 11:36:24,896 - INFO - Pred Consistency: 0.3798, Ranking Acc: 0.6369
2025-07-23 11:36:24,896 - INFO - Dist Consistency: 0.6586
2025-07-23 11:36:24,896 - INFO - Learning Rate: 0.000031
2025-07-23 11:36:24,896 - INFO - Epoch 48/50
2025-07-23 11:36:25,839 - INFO - Train Loss: 1.2418
2025-07-23 11:36:25,839 - INFO - Valid Loss: 1.4000, Cat Acc: 0.4695
2025-07-23 11:36:25,839 - INFO - Ord Acc: 0.8510, MAE: 0.6960, QWK: 0.6191
2025-07-23 11:36:25,839 - INFO - Pred Consistency: 0.3807, Ranking Acc: 0.6370
2025-07-23 11:36:25,839 - INFO - Dist Consistency: 0.6586
2025-07-23 11:36:25,839 - INFO - Learning Rate: 0.000031
2025-07-23 11:36:25,839 - INFO - Epoch 49/50
2025-07-23 11:36:26,811 - INFO - Train Loss: 1.2601
2025-07-23 11:36:26,812 - INFO - Valid Loss: 1.3999, Cat Acc: 0.4686
2025-07-23 11:36:26,812 - INFO - Ord Acc: 0.8528, MAE: 0.6951, QWK: 0.6204
2025-07-23 11:36:26,812 - INFO - Pred Consistency: 0.3798, Ranking Acc: 0.6371
2025-07-23 11:36:26,812 - INFO - Dist Consistency: 0.6586
2025-07-23 11:36:26,812 - INFO - Learning Rate: 0.000031
2025-07-23 11:36:26,812 - INFO - Epoch 50/50
2025-07-23 11:36:27,768 - INFO - Train Loss: 1.2547
2025-07-23 11:36:27,768 - INFO - Valid Loss: 1.3998, Cat Acc: 0.4686
2025-07-23 11:36:27,768 - INFO - Ord Acc: 0.8528, MAE: 0.6951, QWK: 0.6204
2025-07-23 11:36:27,768 - INFO - Pred Consistency: 0.3798, Ranking Acc: 0.6371
2025-07-23 11:36:27,768 - INFO - Dist Consistency: 0.6586
2025-07-23 11:36:27,768 - INFO - Learning Rate: 0.000031
2025-07-23 11:36:27,769 - INFO - Training completed! Best valid accuracy: 0.4800
