2025-07-22 14:10:29,097 - INFO - Training Deep-GPCM on synthetic_OC
2025-07-22 14:10:29,097 - INFO - Device: cpu, Categories: None, Loss: ordinal, Embedding: linear_decay
2025-07-22 14:10:29,097 - INFO - Loading training data...
2025-07-22 14:10:29,099 - INFO - Train data: 160 sequences, 4 categories
2025-07-22 14:10:29,099 - INFO - Loading test data...
2025-07-22 14:10:29,099 - INFO - Test data: 40 sequences
2025-07-22 14:10:29,100 - INFO - Detected 29 unique questions
2025-07-22 14:10:30,602 - INFO - Starting training...
2025-07-22 14:10:30,602 - INFO - Epoch 1/10
2025-07-22 14:10:35,231 - INFO - Train Loss: 2.0130
2025-07-22 14:10:35,232 - INFO - Valid Loss: 1.9203, Cat Acc: 0.3467
2025-07-22 14:10:35,232 - INFO - Ord Acc: 0.5706, MAE: 1.3284, QWK: 0.1347
2025-07-22 14:10:35,232 - INFO - Pred Consistency: 0.3467, Ranking Acc: 0.2233
2025-07-22 14:10:35,232 - INFO - Dist Consistency: 0.5588
2025-07-22 14:10:35,232 - INFO - Learning Rate: 0.001000
2025-07-22 14:10:35,271 - INFO - New best model saved! Valid Acc: 0.3467
2025-07-22 14:10:35,271 - INFO - Epoch 2/10
2025-07-22 14:10:37,059 - INFO - Train Loss: 1.8199
2025-07-22 14:10:37,059 - INFO - Valid Loss: 1.7684, Cat Acc: 0.4016
2025-07-22 14:10:37,059 - INFO - Ord Acc: 0.6620, MAE: 1.1124, QWK: 0.2961
2025-07-22 14:10:37,060 - INFO - Pred Consistency: 0.4016, Ranking Acc: 0.4021
2025-07-22 14:10:37,060 - INFO - Dist Consistency: 0.5734
2025-07-22 14:10:37,060 - INFO - Learning Rate: 0.001000
2025-07-22 14:10:37,067 - INFO - New best model saved! Valid Acc: 0.4016
2025-07-22 14:10:37,067 - INFO - Epoch 3/10
2025-07-22 14:10:38,752 - INFO - Train Loss: 1.6798
2025-07-22 14:10:38,753 - INFO - Valid Loss: 1.6828, Cat Acc: 0.4373
2025-07-22 14:10:38,753 - INFO - Ord Acc: 0.7169, MAE: 0.9826, QWK: 0.4101
2025-07-22 14:10:38,753 - INFO - Pred Consistency: 0.4373, Ranking Acc: 0.4856
2025-07-22 14:10:38,753 - INFO - Dist Consistency: 0.5888
2025-07-22 14:10:38,753 - INFO - Learning Rate: 0.001000
2025-07-22 14:10:38,760 - INFO - New best model saved! Valid Acc: 0.4373
2025-07-22 14:10:38,760 - INFO - Epoch 4/10
2025-07-22 14:10:40,742 - INFO - Train Loss: 1.5647
2025-07-22 14:10:40,742 - INFO - Valid Loss: 1.5875, Cat Acc: 0.4730
2025-07-22 14:10:40,742 - INFO - Ord Acc: 0.7483, MAE: 0.8876, QWK: 0.4852
2025-07-22 14:10:40,742 - INFO - Pred Consistency: 0.4730, Ranking Acc: 0.5375
2025-07-22 14:10:40,742 - INFO - Dist Consistency: 0.6074
2025-07-22 14:10:40,742 - INFO - Learning Rate: 0.001000
2025-07-22 14:10:40,752 - INFO - New best model saved! Valid Acc: 0.4730
2025-07-22 14:10:40,752 - INFO - Epoch 5/10
2025-07-22 14:10:42,567 - INFO - Train Loss: 1.4823
2025-07-22 14:10:42,568 - INFO - Valid Loss: 1.5367, Cat Acc: 0.4887
2025-07-22 14:10:42,568 - INFO - Ord Acc: 0.7587, MAE: 0.8598, QWK: 0.5073
2025-07-22 14:10:42,569 - INFO - Pred Consistency: 0.4887, Ranking Acc: 0.5701
2025-07-22 14:10:42,569 - INFO - Dist Consistency: 0.6232
2025-07-22 14:10:42,569 - INFO - Learning Rate: 0.001000
2025-07-22 14:10:42,578 - INFO - New best model saved! Valid Acc: 0.4887
2025-07-22 14:10:42,579 - INFO - Epoch 6/10
2025-07-22 14:10:44,341 - INFO - Train Loss: 1.4352
2025-07-22 14:10:44,342 - INFO - Valid Loss: 1.5025, Cat Acc: 0.4887
2025-07-22 14:10:44,342 - INFO - Ord Acc: 0.7709, MAE: 0.8441, QWK: 0.5243
2025-07-22 14:10:44,342 - INFO - Pred Consistency: 0.4887, Ranking Acc: 0.5906
2025-07-22 14:10:44,342 - INFO - Dist Consistency: 0.6361
2025-07-22 14:10:44,342 - INFO - Learning Rate: 0.001000
2025-07-22 14:10:44,342 - INFO - Epoch 7/10
2025-07-22 14:10:46,057 - INFO - Train Loss: 1.3816
2025-07-22 14:10:46,057 - INFO - Valid Loss: 1.4933, Cat Acc: 0.4817
2025-07-22 14:10:46,057 - INFO - Ord Acc: 0.7648, MAE: 0.8554, QWK: 0.5183
2025-07-22 14:10:46,057 - INFO - Pred Consistency: 0.4817, Ranking Acc: 0.6037
2025-07-22 14:10:46,058 - INFO - Dist Consistency: 0.6444
2025-07-22 14:10:46,058 - INFO - Learning Rate: 0.001000
2025-07-22 14:10:46,058 - INFO - Epoch 8/10
2025-07-22 14:10:47,919 - INFO - Train Loss: 1.3431
2025-07-22 14:10:47,919 - INFO - Valid Loss: 1.4476, Cat Acc: 0.4965
2025-07-22 14:10:47,919 - INFO - Ord Acc: 0.7753, MAE: 0.8319, QWK: 0.5302
2025-07-22 14:10:47,919 - INFO - Pred Consistency: 0.4965, Ranking Acc: 0.6222
2025-07-22 14:10:47,919 - INFO - Dist Consistency: 0.6492
2025-07-22 14:10:47,919 - INFO - Learning Rate: 0.001000
2025-07-22 14:10:47,927 - INFO - New best model saved! Valid Acc: 0.4965
2025-07-22 14:10:47,927 - INFO - Epoch 9/10
2025-07-22 14:10:49,708 - INFO - Train Loss: 1.3203
2025-07-22 14:10:49,708 - INFO - Valid Loss: 1.4311, Cat Acc: 0.4974
2025-07-22 14:10:49,708 - INFO - Ord Acc: 0.7822, MAE: 0.8188, QWK: 0.5424
2025-07-22 14:10:49,708 - INFO - Pred Consistency: 0.4974, Ranking Acc: 0.6298
2025-07-22 14:10:49,708 - INFO - Dist Consistency: 0.6528
2025-07-22 14:10:49,708 - INFO - Learning Rate: 0.001000
2025-07-22 14:10:49,715 - INFO - New best model saved! Valid Acc: 0.4974
2025-07-22 14:10:49,715 - INFO - Epoch 10/10
2025-07-22 14:10:52,468 - INFO - Train Loss: 1.2973
2025-07-22 14:10:52,469 - INFO - Valid Loss: 1.4086, Cat Acc: 0.5017
2025-07-22 14:10:52,469 - INFO - Ord Acc: 0.7866, MAE: 0.8075, QWK: 0.5515
2025-07-22 14:10:52,469 - INFO - Pred Consistency: 0.5017, Ranking Acc: 0.6371
2025-07-22 14:10:52,469 - INFO - Dist Consistency: 0.6549
2025-07-22 14:10:52,469 - INFO - Learning Rate: 0.001000
2025-07-22 14:10:52,475 - INFO - New best model saved! Valid Acc: 0.5017
2025-07-22 14:10:52,477 - INFO - Training completed! Best valid accuracy: 0.5017
