2025-07-22 16:01:13,596 - INFO - Training Deep-GPCM on synthetic_OC
2025-07-22 16:01:13,597 - INFO - Device: cpu, Categories: None, Loss: ordinal, Embedding: linear_decay
2025-07-22 16:01:13,597 - INFO - Loading training data...
2025-07-22 16:01:13,599 - INFO - Train data: 160 sequences, 4 categories
2025-07-22 16:01:13,599 - INFO - Loading test data...
2025-07-22 16:01:13,600 - INFO - Test data: 40 sequences
2025-07-22 16:01:13,600 - INFO - Detected 29 unique questions
2025-07-22 16:01:14,562 - INFO - Starting training...
2025-07-22 16:01:14,562 - INFO - Epoch 1/10
2025-07-22 16:01:16,194 - INFO - Train Loss: 2.0130
2025-07-22 16:01:16,194 - INFO - Valid Loss: 1.9203, Cat Acc: 0.3467
2025-07-22 16:01:16,194 - INFO - Ord Acc: 0.5706, MAE: 1.3284, QWK: 0.1347
2025-07-22 16:01:16,195 - INFO - Pred Consistency: 0.2082, Ranking Acc: 0.2233
2025-07-22 16:01:16,195 - INFO - Dist Consistency: 0.5588
2025-07-22 16:01:16,195 - INFO - Learning Rate: 0.001000
2025-07-22 16:01:16,205 - INFO - New best model saved! Valid Acc: 0.3467
2025-07-22 16:01:16,206 - INFO - Epoch 2/10
2025-07-22 16:01:17,617 - INFO - Train Loss: 1.8199
2025-07-22 16:01:17,617 - INFO - Valid Loss: 1.7684, Cat Acc: 0.4016
2025-07-22 16:01:17,617 - INFO - Ord Acc: 0.6620, MAE: 1.1124, QWK: 0.2961
2025-07-22 16:01:17,617 - INFO - Pred Consistency: 0.2413, Ranking Acc: 0.4021
2025-07-22 16:01:17,617 - INFO - Dist Consistency: 0.5734
2025-07-22 16:01:17,617 - INFO - Learning Rate: 0.001000
2025-07-22 16:01:17,627 - INFO - New best model saved! Valid Acc: 0.4016
2025-07-22 16:01:17,627 - INFO - Epoch 3/10
2025-07-22 16:01:18,987 - INFO - Train Loss: 1.6798
2025-07-22 16:01:18,988 - INFO - Valid Loss: 1.6828, Cat Acc: 0.4373
2025-07-22 16:01:18,988 - INFO - Ord Acc: 0.7169, MAE: 0.9826, QWK: 0.4101
2025-07-22 16:01:18,988 - INFO - Pred Consistency: 0.2683, Ranking Acc: 0.4856
2025-07-22 16:01:18,988 - INFO - Dist Consistency: 0.5888
2025-07-22 16:01:18,988 - INFO - Learning Rate: 0.001000
2025-07-22 16:01:18,995 - INFO - New best model saved! Valid Acc: 0.4373
2025-07-22 16:01:18,996 - INFO - Epoch 4/10
2025-07-22 16:01:20,099 - INFO - Train Loss: 1.5647
2025-07-22 16:01:20,099 - INFO - Valid Loss: 1.5875, Cat Acc: 0.4730
2025-07-22 16:01:20,099 - INFO - Ord Acc: 0.7483, MAE: 0.8876, QWK: 0.4852
2025-07-22 16:01:20,099 - INFO - Pred Consistency: 0.3136, Ranking Acc: 0.5375
2025-07-22 16:01:20,099 - INFO - Dist Consistency: 0.6074
2025-07-22 16:01:20,099 - INFO - Learning Rate: 0.001000
2025-07-22 16:01:20,105 - INFO - New best model saved! Valid Acc: 0.4730
2025-07-22 16:01:20,105 - INFO - Epoch 5/10
2025-07-22 16:01:21,221 - INFO - Train Loss: 1.4823
2025-07-22 16:01:21,221 - INFO - Valid Loss: 1.5367, Cat Acc: 0.4887
2025-07-22 16:01:21,221 - INFO - Ord Acc: 0.7587, MAE: 0.8598, QWK: 0.5073
2025-07-22 16:01:21,221 - INFO - Pred Consistency: 0.3301, Ranking Acc: 0.5701
2025-07-22 16:01:21,221 - INFO - Dist Consistency: 0.6232
2025-07-22 16:01:21,221 - INFO - Learning Rate: 0.001000
2025-07-22 16:01:21,267 - INFO - New best model saved! Valid Acc: 0.4887
2025-07-22 16:01:21,267 - INFO - Epoch 6/10
2025-07-22 16:01:22,381 - INFO - Train Loss: 1.4352
2025-07-22 16:01:22,382 - INFO - Valid Loss: 1.5025, Cat Acc: 0.4887
2025-07-22 16:01:22,382 - INFO - Ord Acc: 0.7709, MAE: 0.8441, QWK: 0.5243
2025-07-22 16:01:22,382 - INFO - Pred Consistency: 0.3545, Ranking Acc: 0.5906
2025-07-22 16:01:22,382 - INFO - Dist Consistency: 0.6361
2025-07-22 16:01:22,382 - INFO - Learning Rate: 0.001000
2025-07-22 16:01:22,382 - INFO - Epoch 7/10
2025-07-22 16:01:23,463 - INFO - Train Loss: 1.3816
2025-07-22 16:01:23,464 - INFO - Valid Loss: 1.4933, Cat Acc: 0.4817
2025-07-22 16:01:23,464 - INFO - Ord Acc: 0.7648, MAE: 0.8554, QWK: 0.5183
2025-07-22 16:01:23,464 - INFO - Pred Consistency: 0.3667, Ranking Acc: 0.6037
2025-07-22 16:01:23,464 - INFO - Dist Consistency: 0.6444
2025-07-22 16:01:23,464 - INFO - Learning Rate: 0.001000
2025-07-22 16:01:23,464 - INFO - Epoch 8/10
2025-07-22 16:01:24,496 - INFO - Train Loss: 1.3431
2025-07-22 16:01:24,496 - INFO - Valid Loss: 1.4476, Cat Acc: 0.4965
2025-07-22 16:01:24,496 - INFO - Ord Acc: 0.7753, MAE: 0.8319, QWK: 0.5302
2025-07-22 16:01:24,496 - INFO - Pred Consistency: 0.3693, Ranking Acc: 0.6222
2025-07-22 16:01:24,496 - INFO - Dist Consistency: 0.6492
2025-07-22 16:01:24,497 - INFO - Learning Rate: 0.001000
2025-07-22 16:01:24,505 - INFO - New best model saved! Valid Acc: 0.4965
2025-07-22 16:01:24,505 - INFO - Epoch 9/10
2025-07-22 16:01:25,757 - INFO - Train Loss: 1.3203
2025-07-22 16:01:25,758 - INFO - Valid Loss: 1.4311, Cat Acc: 0.4974
2025-07-22 16:01:25,758 - INFO - Ord Acc: 0.7822, MAE: 0.8188, QWK: 0.5424
2025-07-22 16:01:25,758 - INFO - Pred Consistency: 0.3920, Ranking Acc: 0.6298
2025-07-22 16:01:25,758 - INFO - Dist Consistency: 0.6528
2025-07-22 16:01:25,758 - INFO - Learning Rate: 0.001000
2025-07-22 16:01:25,763 - INFO - New best model saved! Valid Acc: 0.4974
2025-07-22 16:01:25,764 - INFO - Epoch 10/10
2025-07-22 16:01:27,003 - INFO - Train Loss: 1.2973
2025-07-22 16:01:27,003 - INFO - Valid Loss: 1.4086, Cat Acc: 0.5017
2025-07-22 16:01:27,003 - INFO - Ord Acc: 0.7866, MAE: 0.8075, QWK: 0.5515
2025-07-22 16:01:27,003 - INFO - Pred Consistency: 0.3798, Ranking Acc: 0.6371
2025-07-22 16:01:27,003 - INFO - Dist Consistency: 0.6549
2025-07-22 16:01:27,003 - INFO - Learning Rate: 0.001000
2025-07-22 16:01:27,009 - INFO - New best model saved! Valid Acc: 0.5017
2025-07-22 16:01:27,009 - INFO - Training completed! Best valid accuracy: 0.5017
