2025-07-23 11:10:16,492 - INFO - Training Deep-GPCM on synthetic_OC
2025-07-23 11:10:16,493 - INFO - Device: cpu, Categories: None, Loss: ordinal, Embedding: linear_decay
2025-07-23 11:10:16,493 - INFO - Loading training data...
2025-07-23 11:10:16,494 - INFO - Train data: 160 sequences, 4 categories
2025-07-23 11:10:16,494 - INFO - Loading test data...
2025-07-23 11:10:16,495 - INFO - Test data: 40 sequences
2025-07-23 11:10:16,495 - INFO - Detected 29 unique questions
2025-07-23 11:10:17,128 - INFO - Starting training...
2025-07-23 11:10:17,128 - INFO - Epoch 1/2
2025-07-23 11:10:18,695 - INFO - Train Loss: 2.0130
2025-07-23 11:10:18,695 - INFO - Valid Loss: 1.9203, Cat Acc: 0.2143
2025-07-23 11:10:18,695 - INFO - Ord Acc: 0.7422, MAE: 1.0453, QWK: 0.1132
2025-07-23 11:10:18,695 - INFO - Pred Consistency: 0.2082, Ranking Acc: 0.2233
2025-07-23 11:10:18,695 - INFO - Dist Consistency: 0.5588
2025-07-23 11:10:18,695 - INFO - Learning Rate: 0.001000
2025-07-23 11:10:18,709 - INFO - New best model saved! Valid Acc: 0.2143
2025-07-23 11:10:18,710 - INFO - Epoch 2/2
2025-07-23 11:10:20,202 - INFO - Train Loss: 1.8199
2025-07-23 11:10:20,202 - INFO - Valid Loss: 1.7684, Cat Acc: 0.2456
2025-07-23 11:10:20,202 - INFO - Ord Acc: 0.7918, MAE: 0.9652, QWK: 0.2400
2025-07-23 11:10:20,202 - INFO - Pred Consistency: 0.2413, Ranking Acc: 0.4021
2025-07-23 11:10:20,202 - INFO - Dist Consistency: 0.5734
2025-07-23 11:10:20,202 - INFO - Learning Rate: 0.001000
2025-07-23 11:10:20,207 - INFO - New best model saved! Valid Acc: 0.2456
2025-07-23 11:10:20,208 - INFO - Training completed! Best valid accuracy: 0.2456
