2025-07-23 11:49:24,308 - INFO - Training Deep-GPCM on synthetic_OC
2025-07-23 11:49:24,308 - INFO - Device: cpu, Categories: None, Loss: ordinal, Embedding: linear_decay
2025-07-23 11:49:24,309 - INFO - Loading training data...
2025-07-23 11:49:24,310 - INFO - Train data: 160 sequences, 4 categories
2025-07-23 11:49:24,310 - INFO - Loading test data...
2025-07-23 11:49:24,311 - INFO - Test data: 40 sequences
2025-07-23 11:49:24,311 - INFO - Detected 29 unique questions
2025-07-23 11:49:24,811 - INFO - Starting training...
2025-07-23 11:49:24,811 - INFO - Epoch 1/30
2025-07-23 11:49:26,006 - INFO - Train Loss: 2.0130
2025-07-23 11:49:26,007 - INFO - Valid Loss: 1.9203, Cat Acc: 0.2143
2025-07-23 11:49:26,007 - INFO - Ord Acc: 0.7422, MAE: 1.0453, QWK: 0.1132
2025-07-23 11:49:26,007 - INFO - Pred Consistency: 0.2082, Ranking Acc: 0.2233
2025-07-23 11:49:26,007 - INFO - Dist Consistency: 0.5588
2025-07-23 11:49:26,007 - INFO - Learning Rate: 0.001000
2025-07-23 11:49:26,011 - INFO - New best model saved! Valid Acc: 0.2143
2025-07-23 11:49:26,012 - INFO - Epoch 2/30
2025-07-23 11:49:26,921 - INFO - Train Loss: 1.8199
2025-07-23 11:49:26,921 - INFO - Valid Loss: 1.7684, Cat Acc: 0.2456
2025-07-23 11:49:26,921 - INFO - Ord Acc: 0.7918, MAE: 0.9652, QWK: 0.2400
2025-07-23 11:49:26,921 - INFO - Pred Consistency: 0.2413, Ranking Acc: 0.4021
2025-07-23 11:49:26,921 - INFO - Dist Consistency: 0.5734
2025-07-23 11:49:26,921 - INFO - Learning Rate: 0.001000
2025-07-23 11:49:26,926 - INFO - New best model saved! Valid Acc: 0.2456
2025-07-23 11:49:26,926 - INFO - Epoch 3/30
2025-07-23 11:49:27,961 - INFO - Train Loss: 1.6798
2025-07-23 11:49:27,961 - INFO - Valid Loss: 1.6828, Cat Acc: 0.3049
2025-07-23 11:49:27,962 - INFO - Ord Acc: 0.8284, MAE: 0.8737, QWK: 0.3959
2025-07-23 11:49:27,962 - INFO - Pred Consistency: 0.2683, Ranking Acc: 0.4856
2025-07-23 11:49:27,962 - INFO - Dist Consistency: 0.5888
2025-07-23 11:49:27,962 - INFO - Learning Rate: 0.001000
2025-07-23 11:49:27,966 - INFO - New best model saved! Valid Acc: 0.3049
2025-07-23 11:49:27,966 - INFO - Epoch 4/30
2025-07-23 11:49:28,866 - INFO - Train Loss: 1.5647
2025-07-23 11:49:28,866 - INFO - Valid Loss: 1.5875, Cat Acc: 0.3554
2025-07-23 11:49:28,866 - INFO - Ord Acc: 0.8406, MAE: 0.8118, QWK: 0.4857
2025-07-23 11:49:28,866 - INFO - Pred Consistency: 0.3136, Ranking Acc: 0.5375
2025-07-23 11:49:28,866 - INFO - Dist Consistency: 0.6074
2025-07-23 11:49:28,866 - INFO - Learning Rate: 0.001000
2025-07-23 11:49:28,871 - INFO - New best model saved! Valid Acc: 0.3554
2025-07-23 11:49:28,871 - INFO - Epoch 5/30
2025-07-23 11:49:29,891 - INFO - Train Loss: 1.4823
2025-07-23 11:49:29,891 - INFO - Valid Loss: 1.5367, Cat Acc: 0.3990
2025-07-23 11:49:29,891 - INFO - Ord Acc: 0.8476, MAE: 0.7657, QWK: 0.5470
2025-07-23 11:49:29,891 - INFO - Pred Consistency: 0.3301, Ranking Acc: 0.5701
2025-07-23 11:49:29,891 - INFO - Dist Consistency: 0.6232
2025-07-23 11:49:29,891 - INFO - Learning Rate: 0.001000
2025-07-23 11:49:29,895 - INFO - New best model saved! Valid Acc: 0.3990
2025-07-23 11:49:29,895 - INFO - Epoch 6/30
2025-07-23 11:49:30,799 - INFO - Train Loss: 1.4352
2025-07-23 11:49:30,799 - INFO - Valid Loss: 1.5025, Cat Acc: 0.4338
2025-07-23 11:49:30,799 - INFO - Ord Acc: 0.8449, MAE: 0.7387, QWK: 0.5787
2025-07-23 11:49:30,799 - INFO - Pred Consistency: 0.3545, Ranking Acc: 0.5906
2025-07-23 11:49:30,799 - INFO - Dist Consistency: 0.6361
2025-07-23 11:49:30,799 - INFO - Learning Rate: 0.001000
2025-07-23 11:49:30,803 - INFO - New best model saved! Valid Acc: 0.4338
2025-07-23 11:49:30,803 - INFO - Epoch 7/30
2025-07-23 11:49:31,689 - INFO - Train Loss: 1.3816
2025-07-23 11:49:31,689 - INFO - Valid Loss: 1.4933, Cat Acc: 0.4390
2025-07-23 11:49:31,689 - INFO - Ord Acc: 0.8354, MAE: 0.7491, QWK: 0.5737
2025-07-23 11:49:31,689 - INFO - Pred Consistency: 0.3667, Ranking Acc: 0.6037
2025-07-23 11:49:31,689 - INFO - Dist Consistency: 0.6444
2025-07-23 11:49:31,689 - INFO - Learning Rate: 0.001000
2025-07-23 11:49:31,693 - INFO - New best model saved! Valid Acc: 0.4390
2025-07-23 11:49:31,693 - INFO - Epoch 8/30
2025-07-23 11:49:32,590 - INFO - Train Loss: 1.3431
2025-07-23 11:49:32,590 - INFO - Valid Loss: 1.4476, Cat Acc: 0.4486
2025-07-23 11:49:32,590 - INFO - Ord Acc: 0.8406, MAE: 0.7334, QWK: 0.5913
2025-07-23 11:49:32,590 - INFO - Pred Consistency: 0.3693, Ranking Acc: 0.6222
2025-07-23 11:49:32,590 - INFO - Dist Consistency: 0.6492
2025-07-23 11:49:32,590 - INFO - Learning Rate: 0.001000
2025-07-23 11:49:32,595 - INFO - New best model saved! Valid Acc: 0.4486
2025-07-23 11:49:32,595 - INFO - Epoch 9/30
2025-07-23 11:49:33,552 - INFO - Train Loss: 1.3203
2025-07-23 11:49:33,552 - INFO - Valid Loss: 1.4311, Cat Acc: 0.4721
2025-07-23 11:49:33,552 - INFO - Ord Acc: 0.8510, MAE: 0.6995, QWK: 0.6104
2025-07-23 11:49:33,552 - INFO - Pred Consistency: 0.3920, Ranking Acc: 0.6298
2025-07-23 11:49:33,552 - INFO - Dist Consistency: 0.6528
2025-07-23 11:49:33,552 - INFO - Learning Rate: 0.001000
2025-07-23 11:49:33,557 - INFO - New best model saved! Valid Acc: 0.4721
2025-07-23 11:49:33,557 - INFO - Epoch 10/30
2025-07-23 11:49:34,481 - INFO - Train Loss: 1.2973
2025-07-23 11:49:34,481 - INFO - Valid Loss: 1.4086, Cat Acc: 0.4634
2025-07-23 11:49:34,481 - INFO - Ord Acc: 0.8554, MAE: 0.7021, QWK: 0.6121
2025-07-23 11:49:34,481 - INFO - Pred Consistency: 0.3798, Ranking Acc: 0.6371
2025-07-23 11:49:34,481 - INFO - Dist Consistency: 0.6549
2025-07-23 11:49:34,481 - INFO - Learning Rate: 0.001000
2025-07-23 11:49:34,481 - INFO - Epoch 11/30
2025-07-23 11:49:35,359 - INFO - Train Loss: 1.2859
2025-07-23 11:49:35,360 - INFO - Valid Loss: 1.4008, Cat Acc: 0.4721
2025-07-23 11:49:35,360 - INFO - Ord Acc: 0.8615, MAE: 0.6864, QWK: 0.6188
2025-07-23 11:49:35,360 - INFO - Pred Consistency: 0.3815, Ranking Acc: 0.6400
2025-07-23 11:49:35,360 - INFO - Dist Consistency: 0.6560
2025-07-23 11:49:35,360 - INFO - Learning Rate: 0.001000
2025-07-23 11:49:35,360 - INFO - Epoch 12/30
2025-07-23 11:49:36,282 - INFO - Train Loss: 1.2822
2025-07-23 11:49:36,282 - INFO - Valid Loss: 1.4039, Cat Acc: 0.4721
2025-07-23 11:49:36,282 - INFO - Ord Acc: 0.8606, MAE: 0.6899, QWK: 0.6169
2025-07-23 11:49:36,282 - INFO - Pred Consistency: 0.3859, Ranking Acc: 0.6396
2025-07-23 11:49:36,282 - INFO - Dist Consistency: 0.6578
2025-07-23 11:49:36,282 - INFO - Learning Rate: 0.001000
2025-07-23 11:49:36,282 - INFO - Epoch 13/30
2025-07-23 11:49:37,207 - INFO - Train Loss: 1.2757
2025-07-23 11:49:37,207 - INFO - Valid Loss: 1.3952, Cat Acc: 0.4704
2025-07-23 11:49:37,207 - INFO - Ord Acc: 0.8580, MAE: 0.6890, QWK: 0.6211
2025-07-23 11:49:37,207 - INFO - Pred Consistency: 0.3780, Ranking Acc: 0.6440
2025-07-23 11:49:37,207 - INFO - Dist Consistency: 0.6586
2025-07-23 11:49:37,207 - INFO - Learning Rate: 0.001000
2025-07-23 11:49:37,207 - INFO - Epoch 14/30
2025-07-23 11:49:38,110 - INFO - Train Loss: 1.2791
2025-07-23 11:49:38,110 - INFO - Valid Loss: 1.3963, Cat Acc: 0.4739
2025-07-23 11:49:38,110 - INFO - Ord Acc: 0.8571, MAE: 0.6882, QWK: 0.6206
2025-07-23 11:49:38,110 - INFO - Pred Consistency: 0.3859, Ranking Acc: 0.6427
2025-07-23 11:49:38,110 - INFO - Dist Consistency: 0.6601
2025-07-23 11:49:38,110 - INFO - Learning Rate: 0.001000
2025-07-23 11:49:38,114 - INFO - New best model saved! Valid Acc: 0.4739
2025-07-23 11:49:38,114 - INFO - Epoch 15/30
2025-07-23 11:49:38,988 - INFO - Train Loss: 1.2682
2025-07-23 11:49:38,988 - INFO - Valid Loss: 1.3900, Cat Acc: 0.4739
2025-07-23 11:49:38,988 - INFO - Ord Acc: 0.8589, MAE: 0.6855, QWK: 0.6236
2025-07-23 11:49:38,988 - INFO - Pred Consistency: 0.3868, Ranking Acc: 0.6442
2025-07-23 11:49:38,989 - INFO - Dist Consistency: 0.6603
2025-07-23 11:49:38,989 - INFO - Learning Rate: 0.001000
2025-07-23 11:49:38,989 - INFO - Epoch 16/30
2025-07-23 11:49:39,834 - INFO - Train Loss: 1.2607
2025-07-23 11:49:39,834 - INFO - Valid Loss: 1.3886, Cat Acc: 0.4774
2025-07-23 11:49:39,834 - INFO - Ord Acc: 0.8606, MAE: 0.6794, QWK: 0.6275
2025-07-23 11:49:39,834 - INFO - Pred Consistency: 0.3876, Ranking Acc: 0.6447
2025-07-23 11:49:39,834 - INFO - Dist Consistency: 0.6601
2025-07-23 11:49:39,835 - INFO - Learning Rate: 0.001000
2025-07-23 11:49:39,838 - INFO - New best model saved! Valid Acc: 0.4774
2025-07-23 11:49:39,839 - INFO - Epoch 17/30
2025-07-23 11:49:40,686 - INFO - Train Loss: 1.2687
2025-07-23 11:49:40,686 - INFO - Valid Loss: 1.3910, Cat Acc: 0.4634
2025-07-23 11:49:40,686 - INFO - Ord Acc: 0.8580, MAE: 0.6943, QWK: 0.6244
2025-07-23 11:49:40,686 - INFO - Pred Consistency: 0.3798, Ranking Acc: 0.6436
2025-07-23 11:49:40,686 - INFO - Dist Consistency: 0.6603
2025-07-23 11:49:40,686 - INFO - Learning Rate: 0.001000
2025-07-23 11:49:40,686 - INFO - Epoch 18/30
2025-07-23 11:49:41,575 - INFO - Train Loss: 1.2586
2025-07-23 11:49:41,575 - INFO - Valid Loss: 1.3899, Cat Acc: 0.4730
2025-07-23 11:49:41,575 - INFO - Ord Acc: 0.8571, MAE: 0.6855, QWK: 0.6271
2025-07-23 11:49:41,575 - INFO - Pred Consistency: 0.3833, Ranking Acc: 0.6435
2025-07-23 11:49:41,575 - INFO - Dist Consistency: 0.6600
2025-07-23 11:49:41,575 - INFO - Learning Rate: 0.001000
2025-07-23 11:49:41,575 - INFO - Epoch 19/30
2025-07-23 11:49:42,469 - INFO - Train Loss: 1.2596
2025-07-23 11:49:42,469 - INFO - Valid Loss: 1.3891, Cat Acc: 0.4808
2025-07-23 11:49:42,469 - INFO - Ord Acc: 0.8606, MAE: 0.6733, QWK: 0.6346
2025-07-23 11:49:42,469 - INFO - Pred Consistency: 0.3902, Ranking Acc: 0.6438
2025-07-23 11:49:42,469 - INFO - Dist Consistency: 0.6597
2025-07-23 11:49:42,469 - INFO - Learning Rate: 0.001000
2025-07-23 11:49:42,473 - INFO - New best model saved! Valid Acc: 0.4808
2025-07-23 11:49:42,473 - INFO - Epoch 20/30
2025-07-23 11:49:43,346 - INFO - Train Loss: 1.2646
2025-07-23 11:49:43,346 - INFO - Valid Loss: 1.3889, Cat Acc: 0.4800
2025-07-23 11:49:43,346 - INFO - Ord Acc: 0.8589, MAE: 0.6768, QWK: 0.6321
2025-07-23 11:49:43,346 - INFO - Pred Consistency: 0.3894, Ranking Acc: 0.6436
2025-07-23 11:49:43,346 - INFO - Dist Consistency: 0.6595
2025-07-23 11:49:43,346 - INFO - Learning Rate: 0.001000
2025-07-23 11:49:43,347 - INFO - Epoch 21/30
2025-07-23 11:49:44,185 - INFO - Train Loss: 1.2624
2025-07-23 11:49:44,186 - INFO - Valid Loss: 1.3923, Cat Acc: 0.4756
2025-07-23 11:49:44,186 - INFO - Ord Acc: 0.8554, MAE: 0.6873, QWK: 0.6230
2025-07-23 11:49:44,186 - INFO - Pred Consistency: 0.3894, Ranking Acc: 0.6427
2025-07-23 11:49:44,186 - INFO - Dist Consistency: 0.6591
2025-07-23 11:49:44,186 - INFO - Learning Rate: 0.001000
2025-07-23 11:49:44,186 - INFO - Epoch 22/30
2025-07-23 11:49:45,063 - INFO - Train Loss: 1.2567
2025-07-23 11:49:45,064 - INFO - Valid Loss: 1.3850, Cat Acc: 0.4808
2025-07-23 11:49:45,064 - INFO - Ord Acc: 0.8571, MAE: 0.6777, QWK: 0.6289
2025-07-23 11:49:45,064 - INFO - Pred Consistency: 0.3859, Ranking Acc: 0.6451
2025-07-23 11:49:45,064 - INFO - Dist Consistency: 0.6587
2025-07-23 11:49:45,064 - INFO - Learning Rate: 0.001000
2025-07-23 11:49:45,064 - INFO - Epoch 23/30
2025-07-23 11:49:45,955 - INFO - Train Loss: 1.2598
2025-07-23 11:49:45,956 - INFO - Valid Loss: 1.3888, Cat Acc: 0.4730
2025-07-23 11:49:45,956 - INFO - Ord Acc: 0.8598, MAE: 0.6855, QWK: 0.6247
2025-07-23 11:49:45,956 - INFO - Pred Consistency: 0.3859, Ranking Acc: 0.6436
2025-07-23 11:49:45,956 - INFO - Dist Consistency: 0.6586
2025-07-23 11:49:45,956 - INFO - Learning Rate: 0.001000
2025-07-23 11:49:45,956 - INFO - Epoch 24/30
2025-07-23 11:49:46,821 - INFO - Train Loss: 1.2501
2025-07-23 11:49:46,821 - INFO - Valid Loss: 1.3854, Cat Acc: 0.4826
2025-07-23 11:49:46,821 - INFO - Ord Acc: 0.8554, MAE: 0.6794, QWK: 0.6253
2025-07-23 11:49:46,821 - INFO - Pred Consistency: 0.3885, Ranking Acc: 0.6442
2025-07-23 11:49:46,821 - INFO - Dist Consistency: 0.6585
2025-07-23 11:49:46,821 - INFO - Learning Rate: 0.001000
2025-07-23 11:49:46,825 - INFO - New best model saved! Valid Acc: 0.4826
2025-07-23 11:49:46,825 - INFO - Epoch 25/30
2025-07-23 11:49:47,731 - INFO - Train Loss: 1.2532
2025-07-23 11:49:47,731 - INFO - Valid Loss: 1.3882, Cat Acc: 0.4826
2025-07-23 11:49:47,731 - INFO - Ord Acc: 0.8528, MAE: 0.6803, QWK: 0.6244
2025-07-23 11:49:47,731 - INFO - Pred Consistency: 0.3876, Ranking Acc: 0.6424
2025-07-23 11:49:47,731 - INFO - Dist Consistency: 0.6584
2025-07-23 11:49:47,731 - INFO - Learning Rate: 0.001000
2025-07-23 11:49:47,731 - INFO - Epoch 26/30
2025-07-23 11:49:48,585 - INFO - Train Loss: 1.2489
2025-07-23 11:49:48,585 - INFO - Valid Loss: 1.3987, Cat Acc: 0.4695
2025-07-23 11:49:48,585 - INFO - Ord Acc: 0.8528, MAE: 0.6977, QWK: 0.6144
2025-07-23 11:49:48,585 - INFO - Pred Consistency: 0.3833, Ranking Acc: 0.6394
2025-07-23 11:49:48,585 - INFO - Dist Consistency: 0.6589
2025-07-23 11:49:48,585 - INFO - Learning Rate: 0.001000
2025-07-23 11:49:48,585 - INFO - Epoch 27/30
2025-07-23 11:49:49,492 - INFO - Train Loss: 1.2518
2025-07-23 11:49:49,492 - INFO - Valid Loss: 1.3921, Cat Acc: 0.4747
2025-07-23 11:49:49,493 - INFO - Ord Acc: 0.8537, MAE: 0.6882, QWK: 0.6223
2025-07-23 11:49:49,493 - INFO - Pred Consistency: 0.3798, Ranking Acc: 0.6418
2025-07-23 11:49:49,493 - INFO - Dist Consistency: 0.6593
2025-07-23 11:49:49,493 - INFO - Learning Rate: 0.001000
2025-07-23 11:49:49,493 - INFO - Epoch 28/30
2025-07-23 11:49:50,440 - INFO - Train Loss: 1.2578
2025-07-23 11:49:50,440 - INFO - Valid Loss: 1.3921, Cat Acc: 0.4704
2025-07-23 11:49:50,440 - INFO - Ord Acc: 0.8484, MAE: 0.7003, QWK: 0.6135
2025-07-23 11:49:50,440 - INFO - Pred Consistency: 0.3763, Ranking Acc: 0.6408
2025-07-23 11:49:50,440 - INFO - Dist Consistency: 0.6601
2025-07-23 11:49:50,440 - INFO - Learning Rate: 0.000500
2025-07-23 11:49:50,440 - INFO - Epoch 29/30
2025-07-23 11:49:51,337 - INFO - Train Loss: 1.2522
2025-07-23 11:49:51,337 - INFO - Valid Loss: 1.3924, Cat Acc: 0.4730
2025-07-23 11:49:51,337 - INFO - Ord Acc: 0.8528, MAE: 0.6951, QWK: 0.6181
2025-07-23 11:49:51,337 - INFO - Pred Consistency: 0.3798, Ranking Acc: 0.6412
2025-07-23 11:49:51,337 - INFO - Dist Consistency: 0.6603
2025-07-23 11:49:51,337 - INFO - Learning Rate: 0.000500
2025-07-23 11:49:51,337 - INFO - Epoch 30/30
2025-07-23 11:49:52,205 - INFO - Train Loss: 1.2541
2025-07-23 11:49:52,205 - INFO - Valid Loss: 1.3914, Cat Acc: 0.4713
2025-07-23 11:49:52,205 - INFO - Ord Acc: 0.8537, MAE: 0.6951, QWK: 0.6180
2025-07-23 11:49:52,205 - INFO - Pred Consistency: 0.3780, Ranking Acc: 0.6417
2025-07-23 11:49:52,205 - INFO - Dist Consistency: 0.6603
2025-07-23 11:49:52,205 - INFO - Learning Rate: 0.000500
2025-07-23 11:49:52,206 - INFO - Training completed! Best valid accuracy: 0.4826
