2025-07-23 11:33:09,366 - INFO - Training Deep-GPCM on synthetic_OC
2025-07-23 11:33:09,366 - INFO - Device: cpu, Categories: None, Loss: ordinal, Embedding: ordered
2025-07-23 11:33:09,366 - INFO - Loading training data...
2025-07-23 11:33:09,368 - INFO - Train data: 160 sequences, 4 categories
2025-07-23 11:33:09,368 - INFO - Loading test data...
2025-07-23 11:33:09,369 - INFO - Test data: 40 sequences
2025-07-23 11:33:09,369 - INFO - Detected 29 unique questions
2025-07-23 11:33:10,000 - INFO - Starting training...
2025-07-23 11:33:10,000 - INFO - Epoch 1/50
2025-07-23 11:33:11,198 - INFO - Train Loss: 2.0931
2025-07-23 11:33:11,198 - INFO - Valid Loss: 1.8947, Cat Acc: 0.2274
2025-07-23 11:33:11,198 - INFO - Ord Acc: 0.7753, MAE: 1.0035, QWK: 0.1794
2025-07-23 11:33:11,198 - INFO - Pred Consistency: 0.2239, Ranking Acc: 0.2353
2025-07-23 11:33:11,198 - INFO - Dist Consistency: 0.5595
2025-07-23 11:33:11,198 - INFO - Learning Rate: 0.001000
2025-07-23 11:33:11,210 - INFO - New best model saved! Valid Acc: 0.2274
2025-07-23 11:33:11,210 - INFO - Epoch 2/50
2025-07-23 11:33:12,102 - INFO - Train Loss: 1.8839
2025-07-23 11:33:12,102 - INFO - Valid Loss: 1.7607, Cat Acc: 0.2483
2025-07-23 11:33:12,102 - INFO - Ord Acc: 0.8267, MAE: 0.9268, QWK: 0.2858
2025-07-23 11:33:12,102 - INFO - Pred Consistency: 0.2439, Ranking Acc: 0.4082
2025-07-23 11:33:12,102 - INFO - Dist Consistency: 0.5730
2025-07-23 11:33:12,102 - INFO - Learning Rate: 0.001000
2025-07-23 11:33:12,106 - INFO - New best model saved! Valid Acc: 0.2483
2025-07-23 11:33:12,106 - INFO - Epoch 3/50
2025-07-23 11:33:13,065 - INFO - Train Loss: 1.7418
2025-07-23 11:33:13,066 - INFO - Valid Loss: 1.6972, Cat Acc: 0.2709
2025-07-23 11:33:13,066 - INFO - Ord Acc: 0.8153, MAE: 0.9164, QWK: 0.3355
2025-07-23 11:33:13,066 - INFO - Pred Consistency: 0.2535, Ranking Acc: 0.5064
2025-07-23 11:33:13,066 - INFO - Dist Consistency: 0.5842
2025-07-23 11:33:13,066 - INFO - Learning Rate: 0.001000
2025-07-23 11:33:13,074 - INFO - New best model saved! Valid Acc: 0.2709
2025-07-23 11:33:13,074 - INFO - Epoch 4/50
2025-07-23 11:33:15,063 - INFO - Train Loss: 1.6434
2025-07-23 11:33:15,063 - INFO - Valid Loss: 1.6147, Cat Acc: 0.3206
2025-07-23 11:33:15,063 - INFO - Ord Acc: 0.8493, MAE: 0.8345, QWK: 0.4571
2025-07-23 11:33:15,064 - INFO - Pred Consistency: 0.2840, Ranking Acc: 0.5450
2025-07-23 11:33:15,064 - INFO - Dist Consistency: 0.5979
2025-07-23 11:33:15,064 - INFO - Learning Rate: 0.001000
2025-07-23 11:33:15,069 - INFO - New best model saved! Valid Acc: 0.3206
2025-07-23 11:33:15,069 - INFO - Epoch 5/50
2025-07-23 11:33:15,988 - INFO - Train Loss: 1.5515
2025-07-23 11:33:15,988 - INFO - Valid Loss: 1.5527, Cat Acc: 0.3458
2025-07-23 11:33:15,988 - INFO - Ord Acc: 0.8484, MAE: 0.8127, QWK: 0.4982
2025-07-23 11:33:15,988 - INFO - Pred Consistency: 0.3075, Ranking Acc: 0.5627
2025-07-23 11:33:15,989 - INFO - Dist Consistency: 0.6112
2025-07-23 11:33:15,989 - INFO - Learning Rate: 0.001000
2025-07-23 11:33:15,992 - INFO - New best model saved! Valid Acc: 0.3458
2025-07-23 11:33:15,993 - INFO - Epoch 6/50
2025-07-23 11:33:17,021 - INFO - Train Loss: 1.4836
2025-07-23 11:33:17,021 - INFO - Valid Loss: 1.5182, Cat Acc: 0.3885
2025-07-23 11:33:17,021 - INFO - Ord Acc: 0.8580, MAE: 0.7639, QWK: 0.5603
2025-07-23 11:33:17,021 - INFO - Pred Consistency: 0.3258, Ranking Acc: 0.5831
2025-07-23 11:33:17,021 - INFO - Dist Consistency: 0.6215
2025-07-23 11:33:17,021 - INFO - Learning Rate: 0.001000
2025-07-23 11:33:17,025 - INFO - New best model saved! Valid Acc: 0.3885
2025-07-23 11:33:17,025 - INFO - Epoch 7/50
2025-07-23 11:33:17,988 - INFO - Train Loss: 1.4158
2025-07-23 11:33:17,989 - INFO - Valid Loss: 1.4864, Cat Acc: 0.4181
2025-07-23 11:33:17,989 - INFO - Ord Acc: 0.8580, MAE: 0.7413, QWK: 0.5774
2025-07-23 11:33:17,989 - INFO - Pred Consistency: 0.3493, Ranking Acc: 0.5948
2025-07-23 11:33:17,989 - INFO - Dist Consistency: 0.6316
2025-07-23 11:33:17,989 - INFO - Learning Rate: 0.001000
2025-07-23 11:33:17,992 - INFO - New best model saved! Valid Acc: 0.4181
2025-07-23 11:33:17,993 - INFO - Epoch 8/50
2025-07-23 11:33:18,790 - INFO - Train Loss: 1.3742
2025-07-23 11:33:18,790 - INFO - Valid Loss: 1.4622, Cat Acc: 0.4329
2025-07-23 11:33:18,790 - INFO - Ord Acc: 0.8519, MAE: 0.7343, QWK: 0.5838
2025-07-23 11:33:18,790 - INFO - Pred Consistency: 0.3667, Ranking Acc: 0.6060
2025-07-23 11:33:18,790 - INFO - Dist Consistency: 0.6406
2025-07-23 11:33:18,790 - INFO - Learning Rate: 0.001000
2025-07-23 11:33:18,794 - INFO - New best model saved! Valid Acc: 0.4329
2025-07-23 11:33:18,794 - INFO - Epoch 9/50
2025-07-23 11:33:19,660 - INFO - Train Loss: 1.3515
2025-07-23 11:33:19,660 - INFO - Valid Loss: 1.4430, Cat Acc: 0.4434
2025-07-23 11:33:19,660 - INFO - Ord Acc: 0.8528, MAE: 0.7247, QWK: 0.5969
2025-07-23 11:33:19,660 - INFO - Pred Consistency: 0.3711, Ranking Acc: 0.6160
2025-07-23 11:33:19,660 - INFO - Dist Consistency: 0.6473
2025-07-23 11:33:19,660 - INFO - Learning Rate: 0.001000
2025-07-23 11:33:19,667 - INFO - New best model saved! Valid Acc: 0.4434
2025-07-23 11:33:19,667 - INFO - Epoch 10/50
2025-07-23 11:33:20,431 - INFO - Train Loss: 1.3244
2025-07-23 11:33:20,431 - INFO - Valid Loss: 1.4245, Cat Acc: 0.4512
2025-07-23 11:33:20,431 - INFO - Ord Acc: 0.8493, MAE: 0.7204, QWK: 0.6003
2025-07-23 11:33:20,431 - INFO - Pred Consistency: 0.3737, Ranking Acc: 0.6255
2025-07-23 11:33:20,431 - INFO - Dist Consistency: 0.6529
2025-07-23 11:33:20,431 - INFO - Learning Rate: 0.001000
2025-07-23 11:33:20,438 - INFO - New best model saved! Valid Acc: 0.4512
2025-07-23 11:33:20,438 - INFO - Epoch 11/50
2025-07-23 11:33:21,233 - INFO - Train Loss: 1.3043
2025-07-23 11:33:21,233 - INFO - Valid Loss: 1.4120, Cat Acc: 0.4521
2025-07-23 11:33:21,233 - INFO - Ord Acc: 0.8484, MAE: 0.7213, QWK: 0.6033
2025-07-23 11:33:21,233 - INFO - Pred Consistency: 0.3763, Ranking Acc: 0.6318
2025-07-23 11:33:21,234 - INFO - Dist Consistency: 0.6565
2025-07-23 11:33:21,234 - INFO - Learning Rate: 0.001000
2025-07-23 11:33:21,237 - INFO - New best model saved! Valid Acc: 0.4521
2025-07-23 11:33:21,237 - INFO - Epoch 12/50
2025-07-23 11:33:22,090 - INFO - Train Loss: 1.2996
2025-07-23 11:33:22,090 - INFO - Valid Loss: 1.4064, Cat Acc: 0.4573
2025-07-23 11:33:22,090 - INFO - Ord Acc: 0.8519, MAE: 0.7125, QWK: 0.6092
2025-07-23 11:33:22,090 - INFO - Pred Consistency: 0.3798, Ranking Acc: 0.6344
2025-07-23 11:33:22,090 - INFO - Dist Consistency: 0.6582
2025-07-23 11:33:22,090 - INFO - Learning Rate: 0.001000
2025-07-23 11:33:22,093 - INFO - New best model saved! Valid Acc: 0.4573
2025-07-23 11:33:22,093 - INFO - Epoch 13/50
2025-07-23 11:33:22,918 - INFO - Train Loss: 1.2885
2025-07-23 11:33:22,919 - INFO - Valid Loss: 1.3960, Cat Acc: 0.4564
2025-07-23 11:33:22,919 - INFO - Ord Acc: 0.8484, MAE: 0.7169, QWK: 0.6025
2025-07-23 11:33:22,919 - INFO - Pred Consistency: 0.3772, Ranking Acc: 0.6382
2025-07-23 11:33:22,919 - INFO - Dist Consistency: 0.6583
2025-07-23 11:33:22,919 - INFO - Learning Rate: 0.001000
2025-07-23 11:33:22,919 - INFO - Epoch 14/50
2025-07-23 11:33:23,739 - INFO - Train Loss: 1.2891
2025-07-23 11:33:23,739 - INFO - Valid Loss: 1.3924, Cat Acc: 0.4625
2025-07-23 11:33:23,739 - INFO - Ord Acc: 0.8510, MAE: 0.7056, QWK: 0.6090
2025-07-23 11:33:23,739 - INFO - Pred Consistency: 0.3815, Ranking Acc: 0.6382
2025-07-23 11:33:23,739 - INFO - Dist Consistency: 0.6576
2025-07-23 11:33:23,739 - INFO - Learning Rate: 0.001000
2025-07-23 11:33:23,742 - INFO - New best model saved! Valid Acc: 0.4625
2025-07-23 11:33:23,742 - INFO - Epoch 15/50
2025-07-23 11:33:24,554 - INFO - Train Loss: 1.2778
2025-07-23 11:33:24,554 - INFO - Valid Loss: 1.3920, Cat Acc: 0.4678
2025-07-23 11:33:24,554 - INFO - Ord Acc: 0.8537, MAE: 0.6977, QWK: 0.6109
2025-07-23 11:33:24,554 - INFO - Pred Consistency: 0.3859, Ranking Acc: 0.6379
2025-07-23 11:33:24,554 - INFO - Dist Consistency: 0.6564
2025-07-23 11:33:24,554 - INFO - Learning Rate: 0.001000
2025-07-23 11:33:24,559 - INFO - New best model saved! Valid Acc: 0.4678
2025-07-23 11:33:24,559 - INFO - Epoch 16/50
2025-07-23 11:33:25,374 - INFO - Train Loss: 1.2721
2025-07-23 11:33:25,374 - INFO - Valid Loss: 1.3908, Cat Acc: 0.4573
2025-07-23 11:33:25,374 - INFO - Ord Acc: 0.8493, MAE: 0.7108, QWK: 0.6042
2025-07-23 11:33:25,374 - INFO - Pred Consistency: 0.3737, Ranking Acc: 0.6376
2025-07-23 11:33:25,374 - INFO - Dist Consistency: 0.6556
2025-07-23 11:33:25,374 - INFO - Learning Rate: 0.001000
2025-07-23 11:33:25,374 - INFO - Epoch 17/50
2025-07-23 11:33:26,217 - INFO - Train Loss: 1.2784
2025-07-23 11:33:26,218 - INFO - Valid Loss: 1.3918, Cat Acc: 0.4538
2025-07-23 11:33:26,218 - INFO - Ord Acc: 0.8493, MAE: 0.7143, QWK: 0.6030
2025-07-23 11:33:26,218 - INFO - Pred Consistency: 0.3728, Ranking Acc: 0.6363
2025-07-23 11:33:26,218 - INFO - Dist Consistency: 0.6557
2025-07-23 11:33:26,218 - INFO - Learning Rate: 0.001000
2025-07-23 11:33:26,218 - INFO - Epoch 18/50
2025-07-23 11:33:27,039 - INFO - Train Loss: 1.2720
2025-07-23 11:33:27,039 - INFO - Valid Loss: 1.3925, Cat Acc: 0.4564
2025-07-23 11:33:27,040 - INFO - Ord Acc: 0.8502, MAE: 0.7099, QWK: 0.6051
2025-07-23 11:33:27,040 - INFO - Pred Consistency: 0.3737, Ranking Acc: 0.6358
2025-07-23 11:33:27,040 - INFO - Dist Consistency: 0.6561
2025-07-23 11:33:27,040 - INFO - Learning Rate: 0.001000
2025-07-23 11:33:27,040 - INFO - Epoch 19/50
2025-07-23 11:33:27,801 - INFO - Train Loss: 1.2716
2025-07-23 11:33:27,801 - INFO - Valid Loss: 1.3940, Cat Acc: 0.4591
2025-07-23 11:33:27,801 - INFO - Ord Acc: 0.8519, MAE: 0.7047, QWK: 0.6108
2025-07-23 11:33:27,801 - INFO - Pred Consistency: 0.3772, Ranking Acc: 0.6353
2025-07-23 11:33:27,801 - INFO - Dist Consistency: 0.6564
2025-07-23 11:33:27,801 - INFO - Learning Rate: 0.001000
2025-07-23 11:33:27,801 - INFO - Epoch 20/50
2025-07-23 11:33:28,617 - INFO - Train Loss: 1.2806
2025-07-23 11:33:28,617 - INFO - Valid Loss: 1.3947, Cat Acc: 0.4634
2025-07-23 11:33:28,617 - INFO - Ord Acc: 0.8493, MAE: 0.7021, QWK: 0.6120
2025-07-23 11:33:28,617 - INFO - Pred Consistency: 0.3728, Ranking Acc: 0.6362
2025-07-23 11:33:28,617 - INFO - Dist Consistency: 0.6563
2025-07-23 11:33:28,617 - INFO - Learning Rate: 0.001000
2025-07-23 11:33:28,617 - INFO - Epoch 21/50
2025-07-23 11:33:29,474 - INFO - Train Loss: 1.2730
2025-07-23 11:33:29,474 - INFO - Valid Loss: 1.3984, Cat Acc: 0.4547
2025-07-23 11:33:29,474 - INFO - Ord Acc: 0.8484, MAE: 0.7134, QWK: 0.6036
2025-07-23 11:33:29,474 - INFO - Pred Consistency: 0.3815, Ranking Acc: 0.6337
2025-07-23 11:33:29,474 - INFO - Dist Consistency: 0.6563
2025-07-23 11:33:29,474 - INFO - Learning Rate: 0.001000
2025-07-23 11:33:29,474 - INFO - Epoch 22/50
2025-07-23 11:33:30,275 - INFO - Train Loss: 1.2726
2025-07-23 11:33:30,275 - INFO - Valid Loss: 1.3923, Cat Acc: 0.4643
2025-07-23 11:33:30,275 - INFO - Ord Acc: 0.8493, MAE: 0.7021, QWK: 0.6108
2025-07-23 11:33:30,276 - INFO - Pred Consistency: 0.3789, Ranking Acc: 0.6365
2025-07-23 11:33:30,276 - INFO - Dist Consistency: 0.6560
2025-07-23 11:33:30,276 - INFO - Learning Rate: 0.000500
2025-07-23 11:33:30,276 - INFO - Epoch 23/50
2025-07-23 11:33:31,095 - INFO - Train Loss: 1.2721
2025-07-23 11:33:31,096 - INFO - Valid Loss: 1.3909, Cat Acc: 0.4669
2025-07-23 11:33:31,096 - INFO - Ord Acc: 0.8519, MAE: 0.6969, QWK: 0.6146
2025-07-23 11:33:31,096 - INFO - Pred Consistency: 0.3807, Ranking Acc: 0.6373
2025-07-23 11:33:31,096 - INFO - Dist Consistency: 0.6560
2025-07-23 11:33:31,096 - INFO - Learning Rate: 0.000500
2025-07-23 11:33:31,096 - INFO - Epoch 24/50
2025-07-23 11:33:31,933 - INFO - Train Loss: 1.2616
2025-07-23 11:33:31,933 - INFO - Valid Loss: 1.3908, Cat Acc: 0.4608
2025-07-23 11:33:31,933 - INFO - Ord Acc: 0.8519, MAE: 0.7021, QWK: 0.6127
2025-07-23 11:33:31,933 - INFO - Pred Consistency: 0.3815, Ranking Acc: 0.6370
2025-07-23 11:33:31,933 - INFO - Dist Consistency: 0.6562
2025-07-23 11:33:31,933 - INFO - Learning Rate: 0.000500
2025-07-23 11:33:31,933 - INFO - Epoch 25/50
2025-07-23 11:33:32,810 - INFO - Train Loss: 1.2613
2025-07-23 11:33:32,811 - INFO - Valid Loss: 1.3895, Cat Acc: 0.4599
2025-07-23 11:33:32,811 - INFO - Ord Acc: 0.8510, MAE: 0.7038, QWK: 0.6118
2025-07-23 11:33:32,811 - INFO - Pred Consistency: 0.3763, Ranking Acc: 0.6380
2025-07-23 11:33:32,811 - INFO - Dist Consistency: 0.6565
2025-07-23 11:33:32,811 - INFO - Learning Rate: 0.000500
2025-07-23 11:33:32,811 - INFO - Epoch 26/50
2025-07-23 11:33:33,614 - INFO - Train Loss: 1.2591
2025-07-23 11:33:33,615 - INFO - Valid Loss: 1.3887, Cat Acc: 0.4652
2025-07-23 11:33:33,615 - INFO - Ord Acc: 0.8502, MAE: 0.6995, QWK: 0.6143
2025-07-23 11:33:33,615 - INFO - Pred Consistency: 0.3780, Ranking Acc: 0.6383
2025-07-23 11:33:33,615 - INFO - Dist Consistency: 0.6568
2025-07-23 11:33:33,615 - INFO - Learning Rate: 0.000500
2025-07-23 11:33:33,615 - INFO - Epoch 27/50
2025-07-23 11:33:34,581 - INFO - Train Loss: 1.2640
2025-07-23 11:33:34,581 - INFO - Valid Loss: 1.3876, Cat Acc: 0.4643
2025-07-23 11:33:34,581 - INFO - Ord Acc: 0.8510, MAE: 0.6986, QWK: 0.6182
2025-07-23 11:33:34,581 - INFO - Pred Consistency: 0.3780, Ranking Acc: 0.6388
2025-07-23 11:33:34,581 - INFO - Dist Consistency: 0.6574
2025-07-23 11:33:34,581 - INFO - Learning Rate: 0.000500
2025-07-23 11:33:34,582 - INFO - Epoch 28/50
2025-07-23 11:33:35,374 - INFO - Train Loss: 1.2698
2025-07-23 11:33:35,374 - INFO - Valid Loss: 1.3880, Cat Acc: 0.4660
2025-07-23 11:33:35,374 - INFO - Ord Acc: 0.8537, MAE: 0.6951, QWK: 0.6204
2025-07-23 11:33:35,374 - INFO - Pred Consistency: 0.3815, Ranking Acc: 0.6385
2025-07-23 11:33:35,374 - INFO - Dist Consistency: 0.6579
2025-07-23 11:33:35,374 - INFO - Learning Rate: 0.000500
2025-07-23 11:33:35,374 - INFO - Epoch 29/50
2025-07-23 11:33:36,192 - INFO - Train Loss: 1.2650
2025-07-23 11:33:36,193 - INFO - Valid Loss: 1.3871, Cat Acc: 0.4625
2025-07-23 11:33:36,193 - INFO - Ord Acc: 0.8510, MAE: 0.7012, QWK: 0.6164
2025-07-23 11:33:36,193 - INFO - Pred Consistency: 0.3780, Ranking Acc: 0.6391
2025-07-23 11:33:36,193 - INFO - Dist Consistency: 0.6582
2025-07-23 11:33:36,193 - INFO - Learning Rate: 0.000500
2025-07-23 11:33:36,193 - INFO - Epoch 30/50
2025-07-23 11:33:37,004 - INFO - Train Loss: 1.2703
2025-07-23 11:33:37,004 - INFO - Valid Loss: 1.3879, Cat Acc: 0.4660
2025-07-23 11:33:37,004 - INFO - Ord Acc: 0.8484, MAE: 0.7012, QWK: 0.6140
2025-07-23 11:33:37,004 - INFO - Pred Consistency: 0.3833, Ranking Acc: 0.6389
2025-07-23 11:33:37,004 - INFO - Dist Consistency: 0.6585
2025-07-23 11:33:37,004 - INFO - Learning Rate: 0.000500
2025-07-23 11:33:37,004 - INFO - Epoch 31/50
2025-07-23 11:33:37,725 - INFO - Train Loss: 1.2794
2025-07-23 11:33:37,725 - INFO - Valid Loss: 1.3878, Cat Acc: 0.4678
2025-07-23 11:33:37,725 - INFO - Ord Acc: 0.8502, MAE: 0.6986, QWK: 0.6157
2025-07-23 11:33:37,725 - INFO - Pred Consistency: 0.3850, Ranking Acc: 0.6392
2025-07-23 11:33:37,725 - INFO - Dist Consistency: 0.6587
2025-07-23 11:33:37,725 - INFO - Learning Rate: 0.000500
2025-07-23 11:33:37,725 - INFO - Epoch 32/50
2025-07-23 11:33:38,548 - INFO - Train Loss: 1.2611
2025-07-23 11:33:38,548 - INFO - Valid Loss: 1.3863, Cat Acc: 0.4617
2025-07-23 11:33:38,548 - INFO - Ord Acc: 0.8510, MAE: 0.7030, QWK: 0.6147
2025-07-23 11:33:38,548 - INFO - Pred Consistency: 0.3763, Ranking Acc: 0.6399
2025-07-23 11:33:38,548 - INFO - Dist Consistency: 0.6587
2025-07-23 11:33:38,548 - INFO - Learning Rate: 0.000500
2025-07-23 11:33:38,548 - INFO - Epoch 33/50
2025-07-23 11:33:39,404 - INFO - Train Loss: 1.2564
2025-07-23 11:33:39,404 - INFO - Valid Loss: 1.3858, Cat Acc: 0.4643
2025-07-23 11:33:39,404 - INFO - Ord Acc: 0.8493, MAE: 0.7021, QWK: 0.6143
2025-07-23 11:33:39,404 - INFO - Pred Consistency: 0.3789, Ranking Acc: 0.6402
2025-07-23 11:33:39,404 - INFO - Dist Consistency: 0.6588
2025-07-23 11:33:39,404 - INFO - Learning Rate: 0.000500
2025-07-23 11:33:39,404 - INFO - Epoch 34/50
2025-07-23 11:33:40,182 - INFO - Train Loss: 1.2624
2025-07-23 11:33:40,182 - INFO - Valid Loss: 1.3854, Cat Acc: 0.4625
2025-07-23 11:33:40,182 - INFO - Ord Acc: 0.8484, MAE: 0.7047, QWK: 0.6125
2025-07-23 11:33:40,182 - INFO - Pred Consistency: 0.3763, Ranking Acc: 0.6404
2025-07-23 11:33:40,183 - INFO - Dist Consistency: 0.6586
2025-07-23 11:33:40,183 - INFO - Learning Rate: 0.000500
2025-07-23 11:33:40,183 - INFO - Epoch 35/50
2025-07-23 11:33:41,056 - INFO - Train Loss: 1.2728
2025-07-23 11:33:41,056 - INFO - Valid Loss: 1.3850, Cat Acc: 0.4669
2025-07-23 11:33:41,056 - INFO - Ord Acc: 0.8493, MAE: 0.6995, QWK: 0.6154
2025-07-23 11:33:41,056 - INFO - Pred Consistency: 0.3789, Ranking Acc: 0.6405
2025-07-23 11:33:41,056 - INFO - Dist Consistency: 0.6586
2025-07-23 11:33:41,056 - INFO - Learning Rate: 0.000500
2025-07-23 11:33:41,056 - INFO - Epoch 36/50
2025-07-23 11:33:41,880 - INFO - Train Loss: 1.2629
2025-07-23 11:33:41,880 - INFO - Valid Loss: 1.3840, Cat Acc: 0.4678
2025-07-23 11:33:41,880 - INFO - Ord Acc: 0.8510, MAE: 0.6960, QWK: 0.6188
2025-07-23 11:33:41,880 - INFO - Pred Consistency: 0.3815, Ranking Acc: 0.6410
2025-07-23 11:33:41,880 - INFO - Dist Consistency: 0.6584
2025-07-23 11:33:41,880 - INFO - Learning Rate: 0.000500
2025-07-23 11:33:41,880 - INFO - Epoch 37/50
2025-07-23 11:33:42,740 - INFO - Train Loss: 1.2633
2025-07-23 11:33:42,740 - INFO - Valid Loss: 1.3842, Cat Acc: 0.4713
2025-07-23 11:33:42,740 - INFO - Ord Acc: 0.8554, MAE: 0.6890, QWK: 0.6223
2025-07-23 11:33:42,740 - INFO - Pred Consistency: 0.3850, Ranking Acc: 0.6411
2025-07-23 11:33:42,740 - INFO - Dist Consistency: 0.6585
2025-07-23 11:33:42,741 - INFO - Learning Rate: 0.000500
2025-07-23 11:33:42,746 - INFO - New best model saved! Valid Acc: 0.4713
2025-07-23 11:33:42,746 - INFO - Epoch 38/50
2025-07-23 11:33:43,673 - INFO - Train Loss: 1.2615
2025-07-23 11:33:43,673 - INFO - Valid Loss: 1.3835, Cat Acc: 0.4625
2025-07-23 11:33:43,673 - INFO - Ord Acc: 0.8510, MAE: 0.7003, QWK: 0.6170
2025-07-23 11:33:43,673 - INFO - Pred Consistency: 0.3780, Ranking Acc: 0.6413
2025-07-23 11:33:43,673 - INFO - Dist Consistency: 0.6585
2025-07-23 11:33:43,673 - INFO - Learning Rate: 0.000500
2025-07-23 11:33:43,673 - INFO - Epoch 39/50
2025-07-23 11:33:44,584 - INFO - Train Loss: 1.2591
2025-07-23 11:33:44,584 - INFO - Valid Loss: 1.3829, Cat Acc: 0.4617
2025-07-23 11:33:44,584 - INFO - Ord Acc: 0.8476, MAE: 0.7047, QWK: 0.6128
2025-07-23 11:33:44,584 - INFO - Pred Consistency: 0.3746, Ranking Acc: 0.6419
2025-07-23 11:33:44,584 - INFO - Dist Consistency: 0.6585
2025-07-23 11:33:44,584 - INFO - Learning Rate: 0.000500
2025-07-23 11:33:44,584 - INFO - Epoch 40/50
2025-07-23 11:33:45,447 - INFO - Train Loss: 1.2626
2025-07-23 11:33:45,447 - INFO - Valid Loss: 1.3837, Cat Acc: 0.4713
2025-07-23 11:33:45,447 - INFO - Ord Acc: 0.8554, MAE: 0.6890, QWK: 0.6230
2025-07-23 11:33:45,447 - INFO - Pred Consistency: 0.3859, Ranking Acc: 0.6414
2025-07-23 11:33:45,447 - INFO - Dist Consistency: 0.6588
2025-07-23 11:33:45,447 - INFO - Learning Rate: 0.000500
2025-07-23 11:33:45,447 - INFO - Epoch 41/50
2025-07-23 11:33:46,440 - INFO - Train Loss: 1.2578
2025-07-23 11:33:46,441 - INFO - Valid Loss: 1.3846, Cat Acc: 0.4765
2025-07-23 11:33:46,441 - INFO - Ord Acc: 0.8528, MAE: 0.6864, QWK: 0.6228
2025-07-23 11:33:46,441 - INFO - Pred Consistency: 0.3894, Ranking Acc: 0.6409
2025-07-23 11:33:46,441 - INFO - Dist Consistency: 0.6589
2025-07-23 11:33:46,441 - INFO - Learning Rate: 0.000500
2025-07-23 11:33:46,446 - INFO - New best model saved! Valid Acc: 0.4765
2025-07-23 11:33:46,446 - INFO - Epoch 42/50
2025-07-23 11:33:47,315 - INFO - Train Loss: 1.2553
2025-07-23 11:33:47,315 - INFO - Valid Loss: 1.3845, Cat Acc: 0.4678
2025-07-23 11:33:47,315 - INFO - Ord Acc: 0.8510, MAE: 0.6960, QWK: 0.6185
2025-07-23 11:33:47,315 - INFO - Pred Consistency: 0.3772, Ranking Acc: 0.6410
2025-07-23 11:33:47,315 - INFO - Dist Consistency: 0.6586
2025-07-23 11:33:47,315 - INFO - Learning Rate: 0.000500
2025-07-23 11:33:47,315 - INFO - Epoch 43/50
2025-07-23 11:33:48,180 - INFO - Train Loss: 1.2634
2025-07-23 11:33:48,181 - INFO - Valid Loss: 1.3852, Cat Acc: 0.4704
2025-07-23 11:33:48,181 - INFO - Ord Acc: 0.8554, MAE: 0.6890, QWK: 0.6231
2025-07-23 11:33:48,181 - INFO - Pred Consistency: 0.3807, Ranking Acc: 0.6407
2025-07-23 11:33:48,181 - INFO - Dist Consistency: 0.6589
2025-07-23 11:33:48,181 - INFO - Learning Rate: 0.000500
2025-07-23 11:33:48,181 - INFO - Epoch 44/50
2025-07-23 11:33:49,031 - INFO - Train Loss: 1.2607
2025-07-23 11:33:49,031 - INFO - Valid Loss: 1.3894, Cat Acc: 0.4747
2025-07-23 11:33:49,031 - INFO - Ord Acc: 0.8502, MAE: 0.6916, QWK: 0.6168
2025-07-23 11:33:49,031 - INFO - Pred Consistency: 0.3894, Ranking Acc: 0.6393
2025-07-23 11:33:49,031 - INFO - Dist Consistency: 0.6591
2025-07-23 11:33:49,031 - INFO - Learning Rate: 0.000500
2025-07-23 11:33:49,031 - INFO - Epoch 45/50
2025-07-23 11:33:49,910 - INFO - Train Loss: 1.2730
2025-07-23 11:33:49,910 - INFO - Valid Loss: 1.3883, Cat Acc: 0.4765
2025-07-23 11:33:49,910 - INFO - Ord Acc: 0.8502, MAE: 0.6890, QWK: 0.6193
2025-07-23 11:33:49,910 - INFO - Pred Consistency: 0.3902, Ranking Acc: 0.6395
2025-07-23 11:33:49,910 - INFO - Dist Consistency: 0.6589
2025-07-23 11:33:49,910 - INFO - Learning Rate: 0.000250
2025-07-23 11:33:49,910 - INFO - Epoch 46/50
2025-07-23 11:33:50,843 - INFO - Train Loss: 1.2591
2025-07-23 11:33:50,843 - INFO - Valid Loss: 1.3852, Cat Acc: 0.4721
2025-07-23 11:33:50,843 - INFO - Ord Acc: 0.8537, MAE: 0.6890, QWK: 0.6227
2025-07-23 11:33:50,843 - INFO - Pred Consistency: 0.3824, Ranking Acc: 0.6406
2025-07-23 11:33:50,843 - INFO - Dist Consistency: 0.6586
2025-07-23 11:33:50,843 - INFO - Learning Rate: 0.000250
2025-07-23 11:33:50,843 - INFO - Epoch 47/50
2025-07-23 11:33:51,725 - INFO - Train Loss: 1.2658
2025-07-23 11:33:51,726 - INFO - Valid Loss: 1.3847, Cat Acc: 0.4669
2025-07-23 11:33:51,726 - INFO - Ord Acc: 0.8519, MAE: 0.6969, QWK: 0.6183
2025-07-23 11:33:51,726 - INFO - Pred Consistency: 0.3772, Ranking Acc: 0.6410
2025-07-23 11:33:51,726 - INFO - Dist Consistency: 0.6583
2025-07-23 11:33:51,726 - INFO - Learning Rate: 0.000250
2025-07-23 11:33:51,726 - INFO - Epoch 48/50
2025-07-23 11:33:52,584 - INFO - Train Loss: 1.2530
2025-07-23 11:33:52,585 - INFO - Valid Loss: 1.3847, Cat Acc: 0.4704
2025-07-23 11:33:52,585 - INFO - Ord Acc: 0.8528, MAE: 0.6925, QWK: 0.6194
2025-07-23 11:33:52,585 - INFO - Pred Consistency: 0.3850, Ranking Acc: 0.6408
2025-07-23 11:33:52,585 - INFO - Dist Consistency: 0.6584
2025-07-23 11:33:52,585 - INFO - Learning Rate: 0.000250
2025-07-23 11:33:52,585 - INFO - Epoch 49/50
2025-07-23 11:33:53,444 - INFO - Train Loss: 1.2695
2025-07-23 11:33:53,444 - INFO - Valid Loss: 1.3859, Cat Acc: 0.4782
2025-07-23 11:33:53,444 - INFO - Ord Acc: 0.8554, MAE: 0.6821, QWK: 0.6247
2025-07-23 11:33:53,444 - INFO - Pred Consistency: 0.3911, Ranking Acc: 0.6404
2025-07-23 11:33:53,444 - INFO - Dist Consistency: 0.6585
2025-07-23 11:33:53,444 - INFO - Learning Rate: 0.000250
2025-07-23 11:33:53,448 - INFO - New best model saved! Valid Acc: 0.4782
2025-07-23 11:33:53,448 - INFO - Epoch 50/50
2025-07-23 11:33:54,358 - INFO - Train Loss: 1.2647
2025-07-23 11:33:54,358 - INFO - Valid Loss: 1.3861, Cat Acc: 0.4782
2025-07-23 11:33:54,358 - INFO - Ord Acc: 0.8537, MAE: 0.6838, QWK: 0.6235
2025-07-23 11:33:54,358 - INFO - Pred Consistency: 0.3911, Ranking Acc: 0.6404
2025-07-23 11:33:54,358 - INFO - Dist Consistency: 0.6586
2025-07-23 11:33:54,358 - INFO - Learning Rate: 0.000250
2025-07-23 11:33:54,359 - INFO - Training completed! Best valid accuracy: 0.4782
