2025-07-22 13:52:59,690 - INFO - Training Deep-GPCM on synthetic_OC
2025-07-22 13:52:59,691 - INFO - Device: cpu, Categories: None, Loss: ordinal, Embedding: linear_decay
2025-07-22 13:52:59,691 - INFO - Loading training data...
2025-07-22 13:52:59,694 - INFO - Train data: 160 sequences, 4 categories
2025-07-22 13:52:59,695 - INFO - Loading test data...
2025-07-22 13:52:59,696 - INFO - Test data: 40 sequences
2025-07-22 13:52:59,696 - INFO - Detected 29 unique questions
2025-07-22 13:53:00,601 - INFO - Starting training...
2025-07-22 13:53:00,601 - INFO - Epoch 1/3
2025-07-22 13:53:02,379 - INFO - Train Loss: 2.0130
2025-07-22 13:53:02,379 - INFO - Valid Loss: 1.9203, Cat Acc: 0.3467
2025-07-22 13:53:02,379 - INFO - Ord Acc: 0.5706, MAE: 1.3284, QWK: 0.1347
2025-07-22 13:53:02,379 - INFO - Learning Rate: 0.001000
2025-07-22 13:53:02,389 - INFO - New best model saved! Valid Acc: 0.3467
2025-07-22 13:53:02,389 - INFO - Epoch 2/3
2025-07-22 13:53:03,511 - INFO - Train Loss: 1.8199
2025-07-22 13:53:03,511 - INFO - Valid Loss: 1.7684, Cat Acc: 0.4016
2025-07-22 13:53:03,512 - INFO - Ord Acc: 0.6620, MAE: 1.1124, QWK: 0.2961
2025-07-22 13:53:03,512 - INFO - Learning Rate: 0.001000
2025-07-22 13:53:03,520 - INFO - New best model saved! Valid Acc: 0.4016
2025-07-22 13:53:03,522 - INFO - Epoch 3/3
2025-07-22 13:53:04,735 - INFO - Train Loss: 1.6798
2025-07-22 13:53:04,736 - INFO - Valid Loss: 1.6828, Cat Acc: 0.4373
2025-07-22 13:53:04,736 - INFO - Ord Acc: 0.7169, MAE: 0.9826, QWK: 0.4101
2025-07-22 13:53:04,736 - INFO - Learning Rate: 0.001000
2025-07-22 13:53:04,743 - INFO - New best model saved! Valid Acc: 0.4373
2025-07-22 13:53:04,744 - INFO - Training completed! Best valid accuracy: 0.4373
