2025-07-22 14:09:36,069 - INFO - Training Deep-GPCM on synthetic_OC
2025-07-22 14:09:36,069 - INFO - Device: cpu, Categories: None, Loss: ordinal, Embedding: linear_decay
2025-07-22 14:09:36,069 - INFO - Loading training data...
2025-07-22 14:09:36,072 - INFO - Train data: 160 sequences, 4 categories
2025-07-22 14:09:36,072 - INFO - Loading test data...
2025-07-22 14:09:36,072 - INFO - Test data: 40 sequences
2025-07-22 14:09:36,074 - INFO - Detected 29 unique questions
2025-07-22 14:09:37,206 - INFO - Starting training...
2025-07-22 14:09:37,206 - INFO - Epoch 1/3
2025-07-22 14:09:46,480 - INFO - Train Loss: 2.0130
2025-07-22 14:09:46,482 - INFO - Valid Loss: 1.9203, Cat Acc: 0.3467
2025-07-22 14:09:46,482 - INFO - Ord Acc: 0.5706, MAE: 1.3284, QWK: 0.1347
2025-07-22 14:09:46,482 - INFO - Pred Consistency: 0.3467, Ranking Acc: 0.2233
2025-07-22 14:09:46,482 - INFO - Dist Consistency: 0.5588
2025-07-22 14:09:46,482 - INFO - Learning Rate: 0.001000
2025-07-22 14:09:46,507 - INFO - New best model saved! Valid Acc: 0.3467
2025-07-22 14:09:46,507 - INFO - Epoch 2/3
2025-07-22 14:09:47,950 - INFO - Train Loss: 1.8199
2025-07-22 14:09:47,950 - INFO - Valid Loss: 1.7684, Cat Acc: 0.4016
2025-07-22 14:09:47,950 - INFO - Ord Acc: 0.6620, MAE: 1.1124, QWK: 0.2961
2025-07-22 14:09:47,950 - INFO - Pred Consistency: 0.4016, Ranking Acc: 0.4021
2025-07-22 14:09:47,950 - INFO - Dist Consistency: 0.5734
2025-07-22 14:09:47,950 - INFO - Learning Rate: 0.001000
2025-07-22 14:09:47,957 - INFO - New best model saved! Valid Acc: 0.4016
2025-07-22 14:09:47,958 - INFO - Epoch 3/3
2025-07-22 14:09:49,299 - INFO - Train Loss: 1.6798
2025-07-22 14:09:49,299 - INFO - Valid Loss: 1.6828, Cat Acc: 0.4373
2025-07-22 14:09:49,299 - INFO - Ord Acc: 0.7169, MAE: 0.9826, QWK: 0.4101
2025-07-22 14:09:49,299 - INFO - Pred Consistency: 0.4373, Ranking Acc: 0.4856
2025-07-22 14:09:49,299 - INFO - Dist Consistency: 0.5888
2025-07-22 14:09:49,299 - INFO - Learning Rate: 0.001000
2025-07-22 14:09:49,305 - INFO - New best model saved! Valid Acc: 0.4373
2025-07-22 14:09:49,307 - INFO - Training completed! Best valid accuracy: 0.4373
